#
# A fatal error has been detected by the Java Runtime Environment:
#
#  EXCEPTION_ACCESS_VIOLATION (0xc0000005) at pc=0x00007fff9e198894, pid=10692, tid=9636
#
# JRE version: OpenJDK Runtime Environment (11.0.8+10) (build 11.0.8+10-b944.6842174)
# Java VM: OpenJDK 64-Bit Server VM (11.0.8+10-b944.6842174, mixed mode, tiered, compressed oops, g1 gc, windows-amd64)
# Problematic frame:
# V  [jvm.dll+0x188894]
#
# No core dump will be written. Minidumps are not enabled by default on client versions of Windows
#
# If you would like to submit a bug report, please visit:
#   https://bugreport.java.com/bugreport/crash.jsp
#

---------------  S U M M A R Y ------------

Command Line: --add-opens=java.base/java.util=ALL-UNNAMED --add-opens=java.base/java.lang=ALL-UNNAMED --add-opens=java.base/java.lang.invoke=ALL-UNNAMED --add-opens=java.prefs/java.util.prefs=ALL-UNNAMED -Xmx2048m -Dfile.encoding=UTF-8 -Duser.country=US -Duser.language=en -Duser.variant org.gradle.launcher.daemon.bootstrap.GradleDaemon 6.7.1

Host: Intel(R) Core(TM) i5-2430M CPU @ 2.40GHz, 4 cores, 5G,  Windows 10 , 64 bit Build 19041 (10.0.19041.1348)
Time: Wed Dec 15 15:04:25 2021 India Standard Time elapsed time: 100 seconds (0d 0h 1m 40s)

---------------  T H R E A D  ---------------

Current thread (0x000001975f0e6800):  ConcurrentGCThread "G1 Conc#0" [stack: 0x0000000e5b100000,0x0000000e5b200000] [id=9636]

Stack: [0x0000000e5b100000,0x0000000e5b200000],  sp=0x0000000e5b1ff4e8,  free space=1021k
Native frames: (J=compiled Java code, j=interpreted, Vv=VM code, C=native code)
V  [jvm.dll+0x188894]


siginfo: EXCEPTION_ACCESS_VIOLATION (0xc0000005), reading address 0x0000000000000110


Register to memory mapping:

RIP=0x00007fff9e198894 jvm.dll
RAX=0x0 is NULL
RBX=0x00000000874d7920 is an oop: 
[error occurred during error reporting (printing register info), id 0xc0000005, EXCEPTION_ACCESS_VIOLATION (0xc0000005) at pc=0x00007fff9e5dbc7d]

Registers:
RAX=0x0000000000000000, RBX=0x00000000874d7920, RCX=0x0000000100c05c78, RDX=0x00000000874d7920
RSP=0x0000000e5b1ff4e8, RBP=0x000001975f0dab30, RSI=0x0000000000000001, RDI=0x0000000000000000
R8 =0x0000000000000000, R9 =0x0000000100c05c78, R10=0x000001975f0dab30, R11=0x346dc5d63886594b
R12=0x000000000000000c, R13=0xaaaaaaaaaaaaaaab, R14=0x0000000000000000, R15=0x00000000874d78a8
RIP=0x00007fff9e198894, EFLAGS=0x0000000000010246

Top of Stack: (sp=0x0000000e5b1ff4e8)
0x0000000e5b1ff4e8:   00007fff9e2e79ba 00000000874d7920
0x0000000e5b1ff4f8:   0000000100bd9a68 000001975f0a9ee0
0x0000000e5b1ff508:   0000000000000001 0000000100bd9a78
0x0000000e5b1ff518:   00007fff9e2e7866 0000000100bd9a68
0x0000000e5b1ff528:   00000000874d7920 000001975f0e8b20
0x0000000e5b1ff538:   0000000e5b1ff728 0000000000000000
0x0000000e5b1ff548:   0000000e5b1ff728 00000000874d78f0
0x0000000e5b1ff558:   00007fff9e2df76d 00000000874d7908
0x0000000e5b1ff568:   00000000874d78d4 00000000874d7bf0
0x0000000e5b1ff578:   0000000100c07c78 0000000e5b1ff700
0x0000000e5b1ff588:   000001975f0e6e01 0000000100bd92f0
0x0000000e5b1ff598:   00007fff9e2df021 000000000000000c
0x0000000e5b1ff5a8:   0000000e5b1ff728 00000000874d78a8
0x0000000e5b1ff5b8:   000001975f0e6e01 00000000874d78a8
0x0000000e5b1ff5c8:   00007fff9e2ed3ff 000001975f0e8b20
0x0000000e5b1ff5d8:   0000000000ec0000 0000000000000000 

Instructions: (pc=0x00007fff9e198894)
0x00007fff9e198794:   11 86 90 03 00 00 48 8b 5c 24 40 48 8b 74 24 48
0x00007fff9e1987a4:   48 83 c4 30 5f c3 48 8b 07 48 8d 54 24 20 48 8b
0x00007fff9e1987b4:   cf 66 0f 7f 44 24 20 ff 50 38 48 8b 5c 24 40 48
0x00007fff9e1987c4:   8b 74 24 48 48 83 c4 30 5f c3 cc cc 48 8b 49 38
0x00007fff9e1987d4:   48 8b 01 48 ff 60 28 cc cc cc cc cc 80 3d 08 cb
0x00007fff9e1987e4:   85 00 00 48 8b c1 74 1b 8b 51 08 8b 0d a3 42 81
0x00007fff9e1987f4:   00 48 d3 e2 48 8b c8 48 03 15 8e 42 81 00 e9 19
0x00007fff9e198804:   00 00 00 48 8b 51 08 48 8b c8 e9 0d 00 00 00 cc
0x00007fff9e198814:   cc cc cc cc cc cc cc cc cc cc cc cc 4c 8b ca 48
0x00007fff9e198824:   8b d1 45 8b 41 08 45 85 c0 7e 0e 41 f6 c0 01 75
0x00007fff9e198834:   59 41 c1 f8 03 41 8b c0 c3 79 4f 80 3d a9 ca 85
0x00007fff9e198844:   00 00 b8 0c 00 00 00 b9 10 00 00 00 0f 45 c8 8b
0x00007fff9e198854:   05 4b 8e 7f 00 ff c8 4c 63 c8 48 63 c1 41 8b c8
0x00007fff9e198864:   83 e1 3f 48 63 14 10 41 8b c0 48 c1 f8 10 0f b6
0x00007fff9e198874:   c0 48 d3 e2 49 8d 0c 11 49 f7 d1 48 03 c1 49 c1
0x00007fff9e198884:   e9 03 48 c1 e8 03 41 23 c1 c3 49 8b 01 49 8b c9
0x00007fff9e198894:   48 ff a0 10 01 00 00 cc cc cc cc cc 48 83 ec 38
0x00007fff9e1988a4:   0f 10 02 48 8b 49 38 48 8d 54 24 20 0f 29 44 24
0x00007fff9e1988b4:   20 e8 66 f0 ff ff 48 83 c4 38 c3 cc 48 83 ec 38
0x00007fff9e1988c4:   0f 10 02 48 8b 01 48 8d 54 24 20 0f 29 44 24 20
0x00007fff9e1988d4:   ff 50 38 48 83 c4 38 c3 cc cc cc cc 48 89 5c 24
0x00007fff9e1988e4:   08 55 56 57 41 54 41 55 41 56 41 57 48 8d 6c 24
0x00007fff9e1988f4:   e0 48 81 ec 20 01 00 00 48 8b 05 ad c4 82 00 48
0x00007fff9e198904:   33 c4 48 89 45 10 48 8b 05 0f 35 85 00 45 33 ed
0x00007fff9e198914:   4c 8b b5 80 00 00 00 4c 8b fa 48 8b bd 88 00 00
0x00007fff9e198924:   00 4d 8b c6 49 8b d6 49 8b f1 48 8b 48 38 48 8b
0x00007fff9e198934:   59 48 49 8b cf c7 45 c0 ff ff ff ff 44 89 6d d4
0x00007fff9e198944:   4c 89 6d d8 44 88 6d e0 c7 45 e8 ff ff ff ff 44
0x00007fff9e198954:   89 6d fc 4c 89 6d 00 44 88 6d 08 e8 2c 18 f6 ff
0x00007fff9e198964:   41 b1 01 4c 8d 45 e8 41 8d 55 04 49 8b cf e8 b9
0x00007fff9e198974:   d6 f4 ff 48 8b 05 72 84 6d 00 4c 8d 25 bb 5a 5b
0x00007fff9e198984:   00 48 89 44 24 30 4c 8d 44 24 70 0f b6 05 58 c9 


Stack slot to memory mapping:
stack at sp + 0 slots: 0x00007fff9e2e79ba jvm.dll
stack at sp + 1 slots: 0x00000000874d7920 is an oop: 
[error occurred during error reporting (inspecting top of stack), id 0xc0000005, EXCEPTION_ACCESS_VIOLATION (0xc0000005) at pc=0x00007fff9e5dbc7d]


---------------  P R O C E S S  ---------------

Threads class SMR info:
_java_thread_list=0x0000019701cada60, length=53, elements={
0x000001975f09a800, 0x0000019779260800, 0x000001977926e000, 0x000001977927b800,
0x000001977927c000, 0x000001977927d800, 0x0000019779286800, 0x0000019779288800,
0x0000019779d29800, 0x0000019779d54000, 0x000001977b338800, 0x000001977b271800,
0x000001977b4f1000, 0x000001977bac2000, 0x000001977be27800, 0x000001977be28000,
0x000001977b36e800, 0x000001977b2a8000, 0x000001977a5a9000, 0x000001977b657000,
0x000001977b651800, 0x000001977b658000, 0x000001977b652000, 0x000001977b654800,
0x000001977b655800, 0x000001977b653800, 0x000001977b653000, 0x000001977a61b000,
0x000001977a61a800, 0x000001977a619800, 0x000001977a617000, 0x000001977a615800,
0x000001977a61e800, 0x000001977ab81800, 0x000001977ab88000, 0x000001977ab82800,
0x000001977ab89000, 0x000001977ab85000, 0x000001977ab84000, 0x000001977ab85800,
0x000001977ab83000, 0x000001977ab89800, 0x000001977dc7b800, 0x000001977dc7d000,
0x000001977dc82000, 0x000001977dc81000, 0x000001977dc83000, 0x000001977dc83800,
0x000001977dc7e000, 0x000001977dc7a800, 0x000001977dc84800, 0x000001977dc7f800,
0x0000019779fbc800
}

Java Threads: ( => current thread )
  0x000001975f09a800 JavaThread "main" [_thread_blocked, id=9656, stack(0x0000000e5ae00000,0x0000000e5af00000)]
  0x0000019779260800 JavaThread "Reference Handler" daemon [_thread_blocked, id=6160, stack(0x0000000e5b500000,0x0000000e5b600000)]
  0x000001977926e000 JavaThread "Finalizer" daemon [_thread_blocked, id=3044, stack(0x0000000e5b600000,0x0000000e5b700000)]
  0x000001977927b800 JavaThread "Signal Dispatcher" daemon [_thread_blocked, id=8852, stack(0x0000000e5b700000,0x0000000e5b800000)]
  0x000001977927c000 JavaThread "Attach Listener" daemon [_thread_blocked, id=11456, stack(0x0000000e5b800000,0x0000000e5b900000)]
  0x000001977927d800 JavaThread "C2 CompilerThread0" daemon [_thread_in_native, id=9512, stack(0x0000000e5b900000,0x0000000e5ba00000)]
  0x0000019779286800 JavaThread "C1 CompilerThread0" daemon [_thread_blocked, id=11816, stack(0x0000000e5ba00000,0x0000000e5bb00000)]
  0x0000019779288800 JavaThread "Sweeper thread" daemon [_thread_blocked, id=9988, stack(0x0000000e5bb00000,0x0000000e5bc00000)]
  0x0000019779d29800 JavaThread "Common-Cleaner" daemon [_thread_blocked, id=1960, stack(0x0000000e5bc00000,0x0000000e5bd00000)]
  0x0000019779d54000 JavaThread "Service Thread" daemon [_thread_blocked, id=6552, stack(0x0000000e5bd00000,0x0000000e5be00000)]
  0x000001977b338800 JavaThread "Daemon health stats" [_thread_blocked, id=5780, stack(0x0000000e5c100000,0x0000000e5c200000)]
  0x000001977b271800 JavaThread "Incoming local TCP Connector on port 51266" [_thread_in_native, id=11488, stack(0x0000000e5c300000,0x0000000e5c400000)]
  0x000001977b4f1000 JavaThread "Daemon periodic checks" [_thread_blocked, id=1664, stack(0x0000000e5c400000,0x0000000e5c500000)]
  0x000001977bac2000 JavaThread "Daemon" [_thread_blocked, id=8644, stack(0x0000000e5c500000,0x0000000e5c600000)]
  0x000001977be27800 JavaThread "Handler for socket connection from /127.0.0.1:51266 to /127.0.0.1:51267" [_thread_in_native, id=10064, stack(0x0000000e5c600000,0x0000000e5c700000)]
  0x000001977be28000 JavaThread "Cancel handler" [_thread_blocked, id=10688, stack(0x0000000e5c700000,0x0000000e5c800000)]
  0x000001977b36e800 JavaThread "Daemon worker" [_thread_blocked, id=10580, stack(0x0000000e5c800000,0x0000000e5c900000)]
  0x000001977b2a8000 JavaThread "Asynchronous log dispatcher for DefaultDaemonConnection: socket connection from /127.0.0.1:51266 to /127.0.0.1:51267" [_thread_blocked, id=10508, stack(0x0000000e5c900000,0x0000000e5ca00000)]
  0x000001977a5a9000 JavaThread "Thread-8" [_thread_blocked, id=9488, stack(0x0000000e5cb00000,0x0000000e5cc00000)]
  0x000001977b657000 JavaThread "Cache worker for file hash cache (C:\Users\user\.gradle\caches\6.7.1\fileHashes)" [_thread_blocked, id=9992, stack(0x0000000e5ce00000,0x0000000e5cf00000)]
  0x000001977b651800 JavaThread "File lock request listener" [_thread_in_native, id=8292, stack(0x0000000e5cf00000,0x0000000e5d000000)]
  0x000001977b658000 JavaThread "Cache worker for journal cache (C:\Users\user\.gradle\caches\journal-1)" [_thread_blocked, id=11712, stack(0x0000000e5d000000,0x0000000e5d100000)]
  0x000001977b652000 JavaThread "Cache worker for file hash cache (C:\Users\user\AndroidStudioProjects\TeluguMovieQuiz\.gradle\6.7.1\fileHashes)" [_thread_blocked, id=8756, stack(0x0000000e5d100000,0x0000000e5d200000)]
  0x000001977b654800 JavaThread "Cache worker for checksums cache (C:\Users\user\AndroidStudioProjects\TeluguMovieQuiz\.gradle\checksums)" [_thread_blocked, id=6444, stack(0x0000000e5d300000,0x0000000e5d400000)]
  0x000001977b655800 JavaThread "Cache worker for cache directory md-supplier (C:\Users\user\.gradle\caches\6.7.1\md-supplier)" [_thread_blocked, id=11760, stack(0x0000000e5d400000,0x0000000e5d500000)]
  0x000001977b653800 JavaThread "Cache worker for cache directory md-rule (C:\Users\user\.gradle\caches\6.7.1\md-rule)" [_thread_blocked, id=4572, stack(0x0000000e5d200000,0x0000000e5d300000)]
  0x000001977b653000 JavaThread "Cache worker for execution history cache (C:\Users\user\.gradle\caches\6.7.1\executionHistory)" [_thread_blocked, id=4736, stack(0x0000000e5d500000,0x0000000e5d600000)]
  0x000001977a61b000 JavaThread "Cache worker for file content cache (C:\Users\user\.gradle\caches\6.7.1\fileContent)" [_thread_blocked, id=10596, stack(0x0000000e5d700000,0x0000000e5d800000)]
  0x000001977a61a800 JavaThread "Cache worker for Build Output Cleanup Cache (C:\Users\user\AndroidStudioProjects\TeluguMovieQuiz\.gradle\buildOutputCleanup)" [_thread_blocked, id=3216, stack(0x0000000e5d800000,0x0000000e5d900000)]
  0x000001977a619800 JavaThread "Build operations" [_thread_blocked, id=3760, stack(0x0000000e5d900000,0x0000000e5da00000)]
  0x000001977a617000 JavaThread "Build operations Thread 2" [_thread_blocked, id=9232, stack(0x0000000e5da00000,0x0000000e5db00000)]
  0x000001977a615800 JavaThread "Build operations Thread 3" [_thread_blocked, id=9356, stack(0x0000000e5db00000,0x0000000e5dc00000)]
  0x000001977a61e800 JavaThread "Build operations Thread 4" [_thread_blocked, id=580, stack(0x0000000e5dc00000,0x0000000e5dd00000)]
  0x000001977ab81800 JavaThread "jar transforms Thread 96" [_thread_blocked, id=11092, stack(0x0000000e63b00000,0x0000000e63c00000)]
  0x000001977ab88000 JavaThread "Memory manager" [_thread_blocked, id=1788, stack(0x0000000e63e00000,0x0000000e63f00000)]
  0x000001977ab82800 JavaThread "build event listener" [_thread_blocked, id=10544, stack(0x0000000e63f00000,0x0000000e64000000)]
  0x000001977ab89000 JavaThread "build event listener" [_thread_blocked, id=7596, stack(0x0000000e64000000,0x0000000e64100000)]
  0x000001977ab85000 JavaThread "Execution worker for ':'" [_thread_blocked, id=4540, stack(0x0000000e64100000,0x0000000e64200000)]
  0x000001977ab84000 JavaThread "Execution worker for ':' Thread 2" [_thread_blocked, id=11464, stack(0x0000000e64200000,0x0000000e64300000)]
  0x000001977ab85800 JavaThread "Execution worker for ':' Thread 3" [_thread_blocked, id=6584, stack(0x0000000e64300000,0x0000000e64400000)]
  0x000001977ab83000 JavaThread "Cache worker for execution history cache (C:\Users\user\AndroidStudioProjects\TeluguMovieQuiz\.gradle\6.7.1\executionHistory)" [_thread_blocked, id=11980, stack(0x0000000e64400000,0x0000000e64500000)]
  0x000001977ab89800 JavaThread "WorkerExecutor Queue" [_thread_blocked, id=4924, stack(0x0000000e63d00000,0x0000000e63e00000)]
  0x000001977dc7b800 JavaThread "WorkerExecutor Queue Thread 4" [_thread_blocked, id=1336, stack(0x0000000e5ad00000,0x0000000e5ae00000)]
  0x000001977dc7d000 JavaThread "WorkerExecutor Queue Thread 5" [_thread_blocked, id=1816, stack(0x0000000e5ab00000,0x0000000e5ac00000)]
  0x000001977dc82000 JavaThread "pool-4-thread-1" [_thread_blocked, id=8100, stack(0x0000000e64600000,0x0000000e64700000)]
  0x000001977dc81000 JavaThread "WorkerExecutor Queue Thread 7" [_thread_blocked, id=9392, stack(0x0000000e64700000,0x0000000e64800000)]
  0x000001977dc83000 JavaThread "stderr" [_thread_in_native, id=6528, stack(0x0000000e64800000,0x0000000e64900000)]
  0x000001977dc83800 JavaThread "stdout" [_thread_in_native, id=10332, stack(0x0000000e64900000,0x0000000e64a00000)]
  0x000001977dc7e000 JavaThread "ForkJoinPool-1-worker-3" daemon [_thread_blocked, id=6828, stack(0x0000000e5d600000,0x0000000e5d700000)]
  0x000001977dc7a800 JavaThread "ForkJoinPool-1-worker-5" daemon [_thread_blocked, id=1772, stack(0x0000000e5dd00000,0x0000000e5de00000)]
  0x000001977dc84800 JavaThread "ForkJoinPool-1-worker-7" daemon [_thread_blocked, id=7448, stack(0x0000000e5de00000,0x0000000e5df00000)]
  0x000001977dc7f800 JavaThread "ForkJoinPool-1-worker-1" daemon [_thread_blocked, id=11976, stack(0x0000000e5df00000,0x0000000e5e000000)]
  0x0000019779fbc800 JavaThread "C2 CompilerThread1" daemon [_thread_in_native, id=8112, stack(0x0000000e5ac00000,0x0000000e5ad00000)]

Other Threads:
  0x0000019779259000 VMThread "VM Thread" [stack: 0x0000000e5b400000,0x0000000e5b500000] [id=4704]
  0x0000019779d56000 WatcherThread [stack: 0x0000000e5be00000,0x0000000e5bf00000] [id=7304]
  0x000001975f0b4000 GCTaskThread "GC Thread#0" [stack: 0x0000000e5af00000,0x0000000e5b000000] [id=12096]
  0x000001977a63f800 GCTaskThread "GC Thread#1" [stack: 0x0000000e5c000000,0x0000000e5c100000] [id=12172]
  0x000001977bb5f000 GCTaskThread "GC Thread#2" [stack: 0x0000000e5cc00000,0x0000000e5cd00000] [id=11472]
  0x000001977b1d3000 GCTaskThread "GC Thread#3" [stack: 0x0000000e5cd00000,0x0000000e5ce00000] [id=6892]
  0x000001975f0e3800 ConcurrentGCThread "G1 Main Marker" [stack: 0x0000000e5b000000,0x0000000e5b100000] [id=11132]
=>0x000001975f0e6800 ConcurrentGCThread "G1 Conc#0" [stack: 0x0000000e5b100000,0x0000000e5b200000] [id=9636]
  0x000001975f157800 ConcurrentGCThread "G1 Refine#0" [stack: 0x0000000e5b200000,0x0000000e5b300000] [id=3420]
  0x000001975f158800 ConcurrentGCThread "G1 Young RemSet Sampling" [stack: 0x0000000e5b300000,0x0000000e5b400000] [id=5956]

Threads with active compile tasks:
C2 CompilerThread0 100294 13604       4       com.android.tools.r8.dex.n::e (654 bytes)
C2 CompilerThread1 100294 13570 %     4       com.android.tools.r8.dex.n::a @ 315 (913 bytes)

VM state:not at safepoint (normal execution)

VM Mutex/Monitor currently owned by a thread:  ([mutex/lock_event])
[0x000001975f0963e0] Heap_lock - owner thread: 0x000001977dc7e000

Heap address: 0x0000000080000000, size: 2048 MB, Compressed Oops mode: 32-bit
Narrow klass base: 0x0000000000000000, Narrow klass shift: 3
Compressed class space size: 1073741824 Address: 0x0000000100000000

Heap:
 garbage-first heap   total 178176K, used 144384K [0x0000000080000000, 0x0000000100000000)
  region size 1024K, 21 young (21504K), 4 survivors (4096K)
 Metaspace       used 95278K, capacity 97545K, committed 97612K, reserved 1134592K
  class space    used 12063K, capacity 12849K, committed 12876K, reserved 1048576K
Heap Regions: E=young(eden), S=young(survivor), O=old, HS=humongous(starts), HC=humongous(continues), CS=collection set, F=free, A=archive, TAMS=top-at-mark-start (previous, next)
|   0|0x0000000080000000, 0x0000000080100000, 0x0000000080100000|100%| O|  |TAMS 0x0000000080100000, 0x0000000080100000| Untracked 
|   1|0x0000000080100000, 0x0000000080200000, 0x0000000080200000|100%| O|  |TAMS 0x0000000080200000, 0x0000000080200000| Untracked 
|   2|0x0000000080200000, 0x0000000080300000, 0x0000000080300000|100%| O|  |TAMS 0x0000000080300000, 0x0000000080300000| Untracked 
|   3|0x0000000080300000, 0x0000000080400000, 0x0000000080400000|100%|HS|  |TAMS 0x0000000080400000, 0x0000000080400000| Complete 
|   4|0x0000000080400000, 0x0000000080500000, 0x0000000080500000|100%|HC|  |TAMS 0x0000000080500000, 0x0000000080500000| Complete 
|   5|0x0000000080500000, 0x0000000080600000, 0x0000000080600000|100%|HC|  |TAMS 0x0000000080600000, 0x0000000080600000| Complete 
|   6|0x0000000080600000, 0x0000000080700000, 0x0000000080700000|100%| O|  |TAMS 0x0000000080700000, 0x0000000080700000| Untracked 
|   7|0x0000000080700000, 0x0000000080800000, 0x0000000080800000|100%| O|  |TAMS 0x0000000080800000, 0x0000000080800000| Untracked 
|   8|0x0000000080800000, 0x0000000080900000, 0x0000000080900000|100%| O|  |TAMS 0x0000000080900000, 0x0000000080900000| Untracked 
|   9|0x0000000080900000, 0x0000000080a00000, 0x0000000080a00000|100%| O|  |TAMS 0x0000000080a00000, 0x0000000080a00000| Untracked 
|  10|0x0000000080a00000, 0x0000000080b00000, 0x0000000080b00000|100%| O|  |TAMS 0x0000000080b00000, 0x0000000080b00000| Untracked 
|  11|0x0000000080b00000, 0x0000000080c00000, 0x0000000080c00000|100%| O|  |TAMS 0x0000000080c00000, 0x0000000080c00000| Untracked 
|  12|0x0000000080c00000, 0x0000000080d00000, 0x0000000080d00000|100%| O|  |TAMS 0x0000000080d00000, 0x0000000080d00000| Untracked 
|  13|0x0000000080d00000, 0x0000000080e00000, 0x0000000080e00000|100%| O|  |TAMS 0x0000000080e00000, 0x0000000080e00000| Untracked 
|  14|0x0000000080e00000, 0x0000000080f00000, 0x0000000080f00000|100%| O|  |TAMS 0x0000000080f00000, 0x0000000080f00000| Untracked 
|  15|0x0000000080f00000, 0x0000000081000000, 0x0000000081000000|100%| O|  |TAMS 0x0000000081000000, 0x0000000081000000| Untracked 
|  16|0x0000000081000000, 0x0000000081100000, 0x0000000081100000|100%| O|  |TAMS 0x0000000081100000, 0x0000000081100000| Untracked 
|  17|0x0000000081100000, 0x0000000081200000, 0x0000000081200000|100%| O|  |TAMS 0x0000000081200000, 0x0000000081200000| Untracked 
|  18|0x0000000081200000, 0x0000000081300000, 0x0000000081300000|100%| O|  |TAMS 0x0000000081300000, 0x0000000081300000| Untracked 
|  19|0x0000000081300000, 0x0000000081400000, 0x0000000081400000|100%| O|  |TAMS 0x0000000081400000, 0x0000000081400000| Untracked 
|  20|0x0000000081400000, 0x0000000081500000, 0x0000000081500000|100%| O|  |TAMS 0x0000000081500000, 0x0000000081500000| Untracked 
|  21|0x0000000081500000, 0x0000000081600000, 0x0000000081600000|100%|HS|  |TAMS 0x0000000081600000, 0x0000000081600000| Complete 
|  22|0x0000000081600000, 0x0000000081700000, 0x0000000081700000|100%|HS|  |TAMS 0x0000000081700000, 0x0000000081700000| Complete 
|  23|0x0000000081700000, 0x0000000081800000, 0x0000000081800000|100%|HC|  |TAMS 0x0000000081800000, 0x0000000081800000| Complete 
|  24|0x0000000081800000, 0x0000000081900000, 0x0000000081900000|100%| O|  |TAMS 0x0000000081900000, 0x0000000081900000| Untracked 
|  25|0x0000000081900000, 0x0000000081a00000, 0x0000000081a00000|100%| O|  |TAMS 0x0000000081a00000, 0x0000000081a00000| Untracked 
|  26|0x0000000081a00000, 0x0000000081b00000, 0x0000000081b00000|100%| O|  |TAMS 0x0000000081b00000, 0x0000000081b00000| Untracked 
|  27|0x0000000081b00000, 0x0000000081c00000, 0x0000000081c00000|100%| O|  |TAMS 0x0000000081c00000, 0x0000000081c00000| Untracked 
|  28|0x0000000081c00000, 0x0000000081d00000, 0x0000000081d00000|100%| O|  |TAMS 0x0000000081d00000, 0x0000000081d00000| Untracked 
|  29|0x0000000081d00000, 0x0000000081e00000, 0x0000000081e00000|100%| O|  |TAMS 0x0000000081e00000, 0x0000000081e00000| Untracked 
|  30|0x0000000081e00000, 0x0000000081f00000, 0x0000000081f00000|100%| O|  |TAMS 0x0000000081f00000, 0x0000000081f00000| Untracked 
|  31|0x0000000081f00000, 0x0000000082000000, 0x0000000082000000|100%| O|  |TAMS 0x0000000082000000, 0x0000000082000000| Untracked 
|  32|0x0000000082000000, 0x0000000082100000, 0x0000000082100000|100%| O|  |TAMS 0x0000000082100000, 0x0000000082100000| Untracked 
|  33|0x0000000082100000, 0x0000000082200000, 0x0000000082200000|100%| O|  |TAMS 0x0000000082200000, 0x0000000082200000| Untracked 
|  34|0x0000000082200000, 0x0000000082300000, 0x0000000082300000|100%| O|  |TAMS 0x0000000082300000, 0x0000000082300000| Untracked 
|  35|0x0000000082300000, 0x0000000082400000, 0x0000000082400000|100%| O|  |TAMS 0x0000000082400000, 0x0000000082400000| Untracked 
|  36|0x0000000082400000, 0x0000000082500000, 0x0000000082500000|100%| O|  |TAMS 0x0000000082500000, 0x0000000082500000| Untracked 
|  37|0x0000000082500000, 0x0000000082600000, 0x0000000082600000|100%| O|  |TAMS 0x0000000082600000, 0x0000000082600000| Untracked 
|  38|0x0000000082600000, 0x0000000082700000, 0x0000000082700000|100%| O|  |TAMS 0x0000000082700000, 0x0000000082700000| Untracked 
|  39|0x0000000082700000, 0x0000000082800000, 0x0000000082800000|100%| O|  |TAMS 0x0000000082800000, 0x0000000082800000| Untracked 
|  40|0x0000000082800000, 0x0000000082900000, 0x0000000082900000|100%| O|  |TAMS 0x0000000082900000, 0x0000000082900000| Untracked 
|  41|0x0000000082900000, 0x0000000082a00000, 0x0000000082a00000|100%| O|  |TAMS 0x0000000082a00000, 0x0000000082a00000| Untracked 
|  42|0x0000000082a00000, 0x0000000082b00000, 0x0000000082b00000|100%| O|  |TAMS 0x0000000082b00000, 0x0000000082b00000| Untracked 
|  43|0x0000000082b00000, 0x0000000082c00000, 0x0000000082c00000|100%| O|  |TAMS 0x0000000082c00000, 0x0000000082c00000| Untracked 
|  44|0x0000000082c00000, 0x0000000082d00000, 0x0000000082d00000|100%| O|  |TAMS 0x0000000082d00000, 0x0000000082d00000| Untracked 
|  45|0x0000000082d00000, 0x0000000082e00000, 0x0000000082e00000|100%| O|  |TAMS 0x0000000082e00000, 0x0000000082e00000| Untracked 
|  46|0x0000000082e00000, 0x0000000082f00000, 0x0000000082f00000|100%| O|  |TAMS 0x0000000082f00000, 0x0000000082f00000| Untracked 
|  47|0x0000000082f00000, 0x0000000083000000, 0x0000000083000000|100%| O|  |TAMS 0x0000000083000000, 0x0000000083000000| Untracked 
|  48|0x0000000083000000, 0x0000000083100000, 0x0000000083100000|100%| O|  |TAMS 0x0000000083100000, 0x0000000083100000| Untracked 
|  49|0x0000000083100000, 0x0000000083200000, 0x0000000083200000|100%| O|  |TAMS 0x0000000083200000, 0x0000000083200000| Untracked 
|  50|0x0000000083200000, 0x0000000083300000, 0x0000000083300000|100%| O|  |TAMS 0x0000000083300000, 0x0000000083300000| Untracked 
|  51|0x0000000083300000, 0x0000000083400000, 0x0000000083400000|100%| O|  |TAMS 0x0000000083400000, 0x0000000083400000| Untracked 
|  52|0x0000000083400000, 0x0000000083500000, 0x0000000083500000|100%| O|  |TAMS 0x0000000083500000, 0x0000000083500000| Untracked 
|  53|0x0000000083500000, 0x0000000083600000, 0x0000000083600000|100%| O|  |TAMS 0x0000000083600000, 0x0000000083600000| Untracked 
|  54|0x0000000083600000, 0x0000000083700000, 0x0000000083700000|100%| O|  |TAMS 0x0000000083700000, 0x0000000083700000| Untracked 
|  55|0x0000000083700000, 0x0000000083800000, 0x0000000083800000|100%| O|  |TAMS 0x0000000083800000, 0x0000000083800000| Untracked 
|  56|0x0000000083800000, 0x0000000083900000, 0x0000000083900000|100%| O|  |TAMS 0x0000000083900000, 0x0000000083900000| Untracked 
|  57|0x0000000083900000, 0x0000000083a00000, 0x0000000083a00000|100%| O|  |TAMS 0x0000000083a00000, 0x0000000083a00000| Untracked 
|  58|0x0000000083a00000, 0x0000000083b00000, 0x0000000083b00000|100%| O|  |TAMS 0x0000000083b00000, 0x0000000083b00000| Untracked 
|  59|0x0000000083b00000, 0x0000000083c00000, 0x0000000083c00000|100%| O|  |TAMS 0x0000000083c00000, 0x0000000083c00000| Untracked 
|  60|0x0000000083c00000, 0x0000000083d00000, 0x0000000083d00000|100%| O|  |TAMS 0x0000000083c00000, 0x0000000083d00000| Untracked 
|  61|0x0000000083d00000, 0x0000000083e00000, 0x0000000083e00000|100%| O|  |TAMS 0x0000000083e00000, 0x0000000083e00000| Untracked 
|  62|0x0000000083e00000, 0x0000000083f00000, 0x0000000083f00000|100%| O|  |TAMS 0x0000000083e00000, 0x0000000083f00000| Untracked 
|  63|0x0000000083f00000, 0x0000000084000000, 0x0000000084000000|100%| O|  |TAMS 0x0000000084000000, 0x0000000084000000| Untracked 
|  64|0x0000000084000000, 0x0000000084100000, 0x0000000084100000|100%| O|  |TAMS 0x0000000084100000, 0x0000000084100000| Untracked 
|  65|0x0000000084100000, 0x0000000084200000, 0x0000000084200000|100%| O|  |TAMS 0x0000000084200000, 0x0000000084200000| Untracked 
|  66|0x0000000084200000, 0x0000000084300000, 0x0000000084300000|100%| O|  |TAMS 0x0000000084300000, 0x0000000084300000| Untracked 
|  67|0x0000000084300000, 0x0000000084400000, 0x0000000084400000|100%| O|  |TAMS 0x0000000084400000, 0x0000000084400000| Untracked 
|  68|0x0000000084400000, 0x0000000084500000, 0x0000000084500000|100%| O|  |TAMS 0x0000000084500000, 0x0000000084500000| Untracked 
|  69|0x0000000084500000, 0x0000000084600000, 0x0000000084600000|100%|HS|  |TAMS 0x0000000084600000, 0x0000000084600000| Complete 
|  70|0x0000000084600000, 0x0000000084700000, 0x0000000084700000|100%|HC|  |TAMS 0x0000000084700000, 0x0000000084700000| Complete 
|  71|0x0000000084700000, 0x0000000084800000, 0x0000000084800000|100%| O|  |TAMS 0x0000000084800000, 0x0000000084800000| Untracked 
|  72|0x0000000084800000, 0x0000000084900000, 0x0000000084900000|100%| O|  |TAMS 0x0000000084900000, 0x0000000084900000| Untracked 
|  73|0x0000000084900000, 0x0000000084a00000, 0x0000000084a00000|100%| O|  |TAMS 0x0000000084900000, 0x0000000084a00000| Untracked 
|  74|0x0000000084a00000, 0x0000000084b00000, 0x0000000084b00000|100%|HS|  |TAMS 0x0000000084a00000, 0x0000000084b00000| Complete 
|  75|0x0000000084b00000, 0x0000000084c00000, 0x0000000084c00000|100%| O|  |TAMS 0x0000000084b00000, 0x0000000084c00000| Untracked 
|  76|0x0000000084c00000, 0x0000000084d00000, 0x0000000084d00000|100%|HS|  |TAMS 0x0000000084c00000, 0x0000000084d00000| Complete 
|  77|0x0000000084d00000, 0x0000000084e00000, 0x0000000084e00000|100%| O|  |TAMS 0x0000000084d00000, 0x0000000084e00000| Untracked 
|  78|0x0000000084e00000, 0x0000000084f00000, 0x0000000084f00000|100%|HS|  |TAMS 0x0000000084f00000, 0x0000000084f00000| Complete 
|  79|0x0000000084f00000, 0x0000000085000000, 0x0000000085000000|100%|HS|  |TAMS 0x0000000085000000, 0x0000000085000000| Complete 
|  80|0x0000000085000000, 0x0000000085100000, 0x0000000085100000|100%|HC|  |TAMS 0x0000000085100000, 0x0000000085100000| Complete 
|  81|0x0000000085100000, 0x0000000085200000, 0x0000000085200000|100%|HS|  |TAMS 0x0000000085200000, 0x0000000085200000| Complete 
|  82|0x0000000085200000, 0x0000000085300000, 0x0000000085300000|100%| O|  |TAMS 0x0000000085200000, 0x0000000085300000| Untracked 
|  83|0x0000000085300000, 0x0000000085400000, 0x0000000085400000|100%| O|  |TAMS 0x0000000085400000, 0x0000000085400000| Untracked 
|  84|0x0000000085400000, 0x0000000085500000, 0x0000000085500000|100%| O|  |TAMS 0x0000000085500000, 0x0000000085500000| Untracked 
|  85|0x0000000085500000, 0x0000000085600000, 0x0000000085600000|100%|HS|  |TAMS 0x0000000085500000, 0x0000000085600000| Complete 
|  86|0x0000000085600000, 0x0000000085700000, 0x0000000085700000|100%| O|  |TAMS 0x0000000085700000, 0x0000000085700000| Untracked 
|  87|0x0000000085700000, 0x0000000085800000, 0x0000000085800000|100%| O|  |TAMS 0x0000000085700000, 0x0000000085800000| Untracked 
|  88|0x0000000085800000, 0x0000000085900000, 0x0000000085900000|100%| O|  |TAMS 0x0000000085900000, 0x0000000085900000| Untracked 
|  89|0x0000000085900000, 0x0000000085a00000, 0x0000000085a00000|100%| O|  |TAMS 0x0000000085a00000, 0x0000000085a00000| Untracked 
|  90|0x0000000085a00000, 0x0000000085b00000, 0x0000000085b00000|100%| O|  |TAMS 0x0000000085b00000, 0x0000000085b00000| Untracked 
|  91|0x0000000085b00000, 0x0000000085c00000, 0x0000000085c00000|100%| O|  |TAMS 0x0000000085b82600, 0x0000000085c00000| Untracked 
|  92|0x0000000085c00000, 0x0000000085d00000, 0x0000000085d00000|100%| O|  |TAMS 0x0000000085c00000, 0x0000000085d00000| Untracked 
|  93|0x0000000085d00000, 0x0000000085e00000, 0x0000000085e00000|100%| O|  |TAMS 0x0000000085d00000, 0x0000000085e00000| Untracked 
|  94|0x0000000085e00000, 0x0000000085f00000, 0x0000000085f00000|100%|HS|  |TAMS 0x0000000085e00000, 0x0000000085f00000| Complete 
|  95|0x0000000085f00000, 0x0000000086000000, 0x0000000086000000|100%|HC|  |TAMS 0x0000000085f00000, 0x0000000086000000| Complete 
|  96|0x0000000086000000, 0x0000000086100000, 0x0000000086100000|100%| O|  |TAMS 0x0000000086000000, 0x0000000086100000| Untracked 
|  97|0x0000000086100000, 0x0000000086200000, 0x0000000086200000|100%| O|  |TAMS 0x0000000086100000, 0x0000000086200000| Untracked 
|  98|0x0000000086200000, 0x0000000086300000, 0x0000000086300000|100%|HS|  |TAMS 0x0000000086200000, 0x0000000086300000| Complete 
|  99|0x0000000086300000, 0x0000000086400000, 0x0000000086400000|100%|HC|  |TAMS 0x0000000086300000, 0x0000000086400000| Complete 
| 100|0x0000000086400000, 0x0000000086500000, 0x0000000086500000|100%| O|  |TAMS 0x0000000086400000, 0x0000000086500000| Untracked 
| 101|0x0000000086500000, 0x0000000086600000, 0x0000000086600000|100%| O|  |TAMS 0x0000000086500000, 0x0000000086600000| Untracked 
| 102|0x0000000086600000, 0x0000000086700000, 0x0000000086700000|100%| O|  |TAMS 0x0000000086600000, 0x0000000086700000| Untracked 
| 103|0x0000000086700000, 0x0000000086800000, 0x0000000086800000|100%| O|  |TAMS 0x0000000086700000, 0x0000000086800000| Untracked 
| 104|0x0000000086800000, 0x0000000086900000, 0x0000000086900000|100%| O|  |TAMS 0x0000000086800000, 0x0000000086900000| Untracked 
| 105|0x0000000086900000, 0x0000000086a00000, 0x0000000086a00000|100%| O|  |TAMS 0x0000000086900000, 0x0000000086a00000| Untracked 
| 106|0x0000000086a00000, 0x0000000086b00000, 0x0000000086b00000|100%| O|  |TAMS 0x0000000086a00000, 0x0000000086b00000| Untracked 
| 107|0x0000000086b00000, 0x0000000086c00000, 0x0000000086c00000|100%| O|  |TAMS 0x0000000086b00000, 0x0000000086c00000| Untracked 
| 108|0x0000000086c00000, 0x0000000086d00000, 0x0000000086d00000|100%| O|  |TAMS 0x0000000086c00000, 0x0000000086d00000| Untracked 
| 109|0x0000000086d00000, 0x0000000086e00000, 0x0000000086e00000|100%| O|  |TAMS 0x0000000086d00000, 0x0000000086e00000| Untracked 
| 110|0x0000000086e00000, 0x0000000086f00000, 0x0000000086f00000|100%| O|  |TAMS 0x0000000086e00000, 0x0000000086f00000| Untracked 
| 111|0x0000000086f00000, 0x0000000087000000, 0x0000000087000000|100%| O|  |TAMS 0x0000000086f00000, 0x0000000087000000| Untracked 
| 112|0x0000000087000000, 0x0000000087100000, 0x0000000087100000|100%| O|  |TAMS 0x0000000087000000, 0x0000000087100000| Untracked 
| 113|0x0000000087100000, 0x0000000087200000, 0x0000000087200000|100%| O|  |TAMS 0x0000000087100000, 0x0000000087200000| Untracked 
| 114|0x0000000087200000, 0x0000000087300000, 0x0000000087300000|100%| O|  |TAMS 0x0000000087200000, 0x0000000087300000| Untracked 
| 115|0x0000000087300000, 0x0000000087400000, 0x0000000087400000|100%| O|  |TAMS 0x0000000087300000, 0x0000000087400000| Untracked 
| 116|0x0000000087400000, 0x0000000087500000, 0x0000000087500000|100%| O|  |TAMS 0x0000000087400000, 0x0000000087500000| Untracked 
| 117|0x0000000087500000, 0x0000000087600000, 0x0000000087600000|100%| O|  |TAMS 0x0000000087500000, 0x0000000087600000| Untracked 
| 118|0x0000000087600000, 0x0000000087700000, 0x0000000087700000|100%| O|  |TAMS 0x0000000087600000, 0x0000000087700000| Untracked 
| 119|0x0000000087700000, 0x0000000087800000, 0x0000000087800000|100%| O|  |TAMS 0x0000000087700000, 0x0000000087800000| Untracked 
| 120|0x0000000087800000, 0x0000000087800000, 0x0000000087900000|  0%| F|  |TAMS 0x0000000087800000, 0x0000000087800000| Untracked 
| 121|0x0000000087900000, 0x0000000087900000, 0x0000000087a00000|  0%| F|  |TAMS 0x0000000087900000, 0x0000000087900000| Untracked 
| 122|0x0000000087a00000, 0x0000000087a00000, 0x0000000087b00000|  0%| F|  |TAMS 0x0000000087a00000, 0x0000000087a00000| Untracked 
| 123|0x0000000087b00000, 0x0000000087b00000, 0x0000000087c00000|  0%| F|  |TAMS 0x0000000087b00000, 0x0000000087b00000| Untracked 
| 124|0x0000000087c00000, 0x0000000087c00000, 0x0000000087d00000|  0%| F|  |TAMS 0x0000000087c00000, 0x0000000087c00000| Untracked 
| 125|0x0000000087d00000, 0x0000000087d00000, 0x0000000087e00000|  0%| F|  |TAMS 0x0000000087d00000, 0x0000000087d00000| Untracked 
| 126|0x0000000087e00000, 0x0000000087e00000, 0x0000000087f00000|  0%| F|  |TAMS 0x0000000087e00000, 0x0000000087e00000| Untracked 
| 127|0x0000000087f00000, 0x0000000087f00000, 0x0000000088000000|  0%| F|  |TAMS 0x0000000087f00000, 0x0000000087f00000| Untracked 
| 128|0x0000000088000000, 0x0000000088000000, 0x0000000088100000|  0%| F|  |TAMS 0x0000000088000000, 0x0000000088000000| Untracked 
| 129|0x0000000088100000, 0x0000000088100000, 0x0000000088200000|  0%| F|  |TAMS 0x0000000088100000, 0x0000000088100000| Untracked 
| 130|0x0000000088200000, 0x0000000088200000, 0x0000000088300000|  0%| F|  |TAMS 0x0000000088200000, 0x0000000088200000| Untracked 
| 131|0x0000000088300000, 0x0000000088300000, 0x0000000088400000|  0%| F|  |TAMS 0x0000000088300000, 0x0000000088300000| Untracked 
| 132|0x0000000088400000, 0x0000000088400000, 0x0000000088500000|  0%| F|  |TAMS 0x0000000088400000, 0x0000000088400000| Untracked 
| 133|0x0000000088500000, 0x0000000088500000, 0x0000000088600000|  0%| F|  |TAMS 0x0000000088500000, 0x0000000088500000| Untracked 
| 134|0x0000000088600000, 0x0000000088600000, 0x0000000088700000|  0%| F|  |TAMS 0x0000000088600000, 0x0000000088600000| Untracked 
| 135|0x0000000088700000, 0x0000000088700000, 0x0000000088800000|  0%| F|  |TAMS 0x0000000088700000, 0x0000000088700000| Untracked 
| 136|0x0000000088800000, 0x0000000088800000, 0x0000000088900000|  0%| F|  |TAMS 0x0000000088800000, 0x0000000088800000| Untracked 
| 137|0x0000000088900000, 0x0000000088900000, 0x0000000088a00000|  0%| F|  |TAMS 0x0000000088900000, 0x0000000088900000| Untracked 
| 138|0x0000000088a00000, 0x0000000088b00000, 0x0000000088b00000|100%| S|CS|TAMS 0x0000000088a00000, 0x0000000088a00000| Complete 
| 139|0x0000000088b00000, 0x0000000088c00000, 0x0000000088c00000|100%| S|CS|TAMS 0x0000000088b00000, 0x0000000088b00000| Complete 
| 140|0x0000000088c00000, 0x0000000088d00000, 0x0000000088d00000|100%| S|CS|TAMS 0x0000000088c00000, 0x0000000088c00000| Complete 
| 141|0x0000000088d00000, 0x0000000088e00000, 0x0000000088e00000|100%| S|CS|TAMS 0x0000000088d00000, 0x0000000088d00000| Complete 
| 142|0x0000000088e00000, 0x0000000088e00000, 0x0000000088f00000|  0%| F|  |TAMS 0x0000000088e00000, 0x0000000088e00000| Untracked 
| 143|0x0000000088f00000, 0x0000000088f00000, 0x0000000089000000|  0%| F|  |TAMS 0x0000000088f00000, 0x0000000088f00000| Untracked 
| 144|0x0000000089000000, 0x0000000089000000, 0x0000000089100000|  0%| F|  |TAMS 0x0000000089000000, 0x0000000089000000| Untracked 
| 145|0x0000000089100000, 0x0000000089100000, 0x0000000089200000|  0%| F|  |TAMS 0x0000000089100000, 0x0000000089100000| Untracked 
| 146|0x0000000089200000, 0x0000000089200000, 0x0000000089300000|  0%| F|  |TAMS 0x0000000089200000, 0x0000000089200000| Untracked 
| 147|0x0000000089300000, 0x0000000089300000, 0x0000000089400000|  0%| F|  |TAMS 0x0000000089300000, 0x0000000089300000| Untracked 
| 148|0x0000000089400000, 0x0000000089400000, 0x0000000089500000|  0%| F|  |TAMS 0x0000000089400000, 0x0000000089400000| Untracked 
| 149|0x0000000089500000, 0x0000000089500000, 0x0000000089600000|  0%| F|  |TAMS 0x0000000089500000, 0x0000000089500000| Untracked 
| 150|0x0000000089600000, 0x0000000089600000, 0x0000000089700000|  0%| F|  |TAMS 0x0000000089600000, 0x0000000089600000| Untracked 
| 151|0x0000000089700000, 0x0000000089700000, 0x0000000089800000|  0%| F|  |TAMS 0x0000000089700000, 0x0000000089700000| Untracked 
| 152|0x0000000089800000, 0x0000000089800000, 0x0000000089900000|  0%| F|  |TAMS 0x0000000089800000, 0x0000000089800000| Untracked 
| 153|0x0000000089900000, 0x0000000089900000, 0x0000000089a00000|  0%| F|  |TAMS 0x0000000089900000, 0x0000000089900000| Untracked 
| 154|0x0000000089a00000, 0x0000000089a00000, 0x0000000089b00000|  0%| F|  |TAMS 0x0000000089a00000, 0x0000000089a00000| Untracked 
| 155|0x0000000089b00000, 0x0000000089b00000, 0x0000000089c00000|  0%| F|  |TAMS 0x0000000089b00000, 0x0000000089b00000| Untracked 
| 156|0x0000000089c00000, 0x0000000089c00000, 0x0000000089d00000|  0%| F|  |TAMS 0x0000000089c00000, 0x0000000089c00000| Untracked 
| 157|0x0000000089d00000, 0x0000000089e00000, 0x0000000089e00000|100%| E|CS|TAMS 0x0000000089d00000, 0x0000000089d00000| Complete 
| 158|0x0000000089e00000, 0x0000000089f00000, 0x0000000089f00000|100%| E|CS|TAMS 0x0000000089e00000, 0x0000000089e00000| Complete 
| 159|0x0000000089f00000, 0x000000008a000000, 0x000000008a000000|100%| E|CS|TAMS 0x0000000089f00000, 0x0000000089f00000| Complete 
| 160|0x000000008a000000, 0x000000008a100000, 0x000000008a100000|100%| E|CS|TAMS 0x000000008a000000, 0x000000008a000000| Complete 
| 161|0x000000008a100000, 0x000000008a200000, 0x000000008a200000|100%| E|CS|TAMS 0x000000008a100000, 0x000000008a100000| Complete 
| 162|0x000000008a200000, 0x000000008a300000, 0x000000008a300000|100%| E|CS|TAMS 0x000000008a200000, 0x000000008a200000| Complete 
| 163|0x000000008a300000, 0x000000008a400000, 0x000000008a400000|100%| E|CS|TAMS 0x000000008a300000, 0x000000008a300000| Complete 
| 164|0x000000008a400000, 0x000000008a500000, 0x000000008a500000|100%| E|CS|TAMS 0x000000008a400000, 0x000000008a400000| Complete 
| 165|0x000000008a500000, 0x000000008a600000, 0x000000008a600000|100%| E|CS|TAMS 0x000000008a500000, 0x000000008a500000| Complete 
| 166|0x000000008a600000, 0x000000008a700000, 0x000000008a700000|100%| E|CS|TAMS 0x000000008a600000, 0x000000008a600000| Complete 
| 167|0x000000008a700000, 0x000000008a800000, 0x000000008a800000|100%| E|CS|TAMS 0x000000008a700000, 0x000000008a700000| Complete 
| 168|0x000000008a800000, 0x000000008a900000, 0x000000008a900000|100%| E|CS|TAMS 0x000000008a800000, 0x000000008a800000| Complete 
| 169|0x000000008a900000, 0x000000008aa00000, 0x000000008aa00000|100%| E|CS|TAMS 0x000000008a900000, 0x000000008a900000| Complete 
| 170|0x000000008aa00000, 0x000000008ab00000, 0x000000008ab00000|100%| E|CS|TAMS 0x000000008aa00000, 0x000000008aa00000| Complete 
| 171|0x000000008ab00000, 0x000000008ac00000, 0x000000008ac00000|100%| E|CS|TAMS 0x000000008ab00000, 0x000000008ab00000| Complete 
| 172|0x000000008ac00000, 0x000000008ad00000, 0x000000008ad00000|100%| E|CS|TAMS 0x000000008ac00000, 0x000000008ac00000| Complete 
| 173|0x000000008ad00000, 0x000000008ae00000, 0x000000008ae00000|100%| E|CS|TAMS 0x000000008ad00000, 0x000000008ad00000| Complete 

Card table byte_map: [0x0000019772440000,0x0000019772840000] _byte_map_base: 0x0000019772040000

Marking Bits (Prev, Next): (CMBitMap*) 0x000001975f0dab80, (CMBitMap*) 0x000001975f0dab48
 Prev Bits: [0x0000019774c40000, 0x0000019776c40000)
 Next Bits: [0x0000019772c40000, 0x0000019774c40000)

Polling page: 0x000001975d760000

Metaspace:

Usage:
  Non-class:     82.71 MB capacity,    81.26 MB ( 98%) used,     1.21 MB (  1%) free+waste,   242.44 KB ( <1%) overhead. 
      Class:     12.55 MB capacity,    11.78 MB ( 94%) used,   677.84 KB (  5%) free+waste,   107.81 KB ( <1%) overhead. 
       Both:     95.26 MB capacity,    93.05 MB ( 98%) used,     1.87 MB (  2%) free+waste,   350.25 KB ( <1%) overhead. 

Virtual space:
  Non-class space:       84.00 MB reserved,      82.75 MB ( 99%) committed 
      Class space:        1.00 GB reserved,      12.57 MB (  1%) committed 
             Both:        1.08 GB reserved,      95.32 MB (  9%) committed 

Chunk freelists:
   Non-Class:  40.00 KB
       Class:  15.00 KB
        Both:  55.00 KB

MaxMetaspaceSize: 17179869184.00 GB
CompressedClassSpaceSize: 1.00 GB

CodeHeap 'non-profiled nmethods': size=120064Kb used=9107Kb max_used=9107Kb free=110956Kb
 bounds [0x000001976a4e0000, 0x000001976add0000, 0x0000019771a20000]
CodeHeap 'profiled nmethods': size=120000Kb used=29134Kb max_used=29134Kb free=90865Kb
 bounds [0x0000019762fb0000, 0x0000019764c50000, 0x000001976a4e0000]
CodeHeap 'non-nmethods': size=5696Kb used=2284Kb max_used=2327Kb free=3411Kb
 bounds [0x0000019762a20000, 0x0000019762c90000, 0x0000019762fb0000]
 total_blobs=13926 nmethods=13040 adapters=795
 compilation: enabled
              stopped_count=0, restarted_count=0
 full_count=0

Compilation events (20 events):
Event: 99.884 Thread 0x0000019779286800 13788       2       com.android.tools.r8.code.l0::<init> (7 bytes)
Event: 99.884 Thread 0x0000019779286800 nmethod 13788 0x0000019763634c10 code [0x0000019763634dc0, 0x0000019763634f18]
Event: 99.885 Thread 0x0000019779286800 13789       3       com.android.tools.r8.code.x1::a (4137 bytes)
Event: 99.940 Thread 0x0000019779286800 nmethod 13789 0x0000019764c18d90 code [0x0000019764c1b9e0, 0x0000019764c39638]
Event: 99.959 Thread 0x0000019779286800 13790       2       com.android.tools.r8.code.T2::hashCode (28 bytes)
Event: 99.959 Thread 0x0000019779286800 nmethod 13790 0x0000019763564890 code [0x0000019763564a40, 0x0000019763564b88]
Event: 99.963 Thread 0x0000019779286800 13791       2       com.android.tools.r8.code.T2::<init> (58 bytes)
Event: 99.964 Thread 0x0000019779286800 nmethod 13791 0x0000019763653f10 code [0x0000019763654120, 0x00000197636546a8]
Event: 99.972 Thread 0x0000019779286800 13793       2       com.android.tools.r8.graph.v1::d (64 bytes)
Event: 99.973 Thread 0x0000019779286800 nmethod 13793 0x000001976363cd10 code [0x000001976363cf20, 0x000001976363d298]
Event: 99.997 Thread 0x0000019779286800 13795       2       com.android.tools.r8.code.e::<init> (7 bytes)
Event: 99.997 Thread 0x0000019779286800 nmethod 13795 0x0000019763634810 code [0x00000197636349c0, 0x0000019763634b18]
Event: 100.013 Thread 0x0000019779286800 13796       2       com.android.tools.r8.code.t2::<init> (7 bytes)
Event: 100.013 Thread 0x0000019779286800 nmethod 13796 0x0000019763638990 code [0x0000019763638b40, 0x0000019763638c98]
Event: 100.023 Thread 0x0000019779286800 13798       2       com.android.tools.r8.code.N3::<init> (7 bytes)
Event: 100.023 Thread 0x0000019779286800 nmethod 13798 0x0000019763640910 code [0x0000019763640ac0, 0x0000019763640c18]
Event: 100.046 Thread 0x0000019779286800 13801       2       com.android.tools.r8.code.M2::<init> (7 bytes)
Event: 100.047 Thread 0x0000019779286800 nmethod 13801 0x0000019763640510 code [0x00000197636406c0, 0x0000019763640818]
Event: 100.055 Thread 0x0000019779286800 13804       2       com.android.tools.r8.w.a.a.a.h.f0$f::<init> (41 bytes)
Event: 100.056 Thread 0x0000019779286800 nmethod 13804 0x000001976364f210 code [0x000001976364f3c0, 0x000001976364f538]

GC Heap History (20 events):
Event: 83.760 GC heap before
{Heap before GC invocations=65 (full 0):
 garbage-first heap   total 178176K, used 121470K [0x0000000080000000, 0x0000000100000000)
  region size 1024K, 52 young (53248K), 2 survivors (2048K)
 Metaspace       used 87936K, capacity 89931K, committed 90060K, reserved 1128448K
  class space    used 11013K, capacity 11692K, committed 11724K, reserved 1048576K
}
Event: 83.772 GC heap after
{Heap after GC invocations=66 (full 0):
 garbage-first heap   total 178176K, used 74492K [0x0000000080000000, 0x0000000100000000)
  region size 1024K, 5 young (5120K), 5 survivors (5120K)
 Metaspace       used 87936K, capacity 89931K, committed 90060K, reserved 1128448K
  class space    used 11013K, capacity 11692K, committed 11724K, reserved 1048576K
}
Event: 85.996 GC heap before
{Heap before GC invocations=66 (full 0):
 garbage-first heap   total 178176K, used 126716K [0x0000000080000000, 0x0000000100000000)
  region size 1024K, 57 young (58368K), 5 survivors (5120K)
 Metaspace       used 88844K, capacity 90951K, committed 91212K, reserved 1128448K
  class space    used 11111K, capacity 11846K, committed 11852K, reserved 1048576K
}
Event: 86.012 GC heap after
{Heap after GC invocations=67 (full 0):
 garbage-first heap   total 178176K, used 79080K [0x0000000080000000, 0x0000000100000000)
  region size 1024K, 8 young (8192K), 8 survivors (8192K)
 Metaspace       used 88844K, capacity 90951K, committed 91212K, reserved 1128448K
  class space    used 11111K, capacity 11846K, committed 11852K, reserved 1048576K
}
Event: 87.578 GC heap before
{Heap before GC invocations=67 (full 0):
 garbage-first heap   total 178176K, used 131304K [0x0000000080000000, 0x0000000100000000)
  region size 1024K, 60 young (61440K), 8 survivors (8192K)
 Metaspace       used 89521K, capacity 91555K, committed 91852K, reserved 1128448K
  class space    used 11171K, capacity 11887K, committed 11980K, reserved 1048576K
}
Event: 87.599 GC heap after
{Heap after GC invocations=68 (full 0):
 garbage-first heap   total 178176K, used 84647K [0x0000000080000000, 0x0000000100000000)
  region size 1024K, 6 young (6144K), 6 survivors (6144K)
 Metaspace       used 89521K, capacity 91555K, committed 91852K, reserved 1128448K
  class space    used 11171K, capacity 11887K, committed 11980K, reserved 1048576K
}
Event: 88.089 GC heap before
{Heap before GC invocations=68 (full 0):
 garbage-first heap   total 178176K, used 94887K [0x0000000080000000, 0x0000000100000000)
  region size 1024K, 16 young (16384K), 6 survivors (6144K)
 Metaspace       used 89732K, capacity 91809K, committed 92108K, reserved 1130496K
  class space    used 11194K, capacity 11925K, committed 11980K, reserved 1048576K
}
Event: 88.099 GC heap after
{Heap after GC invocations=69 (full 0):
 garbage-first heap   total 178176K, used 87706K [0x0000000080000000, 0x0000000100000000)
  region size 1024K, 2 young (2048K), 2 survivors (2048K)
 Metaspace       used 89732K, capacity 91809K, committed 92108K, reserved 1130496K
  class space    used 11194K, capacity 11925K, committed 11980K, reserved 1048576K
}
Event: 90.753 GC heap before
{Heap before GC invocations=70 (full 0):
 garbage-first heap   total 178176K, used 143002K [0x0000000080000000, 0x0000000100000000)
  region size 1024K, 52 young (53248K), 2 survivors (2048K)
 Metaspace       used 91262K, capacity 93387K, committed 93644K, reserved 1130496K
  class space    used 11426K, capacity 12150K, committed 12236K, reserved 1048576K
}
Event: 90.770 GC heap after
{Heap after GC invocations=71 (full 0):
 garbage-first heap   total 178176K, used 94860K [0x0000000080000000, 0x0000000100000000)
  region size 1024K, 6 young (6144K), 6 survivors (6144K)
 Metaspace       used 91262K, capacity 93387K, committed 93644K, reserved 1130496K
  class space    used 11426K, capacity 12150K, committed 12236K, reserved 1048576K
}
Event: 91.299 GC heap before
{Heap before GC invocations=71 (full 0):
 garbage-first heap   total 178176K, used 95884K [0x0000000080000000, 0x0000000100000000)
  region size 1024K, 8 young (8192K), 6 survivors (6144K)
 Metaspace       used 91693K, capacity 93861K, committed 93900K, reserved 1130496K
  class space    used 11490K, capacity 12223K, committed 12236K, reserved 1048576K
}
Event: 91.304 GC heap after
{Heap after GC invocations=72 (full 0):
 garbage-first heap   total 178176K, used 90977K [0x0000000080000000, 0x0000000100000000)
  region size 1024K, 1 young (1024K), 1 survivors (1024K)
 Metaspace       used 91693K, capacity 93861K, committed 93900K, reserved 1130496K
  class space    used 11490K, capacity 12223K, committed 12236K, reserved 1048576K
}
Event: 94.322 GC heap before
{Heap before GC invocations=72 (full 0):
 garbage-first heap   total 178176K, used 99169K [0x0000000080000000, 0x0000000100000000)
  region size 1024K, 10 young (10240K), 1 survivors (1024K)
 Metaspace       used 92733K, capacity 94924K, committed 95180K, reserved 1132544K
  class space    used 11642K, capacity 12384K, committed 12492K, reserved 1048576K
}
Event: 94.326 GC heap after
{Heap after GC invocations=73 (full 0):
 garbage-first heap   total 178176K, used 91086K [0x0000000080000000, 0x0000000100000000)
  region size 1024K, 1 young (1024K), 1 survivors (1024K)
 Metaspace       used 92733K, capacity 94924K, committed 95180K, reserved 1132544K
  class space    used 11642K, capacity 12384K, committed 12492K, reserved 1048576K
}
Event: 98.432 GC heap before
{Heap before GC invocations=74 (full 0):
 garbage-first heap   total 178176K, used 150478K [0x0000000080000000, 0x0000000100000000)
  region size 1024K, 49 young (50176K), 1 survivors (1024K)
 Metaspace       used 94486K, capacity 96718K, committed 96844K, reserved 1132544K
  class space    used 11978K, capacity 12772K, committed 12876K, reserved 1048576K
}
Event: 98.471 GC heap after
{Heap after GC invocations=75 (full 0):
 garbage-first heap   total 178176K, used 113417K [0x0000000080000000, 0x0000000100000000)
  region size 1024K, 7 young (7168K), 7 survivors (7168K)
 Metaspace       used 94486K, capacity 96718K, committed 96844K, reserved 1132544K
  class space    used 11978K, capacity 12772K, committed 12876K, reserved 1048576K
}
Event: 99.140 GC heap before
{Heap before GC invocations=75 (full 0):
 garbage-first heap   total 178176K, used 114441K [0x0000000080000000, 0x0000000100000000)
  region size 1024K, 8 young (8192K), 7 survivors (7168K)
 Metaspace       used 94788K, capacity 97084K, committed 97356K, reserved 1134592K
  class space    used 12029K, capacity 12808K, committed 12876K, reserved 1048576K
}
Event: 99.172 GC heap after
{Heap after GC invocations=76 (full 0):
 garbage-first heap   total 178176K, used 109973K [0x0000000080000000, 0x0000000100000000)
  region size 1024K, 1 young (1024K), 1 survivors (1024K)
 Metaspace       used 94788K, capacity 97084K, committed 97356K, reserved 1134592K
  class space    used 12029K, capacity 12808K, committed 12876K, reserved 1048576K
}
Event: 99.596 GC heap before
{Heap before GC invocations=76 (full 0):
 garbage-first heap   total 178176K, used 141717K [0x0000000080000000, 0x0000000100000000)
  region size 1024K, 32 young (32768K), 1 survivors (1024K)
 Metaspace       used 95246K, capacity 97544K, committed 97612K, reserved 1134592K
  class space    used 12063K, capacity 12849K, committed 12876K, reserved 1048576K
}
Event: 99.627 GC heap after
{Heap after GC invocations=77 (full 0):
 garbage-first heap   total 178176K, used 126976K [0x0000000080000000, 0x0000000100000000)
  region size 1024K, 4 young (4096K), 4 survivors (4096K)
 Metaspace       used 95246K, capacity 97544K, committed 97612K, reserved 1134592K
  class space    used 12063K, capacity 12849K, committed 12876K, reserved 1048576K
}

Deoptimization events (20 events):
Event: 97.710 Thread 0x000001977dc84800 Uncommon trap: reason=class_check action=maybe_recompile pc=0x000001976a62ede8 method=com.android.tools.r8.dex.n.a(ILjava/util/function/Supplier;)Ljava/lang/Object; @ 33 c2
Event: 97.710 Thread 0x000001977dc84800 DEOPT PACKING pc=0x000001976a62ede8 sp=0x0000000e5defed70
Event: 97.710 Thread 0x000001977dc7e000 DEOPT UNPACKING pc=0x0000019762a4742f sp=0x0000000e5d6fe870 mode 2
Event: 97.710 Thread 0x000001977dc84800 DEOPT UNPACKING pc=0x0000019762a4742f sp=0x0000000e5defed70 mode 2
Event: 97.710 Thread 0x000001977dc7f800 Uncommon trap: trap_request=0xffffffde fr.pc=0x000001976a62ede8 relative=0x0000000000000b68
Event: 97.711 Thread 0x000001977dc7f800 Uncommon trap: reason=class_check action=maybe_recompile pc=0x000001976a62ede8 method=com.android.tools.r8.dex.n.a(ILjava/util/function/Supplier;)Ljava/lang/Object; @ 33 c2
Event: 97.711 Thread 0x000001977dc7f800 DEOPT PACKING pc=0x000001976a62ede8 sp=0x0000000e5dffe7c0
Event: 97.711 Thread 0x000001977dc7f800 DEOPT UNPACKING pc=0x0000019762a4742f sp=0x0000000e5dffe7c0 mode 2
Event: 99.112 Thread 0x000001977dc7f800 Uncommon trap: trap_request=0xffffff4d fr.pc=0x000001976a5ef184 relative=0x0000000000000144
Event: 99.112 Thread 0x000001977dc7f800 Uncommon trap: reason=unstable_if action=reinterpret pc=0x000001976a5ef184 method=com.android.tools.r8.w.a.a.a.f.X.get(I)Ljava/lang/Object; @ 1 c2
Event: 99.112 Thread 0x000001977dc7f800 DEOPT PACKING pc=0x000001976a5ef184 sp=0x0000000e5dffe750
Event: 99.112 Thread 0x000001977dc7f800 DEOPT UNPACKING pc=0x0000019762a4742f sp=0x0000000e5dffe6e8 mode 2
Event: 99.487 Thread 0x000001977dc7a800 Uncommon trap: trap_request=0xffffff4d fr.pc=0x000001976a5bbaa4 relative=0x0000000000000084
Event: 99.487 Thread 0x000001977dc7a800 Uncommon trap: reason=unstable_if action=reinterpret pc=0x000001976a5bbaa4 method=com.android.tools.r8.utils.a0.d(I)Z @ 45 c2
Event: 99.487 Thread 0x000001977dc7a800 DEOPT PACKING pc=0x000001976a5bbaa4 sp=0x0000000e5ddfe180
Event: 99.487 Thread 0x000001977dc7a800 DEOPT UNPACKING pc=0x0000019762a4742f sp=0x0000000e5ddfe110 mode 2
Event: 99.745 Thread 0x000001977dc7f800 Uncommon trap: trap_request=0xffffff4d fr.pc=0x000001976adc5370 relative=0x0000000000007110
Event: 99.745 Thread 0x000001977dc7f800 Uncommon trap: reason=unstable_if action=reinterpret pc=0x000001976adc5370 method=com.android.tools.r8.code.x1.a(Ljava/nio/ShortBuffer;IILcom/android/tools/r8/graph/D1;)[Lcom/android/tools/r8/code/w1; @ 38 c2
Event: 99.745 Thread 0x000001977dc7f800 DEOPT PACKING pc=0x000001976adc5370 sp=0x0000000e5dffe5b0
Event: 99.745 Thread 0x000001977dc7f800 DEOPT UNPACKING pc=0x0000019762a4742f sp=0x0000000e5dffe5a8 mode 2

Classes redefined (0 events):
No events

Internal exceptions (20 events):
Event: 89.522 Thread 0x000001977dc7a800 Exception <a 'java/lang/NoSuchMethodError'{0x0000000089b80718}: 'java.lang.Object java.lang.invoke.DirectMethodHandle$Holder.invokeVirtual(java.lang.Object, java.lang.Object, int)'> (0x0000000089b80718) thrown at [./src/hotspot/share/interpreter/linkResolver.cpp, line 773]
Event: 89.528 Thread 0x000001977dc7a800 Exception <a 'java/lang/NoSuchMethodError'{0x0000000089bb7478}: 'void java.lang.invoke.DirectMethodHandle$Holder.invokeStatic(java.lang.Object, java.lang.Object, java.lang.Object, int)'> (0x0000000089bb7478) thrown at [./src/hotspot/share/interpreter/linkResolver.cpp, line 773]
Event: 90.113 Thread 0x000001977ab89800 Implicit null exception at 0x000001976ad7296a to 0x000001976ad729bc
Event: 90.113 Thread 0x000001977ab89800 Implicit null exception at 0x000001976ad46350 to 0x000001976ad46364
Event: 90.165 Thread 0x000001977dc7b800 Exception <a 'java/lang/NoSuchMethodError'{0x0000000088e00e10}: 'void java.lang.invoke.DirectMethodHandle$Holder.invokeStatic(java.lang.Object, long)'> (0x0000000088e00e10) thrown at [./src/hotspot/share/interpreter/linkResolver.cpp, line 773]
Event: 90.166 Thread 0x000001977dc7b800 Exception <a 'java/lang/NoSuchMethodError'{0x0000000088e06028}: 'java.lang.Object java.lang.invoke.DirectMethodHandle$Holder.invokeStatic(java.lang.Object, long)'> (0x0000000088e06028) thrown at [./src/hotspot/share/interpreter/linkResolver.cpp, line 773]
Event: 90.169 Thread 0x000001977dc7b800 Exception <a 'java/lang/NoSuchMethodError'{0x0000000088e211f0}: 'java.lang.Object java.lang.invoke.DirectMethodHandle$Holder.invokeStaticInit(java.lang.Object, java.lang.Object, long, java.lang.Object)'> (0x0000000088e211f0) thrown at [./src/hotspot/share/interpreter/linkResolver.cpp, line 773]
Event: 90.169 Thread 0x000001977dc7b800 Exception <a 'java/lang/NoSuchMethodError'{0x0000000088e27388}: 'java.lang.Object java.lang.invoke.DirectMethodHandle$Holder.invokeStatic(java.lang.Object, java.lang.Object, long)'> (0x0000000088e27388) thrown at [./src/hotspot/share/interpreter/linkResolver.cpp, line 773]
Event: 90.170 Thread 0x000001977dc7b800 Exception <a 'java/lang/NoSuchMethodError'{0x0000000088e2d900}: 'java.lang.Object java.lang.invoke.Invokers$Holder.linkToTargetMethod(java.lang.Object, long, java.lang.Object)'> (0x0000000088e2d900) thrown at [./src/hotspot/share/interpreter/linkResolver.cpp, line 773]
Event: 90.202 Thread 0x000001977dc81000 Exception <a 'sun/nio/fs/WindowsException'{0x0000000088d92430}> (0x0000000088d92430) thrown at [./src/hotspot/share/prims/jni.cpp, line 615]
Event: 91.251 Thread 0x000001977dc81000 Exception <a 'java/lang/NoSuchMethodError'{0x000000008aca3f38}: 'int java.lang.invoke.DirectMethodHandle$Holder.invokeVirtual(java.lang.Object, java.lang.Object, java.lang.Object)'> (0x000000008aca3f38) thrown at [./src/hotspot/share/interpreter/linkResolver.cpp, line 773]
Event: 94.296 Thread 0x000001977dc81000 Exception <a 'java/lang/NoSuchMethodError'{0x000000008a7f9080}: 'java.lang.Object java.lang.invoke.DirectMethodHandle$Holder.invokeStatic(java.lang.Object, java.lang.Object, java.lang.Object, java.lang.Object, java.lang.Object, java.lang.Object, java.lang.Object, java.lang.Object, java.lang.Object, java.lang.Object, java.lang.Object, java.lang.Object, java.lang.Object, java.lang.Object, java.lang.Object, java.lang.Object, java.lang.Object, int, java.lang.Object)'> (0x000000008a7f9080) thrown at [./src/hots
Event: 94.296 Thread 0x000001977dc81000 Exception <a 'java/lang/NoSuchMethodError'{0x000000008a7fe6d0}: 'java.lang.Object java.lang.invoke.DirectMethodHandle$Holder.invokeStaticInit(java.lang.Object, java.lang.Object, java.lang.Object, java.lang.Object, java.lang.Object, java.lang.Object, java.lang.Object, java.lang.Object, java.lang.Object, java.lang.Object, java.lang.Object, java.lang.Object, java.lang.Object, java.lang.Object, java.lang.Object, java.lang.Object, java.lang.Object, int, java.lang.Object)'> (0x000000008a7fe6d0) thrown at [./src/
Event: 94.318 Thread 0x000001977ab85800 Exception <a 'sun/nio/fs/WindowsException'{0x000000008a5a2800}> (0x000000008a5a2800) thrown at [./src/hotspot/share/prims/jni.cpp, line 615]
Event: 94.318 Thread 0x000001977ab85800 Exception <a 'sun/nio/fs/WindowsException'{0x000000008a5a3400}> (0x000000008a5a3400) thrown at [./src/hotspot/share/prims/jni.cpp, line 615]
Event: 94.319 Thread 0x000001977ab85800 Exception <a 'sun/nio/fs/WindowsException'{0x000000008a5a3738}> (0x000000008a5a3738) thrown at [./src/hotspot/share/prims/jni.cpp, line 615]
Event: 94.377 Thread 0x000001977ab85800 Exception <a 'sun/nio/fs/WindowsException'{0x000000008a6f96d0}> (0x000000008a6f96d0) thrown at [./src/hotspot/share/prims/jni.cpp, line 615]
Event: 94.377 Thread 0x000001977ab85800 Exception <a 'sun/nio/fs/WindowsException'{0x000000008a6fa2f0}> (0x000000008a6fa2f0) thrown at [./src/hotspot/share/prims/jni.cpp, line 615]
Event: 97.801 Thread 0x000001977dc7a800 Exception <a 'java/lang/NoSuchMethodError'{0x0000000087f83618}: 'java.lang.Object java.lang.invoke.DirectMethodHandle$Holder.newInvokeSpecial(java.lang.Object, int)'> (0x0000000087f83618) thrown at [./src/hotspot/share/interpreter/linkResolver.cpp, line 773]
Event: 99.595 Thread 0x000001977dc7b800 Exception <a 'java/lang/NoSuchMethodError'{0x0000000088eea660}: 'int java.lang.invoke.DirectMethodHandle$Holder.invokeSpecialIFC(java.lang.Object, java.lang.Object, java.lang.Object)'> (0x0000000088eea660) thrown at [./src/hotspot/share/interpreter/linkResolver.cpp, line 773]

Events (20 events):
Event: 99.229 loading class com/android/tools/r8/v/a/t/k done
Event: 99.255 loading class com/android/tools/r8/v/a/t/i
Event: 99.255 loading class com/android/tools/r8/v/a/t/i done
Event: 99.537 loading class com/android/builder/internal/aapt/AaptUtils
Event: 99.537 loading class com/android/builder/internal/aapt/AaptUtils done
Event: 99.591 loading class com/google/common/collect/Iterables$4
Event: 99.591 loading class com/google/common/collect/Iterables$4 done
Event: 99.592 loading class com/google/common/collect/FluentIterable$2
Event: 99.592 loading class com/google/common/collect/FluentIterable$2 done
Event: 99.593 loading class com/google/common/collect/FluentIterable$1
Event: 99.593 loading class com/google/common/collect/FluentIterable$1 done
Event: 99.593 loading class com/google/common/collect/FluentIterable$3
Event: 99.593 loading class com/google/common/collect/FluentIterable$3 done
Event: 99.594 loading class com/google/common/collect/AbstractIterator$State
Event: 99.594 loading class com/google/common/collect/AbstractIterator$State done
Event: 99.594 loading class com/google/common/collect/AbstractIterator$1
Event: 99.594 loading class com/google/common/collect/AbstractIterator$1 done
Event: 99.596 Executing VM operation: G1CollectForAllocation
Event: 99.627 Executing VM operation: G1CollectForAllocation done
Event: 100.056 Executing VM operation: G1CollectForAllocation


Dynamic libraries:
0x00007ff72bb90000 - 0x00007ff72bb9a000 	C:\Program Files\Android\Android Studio\jre\bin\java.exe
0x00007fffd7f90000 - 0x00007fffd8185000 	C:\WINDOWS\SYSTEM32\ntdll.dll
0x00007fffd6b20000 - 0x00007fffd6bde000 	C:\WINDOWS\System32\KERNEL32.DLL
0x00007fffd5a30000 - 0x00007fffd5cf8000 	C:\WINDOWS\System32\KERNELBASE.dll
0x00007fffd5930000 - 0x00007fffd5a30000 	C:\WINDOWS\System32\ucrtbase.dll
0x00007fffcb000000 - 0x00007fffcb019000 	C:\Program Files\Android\Android Studio\jre\bin\jli.dll
0x00007fffd6110000 - 0x00007fffd62b1000 	C:\WINDOWS\System32\USER32.dll
0x00007fffd5710000 - 0x00007fffd5732000 	C:\WINDOWS\System32\win32u.dll
0x00007fffccc90000 - 0x00007fffccf2a000 	C:\WINDOWS\WinSxS\amd64_microsoft.windows.common-controls_6595b64144ccf1df_6.0.19041.1110_none_60b5254171f9507e\COMCTL32.dll
0x00007fffd73d0000 - 0x00007fffd73fb000 	C:\WINDOWS\System32\GDI32.dll
0x00007fffd6330000 - 0x00007fffd63ce000 	C:\WINDOWS\System32\msvcrt.dll
0x00007fffd5820000 - 0x00007fffd592b000 	C:\WINDOWS\System32\gdi32full.dll
0x00007fffd5f40000 - 0x00007fffd5fdd000 	C:\WINDOWS\System32\msvcp_win.dll
0x00007fffc7f30000 - 0x00007fffc7f47000 	C:\Program Files\Android\Android Studio\jre\bin\VCRUNTIME140.dll
0x00007fffd6930000 - 0x00007fffd6960000 	C:\WINDOWS\System32\IMM32.DLL
0x00007fffa86c0000 - 0x00007fffa875d000 	C:\Program Files\Android\Android Studio\jre\bin\msvcp140.dll
0x00007fff9e010000 - 0x00007fff9eacc000 	C:\Program Files\Android\Android Studio\jre\bin\server\jvm.dll
0x00007fffd7320000 - 0x00007fffd73cc000 	C:\WINDOWS\System32\ADVAPI32.dll
0x00007fffd7620000 - 0x00007fffd76bb000 	C:\WINDOWS\System32\sechost.dll
0x00007fffd6430000 - 0x00007fffd655a000 	C:\WINDOWS\System32\RPCRT4.dll
0x00007fffd6320000 - 0x00007fffd6328000 	C:\WINDOWS\System32\PSAPI.DLL
0x00007fffc5440000 - 0x00007fffc5449000 	C:\WINDOWS\SYSTEM32\WSOCK32.dll
0x00007fffcf150000 - 0x00007fffcf177000 	C:\WINDOWS\SYSTEM32\WINMM.dll
0x00007fffcf460000 - 0x00007fffcf46a000 	C:\WINDOWS\SYSTEM32\VERSION.dll
0x00007fffd6560000 - 0x00007fffd65cb000 	C:\WINDOWS\System32\WS2_32.dll
0x00007fffd35b0000 - 0x00007fffd35c2000 	C:\WINDOWS\SYSTEM32\kernel.appcore.dll
0x00007fffae0d0000 - 0x00007fffae0e1000 	C:\Program Files\Android\Android Studio\jre\bin\verify.dll
0x00007fffc5b90000 - 0x00007fffc5d74000 	C:\WINDOWS\SYSTEM32\DBGHELP.DLL
0x00007fffc5970000 - 0x00007fffc599c000 	C:\WINDOWS\SYSTEM32\dbgcore.DLL
0x00007fffd5e60000 - 0x00007fffd5ee3000 	C:\WINDOWS\System32\bcryptPrimitives.dll
0x00007fffa97b0000 - 0x00007fffa97d9000 	C:\Program Files\Android\Android Studio\jre\bin\java.dll
0x00007fffbc850000 - 0x00007fffbc85b000 	C:\Program Files\Android\Android Studio\jre\bin\jimage.dll
0x00007fffae0b0000 - 0x00007fffae0c8000 	C:\Program Files\Android\Android Studio\jre\bin\zip.dll
0x00007fffd6be0000 - 0x00007fffd731f000 	C:\WINDOWS\System32\SHELL32.dll
0x00007fffd37b0000 - 0x00007fffd3f40000 	C:\WINDOWS\SYSTEM32\windows.storage.dll
0x00007fffd65d0000 - 0x00007fffd6925000 	C:\WINDOWS\System32\combase.dll
0x00007fffd5090000 - 0x00007fffd50be000 	C:\WINDOWS\SYSTEM32\Wldp.dll
0x00007fffd6960000 - 0x00007fffd6a0d000 	C:\WINDOWS\System32\SHCORE.dll
0x00007fffd6000000 - 0x00007fffd6055000 	C:\WINDOWS\System32\shlwapi.dll
0x00007fffd55f0000 - 0x00007fffd560f000 	C:\WINDOWS\SYSTEM32\profapi.dll
0x00007fffadec0000 - 0x00007fffadeda000 	C:\Program Files\Android\Android Studio\jre\bin\net.dll
0x00007fffc83b0000 - 0x00007fffc84bc000 	C:\WINDOWS\SYSTEM32\WINHTTP.dll
0x00007fffd4d90000 - 0x00007fffd4dfa000 	C:\WINDOWS\system32\mswsock.dll
0x00007fffaa820000 - 0x00007fffaa834000 	C:\Program Files\Android\Android Studio\jre\bin\nio.dll
0x00007fffaedd0000 - 0x00007fffaedf7000 	C:\Users\user\.gradle\native\fdc75f09e3144964f2cf3f50f0aa648679c211496f362492102eb8c894070792\windows-amd64\native-platform.dll
0x00007fffa3630000 - 0x00007fffa37c6000 	C:\Users\user\.gradle\native\12488b8bf47d2d4c9fbf2f6322a914ad602e24e48041cd04a747c6da556b65c4\windows-amd64\native-platform-file-events.dll
0x00007fffbbe30000 - 0x00007fffbbe3a000 	C:\Program Files\Android\Android Studio\jre\bin\management.dll
0x00007fffbbca0000 - 0x00007fffbbcac000 	C:\Program Files\Android\Android Studio\jre\bin\management_ext.dll
0x00007fffd4f90000 - 0x00007fffd4fa8000 	C:\WINDOWS\SYSTEM32\CRYPTSP.dll
0x00007fffd4710000 - 0x00007fffd4744000 	C:\WINDOWS\system32\rsaenh.dll
0x00007fffd57f0000 - 0x00007fffd5817000 	C:\WINDOWS\System32\bcrypt.dll
0x00007fffd55b0000 - 0x00007fffd55de000 	C:\WINDOWS\SYSTEM32\USERENV.dll
0x00007fffd4f80000 - 0x00007fffd4f8c000 	C:\WINDOWS\SYSTEM32\CRYPTBASE.dll
0x00007fffd4a80000 - 0x00007fffd4abb000 	C:\WINDOWS\SYSTEM32\IPHLPAPI.DLL
0x00007fffd7610000 - 0x00007fffd7618000 	C:\WINDOWS\System32\NSI.dll
0x00007fffceb00000 - 0x00007fffceb17000 	C:\WINDOWS\SYSTEM32\dhcpcsvc6.DLL
0x00007fffcef20000 - 0x00007fffcef3d000 	C:\WINDOWS\SYSTEM32\dhcpcsvc.DLL
0x00007fffd4ac0000 - 0x00007fffd4b8b000 	C:\WINDOWS\SYSTEM32\DNSAPI.dll
0x00007fffcf7e0000 - 0x00007fffcf7eb000 	C:\WINDOWS\SYSTEM32\WINNSI.DLL
0x00007fffd43a0000 - 0x00007fffd43d3000 	C:\WINDOWS\SYSTEM32\ntmarta.dll

dbghelp: loaded successfully - version: 4.0.5 - missing functions: none
symbol engine: initialized successfully - sym options: 0x614 - pdb path: .;C:\Program Files\Android\Android Studio\jre\bin;C:\WINDOWS\SYSTEM32;C:\WINDOWS\WinSxS\amd64_microsoft.windows.common-controls_6595b64144ccf1df_6.0.19041.1110_none_60b5254171f9507e;C:\Program Files\Android\Android Studio\jre\bin\server;C:\Users\user\.gradle\native\fdc75f09e3144964f2cf3f50f0aa648679c211496f362492102eb8c894070792\windows-amd64;C:\Users\user\.gradle\native\12488b8bf47d2d4c9fbf2f6322a914ad602e24e48041cd04a747c6da556b65c4\windows-amd64

VM Arguments:
jvm_args: --add-opens=java.base/java.util=ALL-UNNAMED --add-opens=java.base/java.lang=ALL-UNNAMED --add-opens=java.base/java.lang.invoke=ALL-UNNAMED --add-opens=java.prefs/java.util.prefs=ALL-UNNAMED -Xmx2048m -Dfile.encoding=UTF-8 -Duser.country=US -Duser.language=en -Duser.variant 
java_command: org.gradle.launcher.daemon.bootstrap.GradleDaemon 6.7.1
java_class_path (initial): C:\Users\user\.gradle\wrapper\dists\gradle-6.7.1-all\2moa8rlfac5eqlcfgk98k0deb\gradle-6.7.1\lib\gradle-launcher-6.7.1.jar
Launcher Type: SUN_STANDARD

[Global flags]
     intx CICompilerCount                          = 3                                         {product} {ergonomic}
     uint ConcGCThreads                            = 1                                         {product} {ergonomic}
     uint G1ConcRefinementThreads                  = 4                                         {product} {ergonomic}
   size_t G1HeapRegionSize                         = 1048576                                   {product} {ergonomic}
    uintx GCDrainStackTargetSize                   = 64                                        {product} {ergonomic}
   size_t InitialHeapSize                          = 100663296                                 {product} {ergonomic}
   size_t MarkStackSize                            = 4194304                                   {product} {ergonomic}
   size_t MaxHeapSize                              = 2147483648                                {product} {command line}
   size_t MaxNewSize                               = 1287651328                                {product} {ergonomic}
   size_t MinHeapDeltaBytes                        = 1048576                                   {product} {ergonomic}
    uintx NonNMethodCodeHeapSize                   = 5830732                                {pd product} {ergonomic}
    uintx NonProfiledCodeHeapSize                  = 122913754                              {pd product} {ergonomic}
    uintx ProfiledCodeHeapSize                     = 122913754                              {pd product} {ergonomic}
    uintx ReservedCodeCacheSize                    = 251658240                              {pd product} {ergonomic}
     bool SegmentedCodeCache                       = true                                      {product} {ergonomic}
     bool UseCompressedClassPointers               = true                                 {lp64_product} {ergonomic}
     bool UseCompressedOops                        = true                                 {lp64_product} {ergonomic}
     bool UseG1GC                                  = true                                      {product} {ergonomic}
     bool UseLargePagesIndividualAllocation        = false                                  {pd product} {ergonomic}

Logging:
Log output configuration:
 #0: stdout all=warning uptime,level,tags
 #1: stderr all=off uptime,level,tags

Environment Variables:
JAVA_HOME=C:\Program Files\Java\jdk1.8.0_261
PATH=C:\Program Files (x86)\Common Files\Oracle\Java\javapath;C:\WINDOWS\system32;C:\WINDOWS;C:\WINDOWS\System32\Wbem;C:\WINDOWS\System32\WindowsPowerShell\v1.0\;C:\apache-maven-3.5.3\bin;C:\Program Files\Java\jdk-14.0.1;C:\Program Files (x86)\scala\bin;D:\Learn\Testing\SoapUI\Udemy\SampleProject\axis2-1.6.2\bin;C:\WINDOWS\System32\OpenSSH\;D:\Learn\Training\Install\WindowsGCCInstall\bin;C:\Program Files\Git\cmd;C:\Program Files\MySQL\MySQL Shell 8.0\bin\;C:\Users\user\AppData\Local\Microsoft\WindowsApps;D:\Install\gradle\gradle-4.7\bin;C:\Program Files\Java\jdk1.8.0_261\bin;
USERNAME=user
OS=Windows_NT
PROCESSOR_IDENTIFIER=Intel64 Family 6 Model 42 Stepping 7, GenuineIntel



---------------  S Y S T E M  ---------------

OS: Windows 10 , 64 bit Build 19041 (10.0.19041.1348)
OS uptime: 0 days 18:54 hours

CPU:total 4 (initial active 4) (2 cores per cpu, 2 threads per core) family 6 model 42 stepping 7, cmov, cx8, fxsr, mmx, sse, sse2, sse3, ssse3, sse4.1, sse4.2, popcnt, avx, aes, clmul, ht, tsc, tscinvbit

Memory: 4k page, system-wide physical 6038M (534M free)
TotalPageFile size 12182M (AvailPageFile size 3806M)
current process WorkingSet (physical memory assigned to process): 463M, peak: 463M
current process commit charge ("private bytes"): 492M, peak: 492M

vm_info: OpenJDK 64-Bit Server VM (11.0.8+10-b944.6842174) for windows-amd64 JRE (11.0.8+10-b944.6842174), built on Sep 19 2020 01:11:42 by "builder" with MS VC++ 14.0 (VS2015)

END.
