#
# A fatal error has been detected by the Java Runtime Environment:
#
#  EXCEPTION_ACCESS_VIOLATION (0xc0000005) at pc=0x00007ffc529f8826, pid=7372, tid=8672
#
# JRE version: OpenJDK Runtime Environment (11.0.8+10) (build 11.0.8+10-b944.6842174)
# Java VM: OpenJDK 64-Bit Server VM (11.0.8+10-b944.6842174, mixed mode, tiered, compressed oops, g1 gc, windows-amd64)
# Problematic frame:
# V  [jvm.dll+0x188826]
#
# No core dump will be written. Minidumps are not enabled by default on client versions of Windows
#
# If you would like to submit a bug report, please visit:
#   https://bugreport.java.com/bugreport/crash.jsp
#

---------------  S U M M A R Y ------------

Command Line: --add-opens=java.base/java.util=ALL-UNNAMED --add-opens=java.base/java.lang=ALL-UNNAMED --add-opens=java.base/java.lang.invoke=ALL-UNNAMED --add-opens=java.prefs/java.util.prefs=ALL-UNNAMED -Xmx2048m -Dfile.encoding=UTF-8 -Duser.country=US -Duser.language=en -Duser.variant org.gradle.launcher.daemon.bootstrap.GradleDaemon 6.7.1

Host: Intel(R) Core(TM) i5-2430M CPU @ 2.40GHz, 4 cores, 5G,  Windows 10 , 64 bit Build 19041 (10.0.19041.1023)
Time: Thu Aug  5 12:53:35 2021 India Standard Time elapsed time: 61 seconds (0d 0h 1m 1s)

---------------  T H R E A D  ---------------

Current thread (0x000001835b19a800):  GCTaskThread "GC Thread#1" [stack: 0x0000000101700000,0x0000000101800000] [id=8672]

Stack: [0x0000000101700000,0x0000000101800000],  sp=0x00000001017fef38,  free space=1019k
Native frames: (J=compiled Java code, j=interpreted, Vv=VM code, C=native code)
V  [jvm.dll+0x188826]


siginfo: EXCEPTION_ACCESS_VIOLATION (0xc0000005), reading address 0x00000183a276650b


Register to memory mapping:

RIP=0x00007ffc529f8826 jvm.dll
RAX=0x0000000000000001 is an unknown value
RBX=0x00000000887794d8 is pointing into object: [Lcom.android.tools.r8.graph.S; 
{0x00000000887794c8} - klass: 'com/android/tools/r8/graph/S'[]
 - length: 4
RCX=0x000000008a3cc8a0 is pointing into object: [Lcom.android.tools.r8.graph.e0; 
{0x000000008a3cc810} - klass: 'com/android/tools/r8/graph/e0'[]
 - length: 34
RDX=0x000000008a3cc8a0 is pointing into object: [Lcom.android.tools.r8.graph.e0; 
{0x000000008a3cc810} - klass: 'com/android/tools/r8/graph/e0'[]
 - length: 34
RSP=0x00000001017fef38 points into unknown readable memory: 5c c9 b6 52 fc 7f 00 00
RBP=0x8a3cc8a88a3cccb0 is an unknown value
RSI=0x0000018360729c30 points into unknown readable memory: 38 23 08 53 fc 7f 00 00
RDI=0x0000018360729c30 points into unknown readable memory: 38 23 08 53 fc 7f 00 00
R8 =0x000000008a3cc8a0 is pointing into object: [Lcom.android.tools.r8.graph.e0; 
{0x000000008a3cc810} - klass: 'com/android/tools/r8/graph/e0'[]
 - length: 34
R9 =0x00000183a2766503 is an unknown value
R10=0x000000008a3cc8a0 is pointing into object: [Lcom.android.tools.r8.graph.e0; 
{0x000000008a3cc810} - klass: 'com/android/tools/r8/graph/e0'[]
 - length: 34
R11=0x0000018360729da0 points into unknown readable memory: f0 22 08 53 fc 7f 00 00
R12=0x0 is NULL
R13=0x00000000000004e8 is an unknown value
R14=0x0000018300009ba8 points into unknown readable memory: b1 1c 00 00 c4 1b 00 00
R15=0x000000008a3cc8a0 is pointing into object: [Lcom.android.tools.r8.graph.e0; 
{0x000000008a3cc810} - klass: 'com/android/tools/r8/graph/e0'[]
 - length: 34


Registers:
RAX=0x0000000000000001, RBX=0x00000000887794d8, RCX=0x000000008a3cc8a0, RDX=0x000000008a3cc8a0
RSP=0x00000001017fef38, RBP=0x8a3cc8a88a3cccb0, RSI=0x0000018360729c30, RDI=0x0000018360729c30
R8 =0x000000008a3cc8a0, R9 =0x00000183a2766503, R10=0x000000008a3cc8a0, R11=0x0000018360729da0
R12=0x0000000000000000, R13=0x00000000000004e8, R14=0x0000018300009ba8, R15=0x000000008a3cc8a0
RIP=0x00007ffc529f8826, EFLAGS=0x0000000000010206

Top of Stack: (sp=0x00000001017fef38)
0x00000001017fef38:   00007ffc52b6c95c 0000000000000002
0x00000001017fef48:   000000000000000d 0000018360729c30
0x00000001017fef58:   0000000088800649 0000018300009ba0
0x00000001017fef68:   00007ffc52b3dcd8 000000038880064c
0x00000001017fef78:   000000000000000d 00000000000004e8
0x00000001017fef88:   0000018360729c30 0000000000000040
0x00000001017fef98:   0000018300009ba8 0000000000000000
0x00000001017fefa8:   0000018360729c30 0000000087c01400
0x00000001017fefb8:   00007ffc52b3e7b2 0000018360729c30
0x00000001017fefc8:   00000183631a4901 0000000000000190
0x00000001017fefd8:   00000000887794d8 0000018300009ba0
0x00000001017fefe8:   00007ffc52b6aed5 0000000000001cb1
0x00000001017feff8:   0000000000001c9c 0000000087c01400
0x00000001017ff008:   00007ffc52b72e17 0000000087c00000
0x00000001017ff018:   0000000000020000 0000000000000000
0x00000001017ff028:   00007ffc52e4872f 00000001017ff0d0 

Instructions: (pc=0x00007ffc529f8826)
0x00007ffc529f8726:   81 00 48 d3 e0 48 03 05 5e 43 81 00 eb 04 48 8b
0x00007ffc529f8736:   43 08 81 78 08 00 00 00 c0 73 7d 48 8b 4f 38 48
0x00007ffc529f8746:   8b d3 48 8b 01 ff 50 20 84 c0 75 6c 38 05 97 cb
0x00007ffc529f8756:   85 00 74 15 8b 53 08 8b 0d 35 43 81 00 48 d3 e2
0x00007ffc529f8766:   48 03 15 23 43 81 00 eb 04 48 8b 53 08 48 8b cb
0x00007ffc529f8776:   48 89 5c 24 20 e8 a0 00 00 00 80 7f 30 00 48 63
0x00007ffc529f8786:   c8 48 89 4c 24 28 0f 28 44 24 20 74 17 0f 11 86
0x00007ffc529f8796:   90 03 00 00 48 8b 5c 24 40 48 8b 74 24 48 48 83
0x00007ffc529f87a6:   c4 30 5f c3 48 8b 07 48 8d 54 24 20 48 8b cf 66
0x00007ffc529f87b6:   0f 7f 44 24 20 ff 50 38 48 8b 5c 24 40 48 8b 74
0x00007ffc529f87c6:   24 48 48 83 c4 30 5f c3 cc cc 48 8b 49 38 48 8b
0x00007ffc529f87d6:   01 48 ff 60 28 cc cc cc cc cc 80 3d 08 cb 85 00
0x00007ffc529f87e6:   00 48 8b c1 74 1b 8b 51 08 8b 0d a3 42 81 00 48
0x00007ffc529f87f6:   d3 e2 48 8b c8 48 03 15 8e 42 81 00 e9 19 00 00
0x00007ffc529f8806:   00 48 8b 51 08 48 8b c8 e9 0d 00 00 00 cc cc cc
0x00007ffc529f8816:   cc cc cc cc cc cc cc cc cc cc 4c 8b ca 48 8b d1
0x00007ffc529f8826:   45 8b 41 08 45 85 c0 7e 0e 41 f6 c0 01 75 59 41
0x00007ffc529f8836:   c1 f8 03 41 8b c0 c3 79 4f 80 3d a9 ca 85 00 00
0x00007ffc529f8846:   b8 0c 00 00 00 b9 10 00 00 00 0f 45 c8 8b 05 4b
0x00007ffc529f8856:   8e 7f 00 ff c8 4c 63 c8 48 63 c1 41 8b c8 83 e1
0x00007ffc529f8866:   3f 48 63 14 10 41 8b c0 48 c1 f8 10 0f b6 c0 48
0x00007ffc529f8876:   d3 e2 49 8d 0c 11 49 f7 d1 48 03 c1 49 c1 e9 03
0x00007ffc529f8886:   48 c1 e8 03 41 23 c1 c3 49 8b 01 49 8b c9 48 ff
0x00007ffc529f8896:   a0 10 01 00 00 cc cc cc cc cc 48 83 ec 38 0f 10
0x00007ffc529f88a6:   02 48 8b 49 38 48 8d 54 24 20 0f 29 44 24 20 e8
0x00007ffc529f88b6:   66 f0 ff ff 48 83 c4 38 c3 cc 48 83 ec 38 0f 10
0x00007ffc529f88c6:   02 48 8b 01 48 8d 54 24 20 0f 29 44 24 20 ff 50
0x00007ffc529f88d6:   38 48 83 c4 38 c3 cc cc cc cc 48 89 5c 24 08 55
0x00007ffc529f88e6:   56 57 41 54 41 55 41 56 41 57 48 8d 6c 24 e0 48
0x00007ffc529f88f6:   81 ec 20 01 00 00 48 8b 05 ad c4 82 00 48 33 c4
0x00007ffc529f8906:   48 89 45 10 48 8b 05 0f 35 85 00 45 33 ed 4c 8b
0x00007ffc529f8916:   b5 80 00 00 00 4c 8b fa 48 8b bd 88 00 00 00 4d 


Stack slot to memory mapping:
stack at sp + 0 slots: 0x00007ffc52b6c95c jvm.dll
stack at sp + 1 slots: 0x0000000000000002 is an unknown value
stack at sp + 2 slots: 0x000000000000000d is an unknown value
stack at sp + 3 slots: 0x0000018360729c30 points into unknown readable memory: 38 23 08 53 fc 7f 00 00
stack at sp + 4 slots: 0x0000000088800649 is pointing into object: [Ljava.lang.Object; 
{0x0000000088800000} - klass: 'java/lang/Object'[]
 - length: 16385
stack at sp + 5 slots: 0x0000018300009ba0 points into unknown readable memory: b1 1c 00 00 00 00 00 00
stack at sp + 6 slots: 0x00007ffc52b3dcd8 jvm.dll
stack at sp + 7 slots: 0x000000038880064c is an unknown value


---------------  P R O C E S S  ---------------

Threads class SMR info:
_java_thread_list=0x0000018362c6be80, length=151, elements={
0x000001830001c000, 0x000001835a21f800, 0x000001835a22b800, 0x000001835abe3000,
0x000001835a23c000, 0x000001835a23d800, 0x000001835a246800, 0x000001835a24a000,
0x000001835acfa000, 0x000001835ad27800, 0x000001835b194800, 0x000001835c545800,
0x000001835c44e000, 0x000001835ce47000, 0x000001835c550800, 0x000001835c3a6800,
0x000001835b907000, 0x000001835be58800, 0x000001835be59000, 0x000001835ccb2800,
0x000001835ccb3800, 0x000001835ccb1800, 0x000001835ccb5000, 0x000001835ccb5800,
0x000001835ccb1000, 0x000001835ccb4000, 0x000001835ccb0000, 0x000001835ccb6800,
0x000001835cda6000, 0x000001835cda3800, 0x000001835cda4800, 0x000001835cda3000,
0x000001835cda1800, 0x000001835cda8000, 0x000001835cda2000, 0x000001835cdad800,
0x000001835cdab000, 0x000001835cdac000, 0x000001835cdac800, 0x000001835cda8800,
0x000001835cdae800, 0x000001835cdaf000, 0x000001835cda9800, 0x000001835cdb0000,
0x000001835cdaa800, 0x000001835f33a800, 0x000001835f335800, 0x000001835f339000,
0x000001835f33b800, 0x000001835f336800, 0x000001835f337800, 0x000001835f338000,
0x000001835f33e800, 0x000001835f33f800, 0x000001835f33e000, 0x000001835f339800,
0x000001835f340000, 0x000001835f341000, 0x000001835f342000, 0x000001835f33c000,
0x000001835f342800, 0x000001835f33d000, 0x000001835f343800, 0x000001835f344800,
0x000001836036a800, 0x000001836036c800, 0x0000018360366800, 0x000001836036d000,
0x0000018360367800, 0x000001836036e000, 0x0000018360368800, 0x0000018360369000,
0x000001836036f000, 0x000001836036b800, 0x000001836036f800, 0x000001836036a000,
0x0000018360375800, 0x0000018360373000, 0x0000018360373800, 0x0000018360370800,
0x0000018360374800, 0x0000018360371000, 0x0000018360372000, 0x000001835fb2a000,
0x000001835fb28800, 0x000001835fb2b800, 0x000001835fb2c800, 0x000001835fb29000,
0x000001835fb26800, 0x000001835fb27800, 0x000001835fb2a800, 0x000001835fb2e000,
0x000001835fb31800, 0x000001835fb2f000, 0x000001835fb32000, 0x000001835fb33000,
0x000001835fb2d000, 0x000001835fb33800, 0x000001835fb34800, 0x000001835fb35800,
0x000001835fb2f800, 0x000001835fb30800, 0x000001835d9ed000, 0x000001835d9f1000,
0x000001835d9ef800, 0x000001835d9ee000, 0x000001835d9f0000, 0x000001835d9ee800,
0x000001835d9ec000, 0x000001835d9f7800, 0x000001835d9f2000, 0x000001835d9f5000,
0x000001835d9f8800, 0x000001835d9f6000, 0x000001835d9f2800, 0x000001835d9f3800,
0x000001835d9f6800, 0x000001835d9f9000, 0x000001835d9fa000, 0x000001835d9f4800,
0x000001835d9fb000, 0x000001835cede000, 0x000001835cedf800, 0x000001835cee0800,
0x000001835cee2000, 0x000001835cedd000, 0x000001835cee1800, 0x000001835cee3000,
0x000001835cee3800, 0x000001835cedf000, 0x000001835cee9800, 0x000001835cee7000,
0x000001835cee8800, 0x000001835cee8000, 0x000001835ceea000, 0x000001835cee4800,
0x000001835ceeb000, 0x000001835ceec000, 0x0000018360274000, 0x0000018360275000,
0x000001836026f800, 0x0000018360276000, 0x0000018360270000, 0x0000018360271000,
0x0000018360272000, 0x0000018360272800, 0x0000018360e80800, 0x0000018364ad6800,
0x0000018364adb800, 0x0000018364ad5800, 0x0000018364adc000
}

Java Threads: ( => current thread )
  0x000001830001c000 JavaThread "main" [_thread_blocked, id=12448, stack(0x0000000100600000,0x0000000100700000)]
  0x000001835a21f800 JavaThread "Reference Handler" daemon [_thread_blocked, id=4052, stack(0x0000000100d00000,0x0000000100e00000)]
  0x000001835a22b800 JavaThread "Finalizer" daemon [_thread_blocked, id=11504, stack(0x0000000100e00000,0x0000000100f00000)]
  0x000001835abe3000 JavaThread "Signal Dispatcher" daemon [_thread_blocked, id=1992, stack(0x0000000100f00000,0x0000000101000000)]
  0x000001835a23c000 JavaThread "Attach Listener" daemon [_thread_blocked, id=6276, stack(0x0000000101000000,0x0000000101100000)]
  0x000001835a23d800 JavaThread "C2 CompilerThread0" daemon [_thread_in_native, id=3012, stack(0x0000000101100000,0x0000000101200000)]
  0x000001835a246800 JavaThread "C1 CompilerThread0" daemon [_thread_blocked, id=9732, stack(0x0000000101200000,0x0000000101300000)]
  0x000001835a24a000 JavaThread "Sweeper thread" daemon [_thread_blocked, id=12192, stack(0x0000000101300000,0x0000000101400000)]
  0x000001835acfa000 JavaThread "Common-Cleaner" daemon [_thread_blocked, id=9056, stack(0x0000000101400000,0x0000000101500000)]
  0x000001835ad27800 JavaThread "Service Thread" daemon [_thread_blocked, id=10580, stack(0x0000000101500000,0x0000000101600000)]
  0x000001835b194800 JavaThread "Daemon health stats" [_thread_blocked, id=11440, stack(0x0000000101800000,0x0000000101900000)]
  0x000001835c545800 JavaThread "Incoming local TCP Connector on port 64512" [_thread_in_native, id=5520, stack(0x0000000101b00000,0x0000000101c00000)]
  0x000001835c44e000 JavaThread "Daemon periodic checks" [_thread_blocked, id=11828, stack(0x0000000101c00000,0x0000000101d00000)]
  0x000001835ce47000 JavaThread "Daemon" [_thread_blocked, id=11964, stack(0x0000000101d00000,0x0000000101e00000)]
  0x000001835c550800 JavaThread "Handler for socket connection from /127.0.0.1:64512 to /127.0.0.1:64513" [_thread_in_native, id=3280, stack(0x0000000101e00000,0x0000000101f00000)]
  0x000001835c3a6800 JavaThread "Cancel handler" [_thread_blocked, id=10152, stack(0x0000000101f00000,0x0000000102000000)]
  0x000001835b907000 JavaThread "Daemon worker" [_thread_blocked, id=10728, stack(0x0000000102000000,0x0000000102100000)]
  0x000001835be58800 JavaThread "Asynchronous log dispatcher for DefaultDaemonConnection: socket connection from /127.0.0.1:64512 to /127.0.0.1:64513" [_thread_blocked, id=4368, stack(0x0000000102100000,0x0000000102200000)]
  0x000001835be59000 JavaThread "Stdin handler" [_thread_blocked, id=7752, stack(0x0000000102200000,0x0000000102300000)]
  0x000001835ccb2800 JavaThread "Thread-8" [_thread_blocked, id=7860, stack(0x0000000102300000,0x0000000102400000)]
  0x000001835ccb3800 JavaThread "Cache worker for file hash cache (C:\Users\user\.gradle\caches\6.7.1\fileHashes)" [_thread_blocked, id=8928, stack(0x0000000102600000,0x0000000102700000)]
  0x000001835ccb1800 JavaThread "File lock request listener" [_thread_in_native, id=4780, stack(0x0000000102700000,0x0000000102800000)]
  0x000001835ccb5000 JavaThread "Cache worker for journal cache (C:\Users\user\.gradle\caches\journal-1)" [_thread_blocked, id=3676, stack(0x0000000102800000,0x0000000102900000)]
  0x000001835ccb5800 JavaThread "Cache worker for file hash cache (C:\Users\user\AndroidStudioProjects\TeluguMovieQuiz\.gradle\6.7.1\fileHashes)" [_thread_blocked, id=7000, stack(0x0000000102900000,0x0000000102a00000)]
  0x000001835ccb1000 JavaThread "Cache worker for checksums cache (C:\Users\user\AndroidStudioProjects\TeluguMovieQuiz\.gradle\checksums)" [_thread_blocked, id=12700, stack(0x0000000102a00000,0x0000000102b00000)]
  0x000001835ccb4000 JavaThread "Cache worker for cache directory md-supplier (C:\Users\user\.gradle\caches\6.7.1\md-supplier)" [_thread_blocked, id=11176, stack(0x0000000102b00000,0x0000000102c00000)]
  0x000001835ccb0000 JavaThread "Cache worker for cache directory md-rule (C:\Users\user\.gradle\caches\6.7.1\md-rule)" [_thread_blocked, id=6468, stack(0x0000000102d00000,0x0000000102e00000)]
  0x000001835ccb6800 JavaThread "Cache worker for execution history cache (C:\Users\user\.gradle\caches\6.7.1\executionHistory)" [_thread_blocked, id=11756, stack(0x0000000102e00000,0x0000000102f00000)]
  0x000001835cda6000 JavaThread "jar transforms" [_thread_blocked, id=11844, stack(0x0000000102f00000,0x0000000103000000)]
  0x000001835cda3800 JavaThread "Cache worker for file content cache (C:\Users\user\.gradle\caches\6.7.1\fileContent)" [_thread_blocked, id=13308, stack(0x0000000103000000,0x0000000103100000)]
  0x000001835cda4800 JavaThread "Cache worker for Build Output Cleanup Cache (C:\Users\user\AndroidStudioProjects\TeluguMovieQuiz\.gradle\buildOutputCleanup)" [_thread_blocked, id=5660, stack(0x0000000103100000,0x0000000103200000)]
  0x000001835cda3000 JavaThread "Build operations" [_thread_blocked, id=5172, stack(0x0000000103200000,0x0000000103300000)]
  0x000001835cda1800 JavaThread "Build operations Thread 2" [_thread_blocked, id=12008, stack(0x0000000103300000,0x0000000103400000)]
  0x000001835cda8000 JavaThread "Build operations Thread 3" [_thread_blocked, id=6728, stack(0x0000000103400000,0x0000000103500000)]
  0x000001835cda2000 JavaThread "Build operations Thread 4" [_thread_blocked, id=11896, stack(0x0000000103500000,0x0000000103600000)]
  0x000001835cdad800 JavaThread "jar transforms Thread 2" [_thread_blocked, id=3696, stack(0x0000000102c00000,0x0000000102d00000)]
  0x000001835cdab000 JavaThread "jar transforms Thread 3" [_thread_blocked, id=10872, stack(0x0000000103600000,0x0000000103700000)]
  0x000001835cdac000 JavaThread "jar transforms Thread 4" [_thread_blocked, id=6772, stack(0x0000000103700000,0x0000000103800000)]
  0x000001835cdac800 JavaThread "jar transforms Thread 5" [_thread_blocked, id=9380, stack(0x0000000103800000,0x0000000103900000)]
  0x000001835cda8800 JavaThread "jar transforms Thread 6" [_thread_blocked, id=248, stack(0x0000000103900000,0x0000000103a00000)]
  0x000001835cdae800 JavaThread "jar transforms Thread 7" [_thread_blocked, id=4284, stack(0x0000000103a00000,0x0000000103b00000)]
  0x000001835cdaf000 JavaThread "jar transforms Thread 8" [_thread_blocked, id=4564, stack(0x0000000103b00000,0x0000000103c00000)]
  0x000001835cda9800 JavaThread "jar transforms Thread 9" [_thread_blocked, id=12520, stack(0x0000000103c00000,0x0000000103d00000)]
  0x000001835cdb0000 JavaThread "jar transforms Thread 10" [_thread_blocked, id=7176, stack(0x0000000103d00000,0x0000000103e00000)]
  0x000001835cdaa800 JavaThread "jar transforms Thread 11" [_thread_blocked, id=2200, stack(0x0000000103e00000,0x0000000103f00000)]
  0x000001835f33a800 JavaThread "jar transforms Thread 12" [_thread_blocked, id=12624, stack(0x0000000103f00000,0x0000000104000000)]
  0x000001835f335800 JavaThread "jar transforms Thread 13" [_thread_blocked, id=6428, stack(0x0000000104000000,0x0000000104100000)]
  0x000001835f339000 JavaThread "jar transforms Thread 14" [_thread_blocked, id=12932, stack(0x0000000104100000,0x0000000104200000)]
  0x000001835f33b800 JavaThread "jar transforms Thread 15" [_thread_blocked, id=9068, stack(0x0000000104200000,0x0000000104300000)]
  0x000001835f336800 JavaThread "jar transforms Thread 16" [_thread_blocked, id=12856, stack(0x0000000104400000,0x0000000104500000)]
  0x000001835f337800 JavaThread "jar transforms Thread 17" [_thread_blocked, id=13200, stack(0x0000000104500000,0x0000000104600000)]
  0x000001835f338000 JavaThread "jar transforms Thread 18" [_thread_blocked, id=9760, stack(0x0000000104600000,0x0000000104700000)]
  0x000001835f33e800 JavaThread "jar transforms Thread 19" [_thread_blocked, id=12452, stack(0x0000000104700000,0x0000000104800000)]
  0x000001835f33f800 JavaThread "jar transforms Thread 20" [_thread_blocked, id=12124, stack(0x0000000104800000,0x0000000104900000)]
  0x000001835f33e000 JavaThread "jar transforms Thread 21" [_thread_blocked, id=5316, stack(0x0000000104900000,0x0000000104a00000)]
  0x000001835f339800 JavaThread "jar transforms Thread 22" [_thread_blocked, id=6092, stack(0x0000000104a00000,0x0000000104b00000)]
  0x000001835f340000 JavaThread "jar transforms Thread 23" [_thread_blocked, id=12152, stack(0x0000000104b00000,0x0000000104c00000)]
  0x000001835f341000 JavaThread "jar transforms Thread 24" [_thread_blocked, id=1276, stack(0x0000000104c00000,0x0000000104d00000)]
  0x000001835f342000 JavaThread "jar transforms Thread 25" [_thread_blocked, id=10696, stack(0x0000000104d00000,0x0000000104e00000)]
  0x000001835f33c000 JavaThread "jar transforms Thread 26" [_thread_blocked, id=8764, stack(0x0000000104e00000,0x0000000104f00000)]
  0x000001835f342800 JavaThread "jar transforms Thread 27" [_thread_blocked, id=5356, stack(0x0000000104f00000,0x0000000105000000)]
  0x000001835f33d000 JavaThread "jar transforms Thread 28" [_thread_blocked, id=6416, stack(0x0000000105000000,0x0000000105100000)]
  0x000001835f343800 JavaThread "jar transforms Thread 29" [_thread_blocked, id=11232, stack(0x0000000105100000,0x0000000105200000)]
  0x000001835f344800 JavaThread "jar transforms Thread 30" [_thread_blocked, id=4136, stack(0x0000000105200000,0x0000000105300000)]
  0x000001836036a800 JavaThread "jar transforms Thread 31" [_thread_blocked, id=10200, stack(0x0000000105300000,0x0000000105400000)]
  0x000001836036c800 JavaThread "jar transforms Thread 32" [_thread_blocked, id=7192, stack(0x0000000105400000,0x0000000105500000)]
  0x0000018360366800 JavaThread "jar transforms Thread 33" [_thread_blocked, id=12464, stack(0x0000000105500000,0x0000000105600000)]
  0x000001836036d000 JavaThread "jar transforms Thread 34" [_thread_blocked, id=4000, stack(0x0000000105600000,0x0000000105700000)]
  0x0000018360367800 JavaThread "jar transforms Thread 35" [_thread_blocked, id=12320, stack(0x0000000105700000,0x0000000105800000)]
  0x000001836036e000 JavaThread "jar transforms Thread 36" [_thread_blocked, id=8364, stack(0x0000000105800000,0x0000000105900000)]
  0x0000018360368800 JavaThread "jar transforms Thread 37" [_thread_blocked, id=2684, stack(0x0000000105900000,0x0000000105a00000)]
  0x0000018360369000 JavaThread "jar transforms Thread 38" [_thread_blocked, id=8876, stack(0x0000000105a00000,0x0000000105b00000)]
  0x000001836036f000 JavaThread "jar transforms Thread 39" [_thread_blocked, id=8816, stack(0x0000000105b00000,0x0000000105c00000)]
  0x000001836036b800 JavaThread "jar transforms Thread 40" [_thread_blocked, id=5384, stack(0x0000000105c00000,0x0000000105d00000)]
  0x000001836036f800 JavaThread "jar transforms Thread 41" [_thread_blocked, id=11960, stack(0x0000000105d00000,0x0000000105e00000)]
  0x000001836036a000 JavaThread "jar transforms Thread 42" [_thread_blocked, id=7828, stack(0x0000000105e00000,0x0000000105f00000)]
  0x0000018360375800 JavaThread "jar transforms Thread 43" [_thread_blocked, id=9292, stack(0x0000000105f00000,0x0000000106000000)]
  0x0000018360373000 JavaThread "jar transforms Thread 44" [_thread_blocked, id=12836, stack(0x0000000106000000,0x0000000106100000)]
  0x0000018360373800 JavaThread "jar transforms Thread 45" [_thread_blocked, id=12596, stack(0x0000000106100000,0x0000000106200000)]
  0x0000018360370800 JavaThread "jar transforms Thread 46" [_thread_blocked, id=10780, stack(0x0000000106200000,0x0000000106300000)]
  0x0000018360374800 JavaThread "jar transforms Thread 47" [_thread_blocked, id=2132, stack(0x0000000106300000,0x0000000106400000)]
  0x0000018360371000 JavaThread "jar transforms Thread 48" [_thread_blocked, id=8584, stack(0x0000000106400000,0x0000000106500000)]
  0x0000018360372000 JavaThread "jar transforms Thread 49" [_thread_blocked, id=6312, stack(0x0000000106500000,0x0000000106600000)]
  0x000001835fb2a000 JavaThread "jar transforms Thread 50" [_thread_blocked, id=8500, stack(0x0000000106600000,0x0000000106700000)]
  0x000001835fb28800 JavaThread "jar transforms Thread 51" [_thread_blocked, id=11004, stack(0x0000000106700000,0x0000000106800000)]
  0x000001835fb2b800 JavaThread "jar transforms Thread 52" [_thread_blocked, id=10932, stack(0x0000000106800000,0x0000000106900000)]
  0x000001835fb2c800 JavaThread "jar transforms Thread 53" [_thread_blocked, id=11672, stack(0x0000000106900000,0x0000000106a00000)]
  0x000001835fb29000 JavaThread "jar transforms Thread 54" [_thread_blocked, id=9996, stack(0x0000000106a00000,0x0000000106b00000)]
  0x000001835fb26800 JavaThread "jar transforms Thread 55" [_thread_blocked, id=192, stack(0x0000000106b00000,0x0000000106c00000)]
  0x000001835fb27800 JavaThread "jar transforms Thread 56" [_thread_blocked, id=11132, stack(0x0000000106c00000,0x0000000106d00000)]
  0x000001835fb2a800 JavaThread "jar transforms Thread 57" [_thread_blocked, id=4832, stack(0x0000000106d00000,0x0000000106e00000)]
  0x000001835fb2e000 JavaThread "jar transforms Thread 58" [_thread_blocked, id=7808, stack(0x0000000106e00000,0x0000000106f00000)]
  0x000001835fb31800 JavaThread "jar transforms Thread 59" [_thread_blocked, id=7936, stack(0x0000000106f00000,0x0000000107000000)]
  0x000001835fb2f000 JavaThread "jar transforms Thread 60" [_thread_blocked, id=12144, stack(0x0000000107000000,0x0000000107100000)]
  0x000001835fb32000 JavaThread "jar transforms Thread 61" [_thread_blocked, id=10100, stack(0x0000000107100000,0x0000000107200000)]
  0x000001835fb33000 JavaThread "jar transforms Thread 62" [_thread_blocked, id=3884, stack(0x0000000107200000,0x0000000107300000)]
  0x000001835fb2d000 JavaThread "jar transforms Thread 63" [_thread_blocked, id=5924, stack(0x0000000107300000,0x0000000107400000)]
  0x000001835fb33800 JavaThread "jar transforms Thread 64" [_thread_blocked, id=4092, stack(0x0000000107400000,0x0000000107500000)]
  0x000001835fb34800 JavaThread "jar transforms Thread 65" [_thread_blocked, id=5832, stack(0x0000000107500000,0x0000000107600000)]
  0x000001835fb35800 JavaThread "jar transforms Thread 66" [_thread_blocked, id=11888, stack(0x0000000107600000,0x0000000107700000)]
  0x000001835fb2f800 JavaThread "jar transforms Thread 67" [_thread_blocked, id=6320, stack(0x0000000107700000,0x0000000107800000)]
  0x000001835fb30800 JavaThread "jar transforms Thread 68" [_thread_blocked, id=10020, stack(0x0000000107800000,0x0000000107900000)]
  0x000001835d9ed000 JavaThread "jar transforms Thread 69" [_thread_blocked, id=10564, stack(0x0000000107900000,0x0000000107a00000)]
  0x000001835d9f1000 JavaThread "jar transforms Thread 70" [_thread_blocked, id=8628, stack(0x0000000107a00000,0x0000000107b00000)]
  0x000001835d9ef800 JavaThread "jar transforms Thread 71" [_thread_blocked, id=12052, stack(0x0000000107b00000,0x0000000107c00000)]
  0x000001835d9ee000 JavaThread "jar transforms Thread 72" [_thread_blocked, id=10856, stack(0x0000000107c00000,0x0000000107d00000)]
  0x000001835d9f0000 JavaThread "jar transforms Thread 73" [_thread_blocked, id=5576, stack(0x0000000107d00000,0x0000000107e00000)]
  0x000001835d9ee800 JavaThread "jar transforms Thread 74" [_thread_blocked, id=2388, stack(0x0000000107e00000,0x0000000107f00000)]
  0x000001835d9ec000 JavaThread "jar transforms Thread 75" [_thread_blocked, id=7568, stack(0x0000000107f00000,0x0000000108000000)]
  0x000001835d9f7800 JavaThread "jar transforms Thread 76" [_thread_blocked, id=3384, stack(0x0000000108000000,0x0000000108100000)]
  0x000001835d9f2000 JavaThread "jar transforms Thread 77" [_thread_blocked, id=1684, stack(0x0000000108100000,0x0000000108200000)]
  0x000001835d9f5000 JavaThread "jar transforms Thread 78" [_thread_blocked, id=7656, stack(0x0000000108200000,0x0000000108300000)]
  0x000001835d9f8800 JavaThread "jar transforms Thread 79" [_thread_blocked, id=2564, stack(0x0000000108300000,0x0000000108400000)]
  0x000001835d9f6000 JavaThread "jar transforms Thread 80" [_thread_blocked, id=9352, stack(0x0000000108400000,0x0000000108500000)]
  0x000001835d9f2800 JavaThread "jar transforms Thread 81" [_thread_blocked, id=1244, stack(0x0000000108500000,0x0000000108600000)]
  0x000001835d9f3800 JavaThread "jar transforms Thread 82" [_thread_blocked, id=7968, stack(0x0000000108600000,0x0000000108700000)]
  0x000001835d9f6800 JavaThread "jar transforms Thread 83" [_thread_blocked, id=8560, stack(0x0000000108700000,0x0000000108800000)]
  0x000001835d9f9000 JavaThread "jar transforms Thread 84" [_thread_blocked, id=8704, stack(0x0000000108800000,0x0000000108900000)]
  0x000001835d9fa000 JavaThread "jar transforms Thread 85" [_thread_blocked, id=11312, stack(0x0000000108900000,0x0000000108a00000)]
  0x000001835d9f4800 JavaThread "jar transforms Thread 86" [_thread_blocked, id=2400, stack(0x0000000108a00000,0x0000000108b00000)]
  0x000001835d9fb000 JavaThread "jar transforms Thread 87" [_thread_blocked, id=4496, stack(0x0000000108b00000,0x0000000108c00000)]
  0x000001835cede000 JavaThread "jar transforms Thread 88" [_thread_blocked, id=552, stack(0x0000000108c00000,0x0000000108d00000)]
  0x000001835cedf800 JavaThread "jar transforms Thread 89" [_thread_blocked, id=13192, stack(0x0000000108d00000,0x0000000108e00000)]
  0x000001835cee0800 JavaThread "jar transforms Thread 90" [_thread_blocked, id=8912, stack(0x0000000108e00000,0x0000000108f00000)]
  0x000001835cee2000 JavaThread "jar transforms Thread 91" [_thread_blocked, id=6472, stack(0x0000000108f00000,0x0000000109000000)]
  0x000001835cedd000 JavaThread "jar transforms Thread 92" [_thread_blocked, id=11768, stack(0x0000000109000000,0x0000000109100000)]
  0x000001835cee1800 JavaThread "jar transforms Thread 93" [_thread_blocked, id=2448, stack(0x0000000109100000,0x0000000109200000)]
  0x000001835cee3000 JavaThread "jar transforms Thread 94" [_thread_blocked, id=276, stack(0x0000000109200000,0x0000000109300000)]
  0x000001835cee3800 JavaThread "jar transforms Thread 95" [_thread_blocked, id=12508, stack(0x0000000109300000,0x0000000109400000)]
  0x000001835cedf000 JavaThread "jar transforms Thread 96" [_thread_blocked, id=8204, stack(0x0000000109400000,0x0000000109500000)]
  0x000001835cee9800 JavaThread "jar transforms Thread 97" [_thread_blocked, id=11220, stack(0x0000000109500000,0x0000000109600000)]
  0x000001835cee7000 JavaThread "Memory manager" [_thread_blocked, id=9280, stack(0x0000000109600000,0x0000000109700000)]
  0x000001835cee8800 JavaThread "build event listener" [_thread_blocked, id=9716, stack(0x0000000109700000,0x0000000109800000)]
  0x000001835cee8000 JavaThread "build event listener" [_thread_blocked, id=6112, stack(0x0000000109800000,0x0000000109900000)]
  0x000001835ceea000 JavaThread "Execution worker for ':'" [_thread_blocked, id=9208, stack(0x0000000109900000,0x0000000109a00000)]
  0x000001835cee4800 JavaThread "Execution worker for ':' Thread 2" [_thread_blocked, id=12344, stack(0x0000000109a00000,0x0000000109b00000)]
  0x000001835ceeb000 JavaThread "Execution worker for ':' Thread 3" [_thread_blocked, id=9992, stack(0x0000000109b00000,0x0000000109c00000)]
  0x000001835ceec000 JavaThread "Cache worker for execution history cache (C:\Users\user\AndroidStudioProjects\TeluguMovieQuiz\.gradle\6.7.1\executionHistory)" [_thread_blocked, id=1528, stack(0x0000000109c00000,0x0000000109d00000)]
  0x0000018360274000 JavaThread "WorkerExecutor Queue Thread 2" [_thread_blocked, id=11364, stack(0x0000000109e00000,0x0000000109f00000)]
  0x0000018360275000 JavaThread "WorkerExecutor Queue Thread 3" [_thread_blocked, id=11248, stack(0x0000000109f00000,0x000000010a000000)]
  0x000001836026f800 JavaThread "WorkerExecutor Queue Thread 4" [_thread_blocked, id=12628, stack(0x000000010a000000,0x000000010a100000)]
  0x0000018360276000 JavaThread "WorkerExecutor Queue Thread 5" [_thread_blocked, id=2112, stack(0x000000010a100000,0x000000010a200000)]
  0x0000018360270000 JavaThread "pool-4-thread-1" [_thread_blocked, id=1776, stack(0x000000010a200000,0x000000010a300000)]
  0x0000018360271000 JavaThread "WorkerExecutor Queue Thread 6" [_thread_blocked, id=9100, stack(0x0000000104300000,0x0000000104400000)]
  0x0000018360272000 JavaThread "stderr" [_thread_in_native, id=5116, stack(0x0000000109d00000,0x0000000109e00000)]
  0x0000018360272800 JavaThread "stdout" [_thread_in_native, id=10920, stack(0x000000010a300000,0x000000010a400000)]
  0x0000018360e80800 JavaThread "C2 CompilerThread1" daemon [_thread_in_native, id=11276, stack(0x000000010a400000,0x000000010a500000)]
  0x0000018364ad6800 JavaThread "ForkJoinPool-1-worker-3" daemon [_thread_blocked, id=1284, stack(0x0000000100400000,0x0000000100500000)]
  0x0000018364adb800 JavaThread "ForkJoinPool-1-worker-5" daemon [_thread_blocked, id=1964, stack(0x0000000100500000,0x0000000100600000)]
  0x0000018364ad5800 JavaThread "ForkJoinPool-1-worker-7" daemon [_thread_blocked, id=10508, stack(0x000000010a500000,0x000000010a600000)]
  0x0000018364adc000 JavaThread "ForkJoinPool-1-worker-1" daemon [_thread_blocked, id=11500, stack(0x000000010a600000,0x000000010a700000)]

Other Threads:
  0x000001835a21a800 VMThread "VM Thread" [stack: 0x0000000100c00000,0x0000000100d00000] [id=9708]
  0x000001835ad29800 WatcherThread [stack: 0x0000000101600000,0x0000000101700000] [id=12248]
  0x0000018300035800 GCTaskThread "GC Thread#0" [stack: 0x0000000100700000,0x0000000100800000] [id=11144]
=>0x000001835b19a800 GCTaskThread "GC Thread#1" [stack: 0x0000000101700000,0x0000000101800000] [id=8672]
  0x000001835c41d800 GCTaskThread "GC Thread#2" [stack: 0x0000000102400000,0x0000000102500000] [id=5956]
  0x000001835c5ca000 GCTaskThread "GC Thread#3" [stack: 0x0000000102500000,0x0000000102600000] [id=10708]
  0x0000018300065000 ConcurrentGCThread "G1 Main Marker" [stack: 0x0000000100800000,0x0000000100900000] [id=5260]
  0x0000018300068000 ConcurrentGCThread "G1 Conc#0" [stack: 0x0000000100900000,0x0000000100a00000] [id=5732]
  0x00000183000d9000 ConcurrentGCThread "G1 Refine#0" [stack: 0x0000000100a00000,0x0000000100b00000] [id=8400]
  0x000001836553b800 ConcurrentGCThread "G1 Refine#1" [stack: 0x000000010a700000,0x000000010a800000] [id=8404]
  0x00000183000da000 ConcurrentGCThread "G1 Young RemSet Sampling" [stack: 0x0000000100b00000,0x0000000100c00000] [id=11184]

Threads with active compile tasks:
C2 CompilerThread0  61700 13602 %     4       com.android.tools.r8.dex.n::a @ 315 (913 bytes)
C1 CompilerThread0  61700 13799       2       com.android.tools.r8.code.x1::a (4137 bytes)
C2 CompilerThread1  61701 13618       4       com.android.tools.r8.dex.n::e (654 bytes)

VM state:at safepoint (normal execution)

VM Mutex/Monitor currently owned by a thread:  ([mutex/lock_event])
[0x0000018300018cb0] Threads_lock - owner thread: 0x000001835a21a800
[0x0000018300018200] Heap_lock - owner thread: 0x0000018364ad6800

Heap address: 0x0000000080000000, size: 2048 MB, Compressed Oops mode: 32-bit
Narrow klass base: 0x000001831a090000, Narrow klass shift: 0
Compressed class space size: 1073741824 Address: 0x000001831a090000

Heap:
 garbage-first heap   total 210944K, used 144115K [0x0000000080000000, 0x0000000100000000)
  region size 1024K, 5 young (5120K), 2 survivors (2048K)
 Metaspace       used 94713K, capacity 96949K, committed 97100K, reserved 1134592K
  class space    used 11997K, capacity 12779K, committed 12876K, reserved 1048576K
Heap Regions: E=young(eden), S=young(survivor), O=old, HS=humongous(starts), HC=humongous(continues), CS=collection set, F=free, A=archive, TAMS=top-at-mark-start (previous, next)
|   0|0x0000000080000000, 0x0000000080100000, 0x0000000080100000|100%| O|  |TAMS 0x0000000080100000, 0x0000000080000000| Complete 
|   1|0x0000000080100000, 0x0000000080200000, 0x0000000080200000|100%| O|  |TAMS 0x0000000080200000, 0x0000000080100000| Untracked 
|   2|0x0000000080200000, 0x0000000080300000, 0x0000000080300000|100%| O|  |TAMS 0x0000000080300000, 0x0000000080200000| Untracked 
|   3|0x0000000080300000, 0x0000000080400000, 0x0000000080400000|100%|HS|  |TAMS 0x0000000080400000, 0x0000000080300000| Complete 
|   4|0x0000000080400000, 0x0000000080500000, 0x0000000080500000|100%|HC|  |TAMS 0x0000000080500000, 0x0000000080400000| Complete 
|   5|0x0000000080500000, 0x0000000080600000, 0x0000000080600000|100%|HC|  |TAMS 0x0000000080600000, 0x0000000080500000| Complete 
|   6|0x0000000080600000, 0x0000000080700000, 0x0000000080700000|100%| O|  |TAMS 0x0000000080700000, 0x0000000080600000| Untracked 
|   7|0x0000000080700000, 0x0000000080800000, 0x0000000080800000|100%| O|  |TAMS 0x0000000080800000, 0x0000000080700000| Untracked 
|   8|0x0000000080800000, 0x0000000080900000, 0x0000000080900000|100%| O|  |TAMS 0x0000000080900000, 0x0000000080800000| Untracked 
|   9|0x0000000080900000, 0x0000000080a00000, 0x0000000080a00000|100%| O|  |TAMS 0x0000000080a00000, 0x0000000080900000| Untracked 
|  10|0x0000000080a00000, 0x0000000080b00000, 0x0000000080b00000|100%| O|  |TAMS 0x0000000080b00000, 0x0000000080a00000| Untracked 
|  11|0x0000000080b00000, 0x0000000080c00000, 0x0000000080c00000|100%| O|  |TAMS 0x0000000080c00000, 0x0000000080b00000| Untracked 
|  12|0x0000000080c00000, 0x0000000080d00000, 0x0000000080d00000|100%| O|  |TAMS 0x0000000080d00000, 0x0000000080c00000| Untracked 
|  13|0x0000000080d00000, 0x0000000080e00000, 0x0000000080e00000|100%| O|  |TAMS 0x0000000080e00000, 0x0000000080d00000| Untracked 
|  14|0x0000000080e00000, 0x0000000080f00000, 0x0000000080f00000|100%| O|  |TAMS 0x0000000080f00000, 0x0000000080e00000| Complete 
|  15|0x0000000080f00000, 0x0000000081000000, 0x0000000081000000|100%| O|  |TAMS 0x0000000081000000, 0x0000000080f00000| Untracked 
|  16|0x0000000081000000, 0x0000000081100000, 0x0000000081100000|100%| O|  |TAMS 0x0000000081100000, 0x0000000081000000| Untracked 
|  17|0x0000000081100000, 0x0000000081200000, 0x0000000081200000|100%| O|  |TAMS 0x0000000081200000, 0x0000000081100000| Untracked 
|  18|0x0000000081200000, 0x0000000081300000, 0x0000000081300000|100%| O|  |TAMS 0x0000000081300000, 0x0000000081200000| Complete 
|  19|0x0000000081300000, 0x0000000081400000, 0x0000000081400000|100%| O|  |TAMS 0x0000000081400000, 0x0000000081300000| Untracked 
|  20|0x0000000081400000, 0x0000000081500000, 0x0000000081500000|100%|HS|  |TAMS 0x0000000081500000, 0x0000000081400000| Complete 
|  21|0x0000000081500000, 0x0000000081600000, 0x0000000081600000|100%| O|  |TAMS 0x0000000081600000, 0x0000000081500000| Untracked 
|  22|0x0000000081600000, 0x0000000081700000, 0x0000000081700000|100%| O|  |TAMS 0x0000000081700000, 0x0000000081600000| Untracked 
|  23|0x0000000081700000, 0x0000000081800000, 0x0000000081800000|100%| O|  |TAMS 0x0000000081800000, 0x0000000081700000| Untracked 
|  24|0x0000000081800000, 0x0000000081900000, 0x0000000081900000|100%|HS|  |TAMS 0x0000000081900000, 0x0000000081800000| Complete 
|  25|0x0000000081900000, 0x0000000081a00000, 0x0000000081a00000|100%|HC|  |TAMS 0x0000000081a00000, 0x0000000081900000| Complete 
|  26|0x0000000081a00000, 0x0000000081b00000, 0x0000000081b00000|100%| O|  |TAMS 0x0000000081b00000, 0x0000000081a00000| Untracked 
|  27|0x0000000081b00000, 0x0000000081c00000, 0x0000000081c00000|100%| O|  |TAMS 0x0000000081c00000, 0x0000000081b00000| Complete 
|  28|0x0000000081c00000, 0x0000000081d00000, 0x0000000081d00000|100%| O|  |TAMS 0x0000000081d00000, 0x0000000081c00000| Untracked 
|  29|0x0000000081d00000, 0x0000000081e00000, 0x0000000081e00000|100%| O|  |TAMS 0x0000000081e00000, 0x0000000081d00000| Untracked 
|  30|0x0000000081e00000, 0x0000000081f00000, 0x0000000081f00000|100%| O|  |TAMS 0x0000000081f00000, 0x0000000081e00000| Complete 
|  31|0x0000000081f00000, 0x0000000082000000, 0x0000000082000000|100%| O|  |TAMS 0x0000000082000000, 0x0000000081f00000| Untracked 
|  32|0x0000000082000000, 0x0000000082100000, 0x0000000082100000|100%| O|  |TAMS 0x0000000082100000, 0x0000000082000000| Untracked 
|  33|0x0000000082100000, 0x0000000082200000, 0x0000000082200000|100%| O|  |TAMS 0x0000000082200000, 0x0000000082100000| Untracked 
|  34|0x0000000082200000, 0x0000000082300000, 0x0000000082300000|100%| O|  |TAMS 0x0000000082300000, 0x0000000082200000| Complete 
|  35|0x0000000082300000, 0x0000000082400000, 0x0000000082400000|100%| O|  |TAMS 0x0000000082400000, 0x0000000082300000| Untracked 
|  36|0x0000000082400000, 0x0000000082500000, 0x0000000082500000|100%| O|  |TAMS 0x0000000082500000, 0x0000000082400000| Untracked 
|  37|0x0000000082500000, 0x0000000082600000, 0x0000000082600000|100%| O|  |TAMS 0x0000000082600000, 0x0000000082500000| Complete 
|  38|0x0000000082600000, 0x0000000082700000, 0x0000000082700000|100%| O|  |TAMS 0x0000000082700000, 0x0000000082600000| Untracked 
|  39|0x0000000082700000, 0x0000000082800000, 0x0000000082800000|100%| O|  |TAMS 0x0000000082800000, 0x0000000082700000| Untracked 
|  40|0x0000000082800000, 0x0000000082900000, 0x0000000082900000|100%| O|  |TAMS 0x0000000082900000, 0x0000000082800000| Untracked 
|  41|0x0000000082900000, 0x0000000082a00000, 0x0000000082a00000|100%| O|  |TAMS 0x0000000082a00000, 0x0000000082900000| Untracked 
|  42|0x0000000082a00000, 0x0000000082b00000, 0x0000000082b00000|100%| O|  |TAMS 0x0000000082b00000, 0x0000000082a00000| Complete 
|  43|0x0000000082b00000, 0x0000000082c00000, 0x0000000082c00000|100%| O|  |TAMS 0x0000000082c00000, 0x0000000082b00000| Untracked 
|  44|0x0000000082c00000, 0x0000000082d00000, 0x0000000082d00000|100%| O|  |TAMS 0x0000000082d00000, 0x0000000082c00000| Untracked 
|  45|0x0000000082d00000, 0x0000000082e00000, 0x0000000082e00000|100%| O|  |TAMS 0x0000000082e00000, 0x0000000082d00000| Untracked 
|  46|0x0000000082e00000, 0x0000000082f00000, 0x0000000082f00000|100%| O|  |TAMS 0x0000000082f00000, 0x0000000082e00000| Untracked 
|  47|0x0000000082f00000, 0x0000000083000000, 0x0000000083000000|100%| O|  |TAMS 0x0000000083000000, 0x0000000082f00000| Untracked 
|  48|0x0000000083000000, 0x0000000083100000, 0x0000000083100000|100%| O|  |TAMS 0x0000000083100000, 0x0000000083000000| Complete 
|  49|0x0000000083100000, 0x0000000083200000, 0x0000000083200000|100%| O|  |TAMS 0x0000000083200000, 0x0000000083100000| Untracked 
|  50|0x0000000083200000, 0x0000000083300000, 0x0000000083300000|100%| O|  |TAMS 0x0000000083300000, 0x0000000083200000| Untracked 
|  51|0x0000000083300000, 0x0000000083400000, 0x0000000083400000|100%| O|  |TAMS 0x0000000083400000, 0x0000000083300000| Untracked 
|  52|0x0000000083400000, 0x0000000083500000, 0x0000000083500000|100%| O|  |TAMS 0x0000000083500000, 0x0000000083400000| Untracked 
|  53|0x0000000083500000, 0x0000000083600000, 0x0000000083600000|100%| O|  |TAMS 0x0000000083600000, 0x0000000083500000| Untracked 
|  54|0x0000000083600000, 0x0000000083700000, 0x0000000083700000|100%| O|  |TAMS 0x0000000083700000, 0x0000000083600000| Complete 
|  55|0x0000000083700000, 0x0000000083800000, 0x0000000083800000|100%| O|  |TAMS 0x0000000083800000, 0x0000000083700000| Complete 
|  56|0x0000000083800000, 0x0000000083900000, 0x0000000083900000|100%| O|  |TAMS 0x0000000083900000, 0x0000000083800000| Complete 
|  57|0x0000000083900000, 0x0000000083a00000, 0x0000000083a00000|100%| O|CS|TAMS 0x0000000083a00000, 0x0000000083900000| Complete 
|  58|0x0000000083a00000, 0x0000000083b00000, 0x0000000083b00000|100%|HS|  |TAMS 0x0000000083b00000, 0x0000000083a00000| Complete 
|  59|0x0000000083b00000, 0x0000000083c00000, 0x0000000083c00000|100%| O|  |TAMS 0x0000000083c00000, 0x0000000083b00000| Complete 
|  60|0x0000000083c00000, 0x0000000083d00000, 0x0000000083d00000|100%| O|CS|TAMS 0x0000000083d00000, 0x0000000083c00000| Complete 
|  61|0x0000000083d00000, 0x0000000083e00000, 0x0000000083e00000|100%| O|  |TAMS 0x0000000083e00000, 0x0000000083d00000| Complete 
|  62|0x0000000083e00000, 0x0000000083f00000, 0x0000000083f00000|100%| O|  |TAMS 0x0000000083f00000, 0x0000000083e00000| Complete 
|  63|0x0000000083f00000, 0x0000000084000000, 0x0000000084000000|100%| O|  |TAMS 0x0000000084000000, 0x0000000083f00000| Untracked 
|  64|0x0000000084000000, 0x0000000084100000, 0x0000000084100000|100%| O|  |TAMS 0x0000000084100000, 0x0000000084000000| Complete 
|  65|0x0000000084100000, 0x0000000084200000, 0x0000000084200000|100%| O|  |TAMS 0x0000000084200000, 0x0000000084100000| Untracked 
|  66|0x0000000084200000, 0x0000000084300000, 0x0000000084300000|100%| O|  |TAMS 0x0000000084300000, 0x0000000084200000| Complete 
|  67|0x0000000084300000, 0x0000000084400000, 0x0000000084400000|100%| O|  |TAMS 0x0000000084400000, 0x0000000084300000| Untracked 
|  68|0x0000000084400000, 0x0000000084500000, 0x0000000084500000|100%| O|  |TAMS 0x0000000084500000, 0x0000000084400000| Untracked 
|  69|0x0000000084500000, 0x0000000084600000, 0x0000000084600000|100%|HS|  |TAMS 0x0000000084600000, 0x0000000084500000| Complete 
|  70|0x0000000084600000, 0x0000000084700000, 0x0000000084700000|100%|HC|  |TAMS 0x0000000084700000, 0x0000000084600000| Complete 
|  71|0x0000000084700000, 0x0000000084800000, 0x0000000084800000|100%|HS|  |TAMS 0x0000000084800000, 0x0000000084700000| Complete 
|  72|0x0000000084800000, 0x0000000084900000, 0x0000000084900000|100%|HS|  |TAMS 0x0000000084900000, 0x0000000084800000| Complete 
|  73|0x0000000084900000, 0x0000000084a00000, 0x0000000084a00000|100%|HC|  |TAMS 0x0000000084a00000, 0x0000000084900000| Complete 
|  74|0x0000000084a00000, 0x0000000084b00000, 0x0000000084b00000|100%| O|  |TAMS 0x0000000084b00000, 0x0000000084a00000| Untracked 
|  75|0x0000000084b00000, 0x0000000084c00000, 0x0000000084c00000|100%| O|  |TAMS 0x0000000084c00000, 0x0000000084b00000| Complete 
|  76|0x0000000084c00000, 0x0000000084d00000, 0x0000000084d00000|100%| O|  |TAMS 0x0000000084d00000, 0x0000000084c00000| Complete 
|  77|0x0000000084d00000, 0x0000000084e00000, 0x0000000084e00000|100%| O|  |TAMS 0x0000000084e00000, 0x0000000084d00000| Untracked 
|  78|0x0000000084e00000, 0x0000000084f00000, 0x0000000084f00000|100%| O|  |TAMS 0x0000000084f00000, 0x0000000084e00000| Untracked 
|  79|0x0000000084f00000, 0x0000000085000000, 0x0000000085000000|100%| O|  |TAMS 0x0000000085000000, 0x0000000084f00000| Untracked 
|  80|0x0000000085000000, 0x0000000085100000, 0x0000000085100000|100%| O|CS|TAMS 0x0000000085100000, 0x0000000085000000| Complete 
|  81|0x0000000085100000, 0x0000000085200000, 0x0000000085200000|100%| O|  |TAMS 0x0000000085200000, 0x0000000085100000| Untracked 
|  82|0x0000000085200000, 0x0000000085300000, 0x0000000085300000|100%| O|  |TAMS 0x0000000085300000, 0x0000000085200000| Untracked 
|  83|0x0000000085300000, 0x0000000085400000, 0x0000000085400000|100%|HS|  |TAMS 0x0000000085400000, 0x0000000085300000| Complete 
|  84|0x0000000085400000, 0x0000000085500000, 0x0000000085500000|100%| O|  |TAMS 0x0000000085500000, 0x0000000085400000| Untracked 
|  85|0x0000000085500000, 0x0000000085600000, 0x0000000085600000|100%| O|  |TAMS 0x0000000085600000, 0x0000000085500000| Untracked 
|  86|0x0000000085600000, 0x0000000085700000, 0x0000000085700000|100%|HS|  |TAMS 0x0000000085700000, 0x0000000085600000| Complete 
|  87|0x0000000085700000, 0x0000000085800000, 0x0000000085800000|100%|HC|  |TAMS 0x0000000085800000, 0x0000000085700000| Complete 
|  88|0x0000000085800000, 0x0000000085900000, 0x0000000085900000|100%| O|  |TAMS 0x0000000085900000, 0x0000000085800000| Untracked 
|  89|0x0000000085900000, 0x0000000085a00000, 0x0000000085a00000|100%|HS|  |TAMS 0x0000000085a00000, 0x0000000085900000| Complete 
|  90|0x0000000085a00000, 0x0000000085b00000, 0x0000000085b00000|100%| O|  |TAMS 0x0000000085b00000, 0x0000000085a00000| Complete 
|  91|0x0000000085b00000, 0x0000000085c00000, 0x0000000085c00000|100%| O|  |TAMS 0x0000000085c00000, 0x0000000085b00000| Untracked 
|  92|0x0000000085c00000, 0x0000000085d00000, 0x0000000085d00000|100%|HS|  |TAMS 0x0000000085d00000, 0x0000000085c00000| Complete 
|  93|0x0000000085d00000, 0x0000000085e00000, 0x0000000085e00000|100%|HC|  |TAMS 0x0000000085e00000, 0x0000000085d00000| Complete 
|  94|0x0000000085e00000, 0x0000000085f00000, 0x0000000085f00000|100%| O|  |TAMS 0x0000000085f00000, 0x0000000085e00000| Complete 
|  95|0x0000000085f00000, 0x0000000086000000, 0x0000000086000000|100%|HS|  |TAMS 0x0000000086000000, 0x0000000085f00000| Complete 
|  96|0x0000000086000000, 0x0000000086100000, 0x0000000086100000|100%| O|  |TAMS 0x0000000086100000, 0x0000000086000000| Complete 
|  97|0x0000000086100000, 0x0000000086200000, 0x0000000086200000|100%| O|  |TAMS 0x0000000086200000, 0x0000000086100000| Untracked 
|  98|0x0000000086200000, 0x0000000086300000, 0x0000000086300000|100%| O|  |TAMS 0x0000000086300000, 0x0000000086200000| Complete 
|  99|0x0000000086300000, 0x0000000086400000, 0x0000000086400000|100%| O|  |TAMS 0x0000000086400000, 0x0000000086300000| Untracked 
| 100|0x0000000086400000, 0x0000000086500000, 0x0000000086500000|100%| O|  |TAMS 0x0000000086500000, 0x0000000086400000| Untracked 
| 101|0x0000000086500000, 0x0000000086600000, 0x0000000086600000|100%| O|  |TAMS 0x0000000086600000, 0x0000000086500000| Untracked 
| 102|0x0000000086600000, 0x0000000086700000, 0x0000000086700000|100%| O|  |TAMS 0x0000000086700000, 0x0000000086600000| Complete 
| 103|0x0000000086700000, 0x0000000086800000, 0x0000000086800000|100%| O|  |TAMS 0x0000000086800000, 0x0000000086700000| Complete 
| 104|0x0000000086800000, 0x0000000086900000, 0x0000000086900000|100%| O|  |TAMS 0x0000000086900000, 0x0000000086800000| Complete 
| 105|0x0000000086900000, 0x0000000086a00000, 0x0000000086a00000|100%| O|  |TAMS 0x0000000086a00000, 0x0000000086900000| Untracked 
| 106|0x0000000086a00000, 0x0000000086b00000, 0x0000000086b00000|100%| O|  |TAMS 0x0000000086a00000, 0x0000000086a00000| Untracked 
| 107|0x0000000086b00000, 0x0000000086c00000, 0x0000000086c00000|100%| O|  |TAMS 0x0000000086b00000, 0x0000000086b00000| Untracked 
| 108|0x0000000086c00000, 0x0000000086d00000, 0x0000000086d00000|100%| O|  |TAMS 0x0000000086d00000, 0x0000000086c00000| Complete 
| 109|0x0000000086d00000, 0x0000000086e00000, 0x0000000086e00000|100%| O|  |TAMS 0x0000000086e00000, 0x0000000086d00000| Untracked 
| 110|0x0000000086e00000, 0x0000000086f00000, 0x0000000086f00000|100%| O|  |TAMS 0x0000000086efca00, 0x0000000086e00000| Untracked 
| 111|0x0000000086f00000, 0x0000000087000000, 0x0000000087000000|100%| O|  |TAMS 0x0000000086f00000, 0x0000000086f00000| Untracked 
| 112|0x0000000087000000, 0x0000000087100000, 0x0000000087100000|100%| O|  |TAMS 0x0000000087000000, 0x0000000087000000| Untracked 
| 113|0x0000000087100000, 0x0000000087200000, 0x0000000087200000|100%| O|  |TAMS 0x0000000087100000, 0x0000000087100000| Untracked 
| 114|0x0000000087200000, 0x0000000087300000, 0x0000000087300000|100%| O|  |TAMS 0x0000000087200000, 0x0000000087200000| Untracked 
| 115|0x0000000087300000, 0x0000000087400000, 0x0000000087400000|100%| O|  |TAMS 0x0000000087300000, 0x0000000087300000| Untracked 
| 116|0x0000000087400000, 0x0000000087500000, 0x0000000087500000|100%| O|  |TAMS 0x0000000087400000, 0x0000000087400000| Untracked 
| 117|0x0000000087500000, 0x0000000087600000, 0x0000000087600000|100%| O|CS|TAMS 0x0000000087600000, 0x0000000087500000| Complete 
| 118|0x0000000087600000, 0x0000000087700000, 0x0000000087700000|100%| O|  |TAMS 0x0000000087600000, 0x0000000087600000| Untracked 
| 119|0x0000000087700000, 0x0000000087800000, 0x0000000087800000|100%| O|  |TAMS 0x0000000087700000, 0x0000000087700000| Untracked 
| 120|0x0000000087800000, 0x0000000087900000, 0x0000000087900000|100%| O|  |TAMS 0x0000000087800000, 0x0000000087800000| Untracked 
| 121|0x0000000087900000, 0x0000000087a00000, 0x0000000087a00000|100%| O|  |TAMS 0x0000000087900000, 0x0000000087900000| Untracked 
| 122|0x0000000087a00000, 0x0000000087b00000, 0x0000000087b00000|100%| O|  |TAMS 0x0000000087a00000, 0x0000000087a00000| Untracked 
| 123|0x0000000087b00000, 0x0000000087c00000, 0x0000000087c00000|100%| O|  |TAMS 0x0000000087b00000, 0x0000000087b00000| Untracked 
| 124|0x0000000087c00000, 0x0000000087d00000, 0x0000000087d00000|100%| O|  |TAMS 0x0000000087c00000, 0x0000000087c00000| Untracked 
| 125|0x0000000087d00000, 0x0000000087e00000, 0x0000000087e00000|100%| O|  |TAMS 0x0000000087d00000, 0x0000000087d00000| Untracked 
| 126|0x0000000087e00000, 0x0000000087f00000, 0x0000000087f00000|100%| O|  |TAMS 0x0000000087e00000, 0x0000000087e00000| Untracked 
| 127|0x0000000087f00000, 0x0000000088000000, 0x0000000088000000|100%| O|  |TAMS 0x0000000087f00000, 0x0000000087f00000| Untracked 
| 128|0x0000000088000000, 0x0000000088100000, 0x0000000088100000|100%| O|  |TAMS 0x0000000088000000, 0x0000000088000000| Untracked 
| 129|0x0000000088100000, 0x0000000088200000, 0x0000000088200000|100%| O|  |TAMS 0x0000000088100000, 0x0000000088100000| Untracked 
| 130|0x0000000088200000, 0x0000000088300000, 0x0000000088300000|100%| O|  |TAMS 0x0000000088200000, 0x0000000088200000| Untracked 
| 131|0x0000000088300000, 0x0000000088400000, 0x0000000088400000|100%| O|  |TAMS 0x0000000088300000, 0x0000000088300000| Untracked 
| 132|0x0000000088400000, 0x0000000088500000, 0x0000000088500000|100%| O|  |TAMS 0x0000000088400000, 0x0000000088400000| Untracked 
| 133|0x0000000088500000, 0x0000000088600000, 0x0000000088600000|100%| O|  |TAMS 0x0000000088500000, 0x0000000088500000| Untracked 
| 134|0x0000000088600000, 0x0000000088700000, 0x0000000088700000|100%| O|  |TAMS 0x0000000088600000, 0x0000000088600000| Untracked 
| 135|0x0000000088700000, 0x0000000088800000, 0x0000000088800000|100%| O|  |TAMS 0x0000000088700000, 0x0000000088700000| Untracked 
| 136|0x0000000088800000, 0x0000000088900000, 0x0000000088900000|100%| O|  |TAMS 0x0000000088800000, 0x0000000088800000| Untracked 
| 137|0x0000000088900000, 0x0000000088a00000, 0x0000000088a00000|100%| O|  |TAMS 0x0000000088900000, 0x0000000088900000| Untracked 
| 138|0x0000000088a00000, 0x0000000088b00000, 0x0000000088b00000|100%| O|  |TAMS 0x0000000088a00000, 0x0000000088a00000| Untracked 
| 139|0x0000000088b00000, 0x0000000088b00000, 0x0000000088c00000|  0%| F|  |TAMS 0x0000000088b00000, 0x0000000088b00000| Untracked 
| 140|0x0000000088c00000, 0x0000000088c00000, 0x0000000088d00000|  0%| F|  |TAMS 0x0000000088c00000, 0x0000000088c00000| Untracked 
| 141|0x0000000088d00000, 0x0000000088d00000, 0x0000000088e00000|  0%| F|  |TAMS 0x0000000088d00000, 0x0000000088d00000| Untracked 
| 142|0x0000000088e00000, 0x0000000088e00000, 0x0000000088f00000|  0%| F|  |TAMS 0x0000000088e00000, 0x0000000088e00000| Untracked 
| 143|0x0000000088f00000, 0x0000000088f00000, 0x0000000089000000|  0%| F|  |TAMS 0x0000000088f00000, 0x0000000088f00000| Untracked 
| 144|0x0000000089000000, 0x0000000089000000, 0x0000000089100000|  0%| F|  |TAMS 0x0000000089000000, 0x0000000089000000| Untracked 
| 145|0x0000000089100000, 0x0000000089100000, 0x0000000089200000|  0%| F|  |TAMS 0x0000000089100000, 0x0000000089100000| Untracked 
| 146|0x0000000089200000, 0x0000000089200000, 0x0000000089300000|  0%| F|  |TAMS 0x0000000089200000, 0x0000000089200000| Untracked 
| 147|0x0000000089300000, 0x0000000089300000, 0x0000000089400000|  0%| F|  |TAMS 0x0000000089300000, 0x0000000089300000| Untracked 
| 148|0x0000000089400000, 0x0000000089400000, 0x0000000089500000|  0%| F|  |TAMS 0x0000000089400000, 0x0000000089400000| Untracked 
| 149|0x0000000089500000, 0x0000000089500000, 0x0000000089600000|  0%| F|  |TAMS 0x0000000089500000, 0x0000000089500000| Untracked 
| 150|0x0000000089600000, 0x0000000089600000, 0x0000000089700000|  0%| F|  |TAMS 0x0000000089600000, 0x0000000089600000| Untracked 
| 151|0x0000000089700000, 0x0000000089700000, 0x0000000089800000|  0%| F|  |TAMS 0x0000000089700000, 0x0000000089700000| Untracked 
| 152|0x0000000089800000, 0x0000000089800000, 0x0000000089900000|  0%| F|  |TAMS 0x0000000089800000, 0x0000000089800000| Untracked 
| 153|0x0000000089900000, 0x0000000089900000, 0x0000000089a00000|  0%| F|  |TAMS 0x0000000089900000, 0x0000000089900000| Untracked 
| 154|0x0000000089a00000, 0x0000000089a00000, 0x0000000089b00000|  0%| F|  |TAMS 0x0000000089a00000, 0x0000000089a00000| Untracked 
| 155|0x0000000089b00000, 0x0000000089b00000, 0x0000000089c00000|  0%| F|  |TAMS 0x0000000089b00000, 0x0000000089b00000| Untracked 
| 156|0x0000000089c00000, 0x0000000089c00000, 0x0000000089d00000|  0%| F|  |TAMS 0x0000000089c00000, 0x0000000089c00000| Untracked 
| 157|0x0000000089d00000, 0x0000000089e00000, 0x0000000089e00000|100%| E|CS|TAMS 0x0000000089d00000, 0x0000000089d00000| Complete 
| 158|0x0000000089e00000, 0x0000000089f00000, 0x0000000089f00000|100%| E|CS|TAMS 0x0000000089e00000, 0x0000000089e00000| Complete 
| 159|0x0000000089f00000, 0x000000008a000000, 0x000000008a000000|100%| E|CS|TAMS 0x0000000089f00000, 0x0000000089f00000| Complete 
| 160|0x000000008a000000, 0x000000008a100000, 0x000000008a100000|100%| E|CS|TAMS 0x000000008a000000, 0x000000008a000000| Complete 
| 161|0x000000008a100000, 0x000000008a200000, 0x000000008a200000|100%| E|CS|TAMS 0x000000008a100000, 0x000000008a100000| Complete 
| 162|0x000000008a200000, 0x000000008a300000, 0x000000008a300000|100%| E|CS|TAMS 0x000000008a200000, 0x000000008a200000| Complete 
| 163|0x000000008a300000, 0x000000008a400000, 0x000000008a400000|100%| E|CS|TAMS 0x000000008a300000, 0x000000008a300000| Complete 
| 164|0x000000008a400000, 0x000000008a400000, 0x000000008a500000|  0%| F|  |TAMS 0x000000008a400000, 0x000000008a400000| Untracked 
| 165|0x000000008a500000, 0x000000008a500000, 0x000000008a600000|  0%| F|  |TAMS 0x000000008a500000, 0x000000008a500000| Untracked 
| 166|0x000000008a600000, 0x000000008a600000, 0x000000008a700000|  0%| F|  |TAMS 0x000000008a600000, 0x000000008a600000| Untracked 
| 167|0x000000008a700000, 0x000000008a700000, 0x000000008a800000|  0%| F|  |TAMS 0x000000008a700000, 0x000000008a700000| Untracked 
| 168|0x000000008a800000, 0x000000008a800000, 0x000000008a900000|  0%| F|  |TAMS 0x000000008a800000, 0x000000008a800000| Untracked 
| 169|0x000000008a900000, 0x000000008a900000, 0x000000008aa00000|  0%| F|  |TAMS 0x000000008a900000, 0x000000008a900000| Untracked 
| 170|0x000000008aa00000, 0x000000008aa00000, 0x000000008ab00000|  0%| F|  |TAMS 0x000000008aa00000, 0x000000008aa00000| Untracked 
| 171|0x000000008ab00000, 0x000000008ab00000, 0x000000008ac00000|  0%| F|  |TAMS 0x000000008ab00000, 0x000000008ab00000| Untracked 
| 172|0x000000008ac00000, 0x000000008ac00000, 0x000000008ad00000|  0%| F|  |TAMS 0x000000008ac00000, 0x000000008ac00000| Untracked 
| 173|0x000000008ad00000, 0x000000008ad00000, 0x000000008ae00000|  0%| F|  |TAMS 0x000000008ad00000, 0x000000008ad00000| Untracked 
| 174|0x000000008ae00000, 0x000000008ae00000, 0x000000008af00000|  0%| F|  |TAMS 0x000000008ae00000, 0x000000008ae00000| Untracked 
| 175|0x000000008af00000, 0x000000008af00000, 0x000000008b000000|  0%| F|  |TAMS 0x000000008af00000, 0x000000008af00000| Untracked 
| 176|0x000000008b000000, 0x000000008b000000, 0x000000008b100000|  0%| F|  |TAMS 0x000000008b000000, 0x000000008b000000| Untracked 
| 177|0x000000008b100000, 0x000000008b100000, 0x000000008b200000|  0%| F|  |TAMS 0x000000008b100000, 0x000000008b100000| Untracked 
| 178|0x000000008b200000, 0x000000008b200000, 0x000000008b300000|  0%| F|  |TAMS 0x000000008b200000, 0x000000008b200000| Untracked 
| 179|0x000000008b300000, 0x000000008b300000, 0x000000008b400000|  0%| F|  |TAMS 0x000000008b300000, 0x000000008b300000| Untracked 
| 180|0x000000008b400000, 0x000000008b400000, 0x000000008b500000|  0%| F|  |TAMS 0x000000008b400000, 0x000000008b400000| Untracked 
| 181|0x000000008b500000, 0x000000008b500000, 0x000000008b600000|  0%| F|  |TAMS 0x000000008b500000, 0x000000008b500000| Untracked 
| 182|0x000000008b600000, 0x000000008b600000, 0x000000008b700000|  0%| F|  |TAMS 0x000000008b600000, 0x000000008b600000| Untracked 
| 183|0x000000008b700000, 0x000000008b700000, 0x000000008b800000|  0%| F|  |TAMS 0x000000008b700000, 0x000000008b700000| Untracked 
| 184|0x000000008b800000, 0x000000008b800000, 0x000000008b900000|  0%| F|  |TAMS 0x000000008b800000, 0x000000008b800000| Untracked 
| 185|0x000000008b900000, 0x000000008b900000, 0x000000008ba00000|  0%| F|  |TAMS 0x000000008b900000, 0x000000008b900000| Untracked 
| 186|0x000000008ba00000, 0x000000008ba00000, 0x000000008bb00000|  0%| F|  |TAMS 0x000000008ba00000, 0x000000008ba00000| Untracked 
| 187|0x000000008bb00000, 0x000000008bb00000, 0x000000008bc00000|  0%| F|  |TAMS 0x000000008bb00000, 0x000000008bb00000| Untracked 
| 188|0x000000008bc00000, 0x000000008bc00000, 0x000000008bd00000|  0%| F|  |TAMS 0x000000008bc00000, 0x000000008bc00000| Untracked 
| 189|0x000000008bd00000, 0x000000008bd00000, 0x000000008be00000|  0%| F|  |TAMS 0x000000008bd00000, 0x000000008bd00000| Untracked 
| 190|0x000000008be00000, 0x000000008be00000, 0x000000008bf00000|  0%| F|  |TAMS 0x000000008be00000, 0x000000008be00000| Untracked 
| 191|0x000000008bf00000, 0x000000008bf00000, 0x000000008c000000|  0%| F|  |TAMS 0x000000008bf00000, 0x000000008bf00000| Untracked 
| 192|0x000000008c000000, 0x000000008c000000, 0x000000008c100000|  0%| F|  |TAMS 0x000000008c000000, 0x000000008c000000| Untracked 
| 193|0x000000008c100000, 0x000000008c100000, 0x000000008c200000|  0%| F|  |TAMS 0x000000008c100000, 0x000000008c100000| Untracked 
| 194|0x000000008c200000, 0x000000008c200000, 0x000000008c300000|  0%| F|  |TAMS 0x000000008c200000, 0x000000008c200000| Untracked 
| 195|0x000000008c300000, 0x000000008c300000, 0x000000008c400000|  0%| F|  |TAMS 0x000000008c300000, 0x000000008c300000| Untracked 
| 196|0x000000008c400000, 0x000000008c400000, 0x000000008c500000|  0%| F|  |TAMS 0x000000008c400000, 0x000000008c400000| Untracked 
| 197|0x000000008c500000, 0x000000008c500000, 0x000000008c600000|  0%| F|  |TAMS 0x000000008c500000, 0x000000008c500000| Untracked 
| 198|0x000000008c600000, 0x000000008c600000, 0x000000008c700000|  0%| F|  |TAMS 0x000000008c600000, 0x000000008c600000| Untracked 
| 199|0x000000008c700000, 0x000000008c700000, 0x000000008c800000|  0%| F|  |TAMS 0x000000008c700000, 0x000000008c700000| Untracked 
| 200|0x000000008c800000, 0x000000008c800000, 0x000000008c900000|  0%| F|  |TAMS 0x000000008c800000, 0x000000008c800000| Untracked 
| 201|0x000000008c900000, 0x000000008ca00000, 0x000000008ca00000|100%| S|  |TAMS 0x000000008c900000, 0x000000008c900000| Complete 
| 202|0x000000008ca00000, 0x000000008cb00000, 0x000000008cb00000|100%| S|  |TAMS 0x000000008ca00000, 0x000000008ca00000| Complete 
| 203|0x000000008cb00000, 0x000000008cc00000, 0x000000008cc00000|100%| E|CS|TAMS 0x000000008cb00000, 0x000000008cb00000| Complete 
| 204|0x000000008cc00000, 0x000000008cd00000, 0x000000008cd00000|100%| E|CS|TAMS 0x000000008cc00000, 0x000000008cc00000| Complete 
| 205|0x000000008cd00000, 0x000000008ce00000, 0x000000008ce00000|100%| E|CS|TAMS 0x000000008cd00000, 0x000000008cd00000| Complete 

Card table byte_map: [0x00000183133f0000,0x00000183137f0000] _byte_map_base: 0x0000018312ff0000

Marking Bits (Prev, Next): (CMBitMap*) 0x000001830005c2e8, (CMBitMap*) 0x000001830005c320
 Prev Bits: [0x0000018313bf0000, 0x0000018315bf0000)
 Next Bits: [0x0000018315bf0000, 0x0000018317bf0000)

Polling page: 0x0000018300100000

Metaspace:

Usage:
  Non-class:     82.20 MB capacity,    80.78 MB ( 98%) used,     1.19 MB (  1%) free+waste,   238.25 KB ( <1%) overhead. 
      Class:     12.48 MB capacity,    11.72 MB ( 94%) used,   676.07 KB (  5%) free+waste,   105.38 KB ( <1%) overhead. 
       Both:     94.68 MB capacity,    92.49 MB ( 98%) used,     1.85 MB (  2%) free+waste,   343.63 KB ( <1%) overhead. 

Virtual space:
  Non-class space:       84.00 MB reserved,      82.25 MB ( 98%) committed 
      Class space:        1.00 GB reserved,      12.57 MB (  1%) committed 
             Both:        1.08 GB reserved,      94.82 MB (  9%) committed 

Chunk freelists:
   Non-Class:  54.00 KB
       Class:  21.00 KB
        Both:  75.00 KB

MaxMetaspaceSize: 17179869184.00 GB
CompressedClassSpaceSize: 1.00 GB

CodeHeap 'non-profiled nmethods': size=120064Kb used=8093Kb max_used=8159Kb free=111970Kb
 bounds [0x000001830b480000, 0x000001830bc90000, 0x00000183129c0000]
CodeHeap 'profiled nmethods': size=120000Kb used=29787Kb max_used=29787Kb free=90212Kb
 bounds [0x0000018303f50000, 0x0000018305c90000, 0x000001830b480000]
CodeHeap 'non-nmethods': size=5696Kb used=2295Kb max_used=2350Kb free=3401Kb
 bounds [0x00000183039c0000, 0x0000018303c30000, 0x0000018303f50000]
 total_blobs=13792 nmethods=12909 adapters=794
 compilation: enabled
              stopped_count=0, restarted_count=0
 full_count=0

Compilation events (20 events):
Event: 61.221 Thread 0x0000018360e80800 13618       4       com.android.tools.r8.dex.n::e (654 bytes)
Event: 61.231 Thread 0x000001835a246800 13749       2       com.android.tools.r8.code.K0::<init> (20 bytes)
Event: 61.232 Thread 0x000001835a246800 nmethod 13749 0x000001830450d510 code [0x000001830450d6e0, 0x000001830450d8c8]
Event: 61.233 Thread 0x000001835a246800 13751       2       com.android.tools.r8.code.I0::<init> (20 bytes)
Event: 61.233 Thread 0x000001835a246800 nmethod 13751 0x000001830450cf90 code [0x000001830450d160, 0x000001830450d348]
Event: 61.234 Thread 0x000001835a246800 13755       2       com.android.tools.r8.code.b1::<init> (7 bytes)
Event: 61.235 Thread 0x000001835a246800 nmethod 13755 0x00000183045c5810 code [0x00000183045c59e0, 0x00000183045c5bc8]
Event: 61.235 Thread 0x000001835a246800 13756       2       com.android.tools.r8.code.a0::<init> (13 bytes)
Event: 61.236 Thread 0x000001835a246800 nmethod 13756 0x00000183045cc110 code [0x00000183045cc2e0, 0x00000183045cc568]
Event: 61.236 Thread 0x000001835a246800 13757       2       com.android.tools.r8.graph.D1::f (29 bytes)
Event: 61.236 Thread 0x000001835a246800 nmethod 13757 0x0000018304515690 code [0x0000018304515840, 0x0000018304515938]
Event: 61.236 Thread 0x000001835a246800 13758       2       com.android.tools.r8.code.G1::<init> (13 bytes)
Event: 61.236 Thread 0x000001835a246800 nmethod 13758 0x0000018304519410 code [0x00000183045195c0, 0x00000183045196e8]
Event: 61.237 Thread 0x000001835a246800 13759 %     3       com.android.tools.r8.code.x1::a @ 20 (4137 bytes)
Event: 61.446 Thread 0x000001835a246800 nmethod 13759% 0x0000018305c4f990 code [0x0000018305c52dc0, 0x0000018305c7cf38]
Event: 61.446 Thread 0x000001835a246800 13765       2       com.android.tools.r8.code.x1$a::<init> (28 bytes)
Event: 61.447 Thread 0x000001835a246800 nmethod 13765 0x0000018304594b90 code [0x0000018304594d40, 0x0000018304594e98]
Event: 61.447 Thread 0x000001835a246800 13775       2       com.android.tools.r8.graph.D1::g (29 bytes)
Event: 61.447 Thread 0x000001835a246800 nmethod 13775 0x00000183045a6e90 code [0x00000183045a7040, 0x00000183045a7138]
Event: 61.447 Thread 0x000001835a246800 13799       2       com.android.tools.r8.code.x1::a (4137 bytes)

GC Heap History (20 events):
Event: 48.782 GC heap after
{Heap after GC invocations=46 (full 0):
 garbage-first heap   total 175104K, used 70633K [0x0000000080000000, 0x0000000100000000)
  region size 1024K, 1 young (1024K), 1 survivors (1024K)
 Metaspace       used 82784K, capacity 84740K, committed 84940K, reserved 1122304K
  class space    used 10410K, capacity 11093K, committed 11212K, reserved 1048576K
}
Event: 50.723 GC heap before
{Heap before GC invocations=46 (full 0):
 garbage-first heap   total 175104K, used 111593K [0x0000000080000000, 0x0000000100000000)
  region size 1024K, 42 young (43008K), 1 survivors (1024K)
 Metaspace       used 83762K, capacity 85650K, committed 85708K, reserved 1124352K
  class space    used 10516K, capacity 11198K, committed 11212K, reserved 1048576K
}
Event: 50.729 GC heap after
{Heap after GC invocations=47 (full 0):
 garbage-first heap   total 175104K, used 71627K [0x0000000080000000, 0x0000000100000000)
  region size 1024K, 2 young (2048K), 2 survivors (2048K)
 Metaspace       used 83762K, capacity 85650K, committed 85708K, reserved 1124352K
  class space    used 10516K, capacity 11198K, committed 11212K, reserved 1048576K
}
Event: 52.067 GC heap before
{Heap before GC invocations=47 (full 0):
 garbage-first heap   total 175104K, used 116683K [0x0000000080000000, 0x0000000100000000)
  region size 1024K, 47 young (48128K), 2 survivors (2048K)
 Metaspace       used 86845K, capacity 88812K, committed 89036K, reserved 1126400K
  class space    used 10904K, capacity 11589K, committed 11724K, reserved 1048576K
}
Event: 52.076 GC heap after
{Heap after GC invocations=48 (full 0):
 garbage-first heap   total 175104K, used 73061K [0x0000000080000000, 0x0000000100000000)
  region size 1024K, 3 young (3072K), 3 survivors (3072K)
 Metaspace       used 86845K, capacity 88812K, committed 89036K, reserved 1126400K
  class space    used 10904K, capacity 11589K, committed 11724K, reserved 1048576K
}
Event: 53.605 GC heap before
{Heap before GC invocations=48 (full 0):
 garbage-first heap   total 175104K, used 121189K [0x0000000080000000, 0x0000000100000000)
  region size 1024K, 51 young (52224K), 3 survivors (3072K)
 Metaspace       used 88485K, capacity 90505K, committed 90700K, reserved 1128448K
  class space    used 11099K, capacity 11772K, committed 11852K, reserved 1048576K
}
Event: 53.621 GC heap after
{Heap after GC invocations=49 (full 0):
 garbage-first heap   total 175104K, used 76402K [0x0000000080000000, 0x0000000100000000)
  region size 1024K, 6 young (6144K), 6 survivors (6144K)
 Metaspace       used 88485K, capacity 90505K, committed 90700K, reserved 1128448K
  class space    used 11099K, capacity 11772K, committed 11852K, reserved 1048576K
}
Event: 55.328 GC heap before
{Heap before GC invocations=49 (full 0):
 garbage-first heap   total 175104K, used 125554K [0x0000000080000000, 0x0000000100000000)
  region size 1024K, 55 young (56320K), 6 survivors (6144K)
 Metaspace       used 89383K, capacity 91395K, committed 91596K, reserved 1128448K
  class space    used 11166K, capacity 11880K, committed 11980K, reserved 1048576K
}
Event: 55.353 GC heap after
{Heap after GC invocations=50 (full 0):
 garbage-first heap   total 175104K, used 80594K [0x0000000080000000, 0x0000000100000000)
  region size 1024K, 7 young (7168K), 7 survivors (7168K)
 Metaspace       used 89383K, capacity 91395K, committed 91596K, reserved 1128448K
  class space    used 11166K, capacity 11880K, committed 11980K, reserved 1048576K
}
Event: 56.875 GC heap before
{Heap before GC invocations=50 (full 0):
 garbage-first heap   total 175104K, used 130770K [0x0000000080000000, 0x0000000100000000)
  region size 1024K, 53 young (54272K), 7 survivors (7168K)
 Metaspace       used 89744K, capacity 91823K, committed 92108K, reserved 1130496K
  class space    used 11208K, capacity 11933K, committed 11980K, reserved 1048576K
}
Event: 56.909 GC heap after
{Heap after GC invocations=51 (full 0):
 garbage-first heap   total 175104K, used 93010K [0x0000000080000000, 0x0000000100000000)
  region size 1024K, 7 young (7168K), 7 survivors (7168K)
 Metaspace       used 89744K, capacity 91823K, committed 92108K, reserved 1130496K
  class space    used 11208K, capacity 11933K, committed 11980K, reserved 1048576K
}
Event: 59.094 GC heap before
{Heap before GC invocations=52 (full 0):
 garbage-first heap   total 175104K, used 148306K [0x0000000080000000, 0x0000000100000000)
  region size 1024K, 49 young (50176K), 7 survivors (7168K)
 Metaspace       used 92567K, capacity 94712K, committed 94924K, reserved 1132544K
  class space    used 11634K, capacity 12388K, committed 12492K, reserved 1048576K
}
Event: 59.116 GC heap after
{Heap after GC invocations=53 (full 0):
 garbage-first heap   total 210944K, used 108100K [0x0000000080000000, 0x0000000100000000)
  region size 1024K, 7 young (7168K), 7 survivors (7168K)
 Metaspace       used 92567K, capacity 94712K, committed 94924K, reserved 1132544K
  class space    used 11634K, capacity 12388K, committed 12492K, reserved 1048576K
}
Event: 59.152 GC heap before
{Heap before GC invocations=53 (full 0):
 garbage-first heap   total 210944K, used 111172K [0x0000000080000000, 0x0000000100000000)
  region size 1024K, 10 young (10240K), 7 survivors (7168K)
 Metaspace       used 92585K, capacity 94713K, committed 94924K, reserved 1132544K
  class space    used 11634K, capacity 12388K, committed 12492K, reserved 1048576K
}
Event: 59.162 GC heap after
{Heap after GC invocations=54 (full 0):
 garbage-first heap   total 210944K, used 105662K [0x0000000080000000, 0x0000000100000000)
  region size 1024K, 1 young (1024K), 1 survivors (1024K)
 Metaspace       used 92585K, capacity 94713K, committed 94924K, reserved 1132544K
  class space    used 11634K, capacity 12388K, committed 12492K, reserved 1048576K
}
Event: 59.919 GC heap before
{Heap before GC invocations=54 (full 0):
 garbage-first heap   total 210944K, used 157886K [0x0000000080000000, 0x0000000100000000)
  region size 1024K, 50 young (51200K), 1 survivors (1024K)
 Metaspace       used 92867K, capacity 95091K, committed 95180K, reserved 1132544K
  class space    used 11665K, capacity 12443K, committed 12492K, reserved 1048576K
}
Event: 59.963 GC heap after
{Heap after GC invocations=55 (full 0):
 garbage-first heap   total 210944K, used 119794K [0x0000000080000000, 0x0000000100000000)
  region size 1024K, 7 young (7168K), 7 survivors (7168K)
 Metaspace       used 92867K, capacity 95091K, committed 95180K, reserved 1132544K
  class space    used 11665K, capacity 12443K, committed 12492K, reserved 1048576K
}
Event: 61.263 GC heap before
{Heap before GC invocations=56 (full 0):
 garbage-first heap   total 210944K, used 161778K [0x0000000080000000, 0x0000000100000000)
  region size 1024K, 49 young (50176K), 7 survivors (7168K)
 Metaspace       used 94712K, capacity 96949K, committed 97100K, reserved 1134592K
  class space    used 11997K, capacity 12779K, committed 12876K, reserved 1048576K
}
Event: 61.369 GC heap after
{Heap after GC invocations=57 (full 0):
 garbage-first heap   total 210944K, used 141043K [0x0000000080000000, 0x0000000100000000)
  region size 1024K, 7 young (7168K), 7 survivors (7168K)
 Metaspace       used 94712K, capacity 96949K, committed 97100K, reserved 1134592K
  class space    used 11997K, capacity 12779K, committed 12876K, reserved 1048576K
}
Event: 61.476 GC heap before
{Heap before GC invocations=57 (full 0):
 garbage-first heap   total 210944K, used 144115K [0x0000000080000000, 0x0000000100000000)
  region size 1024K, 10 young (10240K), 7 survivors (7168K)
 Metaspace       used 94713K, capacity 96949K, committed 97100K, reserved 1134592K
  class space    used 11997K, capacity 12779K, committed 12876K, reserved 1048576K
}

Deoptimization events (20 events):
Event: 60.042 Thread 0x0000018364adb800 DEOPT PACKING pc=0x000001830b55c1d0 sp=0x00000001005fe7c0
Event: 60.042 Thread 0x0000018364adb800 DEOPT UNPACKING pc=0x00000183039e762f sp=0x00000001005fe7c0 mode 2
Event: 60.043 Thread 0x0000018364adb800 Uncommon trap: trap_request=0xffffffde fr.pc=0x000001830b55c1d0 relative=0x0000000000000a50
Event: 60.043 Thread 0x0000018364adb800 Uncommon trap: reason=class_check action=maybe_recompile pc=0x000001830b55c1d0 method=com.android.tools.r8.dex.n.a(ILjava/util/function/Supplier;)Ljava/lang/Object; @ 33 c2
Event: 60.043 Thread 0x0000018364adb800 DEOPT PACKING pc=0x000001830b55c1d0 sp=0x00000001005fe5d0
Event: 60.043 Thread 0x0000018364adb800 DEOPT UNPACKING pc=0x00000183039e762f sp=0x00000001005fe5d0 mode 2
Event: 60.043 Thread 0x0000018364adb800 Uncommon trap: trap_request=0xffffffde fr.pc=0x000001830b55c1d0 relative=0x0000000000000a50
Event: 60.043 Thread 0x0000018364adb800 Uncommon trap: reason=class_check action=maybe_recompile pc=0x000001830b55c1d0 method=com.android.tools.r8.dex.n.a(ILjava/util/function/Supplier;)Ljava/lang/Object; @ 33 c2
Event: 60.043 Thread 0x0000018364adb800 DEOPT PACKING pc=0x000001830b55c1d0 sp=0x00000001005fe3e0
Event: 60.043 Thread 0x0000018364adb800 DEOPT UNPACKING pc=0x00000183039e762f sp=0x00000001005fe3e0 mode 2
Event: 60.621 Thread 0x0000018364ad5800 DEOPT PACKING pc=0x00000183040a02be sp=0x000000010a5fe710
Event: 60.621 Thread 0x0000018364ad5800 DEOPT UNPACKING pc=0x00000183039e744e sp=0x000000010a5fdb88 mode 0
Event: 60.956 Thread 0x0000018364adb800 Uncommon trap: trap_request=0xffffff4d fr.pc=0x000001830b4b3424 relative=0x0000000000000084
Event: 60.956 Thread 0x0000018364adb800 Uncommon trap: reason=unstable_if action=reinterpret pc=0x000001830b4b3424 method=com.android.tools.r8.utils.a0.d(I)Z @ 45 c2
Event: 60.956 Thread 0x0000018364adb800 DEOPT PACKING pc=0x000001830b4b3424 sp=0x00000001005fe2c0
Event: 60.956 Thread 0x0000018364adb800 DEOPT UNPACKING pc=0x00000183039e762f sp=0x00000001005fe250 mode 2
Event: 61.234 Thread 0x0000018364adb800 Uncommon trap: trap_request=0xffffff4d fr.pc=0x000001830bc811bc relative=0x0000000000007d9c
Event: 61.234 Thread 0x0000018364adb800 Uncommon trap: reason=unstable_if action=reinterpret pc=0x000001830bc811bc method=com.android.tools.r8.code.x1.a(Ljava/nio/ShortBuffer;IILcom/android/tools/r8/graph/D1;)[Lcom/android/tools/r8/code/w1; @ 541 c2
Event: 61.234 Thread 0x0000018364adb800 DEOPT PACKING pc=0x000001830bc811bc sp=0x00000001005fe7f0
Event: 61.234 Thread 0x0000018364adb800 DEOPT UNPACKING pc=0x00000183039e762f sp=0x00000001005fe7e8 mode 2

Classes redefined (0 events):
No events

Internal exceptions (20 events):
Event: 54.121 Thread 0x000001835ceea000 Exception <a 'java/lang/NoSuchMethodError'{0x0000000089ec1cb0}: <clinit>> (0x0000000089ec1cb0) thrown at [./src/hotspot/share/prims/jni.cpp, line 1362]
Event: 55.263 Thread 0x000001835b907000 Exception <a 'java/lang/NoSuchMethodError'{0x00000000886563a8}: 'int java.lang.invoke.DirectMethodHandle$Holder.invokeSpecial(java.lang.Object, java.lang.Object, java.lang.Object, java.lang.Object, java.lang.Object)'> (0x00000000886563a8) thrown at [./src/hotspot/share/interpreter/linkResolver.cpp, line 773]
Event: 55.279 Thread 0x0000018360274000 Exception <a 'sun/nio/fs/WindowsException'{0x0000000089d6ab58}> (0x0000000089d6ab58) thrown at [./src/hotspot/share/prims/jni.cpp, line 615]
Event: 56.835 Thread 0x0000018360275000 Exception <a 'java/lang/NoSuchMethodError'{0x0000000087e5bec8}: 'void java.lang.invoke.DirectMethodHandle$Holder.invokeStatic(java.lang.Object, long)'> (0x0000000087e5bec8) thrown at [./src/hotspot/share/interpreter/linkResolver.cpp, line 773]
Event: 56.837 Thread 0x0000018360275000 Exception <a 'java/lang/NoSuchMethodError'{0x0000000087e610e0}: 'java.lang.Object java.lang.invoke.DirectMethodHandle$Holder.invokeStatic(java.lang.Object, long)'> (0x0000000087e610e0) thrown at [./src/hotspot/share/interpreter/linkResolver.cpp, line 773]
Event: 56.848 Thread 0x0000018360275000 Exception <a 'java/lang/NoSuchMethodError'{0x0000000087e6f378}: 'java.lang.Object java.lang.invoke.DirectMethodHandle$Holder.invokeStaticInit(java.lang.Object, java.lang.Object, long, java.lang.Object)'> (0x0000000087e6f378) thrown at [./src/hotspot/share/interpreter/linkResolver.cpp, line 773]
Event: 56.850 Thread 0x0000018360275000 Exception <a 'java/lang/NoSuchMethodError'{0x0000000087d12638}: 'java.lang.Object java.lang.invoke.DirectMethodHandle$Holder.invokeStatic(java.lang.Object, java.lang.Object, long)'> (0x0000000087d12638) thrown at [./src/hotspot/share/interpreter/linkResolver.cpp, line 773]
Event: 56.852 Thread 0x0000018360275000 Exception <a 'java/lang/NoSuchMethodError'{0x0000000087d18bb0}: 'java.lang.Object java.lang.invoke.Invokers$Holder.linkToTargetMethod(java.lang.Object, long, java.lang.Object)'> (0x0000000087d18bb0) thrown at [./src/hotspot/share/interpreter/linkResolver.cpp, line 773]
Event: 58.168 Thread 0x0000018360271000 Exception <a 'sun/nio/fs/WindowsException'{0x000000008a0ac6b0}> (0x000000008a0ac6b0) thrown at [./src/hotspot/share/prims/jni.cpp, line 615]
Event: 58.571 Thread 0x0000018360271000 Exception <a 'java/lang/NoSuchMethodError'{0x0000000089857580}: 'int java.lang.invoke.DirectMethodHandle$Holder.invokeVirtual(java.lang.Object, java.lang.Object, java.lang.Object)'> (0x0000000089857580) thrown at [./src/hotspot/share/interpreter/linkResolver.cpp, line 773]
Event: 58.662 Thread 0x0000018360274000 Exception <a 'java/lang/NoSuchMethodError'{0x00000000897feae0}: 'java.lang.Object java.lang.invoke.DirectMethodHandle$Holder.invokeVirtual(java.lang.Object, java.lang.Object, int)'> (0x00000000897feae0) thrown at [./src/hotspot/share/interpreter/linkResolver.cpp, line 773]
Event: 58.685 Thread 0x000001836026f800 Exception <a 'java/lang/NoSuchMethodError'{0x000000008961e450}: 'void java.lang.invoke.DirectMethodHandle$Holder.invokeStatic(java.lang.Object, java.lang.Object, java.lang.Object, int)'> (0x000000008961e450) thrown at [./src/hotspot/share/interpreter/linkResolver.cpp, line 773]
Event: 58.686 Thread 0x0000018360274000 Exception <a 'java/lang/NoSuchMethodError'{0x0000000089633548}: 'void java.lang.invoke.DirectMethodHandle$Holder.invokeStatic(java.lang.Object, java.lang.Object, java.lang.Object, int)'> (0x0000000089633548) thrown at [./src/hotspot/share/interpreter/linkResolver.cpp, line 773]
Event: 58.834 Thread 0x0000018360275000 Exception <a 'java/lang/NoSuchMethodError'{0x00000000890f83d8}: 'int java.lang.invoke.DirectMethodHandle$Holder.invokeSpecialIFC(java.lang.Object, java.lang.Object, java.lang.Object)'> (0x00000000890f83d8) thrown at [./src/hotspot/share/interpreter/linkResolver.cpp, line 773]
Event: 58.861 Thread 0x0000018360271000 Exception <a 'java/lang/NoSuchMethodError'{0x0000000088f87060}: 'int java.lang.invoke.DirectMethodHandle$Holder.invokeVirtual(java.lang.Object, java.lang.Object)'> (0x0000000088f87060) thrown at [./src/hotspot/share/interpreter/linkResolver.cpp, line 773]
Event: 58.862 Thread 0x0000018360271000 Exception <a 'java/lang/NoSuchMethodError'{0x0000000088f8c790}: 'java.lang.Object java.lang.invoke.DirectMethodHandle$Holder.invokeStatic(java.lang.Object, java.lang.Object, java.lang.Object, java.lang.Object, java.lang.Object, java.lang.Object, java.lang.Object, java.lang.Object, java.lang.Object, java.lang.Object, java.lang.Object, java.lang.Object, java.lang.Object, java.lang.Object, java.lang.Object, java.lang.Object, java.lang.Object, int, java.lang.Object)'> (0x0000000088f8c790) thrown at [./src/hots
Event: 58.863 Thread 0x0000018360271000 Exception <a 'java/lang/NoSuchMethodError'{0x0000000088fb2cf0}: 'java.lang.Object java.lang.invoke.DirectMethodHandle$Holder.invokeStaticInit(java.lang.Object, java.lang.Object, java.lang.Object, java.lang.Object, java.lang.Object, java.lang.Object, java.lang.Object, java.lang.Object, java.lang.Object, java.lang.Object, java.lang.Object, java.lang.Object, java.lang.Object, java.lang.Object, java.lang.Object, java.lang.Object, java.lang.Object, int, java.lang.Object)'> (0x0000000088fb2cf0) thrown at [./src/
Event: 58.975 Thread 0x000001836026f800 Implicit null exception at 0x000001830bc467ea to 0x000001830bc4683c
Event: 58.976 Thread 0x000001836026f800 Implicit null exception at 0x000001830bc36ed0 to 0x000001830bc36ee4
Event: 60.109 Thread 0x0000018364ad6800 Exception <a 'java/lang/NoSuchMethodError'{0x000000008ccc03a8}: 'java.lang.Object java.lang.invoke.DirectMethodHandle$Holder.newInvokeSpecial(java.lang.Object, int)'> (0x000000008ccc03a8) thrown at [./src/hotspot/share/interpreter/linkResolver.cpp, line 773]

Events (20 events):
Event: 60.536 loading class com/android/tools/r8/s/a/a/a/s$a done
Event: 60.537 loading class com/android/tools/r8/w/a/a/a/h/h0
Event: 60.537 loading class com/android/tools/r8/w/a/a/a/h/h0 done
Event: 60.537 loading class com/android/tools/r8/graph/v1
Event: 60.537 loading class com/android/tools/r8/graph/v1 done
Event: 60.538 loading class com/android/tools/r8/w/a/a/a/h/f0$d
Event: 60.538 loading class com/android/tools/r8/w/a/a/a/h/f0$d done
Event: 60.538 loading class com/android/tools/r8/w/a/a/a/h/g0
Event: 60.538 loading class com/android/tools/r8/w/a/a/a/h/g0 done
Event: 60.558 loading class com/android/tools/r8/graph/O$b$a
Event: 60.558 loading class com/android/tools/r8/graph/O$b$a done
Event: 60.635 Executing VM operation: CGC_Operation
Event: 60.636 Executing VM operation: CGC_Operation done
Event: 60.653 loading class com/android/tools/r8/v/a/t/k
Event: 60.653 loading class com/android/tools/r8/v/a/t/k done
Event: 60.666 loading class com/android/tools/r8/v/a/t/i
Event: 60.666 loading class com/android/tools/r8/v/a/t/i done
Event: 61.263 Executing VM operation: G1CollectForAllocation
Event: 61.369 Executing VM operation: G1CollectForAllocation done
Event: 61.464 Executing VM operation: G1CollectForAllocation


Dynamic libraries:
0x00007ff750a40000 - 0x00007ff750a4a000 	C:\Program Files\Android\Android Studio\jre\bin\java.exe
0x00007ffc9e170000 - 0x00007ffc9e365000 	C:\WINDOWS\SYSTEM32\ntdll.dll
0x00007ffc9cc00000 - 0x00007ffc9ccbd000 	C:\WINDOWS\System32\KERNEL32.DLL
0x00007ffc9b8b0000 - 0x00007ffc9bb79000 	C:\WINDOWS\System32\KERNELBASE.dll
0x00007ffc9c050000 - 0x00007ffc9c150000 	C:\WINDOWS\System32\ucrtbase.dll
0x00007ffc94420000 - 0x00007ffc94437000 	C:\Program Files\Android\Android Studio\jre\bin\VCRUNTIME140.dll
0x00007ffc8f650000 - 0x00007ffc8f669000 	C:\Program Files\Android\Android Studio\jre\bin\jli.dll
0x00007ffc9d500000 - 0x00007ffc9d6a0000 	C:\WINDOWS\System32\USER32.dll
0x00007ffc9c1b0000 - 0x00007ffc9c1d2000 	C:\WINDOWS\System32\win32u.dll
0x00007ffc9ac40000 - 0x00007ffc9aeda000 	C:\WINDOWS\WinSxS\amd64_microsoft.windows.common-controls_6595b64144ccf1df_6.0.19041.1110_none_60b5254171f9507e\COMCTL32.dll
0x00007ffc9c2c0000 - 0x00007ffc9c2ea000 	C:\WINDOWS\System32\GDI32.dll
0x00007ffc9c9b0000 - 0x00007ffc9ca4e000 	C:\WINDOWS\System32\msvcrt.dll
0x00007ffc9bc60000 - 0x00007ffc9bd6b000 	C:\WINDOWS\System32\gdi32full.dll
0x00007ffc9be50000 - 0x00007ffc9beed000 	C:\WINDOWS\System32\msvcp_win.dll
0x00007ffc9dff0000 - 0x00007ffc9e020000 	C:\WINDOWS\System32\IMM32.DLL
0x00007ffc694b0000 - 0x00007ffc6954d000 	C:\Program Files\Android\Android Studio\jre\bin\msvcp140.dll
0x00007ffc52870000 - 0x00007ffc5332c000 	C:\Program Files\Android\Android Studio\jre\bin\server\jvm.dll
0x00007ffc9c210000 - 0x00007ffc9c2bc000 	C:\WINDOWS\System32\ADVAPI32.dll
0x00007ffc9de20000 - 0x00007ffc9debb000 	C:\WINDOWS\System32\sechost.dll
0x00007ffc9da00000 - 0x00007ffc9db2a000 	C:\WINDOWS\System32\RPCRT4.dll
0x00007ffc9dc70000 - 0x00007ffc9dc78000 	C:\WINDOWS\System32\PSAPI.DLL
0x00007ffc950b0000 - 0x00007ffc950d7000 	C:\WINDOWS\SYSTEM32\WINMM.dll
0x00007ffc8aaf0000 - 0x00007ffc8aaf9000 	C:\WINDOWS\SYSTEM32\WSOCK32.dll
0x00007ffc950a0000 - 0x00007ffc950aa000 	C:\WINDOWS\SYSTEM32\VERSION.dll
0x00007ffc9ccc0000 - 0x00007ffc9cd2b000 	C:\WINDOWS\System32\WS2_32.dll
0x00007ffc98900000 - 0x00007ffc98912000 	C:\WINDOWS\SYSTEM32\kernel.appcore.dll
0x00007ffc90950000 - 0x00007ffc90961000 	C:\Program Files\Android\Android Studio\jre\bin\verify.dll
0x00007ffc9b040000 - 0x00007ffc9b224000 	C:\WINDOWS\SYSTEM32\DBGHELP.DLL
0x00007ffc9aff0000 - 0x00007ffc9b01c000 	C:\WINDOWS\SYSTEM32\dbgcore.DLL
0x00007ffc9bdc0000 - 0x00007ffc9be43000 	C:\WINDOWS\System32\bcryptPrimitives.dll
0x00007ffc8cb50000 - 0x00007ffc8cb79000 	C:\Program Files\Android\Android Studio\jre\bin\java.dll
0x00007ffc996d0000 - 0x00007ffc996db000 	C:\Program Files\Android\Android Studio\jre\bin\jimage.dll
0x00007ffc8f4d0000 - 0x00007ffc8f4e8000 	C:\Program Files\Android\Android Studio\jre\bin\zip.dll
0x00007ffc9cd30000 - 0x00007ffc9d46f000 	C:\WINDOWS\System32\SHELL32.dll
0x00007ffc98d10000 - 0x00007ffc994a1000 	C:\WINDOWS\SYSTEM32\windows.storage.dll
0x00007ffc9d6a0000 - 0x00007ffc9d9f5000 	C:\WINDOWS\System32\combase.dll
0x00007ffc9abd0000 - 0x00007ffc9abfc000 	C:\WINDOWS\SYSTEM32\Wldp.dll
0x00007ffc9e080000 - 0x00007ffc9e12e000 	C:\WINDOWS\System32\SHCORE.dll
0x00007ffc9dc10000 - 0x00007ffc9dc65000 	C:\WINDOWS\System32\shlwapi.dll
0x00007ffc9b7f0000 - 0x00007ffc9b80f000 	C:\WINDOWS\SYSTEM32\profapi.dll
0x00007ffc8d410000 - 0x00007ffc8d42a000 	C:\Program Files\Android\Android Studio\jre\bin\net.dll
0x00007ffc91730000 - 0x00007ffc9183a000 	C:\WINDOWS\SYSTEM32\WINHTTP.dll
0x00007ffc9aa80000 - 0x00007ffc9aaea000 	C:\WINDOWS\system32\mswsock.dll
0x00007ffc8d3c0000 - 0x00007ffc8d3d4000 	C:\Program Files\Android\Android Studio\jre\bin\nio.dll
0x00007ffc90810000 - 0x00007ffc90837000 	C:\Users\user\.gradle\native\fdc75f09e3144964f2cf3f50f0aa648679c211496f362492102eb8c894070792\windows-amd64\native-platform.dll
0x00007ffc68a30000 - 0x00007ffc68bc6000 	C:\Users\user\.gradle\native\12488b8bf47d2d4c9fbf2f6322a914ad602e24e48041cd04a747c6da556b65c4\windows-amd64\native-platform-file-events.dll
0x00007ffc966a0000 - 0x00007ffc966aa000 	C:\Program Files\Android\Android Studio\jre\bin\management.dll
0x00007ffc958e0000 - 0x00007ffc958ec000 	C:\Program Files\Android\Android Studio\jre\bin\management_ext.dll
0x00007ffc9b490000 - 0x00007ffc9b4a8000 	C:\WINDOWS\SYSTEM32\CRYPTSP.dll
0x00007ffc9a2f0000 - 0x00007ffc9a324000 	C:\WINDOWS\system32\rsaenh.dll
0x00007ffc9bb80000 - 0x00007ffc9bba7000 	C:\WINDOWS\System32\bcrypt.dll
0x00007ffc9b7b0000 - 0x00007ffc9b7de000 	C:\WINDOWS\SYSTEM32\USERENV.dll
0x00007ffc9aa00000 - 0x00007ffc9aa0c000 	C:\WINDOWS\SYSTEM32\CRYPTBASE.dll
0x00007ffc9a620000 - 0x00007ffc9a65b000 	C:\WINDOWS\SYSTEM32\IPHLPAPI.DLL
0x00007ffc9dc00000 - 0x00007ffc9dc08000 	C:\WINDOWS\System32\NSI.dll
0x00007ffc939a0000 - 0x00007ffc939b7000 	C:\WINDOWS\SYSTEM32\dhcpcsvc6.DLL
0x00007ffc93d20000 - 0x00007ffc93d3d000 	C:\WINDOWS\SYSTEM32\dhcpcsvc.DLL
0x00007ffc9a660000 - 0x00007ffc9a72c000 	C:\WINDOWS\SYSTEM32\DNSAPI.dll
0x00007ffc93f00000 - 0x00007ffc93f0b000 	C:\WINDOWS\SYSTEM32\WINNSI.DLL
0x00007ffc9b450000 - 0x00007ffc9b483000 	C:\WINDOWS\SYSTEM32\ntmarta.dll

dbghelp: loaded successfully - version: 4.0.5 - missing functions: none
symbol engine: initialized successfully - sym options: 0x614 - pdb path: .;C:\Program Files\Android\Android Studio\jre\bin;C:\WINDOWS\SYSTEM32;C:\WINDOWS\WinSxS\amd64_microsoft.windows.common-controls_6595b64144ccf1df_6.0.19041.1110_none_60b5254171f9507e;C:\Program Files\Android\Android Studio\jre\bin\server;C:\Users\user\.gradle\native\fdc75f09e3144964f2cf3f50f0aa648679c211496f362492102eb8c894070792\windows-amd64;C:\Users\user\.gradle\native\12488b8bf47d2d4c9fbf2f6322a914ad602e24e48041cd04a747c6da556b65c4\windows-amd64

VM Arguments:
jvm_args: --add-opens=java.base/java.util=ALL-UNNAMED --add-opens=java.base/java.lang=ALL-UNNAMED --add-opens=java.base/java.lang.invoke=ALL-UNNAMED --add-opens=java.prefs/java.util.prefs=ALL-UNNAMED -Xmx2048m -Dfile.encoding=UTF-8 -Duser.country=US -Duser.language=en -Duser.variant 
java_command: org.gradle.launcher.daemon.bootstrap.GradleDaemon 6.7.1
java_class_path (initial): C:\Users\user\.gradle\wrapper\dists\gradle-6.7.1-all\2moa8rlfac5eqlcfgk98k0deb\gradle-6.7.1\lib\gradle-launcher-6.7.1.jar
Launcher Type: SUN_STANDARD

[Global flags]
     intx CICompilerCount                          = 3                                         {product} {ergonomic}
     uint ConcGCThreads                            = 1                                         {product} {ergonomic}
     uint G1ConcRefinementThreads                  = 4                                         {product} {ergonomic}
   size_t G1HeapRegionSize                         = 1048576                                   {product} {ergonomic}
    uintx GCDrainStackTargetSize                   = 64                                        {product} {ergonomic}
   size_t InitialHeapSize                          = 100663296                                 {product} {ergonomic}
   size_t MarkStackSize                            = 4194304                                   {product} {ergonomic}
   size_t MaxHeapSize                              = 2147483648                                {product} {command line}
   size_t MaxNewSize                               = 1287651328                                {product} {ergonomic}
   size_t MinHeapDeltaBytes                        = 1048576                                   {product} {ergonomic}
    uintx NonNMethodCodeHeapSize                   = 5830732                                {pd product} {ergonomic}
    uintx NonProfiledCodeHeapSize                  = 122913754                              {pd product} {ergonomic}
    uintx ProfiledCodeHeapSize                     = 122913754                              {pd product} {ergonomic}
    uintx ReservedCodeCacheSize                    = 251658240                              {pd product} {ergonomic}
     bool SegmentedCodeCache                       = true                                      {product} {ergonomic}
     bool UseCompressedClassPointers               = true                                 {lp64_product} {ergonomic}
     bool UseCompressedOops                        = true                                 {lp64_product} {ergonomic}
     bool UseG1GC                                  = true                                      {product} {ergonomic}
     bool UseLargePagesIndividualAllocation        = false                                  {pd product} {ergonomic}

Logging:
Log output configuration:
 #0: stdout all=warning uptime,level,tags
 #1: stderr all=off uptime,level,tags

Environment Variables:
JAVA_HOME=C:\Program Files\Java\jdk1.8.0_261
PATH=C:\Program Files (x86)\Common Files\Oracle\Java\javapath;C:\WINDOWS\system32;C:\WINDOWS;C:\WINDOWS\System32\Wbem;C:\WINDOWS\System32\WindowsPowerShell\v1.0\;C:\apache-maven-3.5.3\bin;C:\Program Files\Java\jdk-14.0.1;C:\Program Files (x86)\scala\bin;D:\Learn\Testing\SoapUI\Udemy\SampleProject\axis2-1.6.2\bin;C:\WINDOWS\System32\OpenSSH\;D:\Learn\Training\Install\WindowsGCCInstall\bin;C:\Program Files\Git\cmd;C:\Program Files\MySQL\MySQL Shell 8.0\bin\;C:\Users\user\AppData\Local\Microsoft\WindowsApps;D:\Install\gradle\gradle-4.7\bin;C:\Program Files\Java\jdk1.8.0_261\bin;
USERNAME=user
OS=Windows_NT
PROCESSOR_IDENTIFIER=Intel64 Family 6 Model 42 Stepping 7, GenuineIntel



---------------  S Y S T E M  ---------------

OS: Windows 10 , 64 bit Build 19041 (10.0.19041.1023)
OS uptime: 3 days 0:00 hours

CPU:total 4 (initial active 4) (2 cores per cpu, 2 threads per core) family 6 model 42 stepping 7, cmov, cx8, fxsr, mmx, sse, sse2, sse3, ssse3, sse4.1, sse4.2, popcnt, avx, aes, clmul, ht, tsc, tscinvbit

Memory: 4k page, system-wide physical 6038M (764M free)
TotalPageFile size 12182M (AvailPageFile size 4567M)
current process WorkingSet (physical memory assigned to process): 486M, peak: 486M
current process commit charge ("private bytes"): 520M, peak: 520M

vm_info: OpenJDK 64-Bit Server VM (11.0.8+10-b944.6842174) for windows-amd64 JRE (11.0.8+10-b944.6842174), built on Sep 19 2020 01:11:42 by "builder" with MS VC++ 14.0 (VS2015)

END.
