#
# A fatal error has been detected by the Java Runtime Environment:
#
#  Internal Error (./src/hotspot/share/opto/machnode.cpp:90), pid=6788, tid=7808
#  Error: ShouldNotCall()
#
# JRE version: OpenJDK Runtime Environment (11.0.8+10) (build 11.0.8+10-b944.6842174)
# Java VM: OpenJDK 64-Bit Server VM (11.0.8+10-b944.6842174, mixed mode, tiered, compressed oops, g1 gc, windows-amd64)
# No core dump will be written. Minidumps are not enabled by default on client versions of Windows
#
# If you would like to submit a bug report, please visit:
#   https://bugreport.java.com/bugreport/crash.jsp
#

---------------  S U M M A R Y ------------

Command Line: --add-opens=java.base/java.util=ALL-UNNAMED --add-opens=java.base/java.lang=ALL-UNNAMED --add-opens=java.base/java.lang.invoke=ALL-UNNAMED --add-opens=java.prefs/java.util.prefs=ALL-UNNAMED -Xmx2048m -Dfile.encoding=UTF-8 -Duser.country=US -Duser.language=en -Duser.variant org.gradle.launcher.daemon.bootstrap.GradleDaemon 6.7.1

Host: Intel(R) Core(TM) i5-2430M CPU @ 2.40GHz, 4 cores, 5G,  Windows 10 , 64 bit Build 19041 (10.0.19041.1023)
Time: Mon Aug  2 18:55:27 2021 India Standard Time elapsed time: 118 seconds (0d 0h 1m 58s)

---------------  T H R E A D  ---------------

Current thread (0x0000023f3a739800):  JavaThread "C2 CompilerThread1" daemon [_thread_in_native, id=7808, stack(0x0000005ca5a00000,0x0000005ca5b00000)]


Current CompileTask:
C2: 118516 17722 %     4       com.android.tools.r8.ir.regalloc.a::a @ 615 (4001 bytes)

Stack: [0x0000005ca5a00000,0x0000005ca5b00000]
Native frames: (J=compiled Java code, j=interpreted, Vv=VM code, C=native code)
V  [jvm.dll+0x5de50a]
V  [jvm.dll+0x7122f5]
V  [jvm.dll+0x71384d]
V  [jvm.dll+0x713eb7]
V  [jvm.dll+0x23e67c]
V  [jvm.dll+0x23e5b3]
V  [jvm.dll+0x515c95]
V  [jvm.dll+0x34f018]
V  [jvm.dll+0x193ef0]
V  [jvm.dll+0x1f780e]
V  [jvm.dll+0x1f68d4]
V  [jvm.dll+0x17f32c]
V  [jvm.dll+0x205047]
V  [jvm.dll+0x203891]
V  [jvm.dll+0x6dad3f]
V  [jvm.dll+0x6d3895]
V  [jvm.dll+0x5dd4a6]
C  [ucrtbase.dll+0x21bb2]
C  [KERNEL32.DLL+0x17034]
C  [ntdll.dll+0x52651]


---------------  P R O C E S S  ---------------

Threads class SMR info:
_java_thread_list=0x0000023f35fc1ab0, length=51, elements={
0x0000023f178af800, 0x0000023f31302800, 0x0000023f31304000, 0x0000023f31cb2800,
0x0000023f31321800, 0x0000023f31323000, 0x0000023f3132a800, 0x0000023f3132c000,
0x0000023f31dcf800, 0x0000023f31de0800, 0x0000023f333d6800, 0x0000023f32b13800,
0x0000023f31ef6000, 0x0000023f32ed8000, 0x0000023f32eba000, 0x0000023f32e68800,
0x0000023f32fb0800, 0x0000023f32f72800, 0x0000023f33611000, 0x0000023f33713800,
0x0000023f33716800, 0x0000023f33718000, 0x0000023f33714000, 0x0000023f33716000,
0x0000023f33715000, 0x0000023f33717800, 0x0000023f33712800, 0x0000023f3751e800,
0x0000023f37520000, 0x0000023f3751c000, 0x0000023f37521000, 0x0000023f37521800,
0x0000023f37522800, 0x0000023f363e7800, 0x0000023f363e3800, 0x0000023f363e5800,
0x0000023f363e6800, 0x0000023f363e5000, 0x0000023f363e1800, 0x0000023f363e8000,
0x0000023f363e4000, 0x0000023f363e2800, 0x0000023f3a9bb000, 0x0000023f3a9bc000,
0x0000023f3a9b8800, 0x0000023f3a9b6800, 0x0000023f3a9b9800, 0x0000023f3a9ba800,
0x0000023f3a9bd000, 0x0000023f3a739800, 0x0000023f3a9c4000
}

Java Threads: ( => current thread )
  0x0000023f178af800 JavaThread "main" [_thread_blocked, id=5488, stack(0x0000005ca5d00000,0x0000005ca5e00000)]
  0x0000023f31302800 JavaThread "Reference Handler" daemon [_thread_blocked, id=2916, stack(0x0000005ca6400000,0x0000005ca6500000)]
  0x0000023f31304000 JavaThread "Finalizer" daemon [_thread_blocked, id=1720, stack(0x0000005ca6500000,0x0000005ca6600000)]
  0x0000023f31cb2800 JavaThread "Signal Dispatcher" daemon [_thread_blocked, id=8796, stack(0x0000005ca6600000,0x0000005ca6700000)]
  0x0000023f31321800 JavaThread "Attach Listener" daemon [_thread_blocked, id=1648, stack(0x0000005ca6700000,0x0000005ca6800000)]
  0x0000023f31323000 JavaThread "C2 CompilerThread0" daemon [_thread_in_native, id=4808, stack(0x0000005ca6800000,0x0000005ca6900000)]
  0x0000023f3132a800 JavaThread "C1 CompilerThread0" daemon [_thread_in_native_trans, id=2056, stack(0x0000005ca6900000,0x0000005ca6a00000)]
  0x0000023f3132c000 JavaThread "Sweeper thread" daemon [_thread_blocked, id=8560, stack(0x0000005ca6a00000,0x0000005ca6b00000)]
  0x0000023f31dcf800 JavaThread "Common-Cleaner" daemon [_thread_blocked, id=9824, stack(0x0000005ca6b00000,0x0000005ca6c00000)]
  0x0000023f31de0800 JavaThread "Service Thread" daemon [_thread_blocked, id=8184, stack(0x0000005ca6c00000,0x0000005ca6d00000)]
  0x0000023f333d6800 JavaThread "Daemon health stats" [_thread_blocked, id=5116, stack(0x0000005ca7000000,0x0000005ca7100000)]
  0x0000023f32b13800 JavaThread "Incoming local TCP Connector on port 58793" [_thread_in_native, id=8004, stack(0x0000005ca7200000,0x0000005ca7300000)]
  0x0000023f31ef6000 JavaThread "Daemon periodic checks" [_thread_blocked, id=8320, stack(0x0000005ca7300000,0x0000005ca7400000)]
  0x0000023f32ed8000 JavaThread "Daemon" [_thread_blocked, id=10668, stack(0x0000005ca7400000,0x0000005ca7500000)]
  0x0000023f32eba000 JavaThread "Handler for socket connection from /127.0.0.1:58793 to /127.0.0.1:58794" [_thread_in_native, id=5980, stack(0x0000005ca7500000,0x0000005ca7600000)]
  0x0000023f32e68800 JavaThread "Cancel handler" [_thread_blocked, id=7704, stack(0x0000005ca7600000,0x0000005ca7700000)]
  0x0000023f32fb0800 JavaThread "Daemon worker" [_thread_blocked, id=7604, stack(0x0000005ca7700000,0x0000005ca7800000)]
  0x0000023f32f72800 JavaThread "Asynchronous log dispatcher for DefaultDaemonConnection: socket connection from /127.0.0.1:58793 to /127.0.0.1:58794" [_thread_blocked, id=9496, stack(0x0000005ca7800000,0x0000005ca7900000)]
  0x0000023f33611000 JavaThread "Thread-8" [_thread_blocked, id=11176, stack(0x0000005ca7a00000,0x0000005ca7b00000)]
  0x0000023f33713800 JavaThread "Cache worker for file hash cache (C:\Users\user\.gradle\caches\6.7.1\fileHashes)" [_thread_blocked, id=9664, stack(0x0000005ca7e00000,0x0000005ca7f00000)]
  0x0000023f33716800 JavaThread "File lock request listener" [_thread_in_native, id=1752, stack(0x0000005ca7f00000,0x0000005ca8000000)]
  0x0000023f33718000 JavaThread "Cache worker for journal cache (C:\Users\user\.gradle\caches\journal-1)" [_thread_blocked, id=120, stack(0x0000005ca8000000,0x0000005ca8100000)]
  0x0000023f33714000 JavaThread "Cache worker for file hash cache (C:\Users\user\AndroidStudioProjects\TeluguMovieQuiz\.gradle\6.7.1\fileHashes)" [_thread_blocked, id=9972, stack(0x0000005ca8100000,0x0000005ca8200000)]
  0x0000023f33716000 JavaThread "Cache worker for checksums cache (C:\Users\user\AndroidStudioProjects\TeluguMovieQuiz\.gradle\checksums)" [_thread_blocked, id=3148, stack(0x0000005ca8200000,0x0000005ca8300000)]
  0x0000023f33715000 JavaThread "Cache worker for cache directory md-supplier (C:\Users\user\.gradle\caches\6.7.1\md-supplier)" [_thread_blocked, id=380, stack(0x0000005ca8300000,0x0000005ca8400000)]
  0x0000023f33717800 JavaThread "Cache worker for cache directory md-rule (C:\Users\user\.gradle\caches\6.7.1\md-rule)" [_thread_blocked, id=2548, stack(0x0000005ca8400000,0x0000005ca8500000)]
  0x0000023f33712800 JavaThread "Cache worker for execution history cache (C:\Users\user\.gradle\caches\6.7.1\executionHistory)" [_thread_blocked, id=11036, stack(0x0000005ca8500000,0x0000005ca8600000)]
  0x0000023f3751e800 JavaThread "Cache worker for file content cache (C:\Users\user\.gradle\caches\6.7.1\fileContent)" [_thread_blocked, id=7436, stack(0x0000005ca8700000,0x0000005ca8800000)]
  0x0000023f37520000 JavaThread "Cache worker for Build Output Cleanup Cache (C:\Users\user\AndroidStudioProjects\TeluguMovieQuiz\.gradle\buildOutputCleanup)" [_thread_blocked, id=11080, stack(0x0000005ca8800000,0x0000005ca8900000)]
  0x0000023f3751c000 JavaThread "Build operations" [_thread_blocked, id=2284, stack(0x0000005ca8900000,0x0000005ca8a00000)]
  0x0000023f37521000 JavaThread "Build operations Thread 2" [_thread_blocked, id=5920, stack(0x0000005ca8a00000,0x0000005ca8b00000)]
  0x0000023f37521800 JavaThread "Build operations Thread 3" [_thread_blocked, id=7256, stack(0x0000005ca8b00000,0x0000005ca8c00000)]
  0x0000023f37522800 JavaThread "Build operations Thread 4" [_thread_blocked, id=10224, stack(0x0000005ca8c00000,0x0000005ca8d00000)]
  0x0000023f363e7800 JavaThread "Memory manager" [_thread_blocked, id=10772, stack(0x0000005caed00000,0x0000005caee00000)]
  0x0000023f363e3800 JavaThread "build event listener" [_thread_blocked, id=6532, stack(0x0000005caee00000,0x0000005caef00000)]
  0x0000023f363e5800 JavaThread "build event listener" [_thread_blocked, id=6464, stack(0x0000005caef00000,0x0000005caf000000)]
  0x0000023f363e6800 JavaThread "Execution worker for ':'" [_thread_blocked, id=9796, stack(0x0000005caf000000,0x0000005caf100000)]
  0x0000023f363e5000 JavaThread "Execution worker for ':' Thread 2" [_thread_blocked, id=6180, stack(0x0000005caf100000,0x0000005caf200000)]
  0x0000023f363e1800 JavaThread "Execution worker for ':' Thread 3" [_thread_blocked, id=9180, stack(0x0000005caf200000,0x0000005caf300000)]
  0x0000023f363e8000 JavaThread "Cache worker for execution history cache (C:\Users\user\AndroidStudioProjects\TeluguMovieQuiz\.gradle\6.7.1\executionHistory)" [_thread_blocked, id=2504, stack(0x0000005caf300000,0x0000005caf400000)]
  0x0000023f363e4000 JavaThread "WorkerExecutor Queue" [_thread_in_native, id=10004, stack(0x0000005caf500000,0x0000005caf600000)]
  0x0000023f363e2800 JavaThread "WorkerExecutor Queue Thread 2" [_thread_in_Java, id=10220, stack(0x0000005caf600000,0x0000005caf700000)]
  0x0000023f3a9bb000 JavaThread "WorkerExecutor Queue Thread 4" [_thread_in_native, id=9568, stack(0x0000005caf800000,0x0000005caf900000)]
  0x0000023f3a9bc000 JavaThread "WorkerExecutor Queue Thread 5" [_thread_blocked, id=11260, stack(0x0000005caf700000,0x0000005caf800000)]
  0x0000023f3a9b8800 JavaThread "pool-4-thread-1" [_thread_blocked, id=1272, stack(0x0000005caf900000,0x0000005cafa00000)]
  0x0000023f3a9b6800 JavaThread "stderr" [_thread_in_native, id=9944, stack(0x0000005ca7b00000,0x0000005ca7c00000)]
  0x0000023f3a9b9800 JavaThread "stdout" [_thread_in_native, id=10368, stack(0x0000005cafa00000,0x0000005cafb00000)]
  0x0000023f3a9ba800 JavaThread "Cache worker for Java compile cache (C:\Users\user\.gradle\caches\6.7.1\javaCompile)" [_thread_blocked, id=10972, stack(0x0000005ca5b00000,0x0000005ca5c00000)]
  0x0000023f3a9bd000 JavaThread "Cache worker for Java compile cache (C:\Users\user\AndroidStudioProjects\TeluguMovieQuiz\.gradle\6.7.1\javaCompile)" [_thread_blocked, id=10460, stack(0x0000005ca5c00000,0x0000005ca5d00000)]
=>0x0000023f3a739800 JavaThread "C2 CompilerThread1" daemon [_thread_in_native, id=7808, stack(0x0000005ca5a00000,0x0000005ca5b00000)]
  0x0000023f3a9c4000 JavaThread "WorkerExecutor Queue Thread 7" [_thread_in_native, id=9716, stack(0x0000005ca7900000,0x0000005ca7a00000)]

Other Threads:
  0x0000023f312ff000 VMThread "VM Thread" [stack: 0x0000005ca6300000,0x0000005ca6400000] [id=10636]
  0x0000023f31de1000 WatcherThread [stack: 0x0000005ca6d00000,0x0000005ca6e00000] [id=5720]
  0x0000023f178c2800 GCTaskThread "GC Thread#0" [stack: 0x0000005ca5e00000,0x0000005ca5f00000] [id=7304]
  0x0000023f32302000 GCTaskThread "GC Thread#1" [stack: 0x0000005ca6f00000,0x0000005ca7000000] [id=232]
  0x0000023f33610000 GCTaskThread "GC Thread#2" [stack: 0x0000005ca7c00000,0x0000005ca7d00000] [id=10252]
  0x0000023f33df7000 GCTaskThread "GC Thread#3" [stack: 0x0000005ca7d00000,0x0000005ca7e00000] [id=4276]
  0x0000023f178f2800 ConcurrentGCThread "G1 Main Marker" [stack: 0x0000005ca5f00000,0x0000005ca6000000] [id=10756]
  0x0000023f178f4800 ConcurrentGCThread "G1 Conc#0" [stack: 0x0000005ca6000000,0x0000005ca6100000] [id=11160]
  0x0000023f17966800 ConcurrentGCThread "G1 Refine#0" [stack: 0x0000005ca6100000,0x0000005ca6200000] [id=4344]
  0x0000023f3a043800 ConcurrentGCThread "G1 Refine#1" [stack: 0x0000005caf400000,0x0000005caf500000] [id=8848]
  0x0000023f17967800 ConcurrentGCThread "G1 Young RemSet Sampling" [stack: 0x0000005ca6200000,0x0000005ca6300000] [id=692]

Threads with active compile tasks:
C2 CompilerThread0 118631 18234 %     4       com.android.tools.r8.dex.n::m @ 64 (2054 bytes)
C1 CompilerThread0 118631 18396 %     3       com.android.tools.r8.dex.n::a @ 315 (913 bytes)
C2 CompilerThread1 118631 17722 %     4       com.android.tools.r8.ir.regalloc.a::a @ 615 (4001 bytes)

VM state:not at safepoint (normal execution)

VM Mutex/Monitor currently owned by a thread: None

Heap address: 0x0000000080000000, size: 2048 MB, Compressed Oops mode: 32-bit
Narrow klass base: 0x0000000000000000, Narrow klass shift: 3
Compressed class space size: 1073741824 Address: 0x0000000100000000

Heap:
 garbage-first heap   total 206848K, used 144629K [0x0000000080000000, 0x0000000100000000)
  region size 1024K, 48 young (49152K), 2 survivors (2048K)
 Metaspace       used 112190K, capacity 115017K, committed 115276K, reserved 1148928K
  class space    used 13903K, capacity 14906K, committed 14924K, reserved 1048576K
Heap Regions: E=young(eden), S=young(survivor), O=old, HS=humongous(starts), HC=humongous(continues), CS=collection set, F=free, A=archive, TAMS=top-at-mark-start (previous, next)
|   0|0x0000000080000000, 0x0000000080100000, 0x0000000080100000|100%| O|  |TAMS 0x0000000080100000, 0x0000000080000000| Untracked 
|   1|0x0000000080100000, 0x0000000080200000, 0x0000000080200000|100%| O|  |TAMS 0x0000000080200000, 0x0000000080100000| Untracked 
|   2|0x0000000080200000, 0x0000000080300000, 0x0000000080300000|100%| O|  |TAMS 0x0000000080300000, 0x0000000080200000| Untracked 
|   3|0x0000000080300000, 0x0000000080400000, 0x0000000080400000|100%|HS|  |TAMS 0x0000000080400000, 0x0000000080300000| Complete 
|   4|0x0000000080400000, 0x0000000080500000, 0x0000000080500000|100%|HC|  |TAMS 0x0000000080500000, 0x0000000080400000| Complete 
|   5|0x0000000080500000, 0x0000000080600000, 0x0000000080600000|100%|HC|  |TAMS 0x0000000080600000, 0x0000000080500000| Complete 
|   6|0x0000000080600000, 0x0000000080700000, 0x0000000080700000|100%| O|  |TAMS 0x0000000080700000, 0x0000000080600000| Untracked 
|   7|0x0000000080700000, 0x0000000080800000, 0x0000000080800000|100%| O|  |TAMS 0x0000000080800000, 0x0000000080700000| Untracked 
|   8|0x0000000080800000, 0x0000000080900000, 0x0000000080900000|100%| O|  |TAMS 0x0000000080900000, 0x0000000080800000| Untracked 
|   9|0x0000000080900000, 0x0000000080a00000, 0x0000000080a00000|100%| O|  |TAMS 0x0000000080a00000, 0x0000000080900000| Untracked 
|  10|0x0000000080a00000, 0x0000000080b00000, 0x0000000080b00000|100%| O|  |TAMS 0x0000000080b00000, 0x0000000080a00000| Untracked 
|  11|0x0000000080b00000, 0x0000000080c00000, 0x0000000080c00000|100%| O|  |TAMS 0x0000000080c00000, 0x0000000080b00000| Untracked 
|  12|0x0000000080c00000, 0x0000000080d00000, 0x0000000080d00000|100%| O|  |TAMS 0x0000000080d00000, 0x0000000080c00000| Untracked 
|  13|0x0000000080d00000, 0x0000000080e00000, 0x0000000080e00000|100%| O|  |TAMS 0x0000000080e00000, 0x0000000080d00000| Untracked 
|  14|0x0000000080e00000, 0x0000000080f00000, 0x0000000080f00000|100%| O|  |TAMS 0x0000000080f00000, 0x0000000080e00000| Untracked 
|  15|0x0000000080f00000, 0x0000000081000000, 0x0000000081000000|100%| O|  |TAMS 0x0000000081000000, 0x0000000080f00000| Untracked 
|  16|0x0000000081000000, 0x0000000081100000, 0x0000000081100000|100%| O|  |TAMS 0x0000000081100000, 0x0000000081000000| Untracked 
|  17|0x0000000081100000, 0x0000000081200000, 0x0000000081200000|100%| O|  |TAMS 0x0000000081200000, 0x0000000081100000| Untracked 
|  18|0x0000000081200000, 0x0000000081300000, 0x0000000081300000|100%| O|  |TAMS 0x0000000081300000, 0x0000000081200000| Untracked 
|  19|0x0000000081300000, 0x0000000081400000, 0x0000000081400000|100%| O|  |TAMS 0x0000000081400000, 0x0000000081300000| Untracked 
|  20|0x0000000081400000, 0x0000000081500000, 0x0000000081500000|100%| O|  |TAMS 0x0000000081500000, 0x0000000081400000| Untracked 
|  21|0x0000000081500000, 0x0000000081600000, 0x0000000081600000|100%| O|  |TAMS 0x0000000081600000, 0x0000000081500000| Untracked 
|  22|0x0000000081600000, 0x0000000081700000, 0x0000000081700000|100%|HS|  |TAMS 0x0000000081700000, 0x0000000081600000| Complete 
|  23|0x0000000081700000, 0x0000000081800000, 0x0000000081800000|100%|HS|  |TAMS 0x0000000081800000, 0x0000000081700000| Complete 
|  24|0x0000000081800000, 0x0000000081900000, 0x0000000081900000|100%|HC|  |TAMS 0x0000000081900000, 0x0000000081800000| Complete 
|  25|0x0000000081900000, 0x0000000081a00000, 0x0000000081a00000|100%| O|  |TAMS 0x0000000081a00000, 0x0000000081900000| Untracked 
|  26|0x0000000081a00000, 0x0000000081b00000, 0x0000000081b00000|100%| O|  |TAMS 0x0000000081b00000, 0x0000000081a00000| Untracked 
|  27|0x0000000081b00000, 0x0000000081c00000, 0x0000000081c00000|100%| O|  |TAMS 0x0000000081c00000, 0x0000000081b00000| Untracked 
|  28|0x0000000081c00000, 0x0000000081d00000, 0x0000000081d00000|100%| O|  |TAMS 0x0000000081d00000, 0x0000000081c00000| Untracked 
|  29|0x0000000081d00000, 0x0000000081e00000, 0x0000000081e00000|100%| O|  |TAMS 0x0000000081e00000, 0x0000000081d00000| Untracked 
|  30|0x0000000081e00000, 0x0000000081f00000, 0x0000000081f00000|100%| O|  |TAMS 0x0000000081f00000, 0x0000000081e00000| Untracked 
|  31|0x0000000081f00000, 0x0000000082000000, 0x0000000082000000|100%| O|  |TAMS 0x0000000082000000, 0x0000000081f00000| Untracked 
|  32|0x0000000082000000, 0x0000000082100000, 0x0000000082100000|100%| O|  |TAMS 0x0000000082100000, 0x0000000082000000| Untracked 
|  33|0x0000000082100000, 0x0000000082200000, 0x0000000082200000|100%| O|  |TAMS 0x0000000082200000, 0x0000000082100000| Untracked 
|  34|0x0000000082200000, 0x0000000082300000, 0x0000000082300000|100%| O|  |TAMS 0x0000000082300000, 0x0000000082200000| Untracked 
|  35|0x0000000082300000, 0x0000000082400000, 0x0000000082400000|100%| O|  |TAMS 0x0000000082400000, 0x0000000082300000| Untracked 
|  36|0x0000000082400000, 0x0000000082500000, 0x0000000082500000|100%| O|  |TAMS 0x0000000082500000, 0x0000000082400000| Untracked 
|  37|0x0000000082500000, 0x0000000082600000, 0x0000000082600000|100%| O|  |TAMS 0x0000000082600000, 0x0000000082500000| Untracked 
|  38|0x0000000082600000, 0x0000000082700000, 0x0000000082700000|100%| O|  |TAMS 0x0000000082700000, 0x0000000082600000| Untracked 
|  39|0x0000000082700000, 0x0000000082800000, 0x0000000082800000|100%| O|  |TAMS 0x0000000082800000, 0x0000000082700000| Untracked 
|  40|0x0000000082800000, 0x0000000082900000, 0x0000000082900000|100%| O|  |TAMS 0x0000000082900000, 0x0000000082800000| Untracked 
|  41|0x0000000082900000, 0x0000000082a00000, 0x0000000082a00000|100%| O|  |TAMS 0x0000000082a00000, 0x0000000082900000| Untracked 
|  42|0x0000000082a00000, 0x0000000082b00000, 0x0000000082b00000|100%| O|  |TAMS 0x0000000082b00000, 0x0000000082a00000| Untracked 
|  43|0x0000000082b00000, 0x0000000082c00000, 0x0000000082c00000|100%| O|  |TAMS 0x0000000082c00000, 0x0000000082b00000| Untracked 
|  44|0x0000000082c00000, 0x0000000082d00000, 0x0000000082d00000|100%| O|  |TAMS 0x0000000082d00000, 0x0000000082c00000| Untracked 
|  45|0x0000000082d00000, 0x0000000082e00000, 0x0000000082e00000|100%| O|  |TAMS 0x0000000082e00000, 0x0000000082d00000| Untracked 
|  46|0x0000000082e00000, 0x0000000082f00000, 0x0000000082f00000|100%| O|  |TAMS 0x0000000082f00000, 0x0000000082e00000| Untracked 
|  47|0x0000000082f00000, 0x0000000083000000, 0x0000000083000000|100%| O|  |TAMS 0x0000000083000000, 0x0000000082f00000| Untracked 
|  48|0x0000000083000000, 0x0000000083100000, 0x0000000083100000|100%| O|  |TAMS 0x0000000083100000, 0x0000000083000000| Untracked 
|  49|0x0000000083100000, 0x0000000083200000, 0x0000000083200000|100%| O|  |TAMS 0x0000000083200000, 0x0000000083100000| Untracked 
|  50|0x0000000083200000, 0x0000000083300000, 0x0000000083300000|100%| O|  |TAMS 0x0000000083300000, 0x0000000083200000| Untracked 
|  51|0x0000000083300000, 0x0000000083400000, 0x0000000083400000|100%| O|  |TAMS 0x0000000083400000, 0x0000000083300000| Untracked 
|  52|0x0000000083400000, 0x0000000083500000, 0x0000000083500000|100%| O|  |TAMS 0x0000000083500000, 0x0000000083400000| Untracked 
|  53|0x0000000083500000, 0x0000000083600000, 0x0000000083600000|100%| O|  |TAMS 0x0000000083600000, 0x0000000083500000| Untracked 
|  54|0x0000000083600000, 0x0000000083700000, 0x0000000083700000|100%| O|  |TAMS 0x0000000083700000, 0x0000000083600000| Untracked 
|  55|0x0000000083700000, 0x0000000083800000, 0x0000000083800000|100%| O|  |TAMS 0x0000000083800000, 0x0000000083700000| Untracked 
|  56|0x0000000083800000, 0x0000000083900000, 0x0000000083900000|100%| O|  |TAMS 0x0000000083800000, 0x0000000083800000| Untracked 
|  57|0x0000000083900000, 0x0000000083a00000, 0x0000000083a00000|100%|HS|  |TAMS 0x0000000083900000, 0x0000000083900000| Complete 
|  58|0x0000000083a00000, 0x0000000083a00000, 0x0000000083b00000|  0%| F|  |TAMS 0x0000000083a00000, 0x0000000083a00000| Untracked 
|  59|0x0000000083b00000, 0x0000000083b00000, 0x0000000083c00000|  0%| F|  |TAMS 0x0000000083b00000, 0x0000000083b00000| Untracked 
|  60|0x0000000083c00000, 0x0000000083d00000, 0x0000000083d00000|100%| O|  |TAMS 0x0000000083d00000, 0x0000000083c00000| Untracked 
|  61|0x0000000083d00000, 0x0000000083e00000, 0x0000000083e00000|100%| O|  |TAMS 0x0000000083e00000, 0x0000000083d00000| Untracked 
|  62|0x0000000083e00000, 0x0000000083e00000, 0x0000000083f00000|  0%| F|  |TAMS 0x0000000083e00000, 0x0000000083e00000| Untracked 
|  63|0x0000000083f00000, 0x0000000083f00000, 0x0000000084000000|  0%| F|  |TAMS 0x0000000083f00000, 0x0000000083f00000| Untracked 
|  64|0x0000000084000000, 0x0000000084100000, 0x0000000084100000|100%| O|  |TAMS 0x0000000084000000, 0x0000000084000000| Untracked 
|  65|0x0000000084100000, 0x0000000084100000, 0x0000000084200000|  0%| F|  |TAMS 0x0000000084100000, 0x0000000084100000| Untracked 
|  66|0x0000000084200000, 0x0000000084300000, 0x0000000084300000|100%| O|  |TAMS 0x0000000084300000, 0x0000000084200000| Untracked 
|  67|0x0000000084300000, 0x0000000084400000, 0x0000000084400000|100%| O|  |TAMS 0x0000000084400000, 0x0000000084300000| Untracked 
|  68|0x0000000084400000, 0x0000000084500000, 0x0000000084500000|100%| O|  |TAMS 0x0000000084500000, 0x0000000084400000| Untracked 
|  69|0x0000000084500000, 0x0000000084600000, 0x0000000084600000|100%| O|  |TAMS 0x0000000084600000, 0x0000000084500000| Untracked 
|  70|0x0000000084600000, 0x0000000084700000, 0x0000000084700000|100%| O|  |TAMS 0x0000000084700000, 0x0000000084600000| Untracked 
|  71|0x0000000084700000, 0x0000000084800000, 0x0000000084800000|100%| O|  |TAMS 0x0000000084800000, 0x0000000084700000| Untracked 
|  72|0x0000000084800000, 0x0000000084900000, 0x0000000084900000|100%| O|  |TAMS 0x0000000084900000, 0x0000000084800000| Untracked 
|  73|0x0000000084900000, 0x0000000084a00000, 0x0000000084a00000|100%| O|  |TAMS 0x0000000084a00000, 0x0000000084900000| Untracked 
|  74|0x0000000084a00000, 0x0000000084b00000, 0x0000000084b00000|100%| O|  |TAMS 0x0000000084b00000, 0x0000000084a00000| Untracked 
|  75|0x0000000084b00000, 0x0000000084c00000, 0x0000000084c00000|100%| O|  |TAMS 0x0000000084c00000, 0x0000000084b00000| Untracked 
|  76|0x0000000084c00000, 0x0000000084d00000, 0x0000000084d00000|100%| O|  |TAMS 0x0000000084d00000, 0x0000000084c00000| Untracked 
|  77|0x0000000084d00000, 0x0000000084e00000, 0x0000000084e00000|100%|HS|  |TAMS 0x0000000084e00000, 0x0000000084d00000| Complete 
|  78|0x0000000084e00000, 0x0000000084f00000, 0x0000000084f00000|100%|HC|  |TAMS 0x0000000084f00000, 0x0000000084e00000| Complete 
|  79|0x0000000084f00000, 0x0000000085000000, 0x0000000085000000|100%| O|  |TAMS 0x0000000085000000, 0x0000000084f00000| Untracked 
|  80|0x0000000085000000, 0x0000000085100000, 0x0000000085100000|100%| O|  |TAMS 0x0000000085100000, 0x0000000085000000| Untracked 
|  81|0x0000000085100000, 0x0000000085200000, 0x0000000085200000|100%| O|  |TAMS 0x0000000085200000, 0x0000000085100000| Untracked 
|  82|0x0000000085200000, 0x0000000085300000, 0x0000000085300000|100%| O|  |TAMS 0x0000000085300000, 0x0000000085200000| Untracked 
|  83|0x0000000085300000, 0x0000000085400000, 0x0000000085400000|100%| O|  |TAMS 0x0000000085400000, 0x0000000085300000| Untracked 
|  84|0x0000000085400000, 0x0000000085500000, 0x0000000085500000|100%| O|  |TAMS 0x0000000085500000, 0x0000000085400000| Untracked 
|  85|0x0000000085500000, 0x0000000085500000, 0x0000000085600000|  0%| F|  |TAMS 0x0000000085500000, 0x0000000085500000| Untracked 
|  86|0x0000000085600000, 0x0000000085700000, 0x0000000085700000|100%| O|  |TAMS 0x0000000085600000, 0x0000000085600000| Untracked 
|  87|0x0000000085700000, 0x00000000857cd400, 0x0000000085800000| 80%| O|  |TAMS 0x0000000085700000, 0x0000000085700000| Untracked 
|  88|0x0000000085800000, 0x0000000085800000, 0x0000000085900000|  0%| F|  |TAMS 0x0000000085800000, 0x0000000085800000| Untracked 
|  89|0x0000000085900000, 0x0000000085900000, 0x0000000085a00000|  0%| F|  |TAMS 0x0000000085900000, 0x0000000085900000| Untracked 
|  90|0x0000000085a00000, 0x0000000085b00000, 0x0000000085b00000|100%| O|  |TAMS 0x0000000085b00000, 0x0000000085a00000| Untracked 
|  91|0x0000000085b00000, 0x0000000085c00000, 0x0000000085c00000|100%| O|  |TAMS 0x0000000085c00000, 0x0000000085b00000| Untracked 
|  92|0x0000000085c00000, 0x0000000085c00000, 0x0000000085d00000|  0%| F|  |TAMS 0x0000000085c00000, 0x0000000085c00000| Untracked 
|  93|0x0000000085d00000, 0x0000000085e00000, 0x0000000085e00000|100%| O|  |TAMS 0x0000000085e00000, 0x0000000085d00000| Untracked 
|  94|0x0000000085e00000, 0x0000000085f00000, 0x0000000085f00000|100%| O|  |TAMS 0x0000000085f00000, 0x0000000085e00000| Untracked 
|  95|0x0000000085f00000, 0x0000000086000000, 0x0000000086000000|100%| O|  |TAMS 0x0000000086000000, 0x0000000085f00000| Untracked 
|  96|0x0000000086000000, 0x0000000086100000, 0x0000000086100000|100%| O|  |TAMS 0x0000000086100000, 0x0000000086000000| Untracked 
|  97|0x0000000086100000, 0x0000000086200000, 0x0000000086200000|100%| O|  |TAMS 0x0000000086200000, 0x0000000086100000| Untracked 
|  98|0x0000000086200000, 0x0000000086200000, 0x0000000086300000|  0%| F|  |TAMS 0x0000000086200000, 0x0000000086200000| Untracked 
|  99|0x0000000086300000, 0x0000000086300000, 0x0000000086400000|  0%| F|  |TAMS 0x0000000086300000, 0x0000000086300000| Untracked 
| 100|0x0000000086400000, 0x0000000086400000, 0x0000000086500000|  0%| F|  |TAMS 0x0000000086400000, 0x0000000086400000| Untracked 
| 101|0x0000000086500000, 0x0000000086500000, 0x0000000086600000|  0%| F|  |TAMS 0x0000000086500000, 0x0000000086500000| Untracked 
| 102|0x0000000086600000, 0x0000000086600000, 0x0000000086700000|  0%| F|  |TAMS 0x0000000086600000, 0x0000000086600000| Untracked 
| 103|0x0000000086700000, 0x0000000086700000, 0x0000000086800000|  0%| F|  |TAMS 0x0000000086700000, 0x0000000086700000| Untracked 
| 104|0x0000000086800000, 0x0000000086800000, 0x0000000086900000|  0%| F|  |TAMS 0x0000000086800000, 0x0000000086800000| Untracked 
| 105|0x0000000086900000, 0x0000000086900000, 0x0000000086a00000|  0%| F|  |TAMS 0x0000000086900000, 0x0000000086900000| Untracked 
| 106|0x0000000086a00000, 0x0000000086a00000, 0x0000000086b00000|  0%| F|  |TAMS 0x0000000086a00000, 0x0000000086a00000| Untracked 
| 107|0x0000000086b00000, 0x0000000086c00000, 0x0000000086c00000|100%| O|  |TAMS 0x0000000086c00000, 0x0000000086b00000| Untracked 
| 108|0x0000000086c00000, 0x0000000086c00000, 0x0000000086d00000|  0%| F|  |TAMS 0x0000000086c00000, 0x0000000086c00000| Untracked 
| 109|0x0000000086d00000, 0x0000000086e00000, 0x0000000086e00000|100%| O|  |TAMS 0x0000000086e00000, 0x0000000086d00000| Untracked 
| 110|0x0000000086e00000, 0x0000000086f00000, 0x0000000086f00000|100%| O|  |TAMS 0x0000000086f00000, 0x0000000086e00000| Untracked 
| 111|0x0000000086f00000, 0x0000000087000000, 0x0000000087000000|100%| O|  |TAMS 0x0000000087000000, 0x0000000086f00000| Untracked 
| 112|0x0000000087000000, 0x0000000087100000, 0x0000000087100000|100%| O|  |TAMS 0x0000000087100000, 0x0000000087000000| Untracked 
| 113|0x0000000087100000, 0x0000000087200000, 0x0000000087200000|100%| O|  |TAMS 0x0000000087200000, 0x0000000087100000| Untracked 
| 114|0x0000000087200000, 0x0000000087300000, 0x0000000087300000|100%| O|  |TAMS 0x00000000872c2800, 0x0000000087200000| Untracked 
| 115|0x0000000087300000, 0x0000000087300000, 0x0000000087400000|  0%| F|  |TAMS 0x0000000087300000, 0x0000000087300000| Untracked 
| 116|0x0000000087400000, 0x0000000087400000, 0x0000000087500000|  0%| F|  |TAMS 0x0000000087400000, 0x0000000087400000| Untracked 
| 117|0x0000000087500000, 0x0000000087500000, 0x0000000087600000|  0%| F|  |TAMS 0x0000000087500000, 0x0000000087500000| Untracked 
| 118|0x0000000087600000, 0x0000000087600000, 0x0000000087700000|  0%| F|  |TAMS 0x0000000087600000, 0x0000000087600000| Untracked 
| 119|0x0000000087700000, 0x0000000087700000, 0x0000000087800000|  0%| F|  |TAMS 0x0000000087700000, 0x0000000087700000| Untracked 
| 120|0x0000000087800000, 0x0000000087800000, 0x0000000087900000|  0%| F|  |TAMS 0x0000000087800000, 0x0000000087800000| Untracked 
| 121|0x0000000087900000, 0x0000000087900000, 0x0000000087a00000|  0%| F|  |TAMS 0x0000000087900000, 0x0000000087900000| Untracked 
| 122|0x0000000087a00000, 0x0000000087a00000, 0x0000000087b00000|  0%| F|  |TAMS 0x0000000087a00000, 0x0000000087a00000| Untracked 
| 123|0x0000000087b00000, 0x0000000087b00000, 0x0000000087c00000|  0%| F|  |TAMS 0x0000000087b00000, 0x0000000087b00000| Untracked 
| 124|0x0000000087c00000, 0x0000000087c00000, 0x0000000087d00000|  0%| F|  |TAMS 0x0000000087c00000, 0x0000000087c00000| Untracked 
| 125|0x0000000087d00000, 0x0000000087d00000, 0x0000000087e00000|  0%| F|  |TAMS 0x0000000087d00000, 0x0000000087d00000| Untracked 
| 126|0x0000000087e00000, 0x0000000087e00000, 0x0000000087f00000|  0%| F|  |TAMS 0x0000000087e00000, 0x0000000087e00000| Untracked 
| 127|0x0000000087f00000, 0x0000000087f00000, 0x0000000088000000|  0%| F|  |TAMS 0x0000000087f00000, 0x0000000087f00000| Untracked 
| 128|0x0000000088000000, 0x0000000088000000, 0x0000000088100000|  0%| F|  |TAMS 0x0000000088000000, 0x0000000088000000| Untracked 
| 129|0x0000000088100000, 0x0000000088100000, 0x0000000088200000|  0%| F|  |TAMS 0x0000000088100000, 0x0000000088100000| Untracked 
| 130|0x0000000088200000, 0x0000000088200000, 0x0000000088300000|  0%| F|  |TAMS 0x0000000088200000, 0x0000000088200000| Untracked 
| 131|0x0000000088300000, 0x0000000088300000, 0x0000000088400000|  0%| F|  |TAMS 0x0000000088300000, 0x0000000088300000| Untracked 
| 132|0x0000000088400000, 0x0000000088400000, 0x0000000088500000|  0%| F|  |TAMS 0x0000000088400000, 0x0000000088400000| Untracked 
| 133|0x0000000088500000, 0x0000000088500000, 0x0000000088600000|  0%| F|  |TAMS 0x0000000088500000, 0x0000000088500000| Untracked 
| 134|0x0000000088600000, 0x0000000088600000, 0x0000000088700000|  0%| F|  |TAMS 0x0000000088600000, 0x0000000088600000| Untracked 
| 135|0x0000000088700000, 0x0000000088700000, 0x0000000088800000|  0%| F|  |TAMS 0x0000000088700000, 0x0000000088700000| Untracked 
| 136|0x0000000088800000, 0x0000000088800000, 0x0000000088900000|  0%| F|  |TAMS 0x0000000088800000, 0x0000000088800000| Untracked 
| 137|0x0000000088900000, 0x0000000088900000, 0x0000000088a00000|  0%| F|  |TAMS 0x0000000088900000, 0x0000000088900000| Untracked 
| 138|0x0000000088a00000, 0x0000000088a00000, 0x0000000088b00000|  0%| F|  |TAMS 0x0000000088a00000, 0x0000000088a00000| Untracked 
| 139|0x0000000088b00000, 0x0000000088b00000, 0x0000000088c00000|  0%| F|  |TAMS 0x0000000088b00000, 0x0000000088b00000| Untracked 
| 140|0x0000000088c00000, 0x0000000088c00000, 0x0000000088d00000|  0%| F|  |TAMS 0x0000000088c00000, 0x0000000088c00000| Untracked 
| 141|0x0000000088d00000, 0x0000000088d00000, 0x0000000088e00000|  0%| F|  |TAMS 0x0000000088d00000, 0x0000000088d00000| Untracked 
| 142|0x0000000088e00000, 0x0000000088e00000, 0x0000000088f00000|  0%| F|  |TAMS 0x0000000088e00000, 0x0000000088e00000| Untracked 
| 143|0x0000000088f00000, 0x0000000088f00000, 0x0000000089000000|  0%| F|  |TAMS 0x0000000088f00000, 0x0000000088f00000| Untracked 
| 144|0x0000000089000000, 0x0000000089000000, 0x0000000089100000|  0%| F|  |TAMS 0x0000000089000000, 0x0000000089000000| Untracked 
| 145|0x0000000089100000, 0x0000000089100000, 0x0000000089200000|  0%| F|  |TAMS 0x0000000089100000, 0x0000000089100000| Untracked 
| 146|0x0000000089200000, 0x0000000089200000, 0x0000000089300000|  0%| F|  |TAMS 0x0000000089200000, 0x0000000089200000| Untracked 
| 147|0x0000000089300000, 0x0000000089300000, 0x0000000089400000|  0%| F|  |TAMS 0x0000000089300000, 0x0000000089300000| Untracked 
| 148|0x0000000089400000, 0x0000000089400000, 0x0000000089500000|  0%| F|  |TAMS 0x0000000089400000, 0x0000000089400000| Untracked 
| 149|0x0000000089500000, 0x0000000089500000, 0x0000000089600000|  0%| F|  |TAMS 0x0000000089500000, 0x0000000089500000| Untracked 
| 150|0x0000000089600000, 0x0000000089600000, 0x0000000089700000|  0%| F|  |TAMS 0x0000000089600000, 0x0000000089600000| Untracked 
| 151|0x0000000089700000, 0x0000000089700000, 0x0000000089800000|  0%| F|  |TAMS 0x0000000089700000, 0x0000000089700000| Untracked 
| 152|0x0000000089800000, 0x0000000089800000, 0x0000000089900000|  0%| F|  |TAMS 0x0000000089800000, 0x0000000089800000| Untracked 
| 153|0x0000000089900000, 0x0000000089900000, 0x0000000089a00000|  0%| F|  |TAMS 0x0000000089900000, 0x0000000089900000| Untracked 
| 154|0x0000000089a00000, 0x0000000089ab9708, 0x0000000089b00000| 72%| E|  |TAMS 0x0000000089a00000, 0x0000000089a00000| Complete 
| 155|0x0000000089b00000, 0x0000000089c00000, 0x0000000089c00000|100%| E|CS|TAMS 0x0000000089b00000, 0x0000000089b00000| Complete 
| 156|0x0000000089c00000, 0x0000000089d00000, 0x0000000089d00000|100%| E|CS|TAMS 0x0000000089c00000, 0x0000000089c00000| Complete 
| 157|0x0000000089d00000, 0x0000000089e00000, 0x0000000089e00000|100%| E|CS|TAMS 0x0000000089d00000, 0x0000000089d00000| Complete 
| 158|0x0000000089e00000, 0x0000000089f00000, 0x0000000089f00000|100%| E|CS|TAMS 0x0000000089e00000, 0x0000000089e00000| Complete 
| 159|0x0000000089f00000, 0x000000008a000000, 0x000000008a000000|100%| E|CS|TAMS 0x0000000089f00000, 0x0000000089f00000| Complete 
| 160|0x000000008a000000, 0x000000008a100000, 0x000000008a100000|100%| E|CS|TAMS 0x000000008a000000, 0x000000008a000000| Complete 
| 161|0x000000008a100000, 0x000000008a200000, 0x000000008a200000|100%| E|CS|TAMS 0x000000008a100000, 0x000000008a100000| Complete 
| 162|0x000000008a200000, 0x000000008a300000, 0x000000008a300000|100%| E|CS|TAMS 0x000000008a200000, 0x000000008a200000| Complete 
| 163|0x000000008a300000, 0x000000008a400000, 0x000000008a400000|100%| E|CS|TAMS 0x000000008a300000, 0x000000008a300000| Complete 
| 164|0x000000008a400000, 0x000000008a500000, 0x000000008a500000|100%| E|CS|TAMS 0x000000008a400000, 0x000000008a400000| Complete 
| 165|0x000000008a500000, 0x000000008a600000, 0x000000008a600000|100%| E|CS|TAMS 0x000000008a500000, 0x000000008a500000| Complete 
| 166|0x000000008a600000, 0x000000008a700000, 0x000000008a700000|100%| E|CS|TAMS 0x000000008a600000, 0x000000008a600000| Complete 
| 167|0x000000008a700000, 0x000000008a800000, 0x000000008a800000|100%| E|CS|TAMS 0x000000008a700000, 0x000000008a700000| Complete 
| 168|0x000000008a800000, 0x000000008a900000, 0x000000008a900000|100%| E|CS|TAMS 0x000000008a800000, 0x000000008a800000| Complete 
| 169|0x000000008a900000, 0x000000008aa00000, 0x000000008aa00000|100%| E|CS|TAMS 0x000000008a900000, 0x000000008a900000| Complete 
| 170|0x000000008aa00000, 0x000000008ab00000, 0x000000008ab00000|100%| E|CS|TAMS 0x000000008aa00000, 0x000000008aa00000| Complete 
| 171|0x000000008ab00000, 0x000000008ac00000, 0x000000008ac00000|100%| E|  |TAMS 0x000000008ab00000, 0x000000008ab00000| Complete 
| 172|0x000000008ac00000, 0x000000008ad00000, 0x000000008ad00000|100%| E|CS|TAMS 0x000000008ac00000, 0x000000008ac00000| Complete 
| 173|0x000000008ad00000, 0x000000008ae00000, 0x000000008ae00000|100%| E|CS|TAMS 0x000000008ad00000, 0x000000008ad00000| Complete 
| 174|0x000000008ae00000, 0x000000008af00000, 0x000000008af00000|100%| E|CS|TAMS 0x000000008ae00000, 0x000000008ae00000| Complete 
| 175|0x000000008af00000, 0x000000008b000000, 0x000000008b000000|100%| E|CS|TAMS 0x000000008af00000, 0x000000008af00000| Complete 
| 176|0x000000008b000000, 0x000000008b100000, 0x000000008b100000|100%| E|CS|TAMS 0x000000008b000000, 0x000000008b000000| Complete 
| 177|0x000000008b100000, 0x000000008b200000, 0x000000008b200000|100%| E|CS|TAMS 0x000000008b100000, 0x000000008b100000| Complete 
| 178|0x000000008b200000, 0x000000008b300000, 0x000000008b300000|100%| E|CS|TAMS 0x000000008b200000, 0x000000008b200000| Complete 
| 179|0x000000008b300000, 0x000000008b400000, 0x000000008b400000|100%| E|CS|TAMS 0x000000008b300000, 0x000000008b300000| Complete 
| 180|0x000000008b400000, 0x000000008b500000, 0x000000008b500000|100%| E|CS|TAMS 0x000000008b400000, 0x000000008b400000| Complete 
| 181|0x000000008b500000, 0x000000008b600000, 0x000000008b600000|100%| E|CS|TAMS 0x000000008b500000, 0x000000008b500000| Complete 
| 182|0x000000008b600000, 0x000000008b700000, 0x000000008b700000|100%| E|CS|TAMS 0x000000008b600000, 0x000000008b600000| Complete 
| 183|0x000000008b700000, 0x000000008b800000, 0x000000008b800000|100%| E|CS|TAMS 0x000000008b700000, 0x000000008b700000| Complete 
| 184|0x000000008b800000, 0x000000008b900000, 0x000000008b900000|100%| E|CS|TAMS 0x000000008b800000, 0x000000008b800000| Complete 
| 185|0x000000008b900000, 0x000000008ba00000, 0x000000008ba00000|100%| E|CS|TAMS 0x000000008b900000, 0x000000008b900000| Complete 
| 186|0x000000008ba00000, 0x000000008bb00000, 0x000000008bb00000|100%| E|CS|TAMS 0x000000008ba00000, 0x000000008ba00000| Complete 
| 187|0x000000008bb00000, 0x000000008bc00000, 0x000000008bc00000|100%| E|CS|TAMS 0x000000008bb00000, 0x000000008bb00000| Complete 
| 188|0x000000008bc00000, 0x000000008bd00000, 0x000000008bd00000|100%| E|CS|TAMS 0x000000008bc00000, 0x000000008bc00000| Complete 
| 189|0x000000008bd00000, 0x000000008be00000, 0x000000008be00000|100%| E|CS|TAMS 0x000000008bd00000, 0x000000008bd00000| Complete 
| 190|0x000000008be00000, 0x000000008bf00000, 0x000000008bf00000|100%| E|CS|TAMS 0x000000008be00000, 0x000000008be00000| Complete 
| 191|0x000000008bf00000, 0x000000008c000000, 0x000000008c000000|100%| E|CS|TAMS 0x000000008bf00000, 0x000000008bf00000| Complete 
| 192|0x000000008c000000, 0x000000008c100000, 0x000000008c100000|100%| E|CS|TAMS 0x000000008c000000, 0x000000008c000000| Complete 
| 193|0x000000008c100000, 0x000000008c200000, 0x000000008c200000|100%| E|CS|TAMS 0x000000008c100000, 0x000000008c100000| Complete 
| 194|0x000000008c200000, 0x000000008c270048, 0x000000008c300000| 43%| S|CS|TAMS 0x000000008c200000, 0x000000008c200000| Complete 
| 195|0x000000008c300000, 0x000000008c400000, 0x000000008c400000|100%| S|CS|TAMS 0x000000008c300000, 0x000000008c300000| Complete 
| 196|0x000000008c400000, 0x000000008c500000, 0x000000008c500000|100%| E|CS|TAMS 0x000000008c400000, 0x000000008c400000| Complete 
| 197|0x000000008c500000, 0x000000008c600000, 0x000000008c600000|100%| E|CS|TAMS 0x000000008c500000, 0x000000008c500000| Complete 
| 198|0x000000008c600000, 0x000000008c700000, 0x000000008c700000|100%| E|CS|TAMS 0x000000008c600000, 0x000000008c600000| Complete 
| 199|0x000000008c700000, 0x000000008c800000, 0x000000008c800000|100%| E|CS|TAMS 0x000000008c700000, 0x000000008c700000| Complete 
| 200|0x000000008c800000, 0x000000008c900000, 0x000000008c900000|100%| E|CS|TAMS 0x000000008c800000, 0x000000008c800000| Complete 
| 201|0x000000008c900000, 0x000000008ca00000, 0x000000008ca00000|100%| E|CS|TAMS 0x000000008c900000, 0x000000008c900000| Complete 

Card table byte_map: [0x0000023f2a630000,0x0000023f2aa30000] _byte_map_base: 0x0000023f2a230000

Marking Bits (Prev, Next): (CMBitMap*) 0x0000023f178e9730, (CMBitMap*) 0x0000023f178e96f8
 Prev Bits: [0x0000023f2ce30000, 0x0000023f2ee30000)
 Next Bits: [0x0000023f2ae30000, 0x0000023f2ce30000)

Polling page: 0x0000023f157a0000

Metaspace:

Usage:
  Non-class:     97.76 MB capacity,    95.98 MB ( 98%) used,     1.46 MB (  1%) free+waste,   325.00 KB ( <1%) overhead. 
      Class:     14.56 MB capacity,    13.58 MB ( 93%) used,   859.56 KB (  6%) free+waste,   143.31 KB ( <1%) overhead. 
       Both:    112.32 MB capacity,   109.56 MB ( 98%) used,     2.30 MB (  2%) free+waste,   468.31 KB ( <1%) overhead. 

Virtual space:
  Non-class space:       98.00 MB reserved,      98.00 MB (100%) committed 
      Class space:        1.00 GB reserved,      14.57 MB (  1%) committed 
             Both:        1.10 GB reserved,     112.57 MB ( 10%) committed 

Chunk freelists:
   Non-Class:  49.00 KB
       Class:  6.00 KB
        Both:  55.00 KB

MaxMetaspaceSize: 17179869184.00 GB
CompressedClassSpaceSize: 1.00 GB

CodeHeap 'non-profiled nmethods': size=120064Kb used=9884Kb max_used=9884Kb free=110179Kb
 bounds [0x0000023f22cf0000, 0x0000023f236a0000, 0x0000023f2a230000]
CodeHeap 'profiled nmethods': size=120000Kb used=42817Kb max_used=42817Kb free=77182Kb
 bounds [0x0000023f1b7c0000, 0x0000023f1e1a0000, 0x0000023f22cf0000]
CodeHeap 'non-nmethods': size=5696Kb used=2309Kb max_used=2361Kb free=3386Kb
 bounds [0x0000023f1b230000, 0x0000023f1b4a0000, 0x0000023f1b7c0000]
 total_blobs=18332 nmethods=17412 adapters=829
 compilation: enabled
              stopped_count=0, restarted_count=0
 full_count=0

Compilation events (20 events):
Event: 118.509 Thread 0x0000023f3132a800 nmethod 18259 0x0000023f1e146a90 code [0x0000023f1e146c40, 0x0000023f1e146da8]
Event: 118.509 Thread 0x0000023f3132a800 18260       2       java.nio.HeapShortBuffer::get (15 bytes)
Event: 118.509 Thread 0x0000023f3132a800 nmethod 18260 0x0000023f1e146e90 code [0x0000023f1e147040, 0x0000023f1e147198]
Event: 118.509 Thread 0x0000023f3132a800 18261       2       java.nio.HeapShortBuffer::ix (7 bytes)
Event: 118.509 Thread 0x0000023f3132a800 nmethod 18261 0x0000023f1e147310 code [0x0000023f1e1474c0, 0x0000023f1e1475b8]
Event: 118.509 Thread 0x0000023f3132a800 18263       2       com.android.tools.r8.code.x1$a::d (81 bytes)
Event: 118.510 Thread 0x0000023f3132a800 nmethod 18263 0x0000023f1e147690 code [0x0000023f1e147840, 0x0000023f1e147988]
Event: 118.510 Thread 0x0000023f3132a800 18264       2       com.android.tools.r8.graph.D1::e (33 bytes)
Event: 118.510 Thread 0x0000023f3132a800 nmethod 18264 0x0000023f1e147a10 code [0x0000023f1e147bc0, 0x0000023f1e147cd8]
Event: 118.510 Thread 0x0000023f3132a800 18262       1       com.android.tools.r8.code.x1$a::a (5 bytes)
Event: 118.510 Thread 0x0000023f3132a800 nmethod 18262 0x0000023f23694a10 code [0x0000023f23694bc0, 0x0000023f23694c78]
Event: 118.510 Thread 0x0000023f3132a800 18265       2       com.android.tools.r8.code.x1$a::b (18 bytes)
Event: 118.510 Thread 0x0000023f3132a800 nmethod 18265 0x0000023f1e147d90 code [0x0000023f1e147f40, 0x0000023f1e148058]
Event: 118.510 Thread 0x0000023f3132a800 18266       2       com.android.tools.r8.code.w1::<init> (18 bytes)
Event: 118.511 Thread 0x0000023f3132a800 nmethod 18266 0x0000023f1e148110 code [0x0000023f1e1482c0, 0x0000023f1e1483f8]
Event: 118.512 Thread 0x0000023f3132a800 18268   !   2       com.android.tools.r8.graph.h0::c (34 bytes)
Event: 118.513 Thread 0x0000023f3132a800 nmethod 18268 0x0000023f1e148510 code [0x0000023f1e1486e0, 0x0000023f1e148a88]
Event: 118.513 Thread 0x0000023f3132a800 18269       2       com.android.tools.r8.graph.t0$d::<init> (10 bytes)
Event: 118.513 Thread 0x0000023f3132a800 nmethod 18269 0x0000023f1e148c90 code [0x0000023f1e148e40, 0x0000023f1e148f78]
Event: 118.513 Thread 0x0000023f3132a800 18270       2       com.android.tools.r8.code.w1::c (9 bytes)

GC Heap History (20 events):
Event: 107.330 GC heap before
{Heap before GC invocations=25 (full 0):
 garbage-first heap   total 206848K, used 157442K [0x0000000080000000, 0x0000000100000000)
  region size 1024K, 67 young (68608K), 6 survivors (6144K)
 Metaspace       used 96015K, capacity 98162K, committed 98380K, reserved 1134592K
  class space    used 12037K, capacity 12767K, committed 12876K, reserved 1048576K
}
Event: 107.355 GC heap after
{Heap after GC invocations=26 (full 0):
 garbage-first heap   total 206848K, used 105472K [0x0000000080000000, 0x0000000100000000)
  region size 1024K, 9 young (9216K), 9 survivors (9216K)
 Metaspace       used 96015K, capacity 98162K, committed 98380K, reserved 1134592K
  class space    used 12037K, capacity 12767K, committed 12876K, reserved 1048576K
}
Event: 109.568 GC heap before
{Heap before GC invocations=26 (full 0):
 garbage-first heap   total 206848K, used 158720K [0x0000000080000000, 0x0000000100000000)
  region size 1024K, 62 young (63488K), 9 survivors (9216K)
 Metaspace       used 98545K, capacity 100813K, committed 101068K, reserved 1136640K
  class space    used 12235K, capacity 12999K, committed 13004K, reserved 1048576K
}
Event: 109.689 GC heap after
{Heap after GC invocations=27 (full 0):
 garbage-first heap   total 206848K, used 115993K [0x0000000080000000, 0x0000000100000000)
  region size 1024K, 8 young (8192K), 8 survivors (8192K)
 Metaspace       used 98545K, capacity 100813K, committed 101068K, reserved 1136640K
  class space    used 12235K, capacity 12999K, committed 13004K, reserved 1048576K
}
Event: 111.498 GC heap before
{Heap before GC invocations=28 (full 0):
 garbage-first heap   total 206848K, used 154905K [0x0000000080000000, 0x0000000100000000)
  region size 1024K, 53 young (54272K), 8 survivors (8192K)
 Metaspace       used 99096K, capacity 101352K, committed 101580K, reserved 1138688K
  class space    used 12216K, capacity 12955K, committed 13004K, reserved 1048576K
}
Event: 111.523 GC heap after
{Heap after GC invocations=29 (full 0):
 garbage-first heap   total 206848K, used 111448K [0x0000000080000000, 0x0000000100000000)
  region size 1024K, 3 young (3072K), 3 survivors (3072K)
 Metaspace       used 99096K, capacity 101352K, committed 101580K, reserved 1138688K
  class space    used 12216K, capacity 12955K, committed 13004K, reserved 1048576K
}
Event: 111.620 GC heap before
{Heap before GC invocations=29 (full 0):
 garbage-first heap   total 206848K, used 118616K [0x0000000080000000, 0x0000000100000000)
  region size 1024K, 10 young (10240K), 3 survivors (3072K)
 Metaspace       used 99121K, capacity 101354K, committed 101580K, reserved 1138688K
  class space    used 12216K, capacity 12955K, committed 13004K, reserved 1048576K
}
Event: 111.634 GC heap after
{Heap after GC invocations=30 (full 0):
 garbage-first heap   total 206848K, used 105961K [0x0000000080000000, 0x0000000100000000)
  region size 1024K, 1 young (1024K), 1 survivors (1024K)
 Metaspace       used 99121K, capacity 101354K, committed 101580K, reserved 1138688K
  class space    used 12216K, capacity 12955K, committed 13004K, reserved 1048576K
}
Event: 112.722 GC heap before
{Heap before GC invocations=30 (full 0):
 garbage-first heap   total 206848K, used 147945K [0x0000000080000000, 0x0000000100000000)
  region size 1024K, 44 young (45056K), 1 survivors (1024K)
 Metaspace       used 99483K, capacity 101784K, committed 101964K, reserved 1138688K
  class space    used 12249K, capacity 13033K, committed 13132K, reserved 1048576K
}
Event: 112.730 GC heap after
{Heap after GC invocations=31 (full 0):
 garbage-first heap   total 206848K, used 107034K [0x0000000080000000, 0x0000000100000000)
  region size 1024K, 2 young (2048K), 2 survivors (2048K)
 Metaspace       used 99483K, capacity 101784K, committed 101964K, reserved 1138688K
  class space    used 12249K, capacity 13033K, committed 13132K, reserved 1048576K
}
Event: 114.349 GC heap before
{Heap before GC invocations=32 (full 0):
 garbage-first heap   total 206848K, used 162330K [0x0000000080000000, 0x0000000100000000)
  region size 1024K, 54 young (55296K), 2 survivors (2048K)
 Metaspace       used 104490K, capacity 106897K, committed 107084K, reserved 1142784K
  class space    used 12945K, capacity 13771K, committed 13900K, reserved 1048576K
}
Event: 114.374 GC heap after
{Heap after GC invocations=33 (full 0):
 garbage-first heap   total 206848K, used 115046K [0x0000000080000000, 0x0000000100000000)
  region size 1024K, 7 young (7168K), 7 survivors (7168K)
 Metaspace       used 104490K, capacity 106897K, committed 107084K, reserved 1142784K
  class space    used 12945K, capacity 13771K, committed 13900K, reserved 1048576K
}
Event: 114.489 GC heap before
{Heap before GC invocations=33 (full 0):
 garbage-first heap   total 206848K, used 118118K [0x0000000080000000, 0x0000000100000000)
  region size 1024K, 10 young (10240K), 7 survivors (7168K)
 Metaspace       used 105120K, capacity 107606K, committed 107724K, reserved 1142784K
  class space    used 13050K, capacity 13930K, committed 14028K, reserved 1048576K
}
Event: 114.519 GC heap after
{Heap after GC invocations=34 (full 0):
 garbage-first heap   total 206848K, used 110327K [0x0000000080000000, 0x0000000100000000)
  region size 1024K, 1 young (1024K), 1 survivors (1024K)
 Metaspace       used 105120K, capacity 107606K, committed 107724K, reserved 1142784K
  class space    used 13050K, capacity 13930K, committed 14028K, reserved 1048576K
}
Event: 116.020 GC heap before
{Heap before GC invocations=34 (full 0):
 garbage-first heap   total 206848K, used 161527K [0x0000000080000000, 0x0000000100000000)
  region size 1024K, 51 young (52224K), 1 survivors (1024K)
 Metaspace       used 109341K, capacity 112041K, committed 112204K, reserved 1146880K
  class space    used 13629K, capacity 14575K, committed 14668K, reserved 1048576K
}
Event: 116.030 GC heap after
{Heap after GC invocations=35 (full 0):
 garbage-first heap   total 206848K, used 111066K [0x0000000080000000, 0x0000000100000000)
  region size 1024K, 2 young (2048K), 2 survivors (2048K)
 Metaspace       used 109341K, capacity 112041K, committed 112204K, reserved 1146880K
  class space    used 13629K, capacity 14575K, committed 14668K, reserved 1048576K
}
Event: 117.520 GC heap before
{Heap before GC invocations=36 (full 0):
 garbage-first heap   total 206848K, used 163290K [0x0000000080000000, 0x0000000100000000)
  region size 1024K, 54 young (55296K), 2 survivors (2048K)
 Metaspace       used 110740K, capacity 113366K, committed 113612K, reserved 1148928K
  class space    used 13741K, capacity 14680K, committed 14796K, reserved 1048576K
}
Event: 117.534 GC heap after
{Heap after GC invocations=37 (full 0):
 garbage-first heap   total 206848K, used 112394K [0x0000000080000000, 0x0000000100000000)
  region size 1024K, 4 young (4096K), 4 survivors (4096K)
 Metaspace       used 110740K, capacity 113366K, committed 113612K, reserved 1148928K
  class space    used 13741K, capacity 14680K, committed 14796K, reserved 1048576K
}
Event: 117.670 GC heap before
{Heap before GC invocations=37 (full 0):
 garbage-first heap   total 206848K, used 118538K [0x0000000080000000, 0x0000000100000000)
  region size 1024K, 10 young (10240K), 4 survivors (4096K)
 Metaspace       used 110934K, capacity 113691K, committed 113868K, reserved 1148928K
  class space    used 13763K, capacity 14765K, committed 14796K, reserved 1048576K
}
Event: 117.682 GC heap after
{Heap after GC invocations=38 (full 0):
 garbage-first heap   total 206848K, used 98549K [0x0000000080000000, 0x0000000100000000)
  region size 1024K, 2 young (2048K), 2 survivors (2048K)
 Metaspace       used 110934K, capacity 113691K, committed 113868K, reserved 1148928K
  class space    used 13763K, capacity 14765K, committed 14796K, reserved 1048576K
}

Deoptimization events (20 events):
Event: 118.315 Thread 0x0000023f3a9bc000 Uncommon trap: trap_request=0xffffffc6 fr.pc=0x0000023f235ba230 relative=0x0000000000002470
Event: 118.315 Thread 0x0000023f3a9bc000 Uncommon trap: reason=bimorphic_or_optimized_type_check action=maybe_recompile pc=0x0000023f235ba230 method=java.util.zip.InflaterInputStream.read([BII)I @ 100 c2
Event: 118.315 Thread 0x0000023f3a9bc000 DEOPT PACKING pc=0x0000023f235ba230 sp=0x0000005caf7fd950
Event: 118.315 Thread 0x0000023f3a9bc000 DEOPT UNPACKING pc=0x0000023f1b25742f sp=0x0000005caf7fd9c0 mode 2
Event: 118.315 Thread 0x0000023f3a9bc000 Uncommon trap: trap_request=0xffffffc6 fr.pc=0x0000023f235ba230 relative=0x0000000000002470
Event: 118.315 Thread 0x0000023f3a9bc000 Uncommon trap: reason=bimorphic_or_optimized_type_check action=maybe_recompile pc=0x0000023f235ba230 method=java.util.zip.InflaterInputStream.read([BII)I @ 100 c2
Event: 118.315 Thread 0x0000023f3a9bc000 DEOPT PACKING pc=0x0000023f235ba230 sp=0x0000005caf7fd950
Event: 118.315 Thread 0x0000023f3a9bc000 DEOPT UNPACKING pc=0x0000023f1b25742f sp=0x0000005caf7fd9c0 mode 2
Event: 118.315 Thread 0x0000023f3a9bc000 Uncommon trap: trap_request=0xffffffc6 fr.pc=0x0000023f235ba230 relative=0x0000000000002470
Event: 118.315 Thread 0x0000023f3a9bc000 Uncommon trap: reason=bimorphic_or_optimized_type_check action=maybe_recompile pc=0x0000023f235ba230 method=java.util.zip.InflaterInputStream.read([BII)I @ 100 c2
Event: 118.315 Thread 0x0000023f3a9bc000 DEOPT PACKING pc=0x0000023f235ba230 sp=0x0000005caf7fd950
Event: 118.315 Thread 0x0000023f3a9bc000 DEOPT UNPACKING pc=0x0000023f1b25742f sp=0x0000005caf7fd9c0 mode 2
Event: 118.337 Thread 0x0000023f363e4000 DEOPT PACKING pc=0x0000023f1bf474cc sp=0x0000005caf5fefa0
Event: 118.337 Thread 0x0000023f363e4000 DEOPT UNPACKING pc=0x0000023f1b25724e sp=0x0000005caf5fe5b0 mode 0
Event: 118.371 Thread 0x0000023f3a9bb000 Uncommon trap: trap_request=0xffffff4d fr.pc=0x0000023f22f8e0dc relative=0x00000000000000bc
Event: 118.371 Thread 0x0000023f3a9bb000 Uncommon trap: reason=unstable_if action=reinterpret pc=0x0000023f22f8e0dc method=jdk.internal.misc.Unsafe.convEndian(ZS)S @ 4 c2
Event: 118.371 Thread 0x0000023f3a9bb000 DEOPT PACKING pc=0x0000023f22f8e0dc sp=0x0000005caf8fcfd0
Event: 118.371 Thread 0x0000023f3a9bb000 DEOPT UNPACKING pc=0x0000023f1b25742f sp=0x0000005caf8fce90 mode 2
Event: 118.419 Thread 0x0000023f363e2800 DEOPT PACKING pc=0x0000023f1c001c5f sp=0x0000005caf6fd0f0
Event: 118.419 Thread 0x0000023f363e2800 DEOPT UNPACKING pc=0x0000023f1b25724e sp=0x0000005caf6fc610 mode 0

Classes redefined (0 events):
No events

Internal exceptions (20 events):
Event: 118.105 Thread 0x0000023f363e4000 Exception <a 'sun/nio/fs/WindowsException'{0x000000008b7c8e88}> (0x000000008b7c8e88) thrown at [./src/hotspot/share/prims/jni.cpp, line 615]
Event: 118.114 Thread 0x0000023f3a9bb000 Exception <a 'sun/nio/fs/WindowsException'{0x000000008b587020}> (0x000000008b587020) thrown at [./src/hotspot/share/prims/jni.cpp, line 615]
Event: 118.125 Thread 0x0000023f3a9bb000 Exception <a 'sun/nio/fs/WindowsException'{0x000000008b59bef8}> (0x000000008b59bef8) thrown at [./src/hotspot/share/prims/jni.cpp, line 615]
Event: 118.129 Thread 0x0000023f363e4000 Exception <a 'sun/nio/fs/WindowsException'{0x000000008b7d3d70}> (0x000000008b7d3d70) thrown at [./src/hotspot/share/prims/jni.cpp, line 615]
Event: 118.136 Thread 0x0000023f3a9bb000 Exception <a 'sun/nio/fs/WindowsException'{0x000000008b5b94a8}> (0x000000008b5b94a8) thrown at [./src/hotspot/share/prims/jni.cpp, line 615]
Event: 118.138 Thread 0x0000023f3a9bb000 Exception <a 'sun/nio/fs/WindowsException'{0x000000008b5c2d78}> (0x000000008b5c2d78) thrown at [./src/hotspot/share/prims/jni.cpp, line 615]
Event: 118.145 Thread 0x0000023f363e4000 Exception <a 'sun/nio/fs/WindowsException'{0x000000008b7f5fe0}> (0x000000008b7f5fe0) thrown at [./src/hotspot/share/prims/jni.cpp, line 615]
Event: 118.148 Thread 0x0000023f3a9bb000 Exception <a 'sun/nio/fs/WindowsException'{0x000000008b5d5ee8}> (0x000000008b5d5ee8) thrown at [./src/hotspot/share/prims/jni.cpp, line 615]
Event: 118.160 Thread 0x0000023f363e4000 Exception <a 'sun/nio/fs/WindowsException'{0x000000008b3da630}> (0x000000008b3da630) thrown at [./src/hotspot/share/prims/jni.cpp, line 615]
Event: 118.163 Thread 0x0000023f3a9bb000 Exception <a 'sun/nio/fs/WindowsException'{0x000000008b5dc8d0}> (0x000000008b5dc8d0) thrown at [./src/hotspot/share/prims/jni.cpp, line 615]
Event: 118.169 Thread 0x0000023f3a9bb000 Exception <a 'sun/nio/fs/WindowsException'{0x000000008b5e32a0}> (0x000000008b5e32a0) thrown at [./src/hotspot/share/prims/jni.cpp, line 615]
Event: 118.173 Thread 0x0000023f3a9bb000 Exception <a 'sun/nio/fs/WindowsException'{0x000000008b5f83b0}> (0x000000008b5f83b0) thrown at [./src/hotspot/share/prims/jni.cpp, line 615]
Event: 118.178 Thread 0x0000023f3a9bb000 Exception <a 'sun/nio/fs/WindowsException'{0x000000008b2c34a0}> (0x000000008b2c34a0) thrown at [./src/hotspot/share/prims/jni.cpp, line 615]
Event: 118.183 Thread 0x0000023f3a9bb000 Exception <a 'sun/nio/fs/WindowsException'{0x000000008b2cf5e0}> (0x000000008b2cf5e0) thrown at [./src/hotspot/share/prims/jni.cpp, line 615]
Event: 118.188 Thread 0x0000023f3a9bb000 Exception <a 'sun/nio/fs/WindowsException'{0x000000008b2d7bb8}> (0x000000008b2d7bb8) thrown at [./src/hotspot/share/prims/jni.cpp, line 615]
Event: 118.195 Thread 0x0000023f3a9bb000 Exception <a 'sun/nio/fs/WindowsException'{0x000000008b2f4b20}> (0x000000008b2f4b20) thrown at [./src/hotspot/share/prims/jni.cpp, line 615]
Event: 118.278 Thread 0x0000023f363e5000 Exception <a 'java/lang/NoSuchMethodError'{0x000000008ae821c0}: <clinit>> (0x000000008ae821c0) thrown at [./src/hotspot/share/prims/jni.cpp, line 1362]
Event: 118.358 Thread 0x0000023f3a9bb000 Exception <a 'sun/nio/fs/WindowsException'{0x000000008abefcb0}> (0x000000008abefcb0) thrown at [./src/hotspot/share/prims/jni.cpp, line 615]
Event: 118.359 Thread 0x0000023f363e2800 Exception <a 'sun/nio/fs/WindowsException'{0x000000008ab66e28}> (0x000000008ab66e28) thrown at [./src/hotspot/share/prims/jni.cpp, line 615]
Event: 118.399 Thread 0x0000023f363e4000 Exception <a 'sun/nio/fs/WindowsException'{0x000000008b3fc8c0}> (0x000000008b3fc8c0) thrown at [./src/hotspot/share/prims/jni.cpp, line 615]

Events (20 events):
Event: 118.462 loading class com/android/tools/r8/code/N1
Event: 118.462 loading class com/android/tools/r8/code/N1 done
Event: 118.463 loading class com/android/tools/r8/code/I
Event: 118.463 loading class com/android/tools/r8/code/I done
Event: 118.464 loading class com/android/tools/r8/code/M1
Event: 118.464 loading class com/android/tools/r8/code/M1 done
Event: 118.506 loading class java/nio/HeapShortBuffer
Event: 118.507 loading class java/nio/HeapShortBuffer done
Event: 118.507 loading class com/android/tools/r8/code/x1$a
Event: 118.507 loading class com/android/tools/r8/code/x1$a done
Event: 118.511 loading class com/android/tools/r8/dex/n$c
Event: 118.511 loading class com/android/tools/r8/dex/n$c done
Event: 118.511 loading class com/android/tools/r8/graph/n0
Event: 118.511 loading class com/android/tools/r8/graph/n0 done
Event: 118.512 loading class com/android/tools/r8/graph/n0
Event: 118.512 loading class com/android/tools/r8/graph/n0 done
Event: 118.512 loading class com/android/tools/r8/graph/n0$b
Event: 118.512 loading class com/android/tools/r8/graph/n0$b done
Event: 118.513 loading class java/util/AbstractList$RandomAccessSubList
Event: 118.513 loading class java/util/AbstractList$SubList


Dynamic libraries:
0x00007ff6007f0000 - 0x00007ff6007fa000 	C:\Program Files\Android\Android Studio\jre\bin\java.exe
0x00007ffc9e170000 - 0x00007ffc9e365000 	C:\WINDOWS\SYSTEM32\ntdll.dll
0x00007ffc9cc00000 - 0x00007ffc9ccbd000 	C:\WINDOWS\System32\KERNEL32.DLL
0x00007ffc9b8b0000 - 0x00007ffc9bb79000 	C:\WINDOWS\System32\KERNELBASE.dll
0x00007ffc9c050000 - 0x00007ffc9c150000 	C:\WINDOWS\System32\ucrtbase.dll
0x00007ffc76fd0000 - 0x00007ffc76fe9000 	C:\Program Files\Android\Android Studio\jre\bin\jli.dll
0x00007ffc772b0000 - 0x00007ffc772c7000 	C:\Program Files\Android\Android Studio\jre\bin\VCRUNTIME140.dll
0x00007ffc9d500000 - 0x00007ffc9d6a0000 	C:\WINDOWS\System32\USER32.dll
0x00007ffc9c1b0000 - 0x00007ffc9c1d2000 	C:\WINDOWS\System32\win32u.dll
0x00007ffc9ac40000 - 0x00007ffc9aeda000 	C:\WINDOWS\WinSxS\amd64_microsoft.windows.common-controls_6595b64144ccf1df_6.0.19041.1110_none_60b5254171f9507e\COMCTL32.dll
0x00007ffc9c2c0000 - 0x00007ffc9c2ea000 	C:\WINDOWS\System32\GDI32.dll
0x00007ffc9c9b0000 - 0x00007ffc9ca4e000 	C:\WINDOWS\System32\msvcrt.dll
0x00007ffc9bc60000 - 0x00007ffc9bd6b000 	C:\WINDOWS\System32\gdi32full.dll
0x00007ffc9be50000 - 0x00007ffc9beed000 	C:\WINDOWS\System32\msvcp_win.dll
0x00007ffc9dff0000 - 0x00007ffc9e020000 	C:\WINDOWS\System32\IMM32.DLL
0x00007ffc6fc00000 - 0x00007ffc6fc9d000 	C:\Program Files\Android\Android Studio\jre\bin\msvcp140.dll
0x00007ffc5aba0000 - 0x00007ffc5b65c000 	C:\Program Files\Android\Android Studio\jre\bin\server\jvm.dll
0x00007ffc9c210000 - 0x00007ffc9c2bc000 	C:\WINDOWS\System32\ADVAPI32.dll
0x00007ffc9de20000 - 0x00007ffc9debb000 	C:\WINDOWS\System32\sechost.dll
0x00007ffc9da00000 - 0x00007ffc9db2a000 	C:\WINDOWS\System32\RPCRT4.dll
0x00007ffc9dc70000 - 0x00007ffc9dc78000 	C:\WINDOWS\System32\PSAPI.DLL
0x00007ffc8aaf0000 - 0x00007ffc8aaf9000 	C:\WINDOWS\SYSTEM32\WSOCK32.dll
0x00007ffc950a0000 - 0x00007ffc950aa000 	C:\WINDOWS\SYSTEM32\VERSION.dll
0x00007ffc950b0000 - 0x00007ffc950d7000 	C:\WINDOWS\SYSTEM32\WINMM.dll
0x00007ffc9ccc0000 - 0x00007ffc9cd2b000 	C:\WINDOWS\System32\WS2_32.dll
0x00007ffc98900000 - 0x00007ffc98912000 	C:\WINDOWS\SYSTEM32\kernel.appcore.dll
0x00007ffc8e1d0000 - 0x00007ffc8e1e1000 	C:\Program Files\Android\Android Studio\jre\bin\verify.dll
0x00007ffc9b040000 - 0x00007ffc9b224000 	C:\WINDOWS\SYSTEM32\DBGHELP.DLL
0x00007ffc9aff0000 - 0x00007ffc9b01c000 	C:\WINDOWS\SYSTEM32\dbgcore.DLL
0x00007ffc9bdc0000 - 0x00007ffc9be43000 	C:\WINDOWS\System32\bcryptPrimitives.dll
0x00007ffc8d3b0000 - 0x00007ffc8d3d9000 	C:\Program Files\Android\Android Studio\jre\bin\java.dll
0x00007ffc966c0000 - 0x00007ffc966cb000 	C:\Program Files\Android\Android Studio\jre\bin\jimage.dll
0x00007ffc8e1b0000 - 0x00007ffc8e1c8000 	C:\Program Files\Android\Android Studio\jre\bin\zip.dll
0x00007ffc9cd30000 - 0x00007ffc9d46f000 	C:\WINDOWS\System32\SHELL32.dll
0x00007ffc98d10000 - 0x00007ffc994a1000 	C:\WINDOWS\SYSTEM32\windows.storage.dll
0x00007ffc9d6a0000 - 0x00007ffc9d9f5000 	C:\WINDOWS\System32\combase.dll
0x00007ffc9abd0000 - 0x00007ffc9abfc000 	C:\WINDOWS\SYSTEM32\Wldp.dll
0x00007ffc9e080000 - 0x00007ffc9e12e000 	C:\WINDOWS\System32\SHCORE.dll
0x00007ffc9dc10000 - 0x00007ffc9dc65000 	C:\WINDOWS\System32\shlwapi.dll
0x00007ffc9b7f0000 - 0x00007ffc9b80f000 	C:\WINDOWS\SYSTEM32\profapi.dll
0x00007ffc8d280000 - 0x00007ffc8d29a000 	C:\Program Files\Android\Android Studio\jre\bin\net.dll
0x00007ffc91730000 - 0x00007ffc9183a000 	C:\WINDOWS\SYSTEM32\WINHTTP.dll
0x00007ffc9aa80000 - 0x00007ffc9aaea000 	C:\WINDOWS\system32\mswsock.dll
0x00007ffc8c030000 - 0x00007ffc8c044000 	C:\Program Files\Android\Android Studio\jre\bin\nio.dll
0x00007ffc76ff0000 - 0x00007ffc77017000 	C:\Users\user\.gradle\native\fdc75f09e3144964f2cf3f50f0aa648679c211496f362492102eb8c894070792\windows-amd64\native-platform.dll
0x00007ffc6bcb0000 - 0x00007ffc6be46000 	C:\Users\user\.gradle\native\12488b8bf47d2d4c9fbf2f6322a914ad602e24e48041cd04a747c6da556b65c4\windows-amd64\native-platform-file-events.dll
0x00007ffc8fe60000 - 0x00007ffc8fe6a000 	C:\Program Files\Android\Android Studio\jre\bin\management.dll
0x00007ffc8d350000 - 0x00007ffc8d35c000 	C:\Program Files\Android\Android Studio\jre\bin\management_ext.dll
0x00007ffc9b490000 - 0x00007ffc9b4a8000 	C:\WINDOWS\SYSTEM32\CRYPTSP.dll
0x00007ffc9a2f0000 - 0x00007ffc9a324000 	C:\WINDOWS\system32\rsaenh.dll
0x00007ffc9bb80000 - 0x00007ffc9bba7000 	C:\WINDOWS\System32\bcrypt.dll
0x00007ffc9b7b0000 - 0x00007ffc9b7de000 	C:\WINDOWS\SYSTEM32\USERENV.dll
0x00007ffc9aa00000 - 0x00007ffc9aa0c000 	C:\WINDOWS\SYSTEM32\CRYPTBASE.dll
0x00007ffc9a620000 - 0x00007ffc9a65b000 	C:\WINDOWS\SYSTEM32\IPHLPAPI.DLL
0x00007ffc9dc00000 - 0x00007ffc9dc08000 	C:\WINDOWS\System32\NSI.dll
0x00007ffc939a0000 - 0x00007ffc939b7000 	C:\WINDOWS\SYSTEM32\dhcpcsvc6.DLL
0x00007ffc93d20000 - 0x00007ffc93d3d000 	C:\WINDOWS\SYSTEM32\dhcpcsvc.DLL
0x00007ffc9a660000 - 0x00007ffc9a72c000 	C:\WINDOWS\SYSTEM32\DNSAPI.dll
0x00007ffc93f00000 - 0x00007ffc93f0b000 	C:\WINDOWS\SYSTEM32\WINNSI.DLL

dbghelp: loaded successfully - version: 4.0.5 - missing functions: none
symbol engine: initialized successfully - sym options: 0x614 - pdb path: .;C:\Program Files\Android\Android Studio\jre\bin;C:\WINDOWS\SYSTEM32;C:\WINDOWS\WinSxS\amd64_microsoft.windows.common-controls_6595b64144ccf1df_6.0.19041.1110_none_60b5254171f9507e;C:\Program Files\Android\Android Studio\jre\bin\server;C:\Users\user\.gradle\native\fdc75f09e3144964f2cf3f50f0aa648679c211496f362492102eb8c894070792\windows-amd64;C:\Users\user\.gradle\native\12488b8bf47d2d4c9fbf2f6322a914ad602e24e48041cd04a747c6da556b65c4\windows-amd64

VM Arguments:
jvm_args: --add-opens=java.base/java.util=ALL-UNNAMED --add-opens=java.base/java.lang=ALL-UNNAMED --add-opens=java.base/java.lang.invoke=ALL-UNNAMED --add-opens=java.prefs/java.util.prefs=ALL-UNNAMED -Xmx2048m -Dfile.encoding=UTF-8 -Duser.country=US -Duser.language=en -Duser.variant 
java_command: org.gradle.launcher.daemon.bootstrap.GradleDaemon 6.7.1
java_class_path (initial): C:\Users\user\.gradle\wrapper\dists\gradle-6.7.1-all\2moa8rlfac5eqlcfgk98k0deb\gradle-6.7.1\lib\gradle-launcher-6.7.1.jar
Launcher Type: SUN_STANDARD

[Global flags]
     intx CICompilerCount                          = 3                                         {product} {ergonomic}
     uint ConcGCThreads                            = 1                                         {product} {ergonomic}
     uint G1ConcRefinementThreads                  = 4                                         {product} {ergonomic}
   size_t G1HeapRegionSize                         = 1048576                                   {product} {ergonomic}
    uintx GCDrainStackTargetSize                   = 64                                        {product} {ergonomic}
   size_t InitialHeapSize                          = 100663296                                 {product} {ergonomic}
   size_t MarkStackSize                            = 4194304                                   {product} {ergonomic}
   size_t MaxHeapSize                              = 2147483648                                {product} {command line}
   size_t MaxNewSize                               = 1287651328                                {product} {ergonomic}
   size_t MinHeapDeltaBytes                        = 1048576                                   {product} {ergonomic}
    uintx NonNMethodCodeHeapSize                   = 5830732                                {pd product} {ergonomic}
    uintx NonProfiledCodeHeapSize                  = 122913754                              {pd product} {ergonomic}
    uintx ProfiledCodeHeapSize                     = 122913754                              {pd product} {ergonomic}
    uintx ReservedCodeCacheSize                    = 251658240                              {pd product} {ergonomic}
     bool SegmentedCodeCache                       = true                                      {product} {ergonomic}
     bool UseCompressedClassPointers               = true                                 {lp64_product} {ergonomic}
     bool UseCompressedOops                        = true                                 {lp64_product} {ergonomic}
     bool UseG1GC                                  = true                                      {product} {ergonomic}
     bool UseLargePagesIndividualAllocation        = false                                  {pd product} {ergonomic}

Logging:
Log output configuration:
 #0: stdout all=warning uptime,level,tags
 #1: stderr all=off uptime,level,tags

Environment Variables:
JAVA_HOME=C:\Program Files\Java\jdk1.8.0_261
PATH=C:\Program Files (x86)\Common Files\Oracle\Java\javapath;C:\WINDOWS\system32;C:\WINDOWS;C:\WINDOWS\System32\Wbem;C:\WINDOWS\System32\WindowsPowerShell\v1.0\;C:\apache-maven-3.5.3\bin;C:\Program Files\Java\jdk-14.0.1;C:\Program Files (x86)\scala\bin;D:\Learn\Testing\SoapUI\Udemy\SampleProject\axis2-1.6.2\bin;C:\WINDOWS\System32\OpenSSH\;D:\Learn\Training\Install\WindowsGCCInstall\bin;C:\Program Files\Git\cmd;C:\Program Files\MySQL\MySQL Shell 8.0\bin\;C:\Users\user\AppData\Local\Microsoft\WindowsApps;D:\Install\gradle\gradle-4.7\bin;C:\Program Files\Java\jdk1.8.0_261\bin;
USERNAME=user
OS=Windows_NT
PROCESSOR_IDENTIFIER=Intel64 Family 6 Model 42 Stepping 7, GenuineIntel



---------------  S Y S T E M  ---------------

OS: Windows 10 , 64 bit Build 19041 (10.0.19041.1023)
OS uptime: 0 days 6:02 hours

CPU:total 4 (initial active 4) (2 cores per cpu, 2 threads per core) family 6 model 42 stepping 7, cmov, cx8, fxsr, mmx, sse, sse2, sse3, ssse3, sse4.1, sse4.2, popcnt, avx, aes, clmul, ht, tsc, tscinvbit

Memory: 4k page, system-wide physical 6038M (1151M free)
TotalPageFile size 12182M (AvailPageFile size 5480M)
current process WorkingSet (physical memory assigned to process): 519M, peak: 519M
current process commit charge ("private bytes"): 546M, peak: 546M

vm_info: OpenJDK 64-Bit Server VM (11.0.8+10-b944.6842174) for windows-amd64 JRE (11.0.8+10-b944.6842174), built on Sep 19 2020 01:11:42 by "builder" with MS VC++ 14.0 (VS2015)

END.
