#
# A fatal error has been detected by the Java Runtime Environment:
#
#  EXCEPTION_ACCESS_VIOLATION (0xc0000005) at pc=0x00007ff8db468f78, pid=9932, tid=5260
#
# JRE version: OpenJDK Runtime Environment (11.0.8+10) (build 11.0.8+10-b944.6842174)
# Java VM: OpenJDK 64-Bit Server VM (11.0.8+10-b944.6842174, mixed mode, tiered, compressed oops, g1 gc, windows-amd64)
# Problematic frame:
# V  [jvm.dll+0x818f78]
#
# No core dump will be written. Minidumps are not enabled by default on client versions of Windows
#
# If you would like to submit a bug report, please visit:
#   https://bugreport.java.com/bugreport/crash.jsp
#

---------------  S U M M A R Y ------------

Command Line: --add-opens=java.base/java.util=ALL-UNNAMED --add-opens=java.base/java.lang=ALL-UNNAMED --add-opens=java.base/java.lang.invoke=ALL-UNNAMED --add-opens=java.prefs/java.util.prefs=ALL-UNNAMED -Xmx2048m -Dfile.encoding=UTF-8 -Duser.country=US -Duser.language=en -Duser.variant org.gradle.launcher.daemon.bootstrap.GradleDaemon 6.7.1

Host: Intel(R) Core(TM) i5-2430M CPU @ 2.40GHz, 4 cores, 5G,  Windows 10 , 64 bit Build 19041 (10.0.19041.1151)
Time: Sat Aug 21 16:18:42 2021 India Standard Time elapsed time: 411 seconds (0d 0h 6m 51s)

---------------  T H R E A D  ---------------

Current thread (0x0000024c677a6000):  ConcurrentGCThread "G1 Conc#0" [stack: 0x0000009474c00000,0x0000009474d00000] [id=5260]

Stack: [0x0000009474c00000,0x0000009474d00000],  sp=0x0000009474cff1e8,  free space=1020k
Native frames: (J=compiled Java code, j=interpreted, Vv=VM code, C=native code)
V  [jvm.dll+0x818f78]


siginfo: EXCEPTION_ACCESS_VIOLATION (0xc0000005), data execution prevention violation at address 0x00007ff8db468f78


Register to memory mapping:

RIP=0x00007ff8db468f78 jvm.dll
RAX=0x00007ff8db5d1200 jvm.dll
RBX=0x000000000ff7e274 is an unknown value
RCX=0x0000009474cff348 points into unknown readable memory: 60 e1 45 db f8 7f 00 00
RDX=0x0000000083c4c920 is an oop: 
[error occurred during error reporting (printing register info), id 0xc0000005, EXCEPTION_ACCESS_VIOLATION (0xc0000005) at pc=0x00007ff8db21bc7d]

Registers:
RAX=0x00007ff8db5d1200, RBX=0x000000000ff7e274, RCX=0x0000009474cff348, RDX=0x0000000083c4c920
RSP=0x0000009474cff1e8, RBP=0x0000009474cff348, RSI=0x0000000083c4c920, RDI=0x0000000100c3c560
R8 =0x0000000100c3c560, R9 =0x000000000000024c, R10=0x000000000001e800, R11=0x0000024c7d310000
R12=0x000000000000000c, R13=0xaaaaaaaaaaaaaaab, R14=0x0000024c677a6801, R15=0x0000009474cff320
RIP=0x00007ff8db468f78, EFLAGS=0x0000000000010206

Top of Stack: (sp=0x0000009474cff1e8)
0x0000009474cff1e8:   00007ff8daf1f021 0000000000000005
0x0000009474cff1f8:   0000009474cff348 0000000083c4c8f8
0x0000009474cff208:   0000000000000000 0000000083c4c920
0x0000009474cff218:   00007ff8daf2d3ff 0000024c677abe50
0x0000009474cff228:   00000000007a0000 0000009474cff320
0x0000009474cff238:   0000000000000000 0000000083c4c920
0x0000009474cff248:   00007ff8daf2f23b 0000000000789924
0x0000009474cff258:   0000009474cff320 0000000083c2c810
0x0000009474cff268:   000000000078991f 0000024c6779ad40
0x0000009474cff278:   00007ff8daf30ddb 0000000083c4c920
0x0000009474cff288:   000000000078991f 0000000083c4c920
0x0000009474cff298:   000000000004c4b4 0000000000000000
0x0000009474cff2a8:   0000024c677a6801 0000000000000001
0x0000009474cff2b8:   00007ff8daf2fa29 0000000000000555
0x0000009474cff2c8:   0000009474cff399 0000000000000000
0x0000009474cff2d8:   0000024c677abe50 0000000083c00000 

Instructions: (pc=0x00007ff8db468f78)
0x00007ff8db468e78:   74 65 73 20 69 73 20 6e 6f 74 20 63 6f 75 6e 74
0x00007ff8db468e88:   65 64 20 69 6e 20 52 4f 41 6c 6c 2c 20 52 57 41
0x00007ff8db468e98:   6c 6c 20 6f 72 20 54 6f 74 61 6c 00 00 00 00 00
0x00007ff8db468ea8:   53 69 7a 65 20 6f 66 20 74 68 65 20 4b 6c 61 73
0x00007ff8db468eb8:   73 3a 3a 6a 61 76 61 5f 6d 69 72 72 6f 72 28 29
0x00007ff8db468ec8:   20 6f 62 6a 65 63 74 00 53 69 7a 65 20 6f 66 20
0x00007ff8db468ed8:   74 68 65 20 49 6e 73 74 61 6e 63 65 4b 6c 61 73
0x00007ff8db468ee8:   73 20 6f 72 20 41 72 72 61 79 4b 6c 61 73 73 20
0x00007ff8db468ef8:   66 6f 72 20 74 68 69 73 20 63 6c 61 73 73 2e 20
0x00007ff8db468f08:   4e 6f 74 65 20 74 68 61 74 20 74 68 69 73 20 69
0x00007ff8db468f18:   6e 63 6c 75 64 65 73 20 56 54 61 62 2c 20 49 54
0x00007ff8db468f28:   61 62 2c 20 4f 6f 70 4d 61 70 00 00 00 00 00 00
0x00007ff8db468f38:   4e 75 6d 62 65 72 20 6f 66 20 62 79 74 65 73 20
0x00007ff8db468f48:   75 73 65 64 20 62 79 20 74 68 65 20 4b 6c 61 73
0x00007ff8db468f58:   73 3a 3a 73 65 63 6f 6e 64 61 72 79 5f 73 75 70
0x00007ff8db468f68:   65 72 73 28 29 20 61 72 72 61 79 00 00 00 00 00
0x00007ff8db468f78:   53 69 7a 65 20 6f 66 20 74 68 65 20 65 6d 62 65
0x00007ff8db468f88:   64 64 65 64 20 76 74 61 62 6c 65 20 69 6e 20 49
0x00007ff8db468f98:   6e 73 74 61 6e 63 65 4b 6c 61 73 73 00 00 00 00
0x00007ff8db468fa8:   53 69 7a 65 20 6f 66 20 74 68 65 20 65 6d 62 65
0x00007ff8db468fb8:   64 64 65 64 20 69 74 61 62 6c 65 20 69 6e 20 49
0x00007ff8db468fc8:   6e 73 74 61 6e 63 65 4b 6c 61 73 73 00 00 00 00
0x00007ff8db468fd8:   53 69 7a 65 20 6f 66 20 74 68 65 20 65 6d 62 65
0x00007ff8db468fe8:   64 64 65 64 20 6e 6f 6e 73 74 61 74 69 63 5f 6f
0x00007ff8db468ff8:   6f 70 5f 6d 61 70 20 69 6e 20 49 6e 73 74 61 6e
0x00007ff8db469008:   63 65 4b 6c 61 73 73 00 4e 75 6d 62 65 72 20 6f
0x00007ff8db469018:   66 20 62 79 74 65 73 20 75 73 65 64 20 62 79 20
0x00007ff8db469028:   74 68 65 20 49 6e 73 74 61 6e 63 65 4b 6c 61 73
0x00007ff8db469038:   73 3a 3a 6d 65 74 68 6f 64 73 28 29 20 61 72 72
0x00007ff8db469048:   61 79 00 00 00 00 00 00 4e 75 6d 62 65 72 20 6f
0x00007ff8db469058:   66 20 62 79 74 65 73 20 75 73 65 64 20 62 79 20
0x00007ff8db469068:   74 68 65 20 49 6e 73 74 61 6e 63 65 4b 6c 61 73 


Stack slot to memory mapping:
stack at sp + 0 slots: 0x00007ff8daf1f021 jvm.dll
stack at sp + 1 slots: 0x0000000000000005 is an unknown value
stack at sp + 2 slots: 0x0000009474cff348 points into unknown readable memory: 60 e1 45 db f8 7f 00 00
stack at sp + 3 slots: 0x0000000083c4c8f8 is an oop: com.sun.tools.javac.code.Type$MethodType 
{0x0000000083c4c8f8} - klass: 'com/sun/tools/javac/code/Type$MethodType'
stack at sp + 4 slots: 0x0 is NULL
stack at sp + 5 slots: 0x0000000083c4c920 is an oop: 
[error occurred during error reporting (inspecting top of stack), id 0xc0000005, EXCEPTION_ACCESS_VIOLATION (0xc0000005) at pc=0x00007ff8db21bc7d]


---------------  P R O C E S S  ---------------

Threads class SMR info:
_java_thread_list=0x0000024c093695c0, length=148, elements={
0x0000024c6775b800, 0x0000024c7f932800, 0x0000024c7f938000, 0x0000024c7faf2800,
0x0000024c7f954000, 0x0000024c7f954800, 0x0000024c7f961800, 0x0000024c7f968800,
0x0000024c7fc24000, 0x0000024c7fc3d000, 0x0000024c036b4800, 0x0000024c7fea5000,
0x0000024c04654800, 0x0000024c044e6000, 0x0000024c044e7800, 0x0000024c044e1800,
0x0000024c044e8000, 0x0000024c073bb000, 0x0000024c073ff000, 0x0000024c0492e800,
0x0000024c073fc800, 0x0000024c073fb000, 0x0000024c073fb800, 0x0000024c073fa000,
0x0000024c073f8800, 0x0000024c073fd000, 0x0000024c073fe000, 0x0000024c073f9000,
0x0000024c073ff800, 0x0000024c07401800, 0x0000024c07403000, 0x0000024c07402000,
0x0000024c07404800, 0x0000024c07405800, 0x0000024c07400800, 0x0000024c07406000,
0x0000024c07407000, 0x0000024c04932000, 0x0000024c0492d800, 0x0000024c0492f800,
0x0000024c0492c000, 0x0000024c04932800, 0x0000024c04930000, 0x0000024c04931000,
0x0000024c0492d000, 0x0000024c04937800, 0x0000024c04938800, 0x0000024c04935000,
0x0000024c04939000, 0x0000024c04933800, 0x0000024c0493a000, 0x0000024c04936000,
0x0000024c04934000, 0x0000024c04936800, 0x0000024c0493b000, 0x0000024c09744000,
0x0000024c09743800, 0x0000024c09742800, 0x0000024c09745000, 0x0000024c0973f800,
0x0000024c09740000, 0x0000024c09746000, 0x0000024c09741000, 0x0000024c09749000,
0x0000024c0974a800, 0x0000024c0974a000, 0x0000024c0974b800, 0x0000024c09746800,
0x0000024c0974c800, 0x0000024c0974d000, 0x0000024c09747800, 0x0000024c0974e000,
0x0000024c09748800, 0x0000024c073b9000, 0x0000024c073b5000, 0x0000024c073ba000,
0x0000024c073b7800, 0x0000024c073b8800, 0x0000024c073bb800, 0x0000024c073b6800,
0x0000024c073bd000, 0x0000024c073bf000, 0x0000024c073c0800, 0x0000024c073c1800,
0x0000024c073be000, 0x0000024c073bf800, 0x0000024c073c2000, 0x0000024c073bc800,
0x0000024c073c3000, 0x0000024c073c3800, 0x0000024c044e2800, 0x0000024c044e4000,
0x0000024c044e6800, 0x0000024c044e3800, 0x0000024c044e5000, 0x0000024c09393000,
0x0000024c09392800, 0x0000024c09399800, 0x0000024c09398000, 0x0000024c09394000,
0x0000024c0939a800, 0x0000024c09397000, 0x0000024c09395000, 0x0000024c09395800,
0x0000024c0939b800, 0x0000024c09399000, 0x0000024c0939c000, 0x0000024c09396800,
0x0000024c0939d000, 0x0000024c093a0000, 0x0000024c093a1000, 0x0000024c0939d800,
0x0000024c0939f800, 0x0000024c0939e800, 0x0000024c07429800, 0x0000024c07426000,
0x0000024c07427000, 0x0000024c07423800, 0x0000024c07428800, 0x0000024c0742a000,
0x0000024c07428000, 0x0000024c07425800, 0x0000024c07424800, 0x0000024c0742c000,
0x0000024c07430000, 0x0000024c07430800, 0x0000024c0742d800, 0x0000024c0742e800,
0x0000024c0742b000, 0x0000024c07432800, 0x0000024c0742f000, 0x0000024c0742c800,
0x0000024c07431800, 0x0000024c07df2800, 0x0000024c07df1800, 0x0000024c07dec800,
0x0000024c07df1000, 0x0000024c07df3800, 0x0000024c07ded800, 0x0000024c07df4000,
0x0000024c07dee800, 0x0000024c07df5000, 0x0000024c07def000, 0x0000024c07df6800,
0x0000024c07df7800, 0x0000024c07df0000, 0x0000024c07df8000, 0x0000024c07dfb800
}

Java Threads: ( => current thread )
  0x0000024c6775b800 JavaThread "main" [_thread_blocked, id=12064, stack(0x0000009474900000,0x0000009474a00000)]
  0x0000024c7f932800 JavaThread "Reference Handler" daemon [_thread_blocked, id=8308, stack(0x0000009475000000,0x0000009475100000)]
  0x0000024c7f938000 JavaThread "Finalizer" daemon [_thread_blocked, id=1272, stack(0x0000009475100000,0x0000009475200000)]
  0x0000024c7faf2800 JavaThread "Signal Dispatcher" daemon [_thread_blocked, id=3660, stack(0x0000009475200000,0x0000009475300000)]
  0x0000024c7f954000 JavaThread "Attach Listener" daemon [_thread_blocked, id=6532, stack(0x0000009475300000,0x0000009475400000)]
  0x0000024c7f954800 JavaThread "C2 CompilerThread0" daemon [_thread_in_native, id=8864, stack(0x0000009475400000,0x0000009475500000)]
  0x0000024c7f961800 JavaThread "C1 CompilerThread0" daemon [_thread_blocked, id=2860, stack(0x0000009475500000,0x0000009475600000)]
  0x0000024c7f968800 JavaThread "Sweeper thread" daemon [_thread_blocked, id=10660, stack(0x0000009475600000,0x0000009475700000)]
  0x0000024c7fc24000 JavaThread "Common-Cleaner" daemon [_thread_blocked, id=7896, stack(0x0000009475700000,0x0000009475800000)]
  0x0000024c7fc3d000 JavaThread "Service Thread" daemon [_thread_blocked, id=1144, stack(0x0000009475800000,0x0000009475900000)]
  0x0000024c036b4800 JavaThread "Daemon health stats" [_thread_blocked, id=3772, stack(0x0000009475c00000,0x0000009475d00000)]
  0x0000024c7fea5000 JavaThread "Incoming local TCP Connector on port 62678" [_thread_in_native, id=11624, stack(0x0000009475e00000,0x0000009475f00000)]
  0x0000024c04654800 JavaThread "Daemon periodic checks" [_thread_blocked, id=6092, stack(0x0000009475f00000,0x0000009476000000)]
  0x0000024c044e6000 JavaThread "Cache worker for file hash cache (C:\Users\user\.gradle\caches\6.7.1\fileHashes)" [_thread_blocked, id=10516, stack(0x0000009476a00000,0x0000009476b00000)]
  0x0000024c044e7800 JavaThread "File lock request listener" [_thread_in_native, id=11660, stack(0x0000009476b00000,0x0000009476c00000)]
  0x0000024c044e1800 JavaThread "Cache worker for journal cache (C:\Users\user\.gradle\caches\journal-1)" [_thread_blocked, id=5768, stack(0x0000009476700000,0x0000009476800000)]
  0x0000024c044e8000 JavaThread "Cache worker for execution history cache (C:\Users\user\.gradle\caches\6.7.1\executionHistory)" [_thread_blocked, id=812, stack(0x0000009477100000,0x0000009477200000)]
  0x0000024c073bb000 JavaThread "Cache worker for file content cache (C:\Users\user\.gradle\caches\6.7.1\fileContent)" [_thread_blocked, id=4260, stack(0x0000009477300000,0x0000009477400000)]
  0x0000024c073ff000 JavaThread "Memory manager" [_thread_blocked, id=9700, stack(0x000000947da00000,0x000000947db00000)]
  0x0000024c0492e800 JavaThread "ForkJoinPool.commonPool-worker-3" daemon [_thread_blocked, id=4496, stack(0x000000947e500000,0x000000947e600000)]
  0x0000024c073fc800 JavaThread "Daemon Thread 2" [_thread_blocked, id=9336, stack(0x0000009474600000,0x0000009474700000)]
  0x0000024c073fb000 JavaThread "Handler for socket connection from /127.0.0.1:62678 to /127.0.0.1:59928" [_thread_in_native, id=3212, stack(0x0000009474700000,0x0000009474800000)]
  0x0000024c073fb800 JavaThread "Cancel handler" [_thread_blocked, id=9524, stack(0x0000009474800000,0x0000009474900000)]
  0x0000024c073fa000 JavaThread "Daemon worker Thread 2" [_thread_in_vm, id=7840, stack(0x0000009476000000,0x0000009476100000)]
  0x0000024c073f8800 JavaThread "Asynchronous log dispatcher for DefaultDaemonConnection: socket connection from /127.0.0.1:62678 to /127.0.0.1:59928" [_thread_blocked, id=10444, stack(0x0000009476100000,0x0000009476200000)]
  0x0000024c073fd000 JavaThread "Stdin handler" [_thread_blocked, id=11548, stack(0x0000009476200000,0x0000009476300000)]
  0x0000024c073fe000 JavaThread "Thread-251" [_thread_blocked, id=2628, stack(0x0000009476300000,0x0000009476400000)]
  0x0000024c073f9000 JavaThread "Cache worker for file hash cache (C:\Users\user\AndroidStudioProjects\TeluguMovieQuiz\.gradle\6.7.1\fileHashes)" [_thread_blocked, id=4304, stack(0x0000009476400000,0x0000009476500000)]
  0x0000024c073ff800 JavaThread "Cache worker for checksums cache (C:\Users\user\AndroidStudioProjects\TeluguMovieQuiz\.gradle\checksums)" [_thread_blocked, id=11320, stack(0x0000009476500000,0x0000009476600000)]
  0x0000024c07401800 JavaThread "Cache worker for cache directory md-supplier (C:\Users\user\.gradle\caches\6.7.1\md-supplier)" [_thread_blocked, id=3324, stack(0x0000009476600000,0x0000009476700000)]
  0x0000024c07403000 JavaThread "Cache worker for cache directory md-rule (C:\Users\user\.gradle\caches\6.7.1\md-rule)" [_thread_blocked, id=11496, stack(0x0000009476c00000,0x0000009476d00000)]
  0x0000024c07402000 JavaThread "Cache worker for Build Output Cleanup Cache (C:\Users\user\AndroidStudioProjects\TeluguMovieQuiz\.gradle\buildOutputCleanup)" [_thread_blocked, id=7376, stack(0x0000009476d00000,0x0000009476e00000)]
  0x0000024c07404800 JavaThread "Build operations" [_thread_blocked, id=10460, stack(0x0000009476f00000,0x0000009477000000)]
  0x0000024c07405800 JavaThread "Build operations Thread 2" [_thread_blocked, id=10884, stack(0x0000009477000000,0x0000009477100000)]
  0x0000024c07400800 JavaThread "Build operations Thread 3" [_thread_blocked, id=10128, stack(0x0000009477200000,0x0000009477300000)]
  0x0000024c07406000 JavaThread "Build operations Thread 4" [_thread_blocked, id=5736, stack(0x0000009477400000,0x0000009477500000)]
  0x0000024c07407000 JavaThread "jar transforms Thread 194" [_thread_blocked, id=1492, stack(0x0000009477500000,0x0000009477600000)]
  0x0000024c04932000 JavaThread "jar transforms Thread 195" [_thread_blocked, id=12152, stack(0x0000009477600000,0x0000009477700000)]
  0x0000024c0492d800 JavaThread "jar transforms Thread 196" [_thread_blocked, id=5028, stack(0x0000009477700000,0x0000009477800000)]
  0x0000024c0492f800 JavaThread "jar transforms Thread 197" [_thread_blocked, id=10556, stack(0x0000009477800000,0x0000009477900000)]
  0x0000024c0492c000 JavaThread "jar transforms Thread 198" [_thread_blocked, id=5544, stack(0x0000009477900000,0x0000009477a00000)]
  0x0000024c04932800 JavaThread "jar transforms Thread 199" [_thread_blocked, id=11512, stack(0x0000009477a00000,0x0000009477b00000)]
  0x0000024c04930000 JavaThread "jar transforms Thread 200" [_thread_blocked, id=9736, stack(0x0000009477b00000,0x0000009477c00000)]
  0x0000024c04931000 JavaThread "jar transforms Thread 201" [_thread_blocked, id=4248, stack(0x0000009477c00000,0x0000009477d00000)]
  0x0000024c0492d000 JavaThread "jar transforms Thread 202" [_thread_blocked, id=4856, stack(0x0000009477d00000,0x0000009477e00000)]
  0x0000024c04937800 JavaThread "jar transforms Thread 203" [_thread_blocked, id=9512, stack(0x0000009477e00000,0x0000009477f00000)]
  0x0000024c04938800 JavaThread "jar transforms Thread 204" [_thread_blocked, id=1388, stack(0x0000009477f00000,0x0000009478000000)]
  0x0000024c04935000 JavaThread "jar transforms Thread 205" [_thread_blocked, id=11352, stack(0x0000009478000000,0x0000009478100000)]
  0x0000024c04939000 JavaThread "jar transforms Thread 206" [_thread_blocked, id=7828, stack(0x0000009478100000,0x0000009478200000)]
  0x0000024c04933800 JavaThread "jar transforms Thread 207" [_thread_blocked, id=5616, stack(0x0000009478200000,0x0000009478300000)]
  0x0000024c0493a000 JavaThread "jar transforms Thread 208" [_thread_blocked, id=11456, stack(0x0000009478300000,0x0000009478400000)]
  0x0000024c04936000 JavaThread "jar transforms Thread 209" [_thread_blocked, id=6432, stack(0x0000009478400000,0x0000009478500000)]
  0x0000024c04934000 JavaThread "jar transforms Thread 210" [_thread_blocked, id=2488, stack(0x0000009478500000,0x0000009478600000)]
  0x0000024c04936800 JavaThread "jar transforms Thread 211" [_thread_blocked, id=4224, stack(0x0000009478600000,0x0000009478700000)]
  0x0000024c0493b000 JavaThread "jar transforms Thread 212" [_thread_blocked, id=5100, stack(0x0000009478700000,0x0000009478800000)]
  0x0000024c09744000 JavaThread "jar transforms Thread 213" [_thread_blocked, id=10800, stack(0x0000009478800000,0x0000009478900000)]
  0x0000024c09743800 JavaThread "jar transforms Thread 214" [_thread_blocked, id=2900, stack(0x0000009478900000,0x0000009478a00000)]
  0x0000024c09742800 JavaThread "jar transforms Thread 215" [_thread_blocked, id=9472, stack(0x0000009478a00000,0x0000009478b00000)]
  0x0000024c09745000 JavaThread "jar transforms Thread 216" [_thread_blocked, id=3036, stack(0x0000009478b00000,0x0000009478c00000)]
  0x0000024c0973f800 JavaThread "jar transforms Thread 217" [_thread_blocked, id=1816, stack(0x0000009478c00000,0x0000009478d00000)]
  0x0000024c09740000 JavaThread "jar transforms Thread 218" [_thread_blocked, id=2012, stack(0x0000009478d00000,0x0000009478e00000)]
  0x0000024c09746000 JavaThread "jar transforms Thread 219" [_thread_blocked, id=8460, stack(0x0000009478e00000,0x0000009478f00000)]
  0x0000024c09741000 JavaThread "jar transforms Thread 220" [_thread_blocked, id=4952, stack(0x0000009478f00000,0x0000009479000000)]
  0x0000024c09749000 JavaThread "jar transforms Thread 221" [_thread_blocked, id=7836, stack(0x0000009479000000,0x0000009479100000)]
  0x0000024c0974a800 JavaThread "jar transforms Thread 222" [_thread_blocked, id=7120, stack(0x0000009479100000,0x0000009479200000)]
  0x0000024c0974a000 JavaThread "jar transforms Thread 223" [_thread_blocked, id=10900, stack(0x0000009479200000,0x0000009479300000)]
  0x0000024c0974b800 JavaThread "jar transforms Thread 224" [_thread_blocked, id=12184, stack(0x0000009479300000,0x0000009479400000)]
  0x0000024c09746800 JavaThread "jar transforms Thread 225" [_thread_blocked, id=11572, stack(0x0000009479400000,0x0000009479500000)]
  0x0000024c0974c800 JavaThread "jar transforms Thread 226" [_thread_blocked, id=2484, stack(0x0000009479500000,0x0000009479600000)]
  0x0000024c0974d000 JavaThread "jar transforms Thread 227" [_thread_blocked, id=380, stack(0x0000009479600000,0x0000009479700000)]
  0x0000024c09747800 JavaThread "jar transforms Thread 228" [_thread_blocked, id=10936, stack(0x0000009479700000,0x0000009479800000)]
  0x0000024c0974e000 JavaThread "jar transforms Thread 229" [_thread_blocked, id=8004, stack(0x0000009479800000,0x0000009479900000)]
  0x0000024c09748800 JavaThread "jar transforms Thread 230" [_thread_blocked, id=5012, stack(0x0000009479900000,0x0000009479a00000)]
  0x0000024c073b9000 JavaThread "jar transforms Thread 231" [_thread_blocked, id=11408, stack(0x0000009479a00000,0x0000009479b00000)]
  0x0000024c073b5000 JavaThread "jar transforms Thread 232" [_thread_blocked, id=12188, stack(0x0000009479b00000,0x0000009479c00000)]
  0x0000024c073ba000 JavaThread "jar transforms Thread 233" [_thread_blocked, id=10720, stack(0x0000009479c00000,0x0000009479d00000)]
  0x0000024c073b7800 JavaThread "jar transforms Thread 234" [_thread_blocked, id=4160, stack(0x0000009479d00000,0x0000009479e00000)]
  0x0000024c073b8800 JavaThread "jar transforms Thread 235" [_thread_blocked, id=10620, stack(0x0000009479e00000,0x0000009479f00000)]
  0x0000024c073bb800 JavaThread "jar transforms Thread 236" [_thread_blocked, id=2400, stack(0x0000009479f00000,0x000000947a000000)]
  0x0000024c073b6800 JavaThread "jar transforms Thread 237" [_thread_blocked, id=7732, stack(0x000000947a000000,0x000000947a100000)]
  0x0000024c073bd000 JavaThread "jar transforms Thread 238" [_thread_blocked, id=8948, stack(0x000000947a100000,0x000000947a200000)]
  0x0000024c073bf000 JavaThread "jar transforms Thread 239" [_thread_blocked, id=11780, stack(0x000000947a200000,0x000000947a300000)]
  0x0000024c073c0800 JavaThread "jar transforms Thread 240" [_thread_blocked, id=6576, stack(0x000000947a300000,0x000000947a400000)]
  0x0000024c073c1800 JavaThread "jar transforms Thread 241" [_thread_blocked, id=11696, stack(0x000000947a400000,0x000000947a500000)]
  0x0000024c073be000 JavaThread "jar transforms Thread 242" [_thread_blocked, id=6136, stack(0x000000947a500000,0x000000947a600000)]
  0x0000024c073bf800 JavaThread "jar transforms Thread 243" [_thread_blocked, id=3464, stack(0x000000947a600000,0x000000947a700000)]
  0x0000024c073c2000 JavaThread "jar transforms Thread 244" [_thread_blocked, id=7644, stack(0x000000947a700000,0x000000947a800000)]
  0x0000024c073bc800 JavaThread "jar transforms Thread 245" [_thread_blocked, id=2580, stack(0x000000947a800000,0x000000947a900000)]
  0x0000024c073c3000 JavaThread "jar transforms Thread 246" [_thread_blocked, id=7172, stack(0x000000947a900000,0x000000947aa00000)]
  0x0000024c073c3800 JavaThread "jar transforms Thread 247" [_thread_blocked, id=11952, stack(0x000000947aa00000,0x000000947ab00000)]
  0x0000024c044e2800 JavaThread "jar transforms Thread 248" [_thread_blocked, id=9380, stack(0x000000947ab00000,0x000000947ac00000)]
  0x0000024c044e4000 JavaThread "jar transforms Thread 249" [_thread_blocked, id=5452, stack(0x000000947ac00000,0x000000947ad00000)]
  0x0000024c044e6800 JavaThread "jar transforms Thread 250" [_thread_blocked, id=5720, stack(0x000000947ad00000,0x000000947ae00000)]
  0x0000024c044e3800 JavaThread "jar transforms Thread 251" [_thread_blocked, id=6988, stack(0x000000947ae00000,0x000000947af00000)]
  0x0000024c044e5000 JavaThread "jar transforms Thread 252" [_thread_blocked, id=7300, stack(0x000000947af00000,0x000000947b000000)]
  0x0000024c09393000 JavaThread "jar transforms Thread 253" [_thread_blocked, id=10948, stack(0x000000947b000000,0x000000947b100000)]
  0x0000024c09392800 JavaThread "jar transforms Thread 254" [_thread_blocked, id=1580, stack(0x000000947b100000,0x000000947b200000)]
  0x0000024c09399800 JavaThread "jar transforms Thread 255" [_thread_blocked, id=3220, stack(0x000000947b200000,0x000000947b300000)]
  0x0000024c09398000 JavaThread "jar transforms Thread 256" [_thread_blocked, id=9392, stack(0x000000947b300000,0x000000947b400000)]
  0x0000024c09394000 JavaThread "jar transforms Thread 257" [_thread_blocked, id=10968, stack(0x000000947b400000,0x000000947b500000)]
  0x0000024c0939a800 JavaThread "jar transforms Thread 258" [_thread_blocked, id=7152, stack(0x000000947b500000,0x000000947b600000)]
  0x0000024c09397000 JavaThread "jar transforms Thread 259" [_thread_blocked, id=7900, stack(0x000000947b600000,0x000000947b700000)]
  0x0000024c09395000 JavaThread "jar transforms Thread 260" [_thread_blocked, id=8224, stack(0x000000947b700000,0x000000947b800000)]
  0x0000024c09395800 JavaThread "jar transforms Thread 261" [_thread_blocked, id=11376, stack(0x000000947b800000,0x000000947b900000)]
  0x0000024c0939b800 JavaThread "jar transforms Thread 262" [_thread_blocked, id=10500, stack(0x000000947b900000,0x000000947ba00000)]
  0x0000024c09399000 JavaThread "jar transforms Thread 263" [_thread_blocked, id=11620, stack(0x000000947ba00000,0x000000947bb00000)]
  0x0000024c0939c000 JavaThread "jar transforms Thread 264" [_thread_blocked, id=10260, stack(0x000000947bb00000,0x000000947bc00000)]
  0x0000024c09396800 JavaThread "jar transforms Thread 265" [_thread_blocked, id=2948, stack(0x000000947bc00000,0x000000947bd00000)]
  0x0000024c0939d000 JavaThread "jar transforms Thread 266" [_thread_blocked, id=11028, stack(0x000000947bd00000,0x000000947be00000)]
  0x0000024c093a0000 JavaThread "jar transforms Thread 267" [_thread_blocked, id=7060, stack(0x000000947be00000,0x000000947bf00000)]
  0x0000024c093a1000 JavaThread "jar transforms Thread 268" [_thread_blocked, id=4256, stack(0x000000947bf00000,0x000000947c000000)]
  0x0000024c0939d800 JavaThread "jar transforms Thread 269" [_thread_blocked, id=5384, stack(0x000000947c000000,0x000000947c100000)]
  0x0000024c0939f800 JavaThread "jar transforms Thread 270" [_thread_blocked, id=10872, stack(0x000000947c100000,0x000000947c200000)]
  0x0000024c0939e800 JavaThread "jar transforms Thread 271" [_thread_blocked, id=740, stack(0x000000947c200000,0x000000947c300000)]
  0x0000024c07429800 JavaThread "jar transforms Thread 272" [_thread_blocked, id=11052, stack(0x000000947c300000,0x000000947c400000)]
  0x0000024c07426000 JavaThread "jar transforms Thread 273" [_thread_blocked, id=2592, stack(0x000000947c400000,0x000000947c500000)]
  0x0000024c07427000 JavaThread "jar transforms Thread 274" [_thread_blocked, id=1852, stack(0x000000947c500000,0x000000947c600000)]
  0x0000024c07423800 JavaThread "jar transforms Thread 275" [_thread_blocked, id=5372, stack(0x000000947c600000,0x000000947c700000)]
  0x0000024c07428800 JavaThread "jar transforms Thread 276" [_thread_blocked, id=1480, stack(0x000000947c700000,0x000000947c800000)]
  0x0000024c0742a000 JavaThread "jar transforms Thread 277" [_thread_blocked, id=10572, stack(0x000000947c800000,0x000000947c900000)]
  0x0000024c07428000 JavaThread "jar transforms Thread 278" [_thread_blocked, id=10116, stack(0x000000947c900000,0x000000947ca00000)]
  0x0000024c07425800 JavaThread "jar transforms Thread 279" [_thread_blocked, id=7736, stack(0x000000947ca00000,0x000000947cb00000)]
  0x0000024c07424800 JavaThread "jar transforms Thread 280" [_thread_blocked, id=492, stack(0x000000947cb00000,0x000000947cc00000)]
  0x0000024c0742c000 JavaThread "jar transforms Thread 281" [_thread_blocked, id=11852, stack(0x000000947cc00000,0x000000947cd00000)]
  0x0000024c07430000 JavaThread "jar transforms Thread 282" [_thread_blocked, id=5252, stack(0x000000947cd00000,0x000000947ce00000)]
  0x0000024c07430800 JavaThread "jar transforms Thread 283" [_thread_blocked, id=12284, stack(0x000000947ce00000,0x000000947cf00000)]
  0x0000024c0742d800 JavaThread "jar transforms Thread 284" [_thread_blocked, id=7052, stack(0x000000947cf00000,0x000000947d000000)]
  0x0000024c0742e800 JavaThread "jar transforms Thread 285" [_thread_blocked, id=4812, stack(0x000000947d000000,0x000000947d100000)]
  0x0000024c0742b000 JavaThread "jar transforms Thread 286" [_thread_blocked, id=9184, stack(0x000000947d100000,0x000000947d200000)]
  0x0000024c07432800 JavaThread "jar transforms Thread 287" [_thread_blocked, id=6716, stack(0x000000947d200000,0x000000947d300000)]
  0x0000024c0742f000 JavaThread "jar transforms Thread 288" [_thread_blocked, id=9632, stack(0x000000947d300000,0x000000947d400000)]
  0x0000024c0742c800 JavaThread "jar transforms Thread 289" [_thread_blocked, id=9832, stack(0x000000947d400000,0x000000947d500000)]
  0x0000024c07431800 JavaThread "jar transforms Thread 290" [_thread_blocked, id=11868, stack(0x000000947d500000,0x000000947d600000)]
  0x0000024c07df2800 JavaThread "build event listener" [_thread_blocked, id=10960, stack(0x000000947d600000,0x000000947d700000)]
  0x0000024c07df1800 JavaThread "build event listener" [_thread_blocked, id=8896, stack(0x000000947d700000,0x000000947d800000)]
  0x0000024c07dec800 JavaThread "Execution worker for ':'" [_thread_blocked, id=6892, stack(0x000000947d800000,0x000000947d900000)]
  0x0000024c07df1000 JavaThread "Execution worker for ':' Thread 2" [_thread_blocked, id=4108, stack(0x000000947db00000,0x000000947dc00000)]
  0x0000024c07df3800 JavaThread "Execution worker for ':' Thread 3" [_thread_blocked, id=488, stack(0x000000947dc00000,0x000000947dd00000)]
  0x0000024c07ded800 JavaThread "Cache worker for execution history cache (C:\Users\user\AndroidStudioProjects\TeluguMovieQuiz\.gradle\6.7.1\executionHistory)" [_thread_blocked, id=9088, stack(0x000000947dd00000,0x000000947de00000)]
  0x0000024c07df4000 JavaThread "WorkerExecutor Queue" [_thread_blocked, id=5588, stack(0x000000947de00000,0x000000947df00000)]
  0x0000024c07dee800 JavaThread "WorkerExecutor Queue Thread 3" [_thread_blocked, id=12100, stack(0x000000947e000000,0x000000947e100000)]
  0x0000024c07df5000 JavaThread "WorkerExecutor Queue Thread 4" [_thread_blocked, id=11716, stack(0x000000947e100000,0x000000947e200000)]
  0x0000024c07def000 JavaThread "pool-11-thread-1" [_thread_blocked, id=2436, stack(0x000000947e200000,0x000000947e300000)]
  0x0000024c07df6800 JavaThread "stderr" [_thread_in_native, id=5404, stack(0x000000947e300000,0x000000947e400000)]
  0x0000024c07df7800 JavaThread "stdout" [_thread_in_native, id=5728, stack(0x000000947e400000,0x000000947e500000)]
  0x0000024c07df0000 JavaThread "Cache worker for Java compile cache (C:\Users\user\.gradle\caches\6.7.1\javaCompile)" [_thread_blocked, id=500, stack(0x000000947df00000,0x000000947e000000)]
  0x0000024c07df8000 JavaThread "Cache worker for Java compile cache (C:\Users\user\AndroidStudioProjects\TeluguMovieQuiz\.gradle\6.7.1\javaCompile)" [_thread_blocked, id=11920, stack(0x000000947e600000,0x000000947e700000)]
  0x0000024c07dfb800 JavaThread "C2 CompilerThread1" daemon [_thread_in_native, id=7104, stack(0x0000009476e00000,0x0000009476f00000)]

Other Threads:
  0x0000024c7f931000 VMThread "VM Thread" [stack: 0x0000009474f00000,0x0000009475000000] [id=3176]
  0x0000024c7fc3d800 WatcherThread [stack: 0x0000009475900000,0x0000009475a00000] [id=1300]
  0x0000024c67774000 GCTaskThread "GC Thread#0" [stack: 0x0000009474a00000,0x0000009474b00000] [id=3112]
  0x0000024c02858800 GCTaskThread "GC Thread#1" [stack: 0x0000009475b00000,0x0000009475c00000] [id=6708]
  0x0000024c0442f800 GCTaskThread "GC Thread#2" [stack: 0x0000009476800000,0x0000009476900000] [id=6632]
  0x0000024c036a9800 GCTaskThread "GC Thread#3" [stack: 0x0000009476900000,0x0000009476a00000] [id=7760]
  0x0000024c677a3800 ConcurrentGCThread "G1 Main Marker" [stack: 0x0000009474b00000,0x0000009474c00000] [id=5256]
=>0x0000024c677a6000 ConcurrentGCThread "G1 Conc#0" [stack: 0x0000009474c00000,0x0000009474d00000] [id=5260]
  0x0000024c6781e000 ConcurrentGCThread "G1 Refine#0" [stack: 0x0000009474d00000,0x0000009474e00000] [id=8564]
  0x0000024c046ec000 ConcurrentGCThread "G1 Refine#1" [stack: 0x000000947d900000,0x000000947da00000] [id=11332]
  0x0000024c6781f000 ConcurrentGCThread "G1 Young RemSet Sampling" [stack: 0x0000009474e00000,0x0000009474f00000] [id=2820]

Threads with active compile tasks:
C2 CompilerThread0 411108 17464       4       com.sun.tools.javac.code.Types$13::visitClassType (136 bytes)
C2 CompilerThread1 411108 17448       4       com.sun.tools.javac.code.Types::capture (556 bytes)

VM state:not at safepoint (normal execution)

VM Mutex/Monitor currently owned by a thread: None

Heap address: 0x0000000080000000, size: 2048 MB, Compressed Oops mode: 32-bit
Narrow klass base: 0x0000000000000000, Narrow klass shift: 3
Compressed class space size: 1073741824 Address: 0x0000000100000000

Heap:
 garbage-first heap   total 172032K, used 112051K [0x0000000080000000, 0x0000000100000000)
  region size 1024K, 10 young (10240K), 3 survivors (3072K)
 Metaspace       used 105274K, capacity 107648K, committed 107724K, reserved 1142784K
  class space    used 12720K, capacity 13555K, committed 13568K, reserved 1048576K
Heap Regions: E=young(eden), S=young(survivor), O=old, HS=humongous(starts), HC=humongous(continues), CS=collection set, F=free, A=archive, TAMS=top-at-mark-start (previous, next)
|   0|0x0000000080000000, 0x0000000080100000, 0x0000000080100000|100%| O|  |TAMS 0x0000000080100000, 0x0000000080100000| Untracked 
|   1|0x0000000080100000, 0x0000000080200000, 0x0000000080200000|100%| O|  |TAMS 0x0000000080200000, 0x0000000080200000| Untracked 
|   2|0x0000000080200000, 0x0000000080300000, 0x0000000080300000|100%| O|  |TAMS 0x0000000080300000, 0x0000000080300000| Untracked 
|   3|0x0000000080300000, 0x0000000080400000, 0x0000000080400000|100%|HS|  |TAMS 0x0000000080400000, 0x0000000080400000| Complete 
|   4|0x0000000080400000, 0x0000000080500000, 0x0000000080500000|100%|HC|  |TAMS 0x0000000080500000, 0x0000000080500000| Complete 
|   5|0x0000000080500000, 0x0000000080600000, 0x0000000080600000|100%|HC|  |TAMS 0x0000000080600000, 0x0000000080600000| Complete 
|   6|0x0000000080600000, 0x0000000080700000, 0x0000000080700000|100%| O|  |TAMS 0x0000000080700000, 0x0000000080700000| Untracked 
|   7|0x0000000080700000, 0x0000000080800000, 0x0000000080800000|100%| O|  |TAMS 0x0000000080800000, 0x0000000080800000| Untracked 
|   8|0x0000000080800000, 0x0000000080900000, 0x0000000080900000|100%| O|  |TAMS 0x0000000080900000, 0x0000000080900000| Untracked 
|   9|0x0000000080900000, 0x0000000080a00000, 0x0000000080a00000|100%| O|  |TAMS 0x0000000080a00000, 0x0000000080a00000| Untracked 
|  10|0x0000000080a00000, 0x0000000080b00000, 0x0000000080b00000|100%| O|  |TAMS 0x0000000080b00000, 0x0000000080b00000| Untracked 
|  11|0x0000000080b00000, 0x0000000080c00000, 0x0000000080c00000|100%| O|  |TAMS 0x0000000080c00000, 0x0000000080c00000| Untracked 
|  12|0x0000000080c00000, 0x0000000080d00000, 0x0000000080d00000|100%| O|  |TAMS 0x0000000080d00000, 0x0000000080d00000| Untracked 
|  13|0x0000000080d00000, 0x0000000080e00000, 0x0000000080e00000|100%| O|  |TAMS 0x0000000080e00000, 0x0000000080e00000| Untracked 
|  14|0x0000000080e00000, 0x0000000080f00000, 0x0000000080f00000|100%| O|  |TAMS 0x0000000080f00000, 0x0000000080f00000| Untracked 
|  15|0x0000000080f00000, 0x0000000081000000, 0x0000000081000000|100%| O|  |TAMS 0x0000000081000000, 0x0000000081000000| Untracked 
|  16|0x0000000081000000, 0x0000000081100000, 0x0000000081100000|100%| O|  |TAMS 0x0000000081100000, 0x0000000081100000| Untracked 
|  17|0x0000000081100000, 0x0000000081200000, 0x0000000081200000|100%| O|  |TAMS 0x0000000081200000, 0x0000000081200000| Untracked 
|  18|0x0000000081200000, 0x0000000081300000, 0x0000000081300000|100%| O|  |TAMS 0x0000000081300000, 0x0000000081300000| Untracked 
|  19|0x0000000081300000, 0x0000000081400000, 0x0000000081400000|100%| O|  |TAMS 0x0000000081400000, 0x0000000081400000| Untracked 
|  20|0x0000000081400000, 0x0000000081500000, 0x0000000081500000|100%| O|  |TAMS 0x0000000081500000, 0x0000000081500000| Untracked 
|  21|0x0000000081500000, 0x0000000081600000, 0x0000000081600000|100%|HS|  |TAMS 0x0000000081600000, 0x0000000081600000| Complete 
|  22|0x0000000081600000, 0x0000000081700000, 0x0000000081700000|100%|HS|  |TAMS 0x0000000081700000, 0x0000000081700000| Complete 
|  23|0x0000000081700000, 0x0000000081800000, 0x0000000081800000|100%|HC|  |TAMS 0x0000000081800000, 0x0000000081800000| Complete 
|  24|0x0000000081800000, 0x0000000081900000, 0x0000000081900000|100%| O|  |TAMS 0x0000000081900000, 0x0000000081900000| Untracked 
|  25|0x0000000081900000, 0x0000000081a00000, 0x0000000081a00000|100%| O|  |TAMS 0x0000000081a00000, 0x0000000081a00000| Untracked 
|  26|0x0000000081a00000, 0x0000000081b00000, 0x0000000081b00000|100%| O|  |TAMS 0x0000000081b00000, 0x0000000081b00000| Untracked 
|  27|0x0000000081b00000, 0x0000000081c00000, 0x0000000081c00000|100%| O|  |TAMS 0x0000000081c00000, 0x0000000081c00000| Untracked 
|  28|0x0000000081c00000, 0x0000000081d00000, 0x0000000081d00000|100%| O|  |TAMS 0x0000000081d00000, 0x0000000081d00000| Untracked 
|  29|0x0000000081d00000, 0x0000000081e00000, 0x0000000081e00000|100%| O|  |TAMS 0x0000000081e00000, 0x0000000081e00000| Untracked 
|  30|0x0000000081e00000, 0x0000000081f00000, 0x0000000081f00000|100%| O|  |TAMS 0x0000000081f00000, 0x0000000081f00000| Untracked 
|  31|0x0000000081f00000, 0x0000000082000000, 0x0000000082000000|100%| O|  |TAMS 0x0000000082000000, 0x0000000082000000| Untracked 
|  32|0x0000000082000000, 0x0000000082100000, 0x0000000082100000|100%| O|  |TAMS 0x0000000082100000, 0x0000000082100000| Untracked 
|  33|0x0000000082100000, 0x0000000082200000, 0x0000000082200000|100%| O|  |TAMS 0x0000000082200000, 0x0000000082200000| Untracked 
|  34|0x0000000082200000, 0x0000000082300000, 0x0000000082300000|100%| O|  |TAMS 0x0000000082300000, 0x0000000082300000| Untracked 
|  35|0x0000000082300000, 0x0000000082400000, 0x0000000082400000|100%| O|  |TAMS 0x0000000082400000, 0x0000000082400000| Untracked 
|  36|0x0000000082400000, 0x0000000082500000, 0x0000000082500000|100%| O|  |TAMS 0x0000000082500000, 0x0000000082500000| Untracked 
|  37|0x0000000082500000, 0x0000000082600000, 0x0000000082600000|100%| O|  |TAMS 0x0000000082600000, 0x0000000082600000| Untracked 
|  38|0x0000000082600000, 0x0000000082700000, 0x0000000082700000|100%| O|  |TAMS 0x0000000082700000, 0x0000000082700000| Untracked 
|  39|0x0000000082700000, 0x0000000082800000, 0x0000000082800000|100%| O|  |TAMS 0x0000000082800000, 0x0000000082800000| Untracked 
|  40|0x0000000082800000, 0x0000000082900000, 0x0000000082900000|100%| O|  |TAMS 0x0000000082900000, 0x0000000082900000| Untracked 
|  41|0x0000000082900000, 0x0000000082a00000, 0x0000000082a00000|100%| O|  |TAMS 0x0000000082a00000, 0x0000000082a00000| Untracked 
|  42|0x0000000082a00000, 0x0000000082b00000, 0x0000000082b00000|100%| O|  |TAMS 0x0000000082b00000, 0x0000000082b00000| Untracked 
|  43|0x0000000082b00000, 0x0000000082c00000, 0x0000000082c00000|100%| O|  |TAMS 0x0000000082c00000, 0x0000000082c00000| Untracked 
|  44|0x0000000082c00000, 0x0000000082d00000, 0x0000000082d00000|100%| O|  |TAMS 0x0000000082d00000, 0x0000000082d00000| Untracked 
|  45|0x0000000082d00000, 0x0000000082e00000, 0x0000000082e00000|100%| O|  |TAMS 0x0000000082e00000, 0x0000000082e00000| Untracked 
|  46|0x0000000082e00000, 0x0000000082f00000, 0x0000000082f00000|100%| O|  |TAMS 0x0000000082f00000, 0x0000000082f00000| Untracked 
|  47|0x0000000082f00000, 0x0000000083000000, 0x0000000083000000|100%| O|  |TAMS 0x0000000083000000, 0x0000000083000000| Untracked 
|  48|0x0000000083000000, 0x0000000083100000, 0x0000000083100000|100%| O|  |TAMS 0x0000000083100000, 0x0000000083100000| Untracked 
|  49|0x0000000083100000, 0x0000000083200000, 0x0000000083200000|100%| O|  |TAMS 0x0000000083200000, 0x0000000083200000| Untracked 
|  50|0x0000000083200000, 0x0000000083300000, 0x0000000083300000|100%| O|  |TAMS 0x0000000083300000, 0x0000000083300000| Untracked 
|  51|0x0000000083300000, 0x0000000083400000, 0x0000000083400000|100%| O|  |TAMS 0x0000000083400000, 0x0000000083400000| Untracked 
|  52|0x0000000083400000, 0x0000000083500000, 0x0000000083500000|100%| O|  |TAMS 0x0000000083500000, 0x0000000083500000| Untracked 
|  53|0x0000000083500000, 0x0000000083600000, 0x0000000083600000|100%| O|  |TAMS 0x0000000083600000, 0x0000000083600000| Untracked 
|  54|0x0000000083600000, 0x0000000083700000, 0x0000000083700000|100%| O|  |TAMS 0x0000000083600000, 0x0000000083700000| Untracked 
|  55|0x0000000083700000, 0x0000000083800000, 0x0000000083800000|100%| O|  |TAMS 0x0000000083800000, 0x0000000083800000| Untracked 
|  56|0x0000000083800000, 0x0000000083900000, 0x0000000083900000|100%| O|  |TAMS 0x0000000083900000, 0x0000000083900000| Untracked 
|  57|0x0000000083900000, 0x0000000083a00000, 0x0000000083a00000|100%| O|  |TAMS 0x0000000083a00000, 0x0000000083a00000| Untracked 
|  58|0x0000000083a00000, 0x0000000083b00000, 0x0000000083b00000|100%| O|  |TAMS 0x0000000083b00000, 0x0000000083b00000| Untracked 
|  59|0x0000000083b00000, 0x0000000083c00000, 0x0000000083c00000|100%| O|  |TAMS 0x0000000083c00000, 0x0000000083c00000| Untracked 
|  60|0x0000000083c00000, 0x0000000083d00000, 0x0000000083d00000|100%| O|  |TAMS 0x0000000083c00000, 0x0000000083d00000| Untracked 
|  61|0x0000000083d00000, 0x0000000083e00000, 0x0000000083e00000|100%| O|  |TAMS 0x0000000083e00000, 0x0000000083e00000| Untracked 
|  62|0x0000000083e00000, 0x0000000083f00000, 0x0000000083f00000|100%| O|  |TAMS 0x0000000083f00000, 0x0000000083f00000| Untracked 
|  63|0x0000000083f00000, 0x0000000084000000, 0x0000000084000000|100%| O|  |TAMS 0x0000000084000000, 0x0000000084000000| Untracked 
|  64|0x0000000084000000, 0x0000000084100000, 0x0000000084100000|100%| O|  |TAMS 0x0000000084100000, 0x0000000084100000| Untracked 
|  65|0x0000000084100000, 0x0000000084200000, 0x0000000084200000|100%| O|  |TAMS 0x0000000084200000, 0x0000000084200000| Untracked 
|  66|0x0000000084200000, 0x0000000084300000, 0x0000000084300000|100%| O|  |TAMS 0x0000000084300000, 0x0000000084300000| Untracked 
|  67|0x0000000084300000, 0x0000000084400000, 0x0000000084400000|100%| O|  |TAMS 0x0000000084400000, 0x0000000084400000| Untracked 
|  68|0x0000000084400000, 0x0000000084500000, 0x0000000084500000|100%| O|  |TAMS 0x0000000084500000, 0x0000000084500000| Untracked 
|  69|0x0000000084500000, 0x0000000084600000, 0x0000000084600000|100%| O|  |TAMS 0x0000000084600000, 0x0000000084600000| Untracked 
|  70|0x0000000084600000, 0x0000000084700000, 0x0000000084700000|100%| O|  |TAMS 0x0000000084700000, 0x0000000084700000| Untracked 
|  71|0x0000000084700000, 0x0000000084800000, 0x0000000084800000|100%| O|  |TAMS 0x0000000084800000, 0x0000000084800000| Untracked 
|  72|0x0000000084800000, 0x0000000084900000, 0x0000000084900000|100%| O|  |TAMS 0x0000000084900000, 0x0000000084900000| Untracked 
|  73|0x0000000084900000, 0x0000000084a00000, 0x0000000084a00000|100%| O|  |TAMS 0x0000000084a00000, 0x0000000084a00000| Untracked 
|  74|0x0000000084a00000, 0x0000000084b00000, 0x0000000084b00000|100%| O|  |TAMS 0x0000000084b00000, 0x0000000084b00000| Untracked 
|  75|0x0000000084b00000, 0x0000000084c00000, 0x0000000084c00000|100%| O|  |TAMS 0x0000000084c00000, 0x0000000084c00000| Untracked 
|  76|0x0000000084c00000, 0x0000000084d00000, 0x0000000084d00000|100%| O|  |TAMS 0x0000000084d00000, 0x0000000084d00000| Untracked 
|  77|0x0000000084d00000, 0x0000000084e00000, 0x0000000084e00000|100%| O|  |TAMS 0x0000000084e00000, 0x0000000084e00000| Untracked 
|  78|0x0000000084e00000, 0x0000000084f00000, 0x0000000084f00000|100%| O|  |TAMS 0x0000000084f00000, 0x0000000084f00000| Untracked 
|  79|0x0000000084f00000, 0x0000000085000000, 0x0000000085000000|100%| O|  |TAMS 0x0000000085000000, 0x0000000085000000| Untracked 
|  80|0x0000000085000000, 0x0000000085100000, 0x0000000085100000|100%| O|  |TAMS 0x0000000085088000, 0x0000000085100000| Untracked 
|  81|0x0000000085100000, 0x0000000085200000, 0x0000000085200000|100%|HS|  |TAMS 0x0000000085100000, 0x0000000085200000| Complete 
|  82|0x0000000085200000, 0x0000000085300000, 0x0000000085300000|100%|HC|  |TAMS 0x0000000085200000, 0x0000000085300000| Complete 
|  83|0x0000000085300000, 0x0000000085400000, 0x0000000085400000|100%| O|  |TAMS 0x0000000085300000, 0x0000000085400000| Untracked 
|  84|0x0000000085400000, 0x0000000085500000, 0x0000000085500000|100%| O|  |TAMS 0x0000000085400000, 0x0000000085500000| Untracked 
|  85|0x0000000085500000, 0x0000000085600000, 0x0000000085600000|100%| O|  |TAMS 0x0000000085500000, 0x0000000085600000| Untracked 
|  86|0x0000000085600000, 0x0000000085700000, 0x0000000085700000|100%| O|  |TAMS 0x0000000085600000, 0x0000000085700000| Untracked 
|  87|0x0000000085700000, 0x0000000085800000, 0x0000000085800000|100%| O|  |TAMS 0x0000000085700000, 0x0000000085800000| Untracked 
|  88|0x0000000085800000, 0x0000000085900000, 0x0000000085900000|100%| O|  |TAMS 0x0000000085800000, 0x0000000085900000| Untracked 
|  89|0x0000000085900000, 0x0000000085a00000, 0x0000000085a00000|100%| O|  |TAMS 0x0000000085900000, 0x0000000085a00000| Untracked 
|  90|0x0000000085a00000, 0x0000000085b00000, 0x0000000085b00000|100%| O|  |TAMS 0x0000000085a00000, 0x0000000085b00000| Untracked 
|  91|0x0000000085b00000, 0x0000000085c00000, 0x0000000085c00000|100%| O|  |TAMS 0x0000000085b00000, 0x0000000085c00000| Untracked 
|  92|0x0000000085c00000, 0x0000000085d00000, 0x0000000085d00000|100%| O|  |TAMS 0x0000000085c00000, 0x0000000085d00000| Untracked 
|  93|0x0000000085d00000, 0x0000000085e00000, 0x0000000085e00000|100%| O|  |TAMS 0x0000000085d00000, 0x0000000085e00000| Untracked 
|  94|0x0000000085e00000, 0x0000000085f00000, 0x0000000085f00000|100%| O|  |TAMS 0x0000000085e00000, 0x0000000085f00000| Untracked 
|  95|0x0000000085f00000, 0x0000000086000000, 0x0000000086000000|100%| O|  |TAMS 0x0000000085f00000, 0x0000000086000000| Untracked 
|  96|0x0000000086000000, 0x0000000086100000, 0x0000000086100000|100%| O|  |TAMS 0x0000000086000000, 0x0000000086100000| Untracked 
|  97|0x0000000086100000, 0x0000000086200000, 0x0000000086200000|100%| O|  |TAMS 0x0000000086100000, 0x0000000086200000| Untracked 
|  98|0x0000000086200000, 0x0000000086300000, 0x0000000086300000|100%| O|  |TAMS 0x0000000086200000, 0x0000000086300000| Untracked 
|  99|0x0000000086300000, 0x0000000086400000, 0x0000000086400000|100%| O|  |TAMS 0x0000000086300000, 0x0000000086400000| Untracked 
| 100|0x0000000086400000, 0x0000000086500000, 0x0000000086500000|100%| O|  |TAMS 0x0000000086400000, 0x0000000086500000| Untracked 
| 101|0x0000000086500000, 0x0000000086542800, 0x0000000086600000| 25%| O|  |TAMS 0x0000000086500000, 0x0000000086542800| Untracked 
| 102|0x0000000086600000, 0x0000000086600000, 0x0000000086700000|  0%| F|  |TAMS 0x0000000086600000, 0x0000000086600000| Untracked 
| 103|0x0000000086700000, 0x0000000086700000, 0x0000000086800000|  0%| F|  |TAMS 0x0000000086700000, 0x0000000086700000| Untracked 
| 104|0x0000000086800000, 0x0000000086800000, 0x0000000086900000|  0%| F|  |TAMS 0x0000000086800000, 0x0000000086800000| Untracked 
| 105|0x0000000086900000, 0x0000000086900000, 0x0000000086a00000|  0%| F|  |TAMS 0x0000000086900000, 0x0000000086900000| Untracked 
| 106|0x0000000086a00000, 0x0000000086a00000, 0x0000000086b00000|  0%| F|  |TAMS 0x0000000086a00000, 0x0000000086a00000| Untracked 
| 107|0x0000000086b00000, 0x0000000086b00000, 0x0000000086c00000|  0%| F|  |TAMS 0x0000000086b00000, 0x0000000086b00000| Untracked 
| 108|0x0000000086c00000, 0x0000000086c00000, 0x0000000086d00000|  0%| F|  |TAMS 0x0000000086c00000, 0x0000000086c00000| Untracked 
| 109|0x0000000086d00000, 0x0000000086d00000, 0x0000000086e00000|  0%| F|  |TAMS 0x0000000086d00000, 0x0000000086d00000| Untracked 
| 110|0x0000000086e00000, 0x0000000086e00000, 0x0000000086f00000|  0%| F|  |TAMS 0x0000000086e00000, 0x0000000086e00000| Untracked 
| 111|0x0000000086f00000, 0x0000000086f00000, 0x0000000087000000|  0%| F|  |TAMS 0x0000000086f00000, 0x0000000086f00000| Untracked 
| 112|0x0000000087000000, 0x0000000087000000, 0x0000000087100000|  0%| F|  |TAMS 0x0000000087000000, 0x0000000087000000| Untracked 
| 113|0x0000000087100000, 0x0000000087100000, 0x0000000087200000|  0%| F|  |TAMS 0x0000000087100000, 0x0000000087100000| Untracked 
| 114|0x0000000087200000, 0x0000000087200000, 0x0000000087300000|  0%| F|  |TAMS 0x0000000087200000, 0x0000000087200000| Untracked 
| 115|0x0000000087300000, 0x0000000087300000, 0x0000000087400000|  0%| F|  |TAMS 0x0000000087300000, 0x0000000087300000| Untracked 
| 116|0x0000000087400000, 0x0000000087400000, 0x0000000087500000|  0%| F|  |TAMS 0x0000000087400000, 0x0000000087400000| Untracked 
| 117|0x0000000087500000, 0x0000000087500000, 0x0000000087600000|  0%| F|  |TAMS 0x0000000087500000, 0x0000000087500000| Untracked 
| 118|0x0000000087600000, 0x0000000087600000, 0x0000000087700000|  0%| F|  |TAMS 0x0000000087600000, 0x0000000087600000| Untracked 
| 119|0x0000000087700000, 0x0000000087700000, 0x0000000087800000|  0%| F|  |TAMS 0x0000000087700000, 0x0000000087700000| Untracked 
| 120|0x0000000087800000, 0x0000000087800000, 0x0000000087900000|  0%| F|  |TAMS 0x0000000087800000, 0x0000000087800000| Untracked 
| 121|0x0000000087900000, 0x0000000087900000, 0x0000000087a00000|  0%| F|  |TAMS 0x0000000087900000, 0x0000000087900000| Untracked 
| 122|0x0000000087a00000, 0x0000000087a00000, 0x0000000087b00000|  0%| F|  |TAMS 0x0000000087a00000, 0x0000000087a00000| Untracked 
| 123|0x0000000087b00000, 0x0000000087b00000, 0x0000000087c00000|  0%| F|  |TAMS 0x0000000087b00000, 0x0000000087b00000| Untracked 
| 124|0x0000000087c00000, 0x0000000087c00000, 0x0000000087d00000|  0%| F|  |TAMS 0x0000000087c00000, 0x0000000087c00000| Untracked 
| 125|0x0000000087d00000, 0x0000000087d00000, 0x0000000087e00000|  0%| F|  |TAMS 0x0000000087d00000, 0x0000000087d00000| Untracked 
| 126|0x0000000087e00000, 0x0000000087e00000, 0x0000000087f00000|  0%| F|  |TAMS 0x0000000087e00000, 0x0000000087e00000| Untracked 
| 127|0x0000000087f00000, 0x0000000087f00000, 0x0000000088000000|  0%| F|  |TAMS 0x0000000087f00000, 0x0000000087f00000| Untracked 
| 128|0x0000000088000000, 0x0000000088000000, 0x0000000088100000|  0%| F|  |TAMS 0x0000000088000000, 0x0000000088000000| Untracked 
| 129|0x0000000088100000, 0x0000000088100000, 0x0000000088200000|  0%| F|  |TAMS 0x0000000088100000, 0x0000000088100000| Untracked 
| 130|0x0000000088200000, 0x0000000088200000, 0x0000000088300000|  0%| F|  |TAMS 0x0000000088200000, 0x0000000088200000| Untracked 
| 131|0x0000000088300000, 0x0000000088300000, 0x0000000088400000|  0%| F|  |TAMS 0x0000000088300000, 0x0000000088300000| Untracked 
| 132|0x0000000088400000, 0x000000008842a4c0, 0x0000000088500000| 16%| S|CS|TAMS 0x0000000088400000, 0x0000000088400000| Complete 
| 133|0x0000000088500000, 0x0000000088600000, 0x0000000088600000|100%| S|CS|TAMS 0x0000000088500000, 0x0000000088500000| Complete 
| 134|0x0000000088600000, 0x0000000088700000, 0x0000000088700000|100%| S|CS|TAMS 0x0000000088600000, 0x0000000088600000| Complete 
| 135|0x0000000088700000, 0x0000000088700000, 0x0000000088800000|  0%| F|  |TAMS 0x0000000088700000, 0x0000000088700000| Untracked 
| 136|0x0000000088800000, 0x0000000088800000, 0x0000000088900000|  0%| F|  |TAMS 0x0000000088800000, 0x0000000088800000| Untracked 
| 137|0x0000000088900000, 0x0000000088900000, 0x0000000088a00000|  0%| F|  |TAMS 0x0000000088900000, 0x0000000088900000| Untracked 
| 138|0x0000000088a00000, 0x0000000088a00000, 0x0000000088b00000|  0%| F|  |TAMS 0x0000000088a00000, 0x0000000088a00000| Untracked 
| 139|0x0000000088b00000, 0x0000000088b00000, 0x0000000088c00000|  0%| F|  |TAMS 0x0000000088b00000, 0x0000000088b00000| Untracked 
| 140|0x0000000088c00000, 0x0000000088c00000, 0x0000000088d00000|  0%| F|  |TAMS 0x0000000088c00000, 0x0000000088c00000| Untracked 
| 141|0x0000000088d00000, 0x0000000088d00000, 0x0000000088e00000|  0%| F|  |TAMS 0x0000000088d00000, 0x0000000088d00000| Untracked 
| 142|0x0000000088e00000, 0x0000000088e00000, 0x0000000088f00000|  0%| F|  |TAMS 0x0000000088e00000, 0x0000000088e00000| Untracked 
| 143|0x0000000088f00000, 0x0000000088f00000, 0x0000000089000000|  0%| F|  |TAMS 0x0000000088f00000, 0x0000000088f00000| Untracked 
| 144|0x0000000089000000, 0x0000000089000000, 0x0000000089100000|  0%| F|  |TAMS 0x0000000089000000, 0x0000000089000000| Untracked 
| 145|0x0000000089100000, 0x0000000089100000, 0x0000000089200000|  0%| F|  |TAMS 0x0000000089100000, 0x0000000089100000| Untracked 
| 146|0x0000000089200000, 0x0000000089200000, 0x0000000089300000|  0%| F|  |TAMS 0x0000000089200000, 0x0000000089200000| Untracked 
| 147|0x0000000089300000, 0x0000000089300000, 0x0000000089400000|  0%| F|  |TAMS 0x0000000089300000, 0x0000000089300000| Untracked 
| 148|0x0000000089400000, 0x0000000089400000, 0x0000000089500000|  0%| F|  |TAMS 0x0000000089400000, 0x0000000089400000| Untracked 
| 149|0x0000000089500000, 0x0000000089500000, 0x0000000089600000|  0%| F|  |TAMS 0x0000000089500000, 0x0000000089500000| Untracked 
| 150|0x0000000089600000, 0x0000000089600000, 0x0000000089700000|  0%| F|  |TAMS 0x0000000089600000, 0x0000000089600000| Untracked 
| 151|0x0000000089700000, 0x0000000089700000, 0x0000000089800000|  0%| F|  |TAMS 0x0000000089700000, 0x0000000089700000| Untracked 
| 152|0x0000000089800000, 0x0000000089800000, 0x0000000089900000|  0%| F|  |TAMS 0x0000000089800000, 0x0000000089800000| Untracked 
| 153|0x0000000089900000, 0x0000000089900000, 0x0000000089a00000|  0%| F|  |TAMS 0x0000000089900000, 0x0000000089900000| Untracked 
| 154|0x0000000089a00000, 0x0000000089a00000, 0x0000000089b00000|  0%| F|  |TAMS 0x0000000089a00000, 0x0000000089a00000| Untracked 
| 155|0x0000000089b00000, 0x0000000089b00000, 0x0000000089c00000|  0%| F|  |TAMS 0x0000000089b00000, 0x0000000089b00000| Untracked 
| 156|0x0000000089c00000, 0x0000000089c00000, 0x0000000089d00000|  0%| F|  |TAMS 0x0000000089c00000, 0x0000000089c00000| Untracked 
| 157|0x0000000089d00000, 0x0000000089d00000, 0x0000000089e00000|  0%| F|  |TAMS 0x0000000089d00000, 0x0000000089d00000| Untracked 
| 158|0x0000000089e00000, 0x0000000089e00000, 0x0000000089f00000|  0%| F|  |TAMS 0x0000000089e00000, 0x0000000089e00000| Untracked 
| 159|0x0000000089f00000, 0x0000000089f00000, 0x000000008a000000|  0%| F|  |TAMS 0x0000000089f00000, 0x0000000089f00000| Untracked 
| 160|0x000000008a000000, 0x000000008a000000, 0x000000008a100000|  0%| F|  |TAMS 0x000000008a000000, 0x000000008a000000| Untracked 
| 161|0x000000008a100000, 0x000000008a200000, 0x000000008a200000|100%| E|  |TAMS 0x000000008a100000, 0x000000008a100000| Complete 
| 162|0x000000008a200000, 0x000000008a300000, 0x000000008a300000|100%| E|CS|TAMS 0x000000008a200000, 0x000000008a200000| Complete 
| 163|0x000000008a300000, 0x000000008a400000, 0x000000008a400000|100%| E|CS|TAMS 0x000000008a300000, 0x000000008a300000| Complete 
| 164|0x000000008a400000, 0x000000008a500000, 0x000000008a500000|100%| E|CS|TAMS 0x000000008a400000, 0x000000008a400000| Complete 
| 165|0x000000008a500000, 0x000000008a600000, 0x000000008a600000|100%| E|CS|TAMS 0x000000008a500000, 0x000000008a500000| Complete 
| 166|0x000000008a600000, 0x000000008a700000, 0x000000008a700000|100%| E|CS|TAMS 0x000000008a600000, 0x000000008a600000| Complete 
| 167|0x000000008a700000, 0x000000008a800000, 0x000000008a800000|100%| E|CS|TAMS 0x000000008a700000, 0x000000008a700000| Complete 

Card table byte_map: [0x0000024c7ab10000,0x0000024c7af10000] _byte_map_base: 0x0000024c7a710000

Marking Bits (Prev, Next): (CMBitMap*) 0x0000024c6779ad08, (CMBitMap*) 0x0000024c6779ad40
 Prev Bits: [0x0000024c7b310000, 0x0000024c7d310000)
 Next Bits: [0x0000024c7d310000, 0x0000024c7f310000)

Polling page: 0x0000024c65f70000

Metaspace:

Usage:
  Non-class:     91.89 MB capacity,    90.39 MB ( 98%) used,     1.23 MB (  1%) free+waste,   277.56 KB ( <1%) overhead. 
      Class:     13.24 MB capacity,    12.42 MB ( 94%) used,   715.44 KB (  5%) free+waste,   118.94 KB ( <1%) overhead. 
       Both:    105.13 MB capacity,   102.81 MB ( 98%) used,     1.93 MB (  2%) free+waste,   396.50 KB ( <1%) overhead. 

Virtual space:
  Non-class space:       92.00 MB reserved,      91.95 MB (>99%) committed 
      Class space:        1.00 GB reserved,      13.25 MB (  1%) committed 
             Both:        1.09 GB reserved,     105.20 MB (  9%) committed 

Chunk freelists:
   Non-Class:  0 bytes
       Class:  13.00 KB
        Both:  13.00 KB

MaxMetaspaceSize: 17179869184.00 GB
CompressedClassSpaceSize: 1.00 GB

CodeHeap 'non-profiled nmethods': size=120064Kb used=9555Kb max_used=9555Kb free=110508Kb
 bounds [0x0000024c72ba0000, 0x0000024c73500000, 0x0000024c7a0e0000]
CodeHeap 'profiled nmethods': size=120000Kb used=35878Kb max_used=36357Kb free=84122Kb
 bounds [0x0000024c6b670000, 0x0000024c6da30000, 0x0000024c72ba0000]
CodeHeap 'non-nmethods': size=5696Kb used=2299Kb max_used=2345Kb free=3397Kb
 bounds [0x0000024c6b0e0000, 0x0000024c6b350000, 0x0000024c6b670000]
 total_blobs=16871 nmethods=15969 adapters=812
 compilation: enabled
              stopped_count=0, restarted_count=0
 full_count=0

Compilation events (20 events):
Event: 410.994 Thread 0x0000024c7f961800 17453       3       com.sun.tools.javac.code.Scope$ScopeImpl$1::next (5 bytes)
Event: 410.994 Thread 0x0000024c7f961800 nmethod 17453 0x0000024c6bec7290 code [0x0000024c6bec7480, 0x0000024c6bec7768]
Event: 410.995 Thread 0x0000024c7f961800 17454       3       com.sun.tools.javac.jvm.Pool$Method::hashCode (38 bytes)
Event: 410.996 Thread 0x0000024c7f961800 nmethod 17454 0x0000024c6bef4a10 code [0x0000024c6bef4c00, 0x0000024c6bef50c8]
Event: 411.004 Thread 0x0000024c7f954800 nmethod 17386 0x0000024c73002d90 code [0x0000024c73002f20, 0x0000024c73003478]
Event: 411.004 Thread 0x0000024c7f954800 17456       4       com.sun.tools.javac.util.ArrayUtils::ensureCapacity (41 bytes)
Event: 411.007 Thread 0x0000024c7f961800 17457       3       com.sun.tools.javac.util.ByteBuffer::appendChar (63 bytes)
Event: 411.008 Thread 0x0000024c7f961800 nmethod 17457 0x0000024c6befb090 code [0x0000024c6befb280, 0x0000024c6befb7a8]
Event: 411.008 Thread 0x0000024c7f961800 17458       3       com.sun.tools.javac.jvm.ClassWriter$CWSignatureGenerator::append (9 bytes)
Event: 411.009 Thread 0x0000024c7f961800 nmethod 17458 0x0000024c6befa690 code [0x0000024c6befa880, 0x0000024c6befada8]
Event: 411.010 Thread 0x0000024c7f954800 nmethod 17456 0x0000024c73015590 code [0x0000024c73015740, 0x0000024c73015a48]
Event: 411.010 Thread 0x0000024c7f954800 17455       4       com.sun.tools.javac.code.Types$Subst::<init> (68 bytes)
Event: 411.010 Thread 0x0000024c7f961800 17459       3       com.sun.tools.javac.code.Scope$ScopeImpl$1::doNext (43 bytes)
Event: 411.011 Thread 0x0000024c7f961800 nmethod 17459 0x0000024c6be3b690 code [0x0000024c6be3b860, 0x0000024c6be3baa8]
Event: 411.012 Thread 0x0000024c7f961800 17460       3       com.sun.tools.javac.code.Types::closure (153 bytes)
Event: 411.015 Thread 0x0000024c7f961800 nmethod 17460 0x0000024c6bfdc810 code [0x0000024c6bfdcbe0, 0x0000024c6bfde958]
Event: 411.020 Thread 0x0000024c7f954800 nmethod 17455 0x0000024c73014e90 code [0x0000024c73015040, 0x0000024c730153d8]
Event: 411.020 Thread 0x0000024c7f954800 17463       4       com.sun.tools.javac.code.Type$ClassType::isParameterized (16 bytes)
Event: 411.027 Thread 0x0000024c7f954800 nmethod 17463 0x0000024c73014610 code [0x0000024c730147c0, 0x0000024c73014ad8]
Event: 411.027 Thread 0x0000024c7f954800 17461       4       com.sun.tools.javac.code.Types$13::visitClassType (10 bytes)

GC Heap History (20 events):
Event: 399.455 GC heap before
{Heap before GC invocations=34 (full 0):
 garbage-first heap   total 172032K, used 117786K [0x0000000080000000, 0x0000000100000000)
  region size 1024K, 41 young (41984K), 1 survivors (1024K)
 Metaspace       used 93668K, capacity 95864K, committed 96076K, reserved 1132544K
  class space    used 11525K, capacity 12293K, committed 12416K, reserved 1048576K
}
Event: 399.474 GC heap after
{Heap after GC invocations=35 (full 0):
 garbage-first heap   total 172032K, used 82981K [0x0000000080000000, 0x0000000100000000)
  region size 1024K, 6 young (6144K), 6 survivors (6144K)
 Metaspace       used 93668K, capacity 95864K, committed 96076K, reserved 1132544K
  class space    used 11525K, capacity 12293K, committed 12416K, reserved 1048576K
}
Event: 400.095 GC heap before
{Heap before GC invocations=36 (full 0):
 garbage-first heap   total 172032K, used 122428K [0x0000000080000000, 0x0000000100000000)
  region size 1024K, 46 young (47104K), 6 survivors (6144K)
 Metaspace       used 94038K, capacity 96350K, committed 96588K, reserved 1134592K
  class space    used 11551K, capacity 12327K, committed 12416K, reserved 1048576K
}
Event: 400.108 GC heap after
{Heap after GC invocations=37 (full 0):
 garbage-first heap   total 172032K, used 80875K [0x0000000080000000, 0x0000000100000000)
  region size 1024K, 1 young (1024K), 1 survivors (1024K)
 Metaspace       used 94038K, capacity 96350K, committed 96588K, reserved 1134592K
  class space    used 11551K, capacity 12327K, committed 12416K, reserved 1048576K
}
Event: 400.203 GC heap before
{Heap before GC invocations=37 (full 0):
 garbage-first heap   total 172032K, used 87019K [0x0000000080000000, 0x0000000100000000)
  region size 1024K, 8 young (8192K), 1 survivors (1024K)
 Metaspace       used 94079K, capacity 96350K, committed 96588K, reserved 1134592K
  class space    used 11551K, capacity 12327K, committed 12416K, reserved 1048576K
}
Event: 400.215 GC heap after
{Heap after GC invocations=38 (full 0):
 garbage-first heap   total 172032K, used 77417K [0x0000000080000000, 0x0000000100000000)
  region size 1024K, 1 young (1024K), 1 survivors (1024K)
 Metaspace       used 94079K, capacity 96350K, committed 96588K, reserved 1134592K
  class space    used 11551K, capacity 12327K, committed 12416K, reserved 1048576K
}
Event: 403.300 GC heap before
{Heap before GC invocations=38 (full 0):
 garbage-first heap   total 172032K, used 123497K [0x0000000080000000, 0x0000000100000000)
  region size 1024K, 47 young (48128K), 1 survivors (1024K)
 Metaspace       used 99405K, capacity 101687K, committed 101836K, reserved 1138688K
  class space    used 12242K, capacity 13038K, committed 13056K, reserved 1048576K
}
Event: 403.314 GC heap after
{Heap after GC invocations=39 (full 0):
 garbage-first heap   total 172032K, used 82531K [0x0000000080000000, 0x0000000100000000)
  region size 1024K, 6 young (6144K), 6 survivors (6144K)
 Metaspace       used 99405K, capacity 101687K, committed 101836K, reserved 1138688K
  class space    used 12242K, capacity 13038K, committed 13056K, reserved 1048576K
}
Event: 404.274 GC heap before
{Heap before GC invocations=39 (full 0):
 garbage-first heap   total 172032K, used 101987K [0x0000000080000000, 0x0000000100000000)
  region size 1024K, 27 young (27648K), 6 survivors (6144K)
 Metaspace       used 101568K, capacity 103842K, committed 104140K, reserved 1140736K
  class space    used 12467K, capacity 13268K, committed 13312K, reserved 1048576K
}
Event: 404.309 GC heap after
{Heap after GC invocations=40 (full 0):
 garbage-first heap   total 172032K, used 87886K [0x0000000080000000, 0x0000000100000000)
  region size 1024K, 6 young (6144K), 6 survivors (6144K)
 Metaspace       used 101568K, capacity 103842K, committed 104140K, reserved 1140736K
  class space    used 12467K, capacity 13268K, committed 13312K, reserved 1048576K
}
Event: 407.803 GC heap before
{Heap before GC invocations=41 (full 0):
 garbage-first heap   total 172032K, used 128846K [0x0000000080000000, 0x0000000100000000)
  region size 1024K, 44 young (45056K), 6 survivors (6144K)
 Metaspace       used 102536K, capacity 104814K, committed 105036K, reserved 1140736K
  class space    used 12531K, capacity 13330K, committed 13440K, reserved 1048576K
}
Event: 407.830 GC heap after
{Heap after GC invocations=42 (full 0):
 garbage-first heap   total 172032K, used 99328K [0x0000000080000000, 0x0000000100000000)
  region size 1024K, 6 young (6144K), 6 survivors (6144K)
 Metaspace       used 102536K, capacity 104814K, committed 105036K, reserved 1140736K
  class space    used 12531K, capacity 13330K, committed 13440K, reserved 1048576K
}
Event: 407.874 GC heap before
{Heap before GC invocations=42 (full 0):
 garbage-first heap   total 172032K, used 101376K [0x0000000080000000, 0x0000000100000000)
  region size 1024K, 8 young (8192K), 6 survivors (6144K)
 Metaspace       used 102543K, capacity 104878K, committed 105036K, reserved 1140736K
  class space    used 12531K, capacity 13330K, committed 13440K, reserved 1048576K
}
Event: 407.896 GC heap after
{Heap after GC invocations=43 (full 0):
 garbage-first heap   total 172032K, used 100003K [0x0000000080000000, 0x0000000100000000)
  region size 1024K, 1 young (1024K), 1 survivors (1024K)
 Metaspace       used 102543K, capacity 104878K, committed 105036K, reserved 1140736K
  class space    used 12531K, capacity 13330K, committed 13440K, reserved 1048576K
}
Event: 409.126 GC heap before
{Heap before GC invocations=43 (full 0):
 garbage-first heap   total 172032K, used 132771K [0x0000000080000000, 0x0000000100000000)
  region size 1024K, 33 young (33792K), 1 survivors (1024K)
 Metaspace       used 104590K, capacity 106978K, committed 107212K, reserved 1142784K
  class space    used 12713K, capacity 13552K, committed 13568K, reserved 1048576K
}
Event: 409.143 GC heap after
{Heap after GC invocations=44 (full 0):
 garbage-first heap   total 172032K, used 103695K [0x0000000080000000, 0x0000000100000000)
  region size 1024K, 5 young (5120K), 5 survivors (5120K)
 Metaspace       used 104590K, capacity 106978K, committed 107212K, reserved 1142784K
  class space    used 12713K, capacity 13552K, committed 13568K, reserved 1048576K
}
Event: 410.192 GC heap before
{Heap before GC invocations=44 (full 0):
 garbage-first heap   total 172032K, used 135439K [0x0000000080000000, 0x0000000100000000)
  region size 1024K, 36 young (36864K), 5 survivors (5120K)
 Metaspace       used 105128K, capacity 107515K, committed 107724K, reserved 1142784K
  class space    used 12720K, capacity 13555K, committed 13568K, reserved 1048576K
}
Event: 410.210 GC heap after
{Heap after GC invocations=45 (full 0):
 garbage-first heap   total 172032K, used 104905K [0x0000000080000000, 0x0000000100000000)
  region size 1024K, 2 young (2048K), 2 survivors (2048K)
 Metaspace       used 105128K, capacity 107515K, committed 107724K, reserved 1142784K
  class space    used 12720K, capacity 13555K, committed 13568K, reserved 1048576K
}
Event: 410.786 GC heap before
{Heap before GC invocations=45 (full 0):
 garbage-first heap   total 172032K, used 136649K [0x0000000080000000, 0x0000000100000000)
  region size 1024K, 33 young (33792K), 2 survivors (2048K)
 Metaspace       used 105271K, capacity 107648K, committed 107724K, reserved 1142784K
  class space    used 12720K, capacity 13555K, committed 13568K, reserved 1048576K
}
Event: 410.797 GC heap after
{Heap after GC invocations=46 (full 0):
 garbage-first heap   total 172032K, used 105907K [0x0000000080000000, 0x0000000100000000)
  region size 1024K, 3 young (3072K), 3 survivors (3072K)
 Metaspace       used 105271K, capacity 107648K, committed 107724K, reserved 1142784K
  class space    used 12720K, capacity 13555K, committed 13568K, reserved 1048576K
}

Deoptimization events (20 events):
Event: 410.164 Thread 0x0000024c073fa000 DEOPT PACKING pc=0x0000024c734a77c4 sp=0x00000094760f3cd0
Event: 410.164 Thread 0x0000024c073fa000 DEOPT UNPACKING pc=0x0000024c6b10742f sp=0x00000094760f3c68 mode 2
Event: 410.321 Thread 0x0000024c073fa000 Uncommon trap: trap_request=0xffffff4d fr.pc=0x0000024c72d0e790 relative=0x0000000000000070
Event: 410.321 Thread 0x0000024c073fa000 Uncommon trap: reason=unstable_if action=reinterpret pc=0x0000024c72d0e790 method=com.sun.tools.javac.tree.TreeScanner.scan(Lcom/sun/tools/javac/tree/JCTree;)V @ 1 c2
Event: 410.321 Thread 0x0000024c073fa000 DEOPT PACKING pc=0x0000024c72d0e790 sp=0x00000094760f6890
Event: 410.321 Thread 0x0000024c073fa000 DEOPT UNPACKING pc=0x0000024c6b10742f sp=0x00000094760f6820 mode 2
Event: 410.323 Thread 0x0000024c073fa000 Uncommon trap: trap_request=0xffffff4d fr.pc=0x0000024c72d51d44 relative=0x00000000000000a4
Event: 410.323 Thread 0x0000024c073fa000 Uncommon trap: reason=unstable_if action=reinterpret pc=0x0000024c72d51d44 method=com.sun.tools.javac.comp.Flow$BaseAnalyzer.scan(Lcom/sun/tools/javac/tree/JCTree;)V @ 1 c2
Event: 410.323 Thread 0x0000024c073fa000 DEOPT PACKING pc=0x0000024c72d51d44 sp=0x00000094760f7090
Event: 410.323 Thread 0x0000024c073fa000 DEOPT UNPACKING pc=0x0000024c6b10742f sp=0x00000094760f7020 mode 2
Event: 410.329 Thread 0x0000024c073fa000 DEOPT PACKING pc=0x0000024c6d850866 sp=0x00000094760f5b60
Event: 410.329 Thread 0x0000024c073fa000 DEOPT UNPACKING pc=0x0000024c6b10724e sp=0x00000094760f4f90 mode 0
Event: 410.498 Thread 0x0000024c073fa000 Uncommon trap: trap_request=0xffffffc6 fr.pc=0x0000024c72bdaa28 relative=0x00000000000001a8
Event: 410.498 Thread 0x0000024c073fa000 Uncommon trap: reason=bimorphic_or_optimized_type_check action=maybe_recompile pc=0x0000024c72bdaa28 method=com.sun.tools.javac.comp.Check.checkDeprecated(Lcom/sun/tools/javac/util/JCDiagnostic$DiagnosticPosition;Lcom/sun/tools/javac/code/Symbol;Lcom/sun/
Event: 410.498 Thread 0x0000024c073fa000 DEOPT PACKING pc=0x0000024c72bdaa28 sp=0x00000094760f58c0
Event: 410.498 Thread 0x0000024c073fa000 DEOPT UNPACKING pc=0x0000024c6b10742f sp=0x00000094760f5860 mode 2
Event: 410.538 Thread 0x0000024c073fa000 Uncommon trap: trap_request=0xffffff4d fr.pc=0x0000024c734734cc relative=0x00000000000002ac
Event: 410.538 Thread 0x0000024c073fa000 Uncommon trap: reason=unstable_if action=reinterpret pc=0x0000024c734734cc method=com.sun.tools.javac.util.Convert.utf2chars([BI[CII)I @ 91 c2
Event: 410.538 Thread 0x0000024c073fa000 DEOPT PACKING pc=0x0000024c734734cc sp=0x00000094760f3bf0
Event: 410.538 Thread 0x0000024c073fa000 DEOPT UNPACKING pc=0x0000024c6b10742f sp=0x00000094760f3b50 mode 2

Classes redefined (0 events):
No events

Internal exceptions (20 events):
Event: 410.261 Thread 0x0000024c073fa000 Exception <a 'sun/nio/fs/WindowsException'{0x000000008a51ffe0}> (0x000000008a51ffe0) thrown at [./src/hotspot/share/prims/jni.cpp, line 615]
Event: 410.300 Thread 0x0000024c073fa000 Exception <a 'sun/nio/fs/WindowsException'{0x000000008a4ee118}> (0x000000008a4ee118) thrown at [./src/hotspot/share/prims/jni.cpp, line 615]
Event: 410.316 Thread 0x0000024c073fa000 Exception <a 'sun/nio/fs/WindowsException'{0x000000008a387600}> (0x000000008a387600) thrown at [./src/hotspot/share/prims/jni.cpp, line 615]
Event: 410.323 Thread 0x0000024c073fa000 Implicit null exception at 0x0000024c72d51cd2 to 0x0000024c72d51d31
Event: 410.324 Thread 0x0000024c073fa000 Exception <a 'sun/nio/fs/WindowsException'{0x000000008a3a50c8}> (0x000000008a3a50c8) thrown at [./src/hotspot/share/prims/jni.cpp, line 615]
Event: 410.345 Thread 0x0000024c073fa000 Exception <a 'sun/nio/fs/WindowsException'{0x000000008a2280e0}> (0x000000008a2280e0) thrown at [./src/hotspot/share/prims/jni.cpp, line 615]
Event: 410.401 Thread 0x0000024c073fa000 Exception <a 'sun/nio/fs/WindowsException'{0x000000008a0d12d0}> (0x000000008a0d12d0) thrown at [./src/hotspot/share/prims/jni.cpp, line 615]
Event: 410.436 Thread 0x0000024c073fa000 Exception <a 'sun/nio/fs/WindowsException'{0x0000000089e68b00}> (0x0000000089e68b00) thrown at [./src/hotspot/share/prims/jni.cpp, line 615]
Event: 410.461 Thread 0x0000024c073fa000 Exception <a 'sun/nio/fs/WindowsException'{0x0000000089d65cd0}> (0x0000000089d65cd0) thrown at [./src/hotspot/share/prims/jni.cpp, line 615]
Event: 410.465 Thread 0x0000024c073fa000 Exception <a 'sun/nio/fs/WindowsException'{0x0000000089d77ea8}> (0x0000000089d77ea8) thrown at [./src/hotspot/share/prims/jni.cpp, line 615]
Event: 410.471 Thread 0x0000024c073fa000 Exception <a 'sun/nio/fs/WindowsException'{0x0000000089d92918}> (0x0000000089d92918) thrown at [./src/hotspot/share/prims/jni.cpp, line 615]
Event: 410.483 Thread 0x0000024c073fa000 Exception <a 'sun/nio/fs/WindowsException'{0x0000000089df00f0}> (0x0000000089df00f0) thrown at [./src/hotspot/share/prims/jni.cpp, line 615]
Event: 410.567 Thread 0x0000024c073fa000 Exception <a 'sun/nio/fs/WindowsException'{0x00000000896cdbf8}> (0x00000000896cdbf8) thrown at [./src/hotspot/share/prims/jni.cpp, line 615]
Event: 410.724 Thread 0x0000024c073fa000 Exception <a 'sun/nio/fs/WindowsException'{0x0000000088c2e750}> (0x0000000088c2e750) thrown at [./src/hotspot/share/prims/jni.cpp, line 615]
Event: 410.736 Thread 0x0000024c073fa000 Exception <a 'sun/nio/fs/WindowsException'{0x0000000088c5e9d0}> (0x0000000088c5e9d0) thrown at [./src/hotspot/share/prims/jni.cpp, line 615]
Event: 410.843 Thread 0x0000024c073fa000 Exception <a 'sun/nio/fs/WindowsException'{0x000000008a6e8568}> (0x000000008a6e8568) thrown at [./src/hotspot/share/prims/jni.cpp, line 615]
Event: 410.886 Thread 0x0000024c073fa000 Exception <a 'sun/nio/fs/WindowsException'{0x000000008a591c58}> (0x000000008a591c58) thrown at [./src/hotspot/share/prims/jni.cpp, line 615]
Event: 410.998 Thread 0x0000024c073fa000 Exception <a 'sun/nio/fs/WindowsException'{0x000000008a3a8548}> (0x000000008a3a8548) thrown at [./src/hotspot/share/prims/jni.cpp, line 615]
Event: 411.025 Thread 0x0000024c073fa000 Exception <a 'sun/nio/fs/WindowsException'{0x000000008a20a000}> (0x000000008a20a000) thrown at [./src/hotspot/share/prims/jni.cpp, line 615]
Event: 411.031 Thread 0x0000024c073fa000 Exception <a 'sun/nio/fs/WindowsException'{0x000000008a2146e0}> (0x000000008a2146e0) thrown at [./src/hotspot/share/prims/jni.cpp, line 615]

Events (20 events):
Event: 409.728 loading class com/sun/tools/javac/tree/JCTree$JCStatement
Event: 409.728 loading class com/sun/tools/javac/tree/JCTree$JCStatement done
Event: 409.728 loading class com/sun/tools/javac/tree/JCTree$JCStatement
Event: 409.728 loading class com/sun/tools/javac/tree/JCTree$JCStatement done
Event: 409.729 loading class com/sun/tools/javac/tree/JCTree$JCStatement
Event: 409.729 loading class com/sun/tools/javac/tree/JCTree$JCStatement done
Event: 409.729 loading class com/sun/tools/javac/tree/JCTree$JCStatement
Event: 409.729 loading class com/sun/tools/javac/tree/JCTree$JCStatement done
Event: 409.734 Executing VM operation: ICBufferFull
Event: 409.735 Executing VM operation: ICBufferFull done
Event: 410.145 Executing VM operation: ICBufferFull
Event: 410.145 Executing VM operation: ICBufferFull done
Event: 410.192 Executing VM operation: G1CollectForAllocation
Event: 410.210 Executing VM operation: G1CollectForAllocation done
Event: 410.527 Executing VM operation: ICBufferFull
Event: 410.527 Executing VM operation: ICBufferFull done
Event: 410.650 Executing VM operation: ICBufferFull
Event: 410.651 Executing VM operation: ICBufferFull done
Event: 410.786 Executing VM operation: G1CollectForAllocation
Event: 410.797 Executing VM operation: G1CollectForAllocation done


Dynamic libraries:
0x00007ff61c5a0000 - 0x00007ff61c5aa000 	C:\Program Files\Android\Android Studio\jre\bin\java.exe
0x00007ff918ff0000 - 0x00007ff9191e5000 	C:\WINDOWS\SYSTEM32\ntdll.dll
0x00007ff9180a0000 - 0x00007ff91815d000 	C:\WINDOWS\System32\KERNEL32.DLL
0x00007ff9168e0000 - 0x00007ff916ba9000 	C:\WINDOWS\System32\KERNELBASE.dll
0x00007ff9167e0000 - 0x00007ff9168e0000 	C:\WINDOWS\System32\ucrtbase.dll
0x00007ff901480000 - 0x00007ff901497000 	C:\Program Files\Android\Android Studio\jre\bin\VCRUNTIME140.dll
0x00007ff8fd0c0000 - 0x00007ff8fd0d9000 	C:\Program Files\Android\Android Studio\jre\bin\jli.dll
0x00007ff917b90000 - 0x00007ff917d30000 	C:\WINDOWS\System32\USER32.dll
0x00007ff916720000 - 0x00007ff916742000 	C:\WINDOWS\System32\win32u.dll
0x00007ff917b60000 - 0x00007ff917b8a000 	C:\WINDOWS\System32\GDI32.dll
0x00007ff90f4e0000 - 0x00007ff90f77a000 	C:\WINDOWS\WinSxS\amd64_microsoft.windows.common-controls_6595b64144ccf1df_6.0.19041.1110_none_60b5254171f9507e\COMCTL32.dll
0x00007ff916ef0000 - 0x00007ff916ffb000 	C:\WINDOWS\System32\gdi32full.dll
0x00007ff9179f0000 - 0x00007ff917a8e000 	C:\WINDOWS\System32\msvcrt.dll
0x00007ff916be0000 - 0x00007ff916c7d000 	C:\WINDOWS\System32\msvcp_win.dll
0x00007ff917720000 - 0x00007ff917750000 	C:\WINDOWS\System32\IMM32.DLL
0x00007ff8da170000 - 0x00007ff8da20d000 	C:\Program Files\Android\Android Studio\jre\bin\msvcp140.dll
0x00007ff8dac50000 - 0x00007ff8db70c000 	C:\Program Files\Android\Android Studio\jre\bin\server\jvm.dll
0x00007ff9171d0000 - 0x00007ff91727c000 	C:\WINDOWS\System32\ADVAPI32.dll
0x00007ff918230000 - 0x00007ff9182cb000 	C:\WINDOWS\System32\sechost.dll
0x00007ff917860000 - 0x00007ff91798a000 	C:\WINDOWS\System32\RPCRT4.dll
0x00007ff917050000 - 0x00007ff917058000 	C:\WINDOWS\System32\PSAPI.DLL
0x00007ff9105c0000 - 0x00007ff9105e7000 	C:\WINDOWS\SYSTEM32\WINMM.dll
0x00007ff9042f0000 - 0x00007ff9042f9000 	C:\WINDOWS\SYSTEM32\WSOCK32.dll
0x00007ff9106a0000 - 0x00007ff9106aa000 	C:\WINDOWS\SYSTEM32\VERSION.dll
0x00007ff9181c0000 - 0x00007ff91822b000 	C:\WINDOWS\System32\WS2_32.dll
0x00007ff914550000 - 0x00007ff914562000 	C:\WINDOWS\SYSTEM32\kernel.appcore.dll
0x00007ff912190000 - 0x00007ff9121a1000 	C:\Program Files\Android\Android Studio\jre\bin\verify.dll
0x00007ff9079c0000 - 0x00007ff907ba4000 	C:\WINDOWS\SYSTEM32\DBGHELP.DLL
0x00007ff9073e0000 - 0x00007ff90740c000 	C:\WINDOWS\SYSTEM32\dbgcore.DLL
0x00007ff916750000 - 0x00007ff9167d3000 	C:\WINDOWS\System32\bcryptPrimitives.dll
0x00007ff9086b0000 - 0x00007ff9086d9000 	C:\Program Files\Android\Android Studio\jre\bin\java.dll
0x00007ff90dc50000 - 0x00007ff90dc5b000 	C:\Program Files\Android\Android Studio\jre\bin\jimage.dll
0x00007ff908770000 - 0x00007ff908788000 	C:\Program Files\Android\Android Studio\jre\bin\zip.dll
0x00007ff9182d0000 - 0x00007ff918a0f000 	C:\WINDOWS\System32\SHELL32.dll
0x00007ff914830000 - 0x00007ff914fc0000 	C:\WINDOWS\SYSTEM32\windows.storage.dll
0x00007ff917d30000 - 0x00007ff918085000 	C:\WINDOWS\System32\combase.dll
0x00007ff9160b0000 - 0x00007ff9160dc000 	C:\WINDOWS\SYSTEM32\Wldp.dll
0x00007ff917670000 - 0x00007ff91771e000 	C:\WINDOWS\System32\SHCORE.dll
0x00007ff917990000 - 0x00007ff9179e5000 	C:\WINDOWS\System32\shlwapi.dll
0x00007ff916660000 - 0x00007ff91667f000 	C:\WINDOWS\SYSTEM32\profapi.dll
0x00007ff9085c0000 - 0x00007ff9085da000 	C:\Program Files\Android\Android Studio\jre\bin\net.dll
0x00007ff90e0c0000 - 0x00007ff90e1c8000 	C:\WINDOWS\SYSTEM32\WINHTTP.dll
0x00007ff915e10000 - 0x00007ff915e7a000 	C:\WINDOWS\system32\mswsock.dll
0x00007ff906960000 - 0x00007ff906974000 	C:\Program Files\Android\Android Studio\jre\bin\nio.dll
0x00007ff8fbd20000 - 0x00007ff8fbd47000 	C:\Users\user\.gradle\native\fdc75f09e3144964f2cf3f50f0aa648679c211496f362492102eb8c894070792\windows-amd64\native-platform.dll
0x00007ff8d9ed0000 - 0x00007ff8da066000 	C:\Users\user\.gradle\native\12488b8bf47d2d4c9fbf2f6322a914ad602e24e48041cd04a747c6da556b65c4\windows-amd64\native-platform-file-events.dll
0x00007ff908b60000 - 0x00007ff908b6a000 	C:\Program Files\Android\Android Studio\jre\bin\management.dll
0x00007ff908510000 - 0x00007ff90851c000 	C:\Program Files\Android\Android Studio\jre\bin\management_ext.dll
0x00007ff916000000 - 0x00007ff916018000 	C:\WINDOWS\SYSTEM32\CRYPTSP.dll
0x00007ff915790000 - 0x00007ff9157c4000 	C:\WINDOWS\system32\rsaenh.dll
0x00007ff916bb0000 - 0x00007ff916bd7000 	C:\WINDOWS\System32\bcrypt.dll
0x00007ff9165e0000 - 0x00007ff91660e000 	C:\WINDOWS\SYSTEM32\USERENV.dll
0x00007ff916020000 - 0x00007ff91602c000 	C:\WINDOWS\SYSTEM32\CRYPTBASE.dll
0x00007ff915b00000 - 0x00007ff915b3b000 	C:\WINDOWS\SYSTEM32\IPHLPAPI.DLL
0x00007ff917060000 - 0x00007ff917068000 	C:\WINDOWS\System32\NSI.dll
0x00007ff90ed90000 - 0x00007ff90eda7000 	C:\WINDOWS\SYSTEM32\dhcpcsvc6.DLL
0x00007ff90f2f0000 - 0x00007ff90f30d000 	C:\WINDOWS\SYSTEM32\dhcpcsvc.DLL
0x00007ff915b40000 - 0x00007ff915c0c000 	C:\WINDOWS\SYSTEM32\DNSAPI.dll
0x00007ff90ff20000 - 0x00007ff90ff2b000 	C:\WINDOWS\SYSTEM32\WINNSI.DLL
0x00007ff915460000 - 0x00007ff915493000 	C:\WINDOWS\SYSTEM32\ntmarta.dll

dbghelp: loaded successfully - version: 4.0.5 - missing functions: none
symbol engine: initialized successfully - sym options: 0x614 - pdb path: .;C:\Program Files\Android\Android Studio\jre\bin;C:\WINDOWS\SYSTEM32;C:\WINDOWS\WinSxS\amd64_microsoft.windows.common-controls_6595b64144ccf1df_6.0.19041.1110_none_60b5254171f9507e;C:\Program Files\Android\Android Studio\jre\bin\server;C:\Users\user\.gradle\native\fdc75f09e3144964f2cf3f50f0aa648679c211496f362492102eb8c894070792\windows-amd64;C:\Users\user\.gradle\native\12488b8bf47d2d4c9fbf2f6322a914ad602e24e48041cd04a747c6da556b65c4\windows-amd64

VM Arguments:
jvm_args: --add-opens=java.base/java.util=ALL-UNNAMED --add-opens=java.base/java.lang=ALL-UNNAMED --add-opens=java.base/java.lang.invoke=ALL-UNNAMED --add-opens=java.prefs/java.util.prefs=ALL-UNNAMED -Xmx2048m -Dfile.encoding=UTF-8 -Duser.country=US -Duser.language=en -Duser.variant 
java_command: org.gradle.launcher.daemon.bootstrap.GradleDaemon 6.7.1
java_class_path (initial): C:\Users\user\.gradle\wrapper\dists\gradle-6.7.1-all\2moa8rlfac5eqlcfgk98k0deb\gradle-6.7.1\lib\gradle-launcher-6.7.1.jar
Launcher Type: SUN_STANDARD

[Global flags]
     intx CICompilerCount                          = 3                                         {product} {ergonomic}
     uint ConcGCThreads                            = 1                                         {product} {ergonomic}
     uint G1ConcRefinementThreads                  = 4                                         {product} {ergonomic}
   size_t G1HeapRegionSize                         = 1048576                                   {product} {ergonomic}
    uintx GCDrainStackTargetSize                   = 64                                        {product} {ergonomic}
   size_t InitialHeapSize                          = 100663296                                 {product} {ergonomic}
   size_t MarkStackSize                            = 4194304                                   {product} {ergonomic}
   size_t MaxHeapSize                              = 2147483648                                {product} {command line}
   size_t MaxNewSize                               = 1287651328                                {product} {ergonomic}
   size_t MinHeapDeltaBytes                        = 1048576                                   {product} {ergonomic}
    uintx NonNMethodCodeHeapSize                   = 5830732                                {pd product} {ergonomic}
    uintx NonProfiledCodeHeapSize                  = 122913754                              {pd product} {ergonomic}
    uintx ProfiledCodeHeapSize                     = 122913754                              {pd product} {ergonomic}
    uintx ReservedCodeCacheSize                    = 251658240                              {pd product} {ergonomic}
     bool SegmentedCodeCache                       = true                                      {product} {ergonomic}
     bool UseCompressedClassPointers               = true                                 {lp64_product} {ergonomic}
     bool UseCompressedOops                        = true                                 {lp64_product} {ergonomic}
     bool UseG1GC                                  = true                                      {product} {ergonomic}
     bool UseLargePagesIndividualAllocation        = false                                  {pd product} {ergonomic}

Logging:
Log output configuration:
 #0: stdout all=warning uptime,level,tags
 #1: stderr all=off uptime,level,tags

Environment Variables:
JAVA_HOME=C:\Program Files\Java\jdk1.8.0_261
PATH=C:\Program Files (x86)\Common Files\Oracle\Java\javapath;C:\WINDOWS\system32;C:\WINDOWS;C:\WINDOWS\System32\Wbem;C:\WINDOWS\System32\WindowsPowerShell\v1.0\;C:\apache-maven-3.5.3\bin;C:\Program Files\Java\jdk-14.0.1;C:\Program Files (x86)\scala\bin;D:\Learn\Testing\SoapUI\Udemy\SampleProject\axis2-1.6.2\bin;C:\WINDOWS\System32\OpenSSH\;D:\Learn\Training\Install\WindowsGCCInstall\bin;C:\Program Files\Git\cmd;C:\Program Files\MySQL\MySQL Shell 8.0\bin\;C:\Users\user\AppData\Local\Microsoft\WindowsApps;D:\Install\gradle\gradle-4.7\bin;C:\Program Files\Java\jdk1.8.0_261\bin;
USERNAME=user
OS=Windows_NT
PROCESSOR_IDENTIFIER=Intel64 Family 6 Model 42 Stepping 7, GenuineIntel



---------------  S Y S T E M  ---------------

OS: Windows 10 , 64 bit Build 19041 (10.0.19041.1151)
OS uptime: 1 days 5:11 hours

CPU:total 4 (initial active 4) (2 cores per cpu, 2 threads per core) family 6 model 42 stepping 7, cmov, cx8, fxsr, mmx, sse, sse2, sse3, ssse3, sse4.1, sse4.2, popcnt, avx, aes, clmul, ht, tsc, tscinvbit

Memory: 4k page, system-wide physical 6038M (511M free)
TotalPageFile size 12182M (AvailPageFile size 4990M)
current process WorkingSet (physical memory assigned to process): 464M, peak: 466M
current process commit charge ("private bytes"): 492M, peak: 494M

vm_info: OpenJDK 64-Bit Server VM (11.0.8+10-b944.6842174) for windows-amd64 JRE (11.0.8+10-b944.6842174), built on Sep 19 2020 01:11:42 by "builder" with MS VC++ 14.0 (VS2015)

END.
